za@za-Vivobook-ASUSLaptop-M3504YA-M3504YA:~/Documents/IaC/2git/les25/yc/network_yaml$ ./run.sh 
Enter Pulumi passphrase: 
Created stack 'dev'
++ pulumi config set yandex:cloudId b1glq0cg9jigrj5lcp63
++ pulumi config set yandex:folderId b1glf35jjq6imk8i8k4m
++ pulumi config set prefix les25
++ pulumi up -y
Previewing update (dev):
     Type                        Name                        Plan       
 +   pulumi:pulumi:Stack         yc-hello-world-network-dev  create     
 +   └─ yandex:index:VpcNetwork  network                     create     

Outputs:
    networkId: [unknown]

Resources:
    + 2 to create

Updating (dev):
     Type                        Name                        Status           
 +   pulumi:pulumi:Stack         yc-hello-world-network-dev  created (3s)     
 +   └─ yandex:index:VpcNetwork  network                     created (2s)     

Outputs:
    networkId: "enp9vrbvjj4412a2222n"

Resources:
    + 2 created

Duration: 4s

++ pulumi stack output
Current stack outputs (1):
    OUTPUT     VALUE
    networkId  enp9vrbvjj4412a2222n
+++ pulumi stack output networkId
++ yc vpc network get enp9vrbvjj4412a2222n
id: enp9vrbvjj4412a2222n
folder_id: b1glf35jjq6imk8i8k4m
created_at: "2026-02-14T18:48:47Z"
name: les25-hello-world-network
default_security_group_id: enphuemd8ncj4gcj22q8

There is a new yc version '0.192.0' available. Current version: '0.188.0'.
See release notes at https://yandex.cloud/ru/docs/cli/release-notes
You can install it by running the following command in your shell:
	$ yc components update

++ read -p 'Press any key to continue...'
Press any key to continue...
++ pulumi destroy -y
Previewing destroy (dev):
     Type                        Name                        Plan       
 -   pulumi:pulumi:Stack         yc-hello-world-network-dev  delete     
 -   └─ yandex:index:VpcNetwork  network                     delete     

Outputs:
  - networkId: "enp9vrbvjj4412a2222n"

Resources:
    - 2 to delete

Destroying (dev):
     Type                        Name                        Status              
 -   pulumi:pulumi:Stack         yc-hello-world-network-dev  deleted (0.00s)     
 -   └─ yandex:index:VpcNetwork  network                     deleted (1s)        

Outputs:
  - networkId: "enp9vrbvjj4412a2222n"

Resources:
    - 2 deleted

Duration: 2s

The resources in the stack have been deleted, but the history and configuration associated with the stack are still maintained. 
If you want to remove the stack completely, run `pulumi stack rm dev`.
++ pulumi stack rm dev -y -f
Stack 'dev' has been removed!
++ set +x
