za@za-Lenovo-IdeaPad-S340-15IWL:~/Documents/IaC/2git/OL20250925/hello/before$ . create_vm.sh 
done (35s)
id: fhmhcu429sj5rrqb8n2u
folder_id: b1gmesrdjgklgkvcp704
created_at: "2025-09-08T13:17:45Z"
name: hello
zone_id: ru-central1-a
platform_id: standard-v2
resources:
  memory: "2147483648"
  cores: "2"
  core_fraction: "20"
status: RUNNING
metadata_options:
  gce_http_endpoint: ENABLED
  aws_v1_http_endpoint: ENABLED
  gce_http_token: ENABLED
  aws_v1_http_token: DISABLED
boot_disk:
  mode: READ_WRITE
  device_name: fhmlhunqps83lgb5a041
  auto_delete: true
  disk_id: fhmlhunqps83lgb5a041
network_interfaces:
  - index: "0"
    mac_address: d0:0d:11:67:88:24
    subnet_id: e9bop98iu12teftg4uj8
    primary_v4_address:
      address: 10.128.0.7
      one_to_one_nat:
        address: 158.160.111.233
        ip_version: IPV4
serial_port_settings:
  ssh_authorization: OS_LOGIN
gpu_settings: {}
fqdn: hello.ru-central1.internal
scheduling_policy:
  preemptible: true
network_settings:
  type: STANDARD
placement_policy: {}
hardware_generation:
  legacy_features:
    pci_topology: PCI_TOPOLOGY_V1

za@za-Lenovo-IdeaPad-S340-15IWL:~/Documents/IaC/2git/OL20250925/hello/before$ set | grep VM
VM_ID=fhmhcu429sj5rrqb8n2u
VM_NAME=hello
za@za-Lenovo-IdeaPad-S340-15IWL:~/Documents/IaC/2git/OL20250925/hello/before$ . get_vm_id.sh 
za@za-Lenovo-IdeaPad-S340-15IWL:~/Documents/IaC/2git/OL20250925/hello/before$ set | grep VM_
VM_ID=fhmhcu429sj5rrqb8n2u
VM_NAME=hello
