za@za-Lenovo-IdeaPad-S340-15IWL:~/Documents/IaC/2git/OL20250925/2_refresh_only$ ./run.sh 
++ terraform init
Initializing the backend...
Initializing provider plugins...
- Reusing previous version of yandex-cloud/yandex from the dependency lock file
- Using previously-installed yandex-cloud/yandex v0.159.0

Terraform has been successfully initialized!

You may now begin working with Terraform. Try running "terraform plan" to see
any changes that are required for your infrastructure. All Terraform commands
should now work.

If you ever set or change modules or backend configuration for Terraform,
rerun this command to reinitialize your working directory. If you forget, other
commands will detect it and remind you to do so if necessary.
++ terraform apply

Terraform used the selected providers to generate the following execution plan. Resource actions are indicated with the following symbols:
  + create

Terraform will perform the following actions:

  # yandex_compute_instance.refresh_only will be created
  + resource "yandex_compute_instance" "refresh_only" {
      + created_at                = (known after apply)
      + folder_id                 = (known after apply)
      + fqdn                      = (known after apply)
      + gpu_cluster_id            = (known after apply)
      + hardware_generation       = (known after apply)
      + hostname                  = (known after apply)
      + id                        = (known after apply)
      + maintenance_grace_period  = (known after apply)
      + maintenance_policy        = (known after apply)
      + metadata                  = {
          + "ssh-keys" = <<-EOT
                ubuntu:ssh-rsa AAAAB3NzaC1yc2EAAAADAQABAAABAQC3HIUrr6iRefESWSlgO8y+zFjJH27t7WO4atyPLGqLAi1GesgJD1zTnzE/KKGUAndumJkbhZN6XbFsbojpxNGONJi+NfocGFgUYdK5fSv+/m7zcLWWqxovUHP0FfLhWjzMFWahBybZDK9p+QKAdnPAgHzmC0Jfn+PM3VrbvfiNnai3rQiIMvxIExMsqn3LSc+BYlliS72nv+BWyufLVCJ3arVh9OsvnvbAKefKkNkTl1G8nQDYowL/57teF+Z53lNZh3ywkWaCgVXYQw+/4H8xcqG38frBrSEtJWcx2E0VGqpoAZ1fwZHp7zgKCsTF5SrGXpd7hX6z+45h2zTRZTFH za@za-Lenovo-IdeaPad-S340-15IWL
            EOT
        }
      + name                      = "refresh-only"
      + network_acceleration_type = "standard"
      + platform_id               = "standard-v1"
      + service_account_id        = (known after apply)
      + status                    = (known after apply)
      + zone                      = (known after apply)

      + boot_disk {
          + auto_delete = true
          + device_name = (known after apply)
          + disk_id     = (known after apply)
          + mode        = (known after apply)

          + initialize_params {
              + block_size  = (known after apply)
              + description = (known after apply)
              + image_id    = "fd8p8rslnsmtkkqojh50"
              + name        = (known after apply)
              + size        = (known after apply)
              + snapshot_id = (known after apply)
              + type        = "network-hdd"
            }
        }

      + metadata_options (known after apply)

      + network_interface {
          + index          = (known after apply)
          + ip_address     = (known after apply)
          + ipv4           = true
          + ipv6           = (known after apply)
          + ipv6_address   = (known after apply)
          + mac_address    = (known after apply)
          + nat            = true
          + nat_ip_address = (known after apply)
          + nat_ip_version = (known after apply)
          + subnet_id      = "e9bop98iu12teftg4uj8"
        }

      + placement_policy (known after apply)

      + resources {
          + core_fraction = 100
          + cores         = 2
          + memory        = 2
        }

      + scheduling_policy (known after apply)
    }

Plan: 1 to add, 0 to change, 0 to destroy.

Do you want to perform these actions?
  Terraform will perform the actions described above.
  Only 'yes' will be accepted to approve.

  Enter a value: yes

yandex_compute_instance.refresh_only: Creating...
yandex_compute_instance.refresh_only: Still creating... [00m10s elapsed]
yandex_compute_instance.refresh_only: Still creating... [00m20s elapsed]
yandex_compute_instance.refresh_only: Still creating... [00m30s elapsed]
yandex_compute_instance.refresh_only: Still creating... [00m40s elapsed]
yandex_compute_instance.refresh_only: Creation complete after 43s [id=fhm6orpharu55oovv6bn]

Apply complete! Resources: 1 added, 0 changed, 0 destroyed.
++ yc compute instance get --full --name refresh-only --format json
{
  "id": "fhm6orpharu55oovv6bn",
  "folder_id": "b1gmesrdjgklgkvcp704",
  "created_at": "2025-09-23T17:21:59Z",
  "name": "refresh-only",
  "zone_id": "ru-central1-a",
  "platform_id": "standard-v1",
  "resources": {
    "memory": "2147483648",
    "cores": "2",
    "core_fraction": "100"
  },
  "status": "RUNNING",
  "metadata": {
    "ssh-keys": "ubuntu:ssh-rsa AAAAB3NzaC1yc2EAAAADAQABAAABAQC3HIUrr6iRefESWSlgO8y+zFjJH27t7WO4atyPLGqLAi1GesgJD1zTnzE/KKGUAndumJkbhZN6XbFsbojpxNGONJi+NfocGFgUYdK5fSv+/m7zcLWWqxovUHP0FfLhWjzMFWahBybZDK9p+QKAdnPAgHzmC0Jfn+PM3VrbvfiNnai3rQiIMvxIExMsqn3LSc+BYlliS72nv+BWyufLVCJ3arVh9OsvnvbAKefKkNkTl1G8nQDYowL/57teF+Z53lNZh3ywkWaCgVXYQw+/4H8xcqG38frBrSEtJWcx2E0VGqpoAZ1fwZHp7zgKCsTF5SrGXpd7hX6z+45h2zTRZTFH za@za-Lenovo-IdeaPad-S340-15IWL\n"
  },
  "metadata_options": {
    "gce_http_endpoint": "ENABLED",
    "aws_v1_http_endpoint": "ENABLED",
    "gce_http_token": "ENABLED",
    "aws_v1_http_token": "DISABLED"
  },
  "boot_disk": {
    "mode": "READ_WRITE",
    "device_name": "fhmi544n9sbjei2jqslu",
    "auto_delete": true,
    "disk_id": "fhmi544n9sbjei2jqslu"
  },
  "network_interfaces": [
    {
      "index": "0",
      "mac_address": "d0:0d:6c:6f:31:56",
      "subnet_id": "e9bop98iu12teftg4uj8",
      "primary_v4_address": {
        "address": "10.128.0.19",
        "one_to_one_nat": {
          "address": "158.160.32.240",
          "ip_version": "IPV4"
        }
      }
    }
  ],
  "serial_port_settings": {
    "ssh_authorization": "OS_LOGIN"
  },
  "gpu_settings": {},
  "fqdn": "fhm6orpharu55oovv6bn.auto.internal",
  "scheduling_policy": {},
  "network_settings": {
    "type": "STANDARD"
  },
  "placement_policy": {},
  "hardware_generation": {
    "legacy_features": {
      "pci_topology": "PCI_TOPOLOGY_V1"
    }
  }
}

++ read -n 1 -s -r -p 'Change VM and press any key to continue...'
Change VM and press any key to continue...++ echo ''

++ yc compute instance get --full --name refresh-only --format json
{
  "id": "fhm6orpharu55oovv6bn",
  "folder_id": "b1gmesrdjgklgkvcp704",
  "created_at": "2025-09-23T17:21:59Z",
  "name": "refresh-only",
  "zone_id": "ru-central1-a",
  "platform_id": "standard-v1",
  "resources": {
    "memory": "4294967296",
    "cores": "2",
    "core_fraction": "100"
  },
  "status": "RUNNING",
  "metadata": {
    "private_ui_modified_at": "1758648282586",
    "serial-port-enable": "0",
    "ssh-keys": "ubuntu:ssh-rsa AAAAB3NzaC1yc2EAAAADAQABAAABAQC3HIUrr6iRefESWSlgO8y+zFjJH27t7WO4atyPLGqLAi1GesgJD1zTnzE/KKGUAndumJkbhZN6XbFsbojpxNGONJi+NfocGFgUYdK5fSv+/m7zcLWWqxovUHP0FfLhWjzMFWahBybZDK9p+QKAdnPAgHzmC0Jfn+PM3VrbvfiNnai3rQiIMvxIExMsqn3LSc+BYlliS72nv+BWyufLVCJ3arVh9OsvnvbAKefKkNkTl1G8nQDYowL/57teF+Z53lNZh3ywkWaCgVXYQw+/4H8xcqG38frBrSEtJWcx2E0VGqpoAZ1fwZHp7zgKCsTF5SrGXpd7hX6z+45h2zTRZTFH za@za-Lenovo-IdeaPad-S340-15IWL\n"
  },
  "metadata_options": {
    "gce_http_endpoint": "ENABLED",
    "aws_v1_http_endpoint": "ENABLED",
    "gce_http_token": "ENABLED",
    "aws_v1_http_token": "DISABLED"
  },
  "boot_disk": {
    "mode": "READ_WRITE",
    "device_name": "fhmi544n9sbjei2jqslu",
    "auto_delete": true,
    "disk_id": "fhmi544n9sbjei2jqslu"
  },
  "network_interfaces": [
    {
      "index": "0",
      "mac_address": "d0:0d:6c:6f:31:56",
      "subnet_id": "e9bop98iu12teftg4uj8",
      "primary_v4_address": {
        "address": "10.128.0.19",
        "one_to_one_nat": {
          "address": "130.193.48.248",
          "ip_version": "IPV4"
        }
      }
    }
  ],
  "serial_port_settings": {
    "ssh_authorization": "OS_LOGIN"
  },
  "gpu_settings": {},
  "fqdn": "fhm6orpharu55oovv6bn.auto.internal",
  "scheduling_policy": {},
  "network_settings": {
    "type": "STANDARD"
  },
  "placement_policy": {},
  "hardware_generation": {
    "legacy_features": {
      "pci_topology": "PCI_TOPOLOGY_V1"
    }
  }
}

++ terraform plan -refresh-only
yandex_compute_instance.refresh_only: Refreshing state... [id=fhm6orpharu55oovv6bn]

Note: Objects have changed outside of Terraform

Terraform detected the following changes made outside of Terraform since the last "terraform apply" which may have affected this plan:

  # yandex_compute_instance.refresh_only has changed
  ~ resource "yandex_compute_instance" "refresh_only" {
        id                        = "fhm6orpharu55oovv6bn"
      + labels                    = {}
      ~ metadata                  = {
          + "private_ui_modified_at" = "1758648282586"
          + "serial-port-enable"     = "0"
            # (1 unchanged element hidden)
        }
        name                      = "refresh-only"
        # (13 unchanged attributes hidden)

      ~ network_interface {
          ~ nat_ip_address     = "158.160.32.240" -> "130.193.48.248"
          + security_group_ids = []
            # (9 unchanged attributes hidden)
        }

      ~ resources {
          ~ memory        = 2 -> 4
            # (3 unchanged attributes hidden)
        }

        # (4 unchanged blocks hidden)
    }


This is a refresh-only plan, so Terraform will not take any actions to undo these. If you were expecting these changes then you can apply this plan to record the updated values in the Terraform state without changing any remote objects.

─────────────────────────────────────────────────────────────────────────────────────────────────────────────────────────────────────────────────────────────────────────────────────────────────────────────────────────────────────────────

Note: You didn't use the -out option to save this plan, so Terraform can't guarantee to take exactly these actions if you run "terraform apply" now.
++ read -n 1 -s -r -p 'press any key to continue...'
press any key to continue...++ echo ''

++ terraform destroy
yandex_compute_instance.refresh_only: Refreshing state... [id=fhm6orpharu55oovv6bn]

Terraform used the selected providers to generate the following execution plan. Resource actions are indicated with the following symbols:
  - destroy

Terraform will perform the following actions:

  # yandex_compute_instance.refresh_only will be destroyed
  - resource "yandex_compute_instance" "refresh_only" {
      - created_at                = "2025-09-23T17:21:59Z" -> null
      - folder_id                 = "b1gmesrdjgklgkvcp704" -> null
      - fqdn                      = "fhm6orpharu55oovv6bn.auto.internal" -> null
      - hardware_generation       = [
          - {
              - generation2_features = []
              - legacy_features      = [
                  - {
                      - pci_topology = "PCI_TOPOLOGY_V1"
                    },
                ]
            },
        ] -> null
      - id                        = "fhm6orpharu55oovv6bn" -> null
      - labels                    = {} -> null
      - metadata                  = {
          - "private_ui_modified_at" = "1758648282586"
          - "serial-port-enable"     = "0"
          - "ssh-keys"               = <<-EOT
                ubuntu:ssh-rsa AAAAB3NzaC1yc2EAAAADAQABAAABAQC3HIUrr6iRefESWSlgO8y+zFjJH27t7WO4atyPLGqLAi1GesgJD1zTnzE/KKGUAndumJkbhZN6XbFsbojpxNGONJi+NfocGFgUYdK5fSv+/m7zcLWWqxovUHP0FfLhWjzMFWahBybZDK9p+QKAdnPAgHzmC0Jfn+PM3VrbvfiNnai3rQiIMvxIExMsqn3LSc+BYlliS72nv+BWyufLVCJ3arVh9OsvnvbAKefKkNkTl1G8nQDYowL/57teF+Z53lNZh3ywkWaCgVXYQw+/4H8xcqG38frBrSEtJWcx2E0VGqpoAZ1fwZHp7zgKCsTF5SrGXpd7hX6z+45h2zTRZTFH za@za-Lenovo-IdeaPad-S340-15IWL
            EOT
        } -> null
      - name                      = "refresh-only" -> null
      - network_acceleration_type = "standard" -> null
      - platform_id               = "standard-v1" -> null
      - status                    = "running" -> null
      - zone                      = "ru-central1-a" -> null
        # (5 unchanged attributes hidden)

      - boot_disk {
          - auto_delete = true -> null
          - device_name = "fhmi544n9sbjei2jqslu" -> null
          - disk_id     = "fhmi544n9sbjei2jqslu" -> null
          - mode        = "READ_WRITE" -> null

          - initialize_params {
              - block_size  = 4096 -> null
              - image_id    = "fd8p8rslnsmtkkqojh50" -> null
                name        = null
              - size        = 8 -> null
              - type        = "network-hdd" -> null
                # (3 unchanged attributes hidden)
            }
        }

      - metadata_options {
          - aws_v1_http_endpoint = 1 -> null
          - aws_v1_http_token    = 2 -> null
          - gce_http_endpoint    = 1 -> null
          - gce_http_token       = 1 -> null
        }

      - network_interface {
          - index              = 0 -> null
          - ip_address         = "10.128.0.19" -> null
          - ipv4               = true -> null
          - ipv6               = false -> null
          - mac_address        = "d0:0d:6c:6f:31:56" -> null
          - nat                = true -> null
          - nat_ip_address     = "130.193.48.248" -> null
          - nat_ip_version     = "IPV4" -> null
          - security_group_ids = [] -> null
          - subnet_id          = "e9bop98iu12teftg4uj8" -> null
            # (1 unchanged attribute hidden)
        }

      - placement_policy {
          - host_affinity_rules       = [] -> null
          - placement_group_partition = 0 -> null
            # (1 unchanged attribute hidden)
        }

      - resources {
          - core_fraction = 100 -> null
          - cores         = 2 -> null
          - gpus          = 0 -> null
          - memory        = 4 -> null
        }

      - scheduling_policy {
          - preemptible = false -> null
        }
    }

Plan: 0 to add, 0 to change, 1 to destroy.

Do you really want to destroy all resources?
  Terraform will destroy all your managed infrastructure, as shown above.
  There is no undo. Only 'yes' will be accepted to confirm.

  Enter a value: yes

yandex_compute_instance.refresh_only: Destroying... [id=fhm6orpharu55oovv6bn]
yandex_compute_instance.refresh_only: Still destroying... [id=fhm6orpharu55oovv6bn, 00m10s elapsed]
yandex_compute_instance.refresh_only: Still destroying... [id=fhm6orpharu55oovv6bn, 00m20s elapsed]
yandex_compute_instance.refresh_only: Still destroying... [id=fhm6orpharu55oovv6bn, 00m30s elapsed]
yandex_compute_instance.refresh_only: Still destroying... [id=fhm6orpharu55oovv6bn, 00m40s elapsed]
yandex_compute_instance.refresh_only: Destruction complete after 41s

Destroy complete! Resources: 1 destroyed.
++ set +x
