aleksey@first:~/siem/siem/ol/mp$ ./yc_ydb_database_get.sh
id: etn15ekv9k10qttc410o
folder_id: b1gmesrdjgklgkvcp704
created_at: "2024-04-15T18:23:17Z"
name: maxpatrol-db
status: RUNNING
endpoint: grpcs://ydb.serverless.yandexcloud.net:2135/?database=/ru-central1/b1glq0cg9jigrj5lcp63/etn15ekv9k10qttc410o
serverless_database:
  storage_size_limit: "53687091200"
location_id: ru-central1
backup_config:
  backup_settings:
    - name: daily
      backup_schedule:
        daily_backup_schedule:
          execute_time:
            hours: 17
        next_execute_time: "2024-04-16T17:00:00.726468Z"
      backup_time_to_live: 604800s
      type: SYSTEM
document_api_endpoint: https://docapi.serverless.yandexcloud.net/ru-central1/b1glq0cg9jigrj5lcp63/etn15ekv9k10qttc410o
kinesis_api_endpoint: https://yds.serverless.yandexcloud.net/ru-central1/b1glq0cg9jigrj5lcp63/etn15ekv9k10qttc410o
kafka_api_endpoint: ydb-03.serverless.yandexcloud.net:9093
monitoring_config: {}

