za@za-Vivobook-ASUSLaptop-M3504YA-M3504YA:~/Documents/IaC/2git/les10/tfs$ terraform destroy
yandex_compute_instance.vm: Refreshing state... [id=fhmeljs0k7gb4e044icm]

Terraform used the selected providers to generate the following execution plan. Resource actions are indicated with the following
symbols:
  - destroy

Terraform will perform the following actions:

  # yandex_compute_instance.vm will be destroyed
  - resource "yandex_compute_instance" "vm" {
      - created_at                = "2025-12-18T13:57:43Z" -> null
      - folder_id                 = "b1gmesrdjgklgkvcp704" -> null
      - fqdn                      = "fhmeljs0k7gb4e044icm.auto.internal" -> null
      - hardware_generation       = [
          - {
              - generation2_features = []
              - legacy_features      = [
                  - {
                      - pci_topology = "PCI_TOPOLOGY_V1"
                    },
                ]
            },
        ] -> null
      - id                        = "fhmeljs0k7gb4e044icm" -> null
      - labels                    = {
          - "group" = "tfs"
        } -> null
      - metadata                  = {
          - "ssh-keys" = (sensitive value)
        } -> null
      - name                      = "les10-tfs-vm" -> null
      - network_acceleration_type = "standard" -> null
      - platform_id               = "standard-v1" -> null
      - status                    = "running" -> null
      - zone                      = "ru-central1-a" -> null
        # (5 unchanged attributes hidden)

      - boot_disk {
          - auto_delete = true -> null
          - device_name = "fhmptjkraua8ec4lm4r7" -> null
          - disk_id     = "fhmptjkraua8ec4lm4r7" -> null
          - mode        = "READ_WRITE" -> null

          - initialize_params {
              - block_size  = 4096 -> null
              - image_id    = "fd84kp940dsrccckilj6" -> null
                name        = null
              - size        = 8 -> null
              - type        = "network-hdd" -> null
                # (3 unchanged attributes hidden)
            }
        }

      - metadata_options {
          - aws_v1_http_endpoint = 1 -> null
          - aws_v1_http_token    = 2 -> null
          - gce_http_endpoint    = 1 -> null
          - gce_http_token       = 1 -> null
        }

      - network_interface {
          - index              = 0 -> null
          - ip_address         = "10.128.0.19" -> null
          - ipv4               = true -> null
          - ipv6               = false -> null
          - mac_address        = "d0:0d:ea:cf:80:a1" -> null
          - nat                = true -> null
          - nat_ip_address     = "178.154.222.155" -> null
          - nat_ip_version     = "IPV4" -> null
          - security_group_ids = [] -> null
          - subnet_id          = "e9bop98iu12teftg4uj8" -> null
            # (1 unchanged attribute hidden)
        }

      - placement_policy {
          - host_affinity_rules       = [] -> null
          - placement_group_partition = 0 -> null
            # (1 unchanged attribute hidden)
        }

      - resources {
          - core_fraction = 5 -> null
          - cores         = 2 -> null
          - gpus          = 0 -> null
          - memory        = 2 -> null
        }

      - scheduling_policy {
          - preemptible = true -> null
        }
    }

Plan: 0 to add, 0 to change, 1 to destroy.

Do you really want to destroy all resources?
  Terraform will destroy all your managed infrastructure, as shown above.
  There is no undo. Only 'yes' will be accepted to confirm.

  Enter a value: yes

yandex_compute_instance.vm: Destroying... [id=fhmeljs0k7gb4e044icm]
yandex_compute_instance.vm: Still destroying... [id=fhmeljs0k7gb4e044icm, 00m10s elapsed]
yandex_compute_instance.vm: Still destroying... [id=fhmeljs0k7gb4e044icm, 00m20s elapsed]
yandex_compute_instance.vm: Still destroying... [id=fhmeljs0k7gb4e044icm, 00m30s elapsed]
yandex_compute_instance.vm: Destruction complete after 38s

Destroy complete! Resources: 1 destroyed.
