za@za-Vivobook-ASUSLaptop-M3504YA-M3504YA:~/Documents/IaC/2git/les25/yc/s3_yaml$ ./run.sh 
Enter Pulumi passphrase: 
Created stack 'dev'
++ pulumi config set yandex:cloudId b1glq0cg9jigrj5lcp63
++ pulumi config set yandex:folderId b1glf35jjq6imk8i8k4m
++ pulumi config set prefix les25
++ pulumi up -y
Previewing update (dev):
     Type                                              Name                 Pla
 +   pulumi:pulumi:Stack                               yc-object-hello-dev  cre
 +   ├─ yandex:index:IamServiceAccountStaticAccessKey  saKey                cre
 +   ├─ yandex:index:StorageBucket                     bucket               cre
 +   ├─ yandex:index:StorageObject                     helloObject          cre
 +   ├─ yandex:index:IamServiceAccount                 sa                   cre
 +   └─ yandex:index:ResourcemanagerFolderIamMember    saEditor             cre

Outputs:
    accessKey : [unknown]
    bucketName: "les25-bucket"
    objectKey : "hello.txt"
    secretKey : [unknown]

Resources:
    + 6 to create

Updating (dev):
     Type                                              Name                 Sta
 +   pulumi:pulumi:Stack                               yc-object-hello-dev  cre
 +   ├─ yandex:index:IamServiceAccount                 sa                   cre
 +   ├─ yandex:index:ResourcemanagerFolderIamMember    saEditor             cre
 +   ├─ yandex:index:IamServiceAccountStaticAccessKey  saKey                cre
 +   ├─ yandex:index:StorageBucket                     bucket               cre
 +   └─ yandex:index:StorageObject                     helloObject          cre

Outputs:
    accessKey : "YCAJED56n36mRWwKKHWClKmjU"
    bucketName: "les25-bucket"
    objectKey : "hello.txt"
    secretKey : [secret]

Resources:
    + 6 created

Duration: 12s

++ read -p 'press any key to destroy and remove stack ...'
press any key to destroy and remove stack ...
++ pulumi destroy -y
Previewing destroy (dev):
     Type                                              Name                 Pla
 -   pulumi:pulumi:Stack                               yc-object-hello-dev  del
 -   ├─ yandex:index:StorageObject                     helloObject          del
 -   ├─ yandex:index:StorageBucket                     bucket               del
 -   ├─ yandex:index:IamServiceAccountStaticAccessKey  saKey                del
 -   ├─ yandex:index:ResourcemanagerFolderIamMember    saEditor             del
 -   └─ yandex:index:IamServiceAccount                 sa                   del

Outputs:
  - accessKey : "YCAJED56n36mRWwKKHWClKmjU"
  - bucketName: "les25-bucket"
  - objectKey : "hello.txt"
  - secretKey : [secret]

Resources:
    - 6 to delete

Destroying (dev):
     Type                                              Name                 Sta
 -   pulumi:pulumi:Stack                               yc-object-hello-dev  del
 -   ├─ yandex:index:StorageObject                     helloObject          del
 -   ├─ yandex:index:StorageBucket                     bucket               del
 -   ├─ yandex:index:IamServiceAccountStaticAccessKey  saKey                del
 -   ├─ yandex:index:ResourcemanagerFolderIamMember    saEditor             del
 -   └─ yandex:index:IamServiceAccount                 sa                   del

Outputs:
  - accessKey : "YCAJED56n36mRWwKKHWClKmjU"
  - bucketName: "les25-bucket"
  - objectKey : "hello.txt"
  - secretKey : [secret]

Resources:
    - 6 deleted

Duration: 20s

The resources in the stack have been deleted, but the history and configuration associated with the stack are still maintained. 
If you want to remove the stack completely, run `pulumi stack rm dev`.
++ pulumi stack rm dev -y -f
Stack 'dev' has been removed!
