za@za-Lenovo-IdeaPad-S340-15IWL:~/Documents/IaC/2git/OL20250925/terraformer/import_folder$ 
./import_instance.sh 
2025-09-11 02:23:11,787 - DEBUG - DEBUG MODE Enable
2025-09-11 02:23:11,787 - INFO - Variables: compute, instance, hello, fhm86a6e84kge31qfili
2025-09-11 02:23:11,788 - DEBUG - get_endpoint_api: url:https://api.cloud.yandex.net/endpoints/compute
2025-09-11 02:23:11,789 - DEBUG - Starting new HTTPS connection (1): api.cloud.yandex.net:443
2025-09-11 02:23:12,137 - DEBUG - https://api.cloud.yandex.net:443 "GET /endpoints/compute HTTP/1.1" 200 69
2025-09-11 02:23:12,139 - DEBUG - get_endpoint_api: data:{'id': 'compute', 'address': 'compute.api.cloud.yandex.net:443'}
2025-09-11 02:23:14,081 - DEBUG - resource_tfstate_import: Manifest:resource "yandex_compute_instance" "hello_fhm86a6e84kge31qfili" {
	name="hello"
	}


Import command:terraform import yandex_compute_instance.hello_fhm86a6e84kge31qfili fhm86a6e84kge31qfili
Import Result:yandex_compute_instance.hello_fhm86a6e84kge31qfili: Importing from ID "fhm86a6e84kge31qfili"...
yandex_compute_instance.hello_fhm86a6e84kge31qfili: Import prepared!
  Prepared yandex_compute_instance for import
yandex_compute_instance.hello_fhm86a6e84kge31qfili: Refreshing state... [id=fhm86a6e84kge31qfili]

Import successful!

The resources that were imported are shown above. These resources are now in
your Terraform state and will henceforth be managed by Terraform.

2025-09-11 02:23:15,082 - DEBUG - resource_tfstate_import: resource_name:['hello_fhm86a6e84kge31qfili']
2025-09-11 02:23:15,082 - INFO - Import success: resource compute_instance with name:['hello_fhm86a6e84kge31qfili']
2025-09-11 02:23:15,082 - INFO - service:compute
2025-09-11 02:23:15,082 - INFO - Recursive import enabled
2025-09-11 02:23:15,083 - DEBUG - Get compute instance fhm86a6e84kge31qfili
2025-09-11 02:23:15,083 - DEBUG - get_json_api_url: full_url:https://compute.api.cloud.yandex.net:443/compute/v1/instances/fhm86a6e84kge31qfili
2025-09-11 02:23:15,087 - DEBUG - Starting new HTTPS connection (1): compute.api.cloud.yandex.net:443
2025-09-11 02:23:15,509 - DEBUG - https://compute.api.cloud.yandex.net:443 "GET /compute/v1/instances/fhm86a6e84kge31qfili HTTP/1.1" 200 1191
2025-09-11 02:23:15,514 - DEBUG - Get compute instance fhm86a6e84kge31qfili: instance: {'resources': {'memory': '2147483648', 'cores': '2', 'coreFraction': '20'}, 'metadataOptions': {'gceHttpEndpoint': 'ENABLED', 'awsV1HttpEndpoint': 'ENABLED', 'gceHttpToken': 'ENABLED', 'awsV1HttpToken': 'DISABLED'}, 'bootDisk': {'autoDelete': True, 'mode': 'READ_WRITE', 'deviceName': 'fhmm3athsgsttkil438e', 'diskId': 'fhmm3athsgsttkil438e'}, 'networkInterfaces': [{'primaryV4Address': {'oneToOneNat': {'address': '84.201.175.40', 'ipVersion': 'IPV4'}, 'address': '10.128.0.27'}, 'index': '0', 'macAddress': 'd0:0d:83:28:ce:41', 'subnetId': 'e9bop98iu12teftg4uj8'}], 'serialPortSettings': {'sshAuthorization': 'OS_LOGIN'}, 'gpuSettings': {}, 'schedulingPolicy': {'preemptible': True}, 'networkSettings': {'type': 'STANDARD'}, 'placementPolicy': {}, 'hardwareGeneration': {'legacyFeatures': {'pciTopology': 'PCI_TOPOLOGY_V1'}}, 'id': 'fhm86a6e84kge31qfili', 'folderId': 'b1gmesrdjgklgkvcp704', 'createdAt': '2025-09-10T18:11:23Z', 'name': 'hello', 'zoneId': 'ru-central1-a', 'platformId': 'standard-v2', 'status': 'RUNNING', 'fqdn': 'hello.ru-central1.internal'}
2025-09-11 02:23:15,515 - DEBUG - get_json_api_url: full_url:https://compute.api.cloud.yandex.net:443/compute/v1/disks/fhmm3athsgsttkil438e
2025-09-11 02:23:15,518 - DEBUG - Starting new HTTPS connection (1): compute.api.cloud.yandex.net:443
2025-09-11 02:23:15,883 - DEBUG - https://compute.api.cloud.yandex.net:443 "GET /compute/v1/disks/fhmm3athsgsttkil438e HTTP/1.1" 200 483
2025-09-11 02:23:15,889 - DEBUG - Get compute instance fhm86a6e84kge31qfili: bootDisk:{'productIds': ['f2eu3a0im28arvutq2e1'], 'instanceIds': ['fhm86a6e84kge31qfili'], 'diskPlacementPolicy': {}, 'hardwareGeneration': {'legacyFeatures': {'pciTopology': 'PCI_TOPOLOGY_V1'}}, 'id': 'fhmm3athsgsttkil438e', 'folderId': 'b1gmesrdjgklgkvcp704', 'createdAt': '2025-09-10T18:11:41Z', 'typeId': 'network-hdd', 'zoneId': 'ru-central1-a', 'size': '21474836480', 'status': 'READY', 'blockSize': '4096', 'sourceImageId': 'fd8pecdhv50nec1qf9im'}
2025-09-11 02:23:17,713 - DEBUG - resource_tfstate_import: Manifest:resource "yandex_compute_disk" "_fhm86a6e84kge31qfili" {
	name=""
	}


Import command:terraform import yandex_compute_disk._fhm86a6e84kge31qfili fhmm3athsgsttkil438e
Import Result:yandex_compute_disk._fhm86a6e84kge31qfili: Importing from ID "fhmm3athsgsttkil438e"...
yandex_compute_disk._fhm86a6e84kge31qfili: Import prepared!
  Prepared yandex_compute_disk for import
yandex_compute_disk._fhm86a6e84kge31qfili: Refreshing state... [id=fhmm3athsgsttkil438e]

Import successful!

The resources that were imported are shown above. These resources are now in
your Terraform state and will henceforth be managed by Terraform.

2025-09-11 02:23:18,713 - DEBUG - resource_tfstate_import: resource_name:['_fhm86a6e84kge31qfili']
2025-09-11 02:23:18,714 - INFO - Import success: resource compute_disk with name:['_fhm86a6e84kge31qfili']
2025-09-11 02:23:18,715 - DEBUG - resource_mame:hello_fhm86a6e84kge31qfili
2025-09-11 02:23:18,715 - DEBUG - resource:{'mode': 'managed', 'type': 'yandex_compute_instance', 'name': 'hello_fhm86a6e84kge31qfili', 'provider': 'provider["registry.terraform.io/yandex-cloud/yandex"]', 'instances': [{'schema_version': 1, 'attributes': {'allow_recreate': None, 'allow_stopping_for_update': None, 'boot_disk': [{'auto_delete': True, 'device_name': 'fhmm3athsgsttkil438e', 'disk_id': 'fhmm3athsgsttkil438e', 'initialize_params': [{'block_size': 4096, 'description': '', 'image_id': 'fd8pecdhv50nec1qf9im', 'kms_key_id': '', 'name': '', 'size': 20, 'snapshot_id': '', 'type': 'network-hdd'}], 'mode': 'READ_WRITE'}], 'created_at': '2025-09-10T18:11:23Z', 'description': '', 'filesystem': [], 'folder_id': 'b1gmesrdjgklgkvcp704', 'fqdn': 'hello.ru-central1.internal', 'gpu_cluster_id': '', 'hardware_generation': [{'generation2_features': [], 'legacy_features': [{'pci_topology': 'PCI_TOPOLOGY_V1'}]}], 'hostname': 'hello', 'id': 'fhm86a6e84kge31qfili', 'labels': {}, 'local_disk': [], 'maintenance_grace_period': '', 'maintenance_policy': None, 'metadata': {'ssh-keys': 'yc-user:ssh-rsa AAAAB3NzaC1yc2EAAAADAQABAAABAQC3HIUrr6iRefESWSlgO8y+zFjJH27t7WO4atyPLGqLAi1GesgJD1zTnzE/KKGUAndumJkbhZN6XbFsbojpxNGONJi+NfocGFgUYdK5fSv+/m7zcLWWqxovUHP0FfLhWjzMFWahBybZDK9p+QKAdnPAgHzmC0Jfn+PM3VrbvfiNnai3rQiIMvxIExMsqn3LSc+BYlliS72nv+BWyufLVCJ3arVh9OsvnvbAKefKkNkTl1G8nQDYowL/57teF+Z53lNZh3ywkWaCgVXYQw+/4H8xcqG38frBrSEtJWcx2E0VGqpoAZ1fwZHp7zgKCsTF5SrGXpd7hX6z+45h2zTRZTFH za@za-Lenovo-IdeaPad-S340-15IWL\n', 'user-data': '#cloud-config\ndatasource:\n Ec2:\n  strict_id: false\nssh_pwauth: no\nusers:\n- name: yc-user\n  sudo: ALL=(ALL) NOPASSWD:ALL\n  shell: /bin/bash\n  ssh_authorized_keys:\n  - ssh-rsa AAAAB3NzaC1yc2EAAAADAQABAAABAQC3HIUrr6iRefESWSlgO8y+zFjJH27t7WO4atyPLGqLAi1GesgJD1zTnzE/KKGUAndumJkbhZN6XbFsbojpxNGONJi+NfocGFgUYdK5fSv+/m7zcLWWqxovUHP0FfLhWjzMFWahBybZDK9p+QKAdnPAgHzmC0Jfn+PM3VrbvfiNnai3rQiIMvxIExMsqn3LSc+BYlliS72nv+BWyufLVCJ3arVh9OsvnvbAKefKkNkTl1G8nQDYowL/57teF+Z53lNZh3ywkWaCgVXYQw+/4H8xcqG38frBrSEtJWcx2E0VGqpoAZ1fwZHp7zgKCsTF5SrGXpd7hX6z+45h2zTRZTFH za@za-Lenovo-IdeaPad-S340-15IWL\n\n'}, 'metadata_options': [{'aws_v1_http_endpoint': 1, 'aws_v1_http_token': 2, 'gce_http_endpoint': 1, 'gce_http_token': 1}], 'name': 'hello', 'network_acceleration_type': 'standard', 'network_interface': [{'dns_record': [], 'index': 0, 'ip_address': '10.128.0.27', 'ipv4': True, 'ipv6': False, 'ipv6_address': '', 'ipv6_dns_record': [], 'mac_address': 'd0:0d:83:28:ce:41', 'nat': True, 'nat_dns_record': [], 'nat_ip_address': '84.201.175.40', 'nat_ip_version': 'IPV4', 'security_group_ids': [], 'subnet_id': 'e9bop98iu12teftg4uj8'}], 'placement_policy': [{'host_affinity_rules': [], 'placement_group_id': '', 'placement_group_partition': 0}], 'platform_id': 'standard-v2', 'resources': [{'core_fraction': 20, 'cores': 2, 'gpus': 0, 'memory': 2}], 'scheduling_policy': [{'preemptible': True}], 'secondary_disk': [], 'service_account_id': '', 'status': 'running', 'timeouts': None, 'zone': 'ru-central1-a'}, 'sensitive_attributes': [], 'identity_schema_version': 0, 'private': 'eyJlMmJmYjczMC1lY2FhLTExZTYtOGY4OC0zNDM2M2JjN2M0YzAiOnsiY3JlYXRlIjozMDAwMDAwMDAwMDAsImRlbGV0ZSI6MzAwMDAwMDAwMDAwLCJ1cGRhdGUiOjMwMDAwMDAwMDAwMH0sInNjaGVtYV92ZXJzaW9uIjoiMSJ9'}]}
2025-09-11 02:23:18,715 - DEBUG - convert_to_terraform: keys2remove from root: ['created_at', 'id', 'status', 'hardware_generation']
2025-09-11 02:23:18,716 - DEBUG - remove_keys: is root of JSON
2025-09-11 02:23:18,716 - DEBUG - remove_keys: check allow_recreate in root!
2025-09-11 02:23:18,716 - DEBUG - remove_keys: check allow_stopping_for_update in root!
2025-09-11 02:23:18,716 - DEBUG - remove_keys: check boot_disk in root!
2025-09-11 02:23:18,716 - DEBUG - remove_keys: check created_at in root!
2025-09-11 02:23:18,717 - DEBUG - remove_keys: REMOVE created_at from root!
2025-09-11 02:23:18,717 - DEBUG - remove_keys: check description in root!
2025-09-11 02:23:18,717 - DEBUG - remove_keys: check filesystem in root!
2025-09-11 02:23:18,717 - DEBUG - remove_keys: check folder_id in root!
2025-09-11 02:23:18,717 - DEBUG - remove_keys: check fqdn in root!
2025-09-11 02:23:18,717 - DEBUG - remove_keys: check gpu_cluster_id in root!
2025-09-11 02:23:18,718 - DEBUG - remove_keys: check hardware_generation in root!
2025-09-11 02:23:18,718 - DEBUG - remove_keys: REMOVE hardware_generation from root!
2025-09-11 02:23:18,718 - DEBUG - remove_keys: check hostname in root!
2025-09-11 02:23:18,718 - DEBUG - remove_keys: check id in root!
2025-09-11 02:23:18,718 - DEBUG - remove_keys: REMOVE id from root!
2025-09-11 02:23:18,719 - DEBUG - remove_keys: check labels in root!
2025-09-11 02:23:18,719 - DEBUG - remove_keys: check local_disk in root!
2025-09-11 02:23:18,719 - DEBUG - remove_keys: check maintenance_grace_period in root!
2025-09-11 02:23:18,719 - DEBUG - remove_keys: check maintenance_policy in root!
2025-09-11 02:23:18,719 - DEBUG - remove_keys: check metadata in root!
2025-09-11 02:23:18,720 - DEBUG - remove_keys: check metadata_options in root!
2025-09-11 02:23:18,720 - DEBUG - remove_keys: check name in root!
2025-09-11 02:23:18,720 - DEBUG - remove_keys: check network_acceleration_type in root!
2025-09-11 02:23:18,720 - DEBUG - remove_keys: check network_interface in root!
2025-09-11 02:23:18,720 - DEBUG - remove_keys: check placement_policy in root!
2025-09-11 02:23:18,721 - DEBUG - remove_keys: check platform_id in root!
2025-09-11 02:23:18,721 - DEBUG - remove_keys: check resources in root!
2025-09-11 02:23:18,721 - DEBUG - remove_keys: check scheduling_policy in root!
2025-09-11 02:23:18,721 - DEBUG - remove_keys: check secondary_disk in root!
2025-09-11 02:23:18,721 - DEBUG - remove_keys: check service_account_id in root!
2025-09-11 02:23:18,721 - DEBUG - remove_keys: check status in root!
2025-09-11 02:23:18,722 - DEBUG - remove_keys: REMOVE status from root!
2025-09-11 02:23:18,722 - DEBUG - remove_keys: check timeouts in root!
2025-09-11 02:23:18,722 - DEBUG - remove_keys: check zone in root!
2025-09-11 02:23:18,722 - DEBUG - convert_to_terraform: yandex_compute_instance: keys2remove: dict_items([('', ['fqdn', 'metadata']), ('network_interface', ['mac_address', 'nat_ip_version'])])
2025-09-11 02:23:18,722 - DEBUG - convert_to_terraform: yandex_compute_instance: remove: ['fqdn', 'metadata'] in 
2025-09-11 02:23:18,723 - DEBUG - remove_keys: is root of JSON
2025-09-11 02:23:18,723 - DEBUG - remove_keys: check allow_recreate in root!
2025-09-11 02:23:18,723 - DEBUG - remove_keys: check allow_stopping_for_update in root!
2025-09-11 02:23:18,723 - DEBUG - remove_keys: check boot_disk in root!
2025-09-11 02:23:18,723 - DEBUG - remove_keys: check description in root!
2025-09-11 02:23:18,723 - DEBUG - remove_keys: check filesystem in root!
2025-09-11 02:23:18,724 - DEBUG - remove_keys: check folder_id in root!
2025-09-11 02:23:18,724 - DEBUG - remove_keys: check fqdn in root!
2025-09-11 02:23:18,724 - DEBUG - remove_keys: REMOVE fqdn from root!
2025-09-11 02:23:18,724 - DEBUG - remove_keys: check gpu_cluster_id in root!
2025-09-11 02:23:18,724 - DEBUG - remove_keys: check hostname in root!
2025-09-11 02:23:18,724 - DEBUG - remove_keys: check labels in root!
2025-09-11 02:23:18,725 - DEBUG - remove_keys: check local_disk in root!
2025-09-11 02:23:18,725 - DEBUG - remove_keys: check maintenance_grace_period in root!
2025-09-11 02:23:18,725 - DEBUG - remove_keys: check maintenance_policy in root!
2025-09-11 02:23:18,725 - DEBUG - remove_keys: check metadata in root!
2025-09-11 02:23:18,725 - DEBUG - remove_keys: REMOVE metadata from root!
2025-09-11 02:23:18,725 - DEBUG - remove_keys: check metadata_options in root!
2025-09-11 02:23:18,726 - DEBUG - remove_keys: check name in root!
2025-09-11 02:23:18,726 - DEBUG - remove_keys: check network_acceleration_type in root!
2025-09-11 02:23:18,726 - DEBUG - remove_keys: check network_interface in root!
2025-09-11 02:23:18,726 - DEBUG - remove_keys: check placement_policy in root!
2025-09-11 02:23:18,726 - DEBUG - remove_keys: check platform_id in root!
2025-09-11 02:23:18,727 - DEBUG - remove_keys: check resources in root!
2025-09-11 02:23:18,727 - DEBUG - remove_keys: check scheduling_policy in root!
2025-09-11 02:23:18,727 - DEBUG - remove_keys: check secondary_disk in root!
2025-09-11 02:23:18,727 - DEBUG - remove_keys: check service_account_id in root!
2025-09-11 02:23:18,727 - DEBUG - remove_keys: check timeouts in root!
2025-09-11 02:23:18,728 - DEBUG - remove_keys: check zone in root!
2025-09-11 02:23:18,728 - DEBUG - convert_to_terraform: yandex_compute_instance: remove: ['mac_address', 'nat_ip_version'] in network_interface
2025-09-11 02:23:18,728 - DEBUG - remove_keys: data is dict {'allow_recreate': None, 'allow_stopping_for_update': None, 'boot_disk': [{'auto_delete': True, 'device_name': 'fhmm3athsgsttkil438e', 'disk_id': 'fhmm3athsgsttkil438e', 'initialize_params': [{'block_size': 4096, 'description': '', 'image_id': 'fd8pecdhv50nec1qf9im', 'kms_key_id': '', 'name': '', 'size': 20, 'snapshot_id': '', 'type': 'network-hdd'}], 'mode': 'READ_WRITE'}], 'description': '', 'filesystem': [], 'folder_id': 'b1gmesrdjgklgkvcp704', 'gpu_cluster_id': '', 'hostname': 'hello', 'labels': {}, 'local_disk': [], 'maintenance_grace_period': '', 'maintenance_policy': None, 'metadata_options': [{'aws_v1_http_endpoint': 1, 'aws_v1_http_token': 2, 'gce_http_endpoint': 1, 'gce_http_token': 1}], 'name': 'hello', 'network_acceleration_type': 'standard', 'network_interface': [{'dns_record': [], 'index': 0, 'ip_address': '10.128.0.27', 'ipv4': True, 'ipv6': False, 'ipv6_address': '', 'ipv6_dns_record': [], 'mac_address': 'd0:0d:83:28:ce:41', 'nat': True, 'nat_dns_record': [], 'nat_ip_address': '84.201.175.40', 'nat_ip_version': 'IPV4', 'security_group_ids': [], 'subnet_id': 'e9bop98iu12teftg4uj8'}], 'placement_policy': [{'host_affinity_rules': [], 'placement_group_id': '', 'placement_group_partition': 0}], 'platform_id': 'standard-v2', 'resources': [{'core_fraction': 20, 'cores': 2, 'gpus': 0, 'memory': 2}], 'scheduling_policy': [{'preemptible': True}], 'secondary_disk': [], 'service_account_id': '', 'timeouts': None, 'zone': 'ru-central1-a'}
2025-09-11 02:23:18,728 - DEBUG - remove_keys: Find labels in dict or list
2025-09-11 02:23:18,729 - DEBUG - remove_keys: data is dict {}
2025-09-11 02:23:18,729 - DEBUG - remove_keys: Find network_interface in list
2025-09-11 02:23:18,729 - DEBUG - remove_keys: item {'dns_record': [], 'index': 0, 'ip_address': '10.128.0.27', 'ipv4': True, 'ipv6': False, 'ipv6_address': '', 'ipv6_dns_record': [], 'mac_address': 'd0:0d:83:28:ce:41', 'nat': True, 'nat_dns_record': [], 'nat_ip_address': '84.201.175.40', 'nat_ip_version': 'IPV4', 'security_group_ids': [], 'subnet_id': 'e9bop98iu12teftg4uj8'} is dict
2025-09-11 02:23:18,729 - DEBUG - remove_keys: remove key mac_address in network_interface
2025-09-11 02:23:18,729 - DEBUG - remove_keys: remove key nat_ip_version in network_interface
2025-09-11 02:23:18,730 - DEBUG - convert_to_terraform: attributes JSON:{'allow_recreate': None, 'allow_stopping_for_update': None, 'boot_disk': [{'auto_delete': True, 'device_name': 'fhmm3athsgsttkil438e', 'disk_id': 'fhmm3athsgsttkil438e', 'initialize_params': [{'block_size': 4096, 'description': '', 'image_id': 'fd8pecdhv50nec1qf9im', 'kms_key_id': '', 'name': '', 'size': 20, 'snapshot_id': '', 'type': 'network-hdd'}], 'mode': 'READ_WRITE'}], 'description': '', 'filesystem': [], 'folder_id': 'b1gmesrdjgklgkvcp704', 'gpu_cluster_id': '', 'hostname': 'hello', 'labels': {}, 'local_disk': [], 'maintenance_grace_period': '', 'maintenance_policy': None, 'metadata_options': [{'aws_v1_http_endpoint': 1, 'aws_v1_http_token': 2, 'gce_http_endpoint': 1, 'gce_http_token': 1}], 'name': 'hello', 'network_acceleration_type': 'standard', 'network_interface': [{'dns_record': [], 'index': 0, 'ip_address': '10.128.0.27', 'ipv4': True, 'ipv6': False, 'ipv6_address': '', 'ipv6_dns_record': [], 'nat': True, 'nat_dns_record': [], 'nat_ip_address': '84.201.175.40', 'security_group_ids': [], 'subnet_id': 'e9bop98iu12teftg4uj8'}], 'placement_policy': [{'host_affinity_rules': [], 'placement_group_id': '', 'placement_group_partition': 0}], 'platform_id': 'standard-v2', 'resources': [{'core_fraction': 20, 'cores': 2, 'gpus': 0, 'memory': 2}], 'scheduling_policy': [{'preemptible': True}], 'secondary_disk': [], 'service_account_id': '', 'timeouts': None, 'zone': 'ru-central1-a'}
2025-09-11 02:23:18,730 - DEBUG - convert_attributes_to_terraform: Value is list of dict: boot_disk - [{'auto_delete': True, 'device_name': 'fhmm3athsgsttkil438e', 'disk_id': 'fhmm3athsgsttkil438e', 'initialize_params': [{'block_size': 4096, 'description': '', 'image_id': 'fd8pecdhv50nec1qf9im', 'kms_key_id': '', 'name': '', 'size': 20, 'snapshot_id': '', 'type': 'network-hdd'}], 'mode': 'READ_WRITE'}]
2025-09-11 02:23:18,730 - DEBUG - convert_attributes_to_terraform: Value is str: auto_delete - True
2025-09-11 02:23:18,731 - DEBUG - format_value: format upper2lower value: True
2025-09-11 02:23:18,731 - DEBUG - convert_attributes_to_terraform: Value is str: device_name - fhmm3athsgsttkil438e
2025-09-11 02:23:18,732 - DEBUG - convert_attributes_to_terraform: Value is str: disk_id - fhmm3athsgsttkil438e
2025-09-11 02:23:18,732 - DEBUG - convert_attributes_to_terraform: Value is list of dict: initialize_params - [{'block_size': 4096, 'description': '', 'image_id': 'fd8pecdhv50nec1qf9im', 'kms_key_id': '', 'name': '', 'size': 20, 'snapshot_id': '', 'type': 'network-hdd'}]
2025-09-11 02:23:18,733 - DEBUG - convert_attributes_to_terraform: Value is str: block_size - 4096
2025-09-11 02:23:18,733 - DEBUG - convert_attributes_to_terraform: Value is str: image_id - fd8pecdhv50nec1qf9im
2025-09-11 02:23:18,733 - DEBUG - convert_attributes_to_terraform: Value is str: size - 20
2025-09-11 02:23:18,734 - DEBUG - convert_attributes_to_terraform: Value is str: type - network-hdd
2025-09-11 02:23:18,734 - DEBUG - convert_attributes_to_terraform: Value is str: mode - READ_WRITE
2025-09-11 02:23:18,734 - DEBUG - convert_attributes_to_terraform: Value is str: folder_id - b1gmesrdjgklgkvcp704
2025-09-11 02:23:18,735 - DEBUG - convert_attributes_to_terraform: Value is str: hostname - hello
2025-09-11 02:23:18,735 - DEBUG - convert_attributes_to_terraform: Value is dict: labels - {}
2025-09-11 02:23:18,736 - DEBUG - convert_attributes_to_terraform: Value is list of dict: metadata_options - [{'aws_v1_http_endpoint': 1, 'aws_v1_http_token': 2, 'gce_http_endpoint': 1, 'gce_http_token': 1}]
2025-09-11 02:23:18,736 - DEBUG - convert_attributes_to_terraform: Value is str: aws_v1_http_endpoint - 1
2025-09-11 02:23:18,736 - DEBUG - convert_attributes_to_terraform: Value is str: aws_v1_http_token - 2
2025-09-11 02:23:18,736 - DEBUG - convert_attributes_to_terraform: Value is str: gce_http_endpoint - 1
2025-09-11 02:23:18,736 - DEBUG - convert_attributes_to_terraform: Value is str: gce_http_token - 1
2025-09-11 02:23:18,737 - DEBUG - convert_attributes_to_terraform: Value is str: name - hello
2025-09-11 02:23:18,737 - DEBUG - convert_attributes_to_terraform: Value is str: network_acceleration_type - standard
2025-09-11 02:23:18,737 - DEBUG - convert_attributes_to_terraform: Value is list of dict: network_interface - [{'dns_record': [], 'index': 0, 'ip_address': '10.128.0.27', 'ipv4': True, 'ipv6': False, 'ipv6_address': '', 'ipv6_dns_record': [], 'nat': True, 'nat_dns_record': [], 'nat_ip_address': '84.201.175.40', 'security_group_ids': [], 'subnet_id': 'e9bop98iu12teftg4uj8'}]
2025-09-11 02:23:18,737 - DEBUG - convert_attributes_to_terraform: Value is str: index - 0
2025-09-11 02:23:18,738 - DEBUG - convert_attributes_to_terraform: Value is str: ip_address - 10.128.0.27
2025-09-11 02:23:18,738 - DEBUG - convert_attributes_to_terraform: Value is str: ipv4 - True
2025-09-11 02:23:18,738 - DEBUG - format_value: format upper2lower value: True
2025-09-11 02:23:18,738 - DEBUG - convert_attributes_to_terraform: Value is str: ipv6 - False
2025-09-11 02:23:18,738 - DEBUG - format_value: format upper2lower value: False
2025-09-11 02:23:18,739 - DEBUG - convert_attributes_to_terraform: Value is str: nat - True
2025-09-11 02:23:18,739 - DEBUG - format_value: format upper2lower value: True
2025-09-11 02:23:18,739 - DEBUG - convert_attributes_to_terraform: Value is str: nat_ip_address - 84.201.175.40
2025-09-11 02:23:18,739 - DEBUG - convert_attributes_to_terraform: Value is str: subnet_id - e9bop98iu12teftg4uj8
2025-09-11 02:23:18,739 - DEBUG - convert_attributes_to_terraform: Value is list of dict: placement_policy - [{'host_affinity_rules': [], 'placement_group_id': '', 'placement_group_partition': 0}]
2025-09-11 02:23:18,740 - DEBUG - convert_attributes_to_terraform: Value is str: placement_group_partition - 0
2025-09-11 02:23:18,740 - DEBUG - convert_attributes_to_terraform: Value is str: platform_id - standard-v2
2025-09-11 02:23:18,740 - DEBUG - convert_attributes_to_terraform: Value is list of dict: resources - [{'core_fraction': 20, 'cores': 2, 'gpus': 0, 'memory': 2}]
2025-09-11 02:23:18,740 - DEBUG - convert_attributes_to_terraform: Value is str: core_fraction - 20
2025-09-11 02:23:18,740 - DEBUG - convert_attributes_to_terraform: Value is str: cores - 2
2025-09-11 02:23:18,741 - DEBUG - convert_attributes_to_terraform: Value is str: gpus - 0
2025-09-11 02:23:18,741 - DEBUG - convert_attributes_to_terraform: Value is str: memory - 2
2025-09-11 02:23:18,741 - DEBUG - convert_attributes_to_terraform: Value is list of dict: scheduling_policy - [{'preemptible': True}]
2025-09-11 02:23:18,741 - DEBUG - convert_attributes_to_terraform: Value is str: preemptible - True
2025-09-11 02:23:18,741 - DEBUG - format_value: format upper2lower value: True
2025-09-11 02:23:18,742 - DEBUG - convert_attributes_to_terraform: Value is str: zone - ru-central1-a
2025-09-11 02:23:18,743 - DEBUG - replace_id_to_var: disk_id = var.disk_id
2025-09-11 02:23:18,743 - DEBUG - replace_id_to_var: image_id = var.image_id
2025-09-11 02:23:18,743 - DEBUG - replace_id_to_var: folder_id = var.folder_id
2025-09-11 02:23:18,743 - DEBUG - replace_id_to_var: subnet_id = var.subnet_id
2025-09-11 02:23:18,743 - DEBUG - replace_id_to_var: platform_id = var.platform_id
2025-09-11 02:23:18,744 - INFO - Write manifest file:yandex_compute_instance_hello_fhm86a6e84kge31qfili.tf
2025-09-11 02:23:19,532 - DEBUG - Removed yandex_compute_instance.hello_fhm86a6e84kge31qfili
Successfully removed 1 resource instance(s).
2025-09-11 02:23:19,532 - DEBUG - resource_mame:_fhm86a6e84kge31qfili
2025-09-11 02:23:19,532 - DEBUG - resource:{'mode': 'managed', 'type': 'yandex_compute_disk', 'name': '_fhm86a6e84kge31qfili', 'provider': 'provider["registry.terraform.io/yandex-cloud/yandex"]', 'instances': [{'schema_version': 0, 'attributes': {'allow_recreate': None, 'block_size': 4096, 'created_at': '2025-09-10T18:11:41Z', 'description': '', 'disk_placement_policy': [{'disk_placement_group_id': ''}], 'folder_id': 'b1gmesrdjgklgkvcp704', 'hardware_generation': [{'generation2_features': [], 'legacy_features': [{'pci_topology': 'PCI_TOPOLOGY_V1'}]}], 'id': 'fhmm3athsgsttkil438e', 'image_id': 'fd8pecdhv50nec1qf9im', 'kms_key_id': None, 'labels': {}, 'name': '', 'product_ids': ['f2eu3a0im28arvutq2e1'], 'size': 20, 'snapshot_id': '', 'status': 'ready', 'timeouts': None, 'type': 'network-hdd', 'zone': 'ru-central1-a'}, 'sensitive_attributes': [], 'identity_schema_version': 0, 'private': 'eyJlMmJmYjczMC1lY2FhLTExZTYtOGY4OC0zNDM2M2JjN2M0YzAiOnsiY3JlYXRlIjozMDAwMDAwMDAwMDAsImRlbGV0ZSI6MzAwMDAwMDAwMDAwLCJ1cGRhdGUiOjMwMDAwMDAwMDAwMH0sInNjaGVtYV92ZXJzaW9uIjoiMCJ9'}]}
2025-09-11 02:23:19,532 - DEBUG - convert_to_terraform: keys2remove from root: ['created_at', 'id', 'status', 'hardware_generation']
2025-09-11 02:23:19,532 - DEBUG - remove_keys: is root of JSON
2025-09-11 02:23:19,532 - DEBUG - remove_keys: check allow_recreate in root!
2025-09-11 02:23:19,532 - DEBUG - remove_keys: check block_size in root!
2025-09-11 02:23:19,532 - DEBUG - remove_keys: check created_at in root!
2025-09-11 02:23:19,532 - DEBUG - remove_keys: REMOVE created_at from root!
2025-09-11 02:23:19,532 - DEBUG - remove_keys: check description in root!
2025-09-11 02:23:19,532 - DEBUG - remove_keys: check disk_placement_policy in root!
2025-09-11 02:23:19,532 - DEBUG - remove_keys: check folder_id in root!
2025-09-11 02:23:19,532 - DEBUG - remove_keys: check hardware_generation in root!
2025-09-11 02:23:19,532 - DEBUG - remove_keys: REMOVE hardware_generation from root!
2025-09-11 02:23:19,532 - DEBUG - remove_keys: check id in root!
2025-09-11 02:23:19,532 - DEBUG - remove_keys: REMOVE id from root!
2025-09-11 02:23:19,532 - DEBUG - remove_keys: check image_id in root!
2025-09-11 02:23:19,532 - DEBUG - remove_keys: check kms_key_id in root!
2025-09-11 02:23:19,532 - DEBUG - remove_keys: check labels in root!
2025-09-11 02:23:19,532 - DEBUG - remove_keys: check name in root!
2025-09-11 02:23:19,532 - DEBUG - remove_keys: check product_ids in root!
2025-09-11 02:23:19,533 - DEBUG - remove_keys: check size in root!
2025-09-11 02:23:19,533 - DEBUG - remove_keys: check snapshot_id in root!
2025-09-11 02:23:19,533 - DEBUG - remove_keys: check status in root!
2025-09-11 02:23:19,533 - DEBUG - remove_keys: REMOVE status from root!
2025-09-11 02:23:19,533 - DEBUG - remove_keys: check timeouts in root!
2025-09-11 02:23:19,533 - DEBUG - remove_keys: check type in root!
2025-09-11 02:23:19,533 - DEBUG - remove_keys: check zone in root!
2025-09-11 02:23:19,533 - DEBUG - convert_to_terraform: yandex_compute_disk: keys2remove: dict_items([('', ['disk_placement_policy', 'product_ids'])])
2025-09-11 02:23:19,533 - DEBUG - convert_to_terraform: yandex_compute_disk: remove: ['disk_placement_policy', 'product_ids'] in 
2025-09-11 02:23:19,533 - DEBUG - remove_keys: is root of JSON
2025-09-11 02:23:19,533 - DEBUG - remove_keys: check allow_recreate in root!
2025-09-11 02:23:19,533 - DEBUG - remove_keys: check block_size in root!
2025-09-11 02:23:19,533 - DEBUG - remove_keys: check description in root!
2025-09-11 02:23:19,533 - DEBUG - remove_keys: check disk_placement_policy in root!
2025-09-11 02:23:19,533 - DEBUG - remove_keys: REMOVE disk_placement_policy from root!
2025-09-11 02:23:19,533 - DEBUG - remove_keys: check folder_id in root!
2025-09-11 02:23:19,533 - DEBUG - remove_keys: check image_id in root!
2025-09-11 02:23:19,533 - DEBUG - remove_keys: check kms_key_id in root!
2025-09-11 02:23:19,533 - DEBUG - remove_keys: check labels in root!
2025-09-11 02:23:19,533 - DEBUG - remove_keys: check name in root!
2025-09-11 02:23:19,533 - DEBUG - remove_keys: check product_ids in root!
2025-09-11 02:23:19,533 - DEBUG - remove_keys: REMOVE product_ids from root!
2025-09-11 02:23:19,533 - DEBUG - remove_keys: check size in root!
2025-09-11 02:23:19,533 - DEBUG - remove_keys: check snapshot_id in root!
2025-09-11 02:23:19,533 - DEBUG - remove_keys: check timeouts in root!
2025-09-11 02:23:19,533 - DEBUG - remove_keys: check type in root!
2025-09-11 02:23:19,533 - DEBUG - remove_keys: check zone in root!
2025-09-11 02:23:19,533 - DEBUG - convert_to_terraform: attributes JSON:{'allow_recreate': None, 'block_size': 4096, 'description': '', 'folder_id': 'b1gmesrdjgklgkvcp704', 'image_id': 'fd8pecdhv50nec1qf9im', 'kms_key_id': None, 'labels': {}, 'name': '', 'size': 20, 'snapshot_id': '', 'timeouts': None, 'type': 'network-hdd', 'zone': 'ru-central1-a'}
2025-09-11 02:23:19,533 - DEBUG - convert_attributes_to_terraform: Value is str: block_size - 4096
2025-09-11 02:23:19,533 - DEBUG - convert_attributes_to_terraform: Value is str: folder_id - b1gmesrdjgklgkvcp704
2025-09-11 02:23:19,534 - DEBUG - convert_attributes_to_terraform: Value is str: image_id - fd8pecdhv50nec1qf9im
2025-09-11 02:23:19,534 - DEBUG - convert_attributes_to_terraform: Value is dict: labels - {}
2025-09-11 02:23:19,534 - DEBUG - convert_attributes_to_terraform: Value is str: size - 20
2025-09-11 02:23:19,534 - DEBUG - convert_attributes_to_terraform: Value is str: type - network-hdd
2025-09-11 02:23:19,534 - DEBUG - convert_attributes_to_terraform: Value is str: zone - ru-central1-a
2025-09-11 02:23:19,534 - DEBUG - replace_id_to_var: folder_id = var.folder_id
2025-09-11 02:23:19,534 - DEBUG - replace_id_to_var: image_id = var.image_id
2025-09-11 02:23:19,534 - INFO - Write manifest file:yandex_compute_disk__fhm86a6e84kge31qfili.tf
2025-09-11 02:23:20,292 - DEBUG - Removed yandex_compute_disk._fhm86a6e84kge31qfili
Successfully removed 1 resource instance(s).
2025-09-11 02:23:20,292 - INFO - Terraform manifests creation completed!
