za@za-Vivobook-ASUSLaptop-M3504YA-M3504YA:~/clone/test_env/otus/IB_Pro/ol/20260127/examples/trivy$ ./run.sh 
++ export TRIVY=aquasec/trivy:0.68.2
++ TRIVY=aquasec/trivy:0.68.2
++ docker pull aquasec/trivy:0.68.2
0.68.2: Pulling from aquasec/trivy
55fe6d546401: Pull complete 
070bf0bbc310: Pull complete 
014e56e61396: Pull complete 
859a733a5341: Pull complete 
Digest: sha256:05d0126976bdedcd0782a0336f77832dbea1c81b9cc5e4b3a5ea5d2ec863aca7
Status: Downloaded newer image for aquasec/trivy:0.68.2
docker.io/aquasec/trivy:0.68.2
++ read -p 'press any key to continue...'
press any key to continue...
++ docker run --rm -v /var/run/docker.sock:/var/run/docker.sock -v /home/yc-user/Library/Caches:/root/.cache/ aquasec/trivy:0.68.2 image python:3.4-alpine
2026-01-24T15:51:02Z	INFO	[vuln] Vulnerability scanning is enabled
2026-01-24T15:51:02Z	INFO	[secret] Secret scanning is enabled
2026-01-24T15:51:02Z	INFO	[secret] If your scanning is slow, please try '--scanners vuln' to disable secret scanning
2026-01-24T15:51:02Z	INFO	[secret] Please see https://trivy.dev/docs/v0.68/guide/scanner/secret#recommendation for faster secret detection
2026-01-24T15:51:04Z	INFO	Detected OS	family="alpine" version="3.9.2"
2026-01-24T15:51:04Z	INFO	[alpine] Detecting vulnerabilities...	os_version="3.9" repository="3.9" pkg_num=28
2026-01-24T15:51:04Z	INFO	Number of language-specific files	num=1
2026-01-24T15:51:04Z	INFO	[python-pkg] Detecting vulnerabilities...
2026-01-24T15:51:04Z	WARN	This OS version is no longer supported by the distribution	family="alpine" version="3.9.2"
2026-01-24T15:51:04Z	WARN	The vulnerability detection may be insufficient because security updates are not provided
2026-01-24T15:51:04Z	INFO	Table result includes only package filenames. Use '--format json' option to get the full path to the package file.

Report Summary

┌────────────────────────────────────────────────────────────────────────────┬────────────┬─────────────────┬─────────┐
│                                   Target                                   │    Type    │ Vulnerabilities │ Secrets │
├────────────────────────────────────────────────────────────────────────────┼────────────┼─────────────────┼─────────┤
│ python:3.4-alpine (alpine 3.9.2)                                           │   alpine   │       37        │    -    │
├────────────────────────────────────────────────────────────────────────────┼────────────┼─────────────────┼─────────┤
│ usr/local/lib/python3.4/site-packages/pip-19.0.3.dist-info/METADATA        │ python-pkg │        4        │    -    │
├────────────────────────────────────────────────────────────────────────────┼────────────┼─────────────────┼─────────┤
│ usr/local/lib/python3.4/site-packages/setuptools-40.8.0.dist-info/METADATA │ python-pkg │        3        │    -    │
├────────────────────────────────────────────────────────────────────────────┼────────────┼─────────────────┼─────────┤
│ usr/local/lib/python3.4/site-packages/wheel-0.33.1.dist-info/METADATA      │ python-pkg │        1        │    -    │
└────────────────────────────────────────────────────────────────────────────┴────────────┴─────────────────┴─────────┘
Legend:
- '-': Not scanned
- '0': Clean (no security findings detected)


python:3.4-alpine (alpine 3.9.2)
================================
Total: 37 (UNKNOWN: 0, LOW: 4, MEDIUM: 16, HIGH: 13, CRITICAL: 4)

┌──────────────┬────────────────┬──────────┬────────┬───────────────────┬───────────────┬──────────────────────────────────────────────────────────────┐
│   Library    │ Vulnerability  │ Severity │ Status │ Installed Version │ Fixed Version │                            Title                             │
├──────────────┼────────────────┼──────────┼────────┼───────────────────┼───────────────┼──────────────────────────────────────────────────────────────┤
│ expat        │ CVE-2018-20843 │ HIGH     │ fixed  │ 2.2.6-r0          │ 2.2.7-r0      │ expat: large number of colons in input makes parser consume  │
│              │                │          │        │                   │               │ high amount...                                               │
│              │                │          │        │                   │               │ https://avd.aquasec.com/nvd/cve-2018-20843                   │
│              ├────────────────┤          │        │                   ├───────────────┼──────────────────────────────────────────────────────────────┤
│              │ CVE-2019-15903 │          │        │                   │ 2.2.7-r1      │ expat: heap-based buffer over-read via crafted XML input     │
│              │                │          │        │                   │               │ https://avd.aquasec.com/nvd/cve-2019-15903                   │
├──────────────┼────────────────┼──────────┤        ├───────────────────┼───────────────┼──────────────────────────────────────────────────────────────┤
│ libbz2       │ CVE-2019-12900 │ CRITICAL │        │ 1.0.6-r6          │ 1.0.6-r7      │ bzip2: bzip2: Data integrity error when decompressing (with  │
│              │                │          │        │                   │               │ data integrity tests fail)....                               │
│              │                │          │        │                   │               │ https://avd.aquasec.com/nvd/cve-2019-12900                   │
├──────────────┼────────────────┼──────────┤        ├───────────────────┼───────────────┼──────────────────────────────────────────────────────────────┤
│ libcrypto1.1 │ CVE-2019-1543  │ HIGH     │        │ 1.1.1a-r1         │ 1.1.1b-r1     │ openssl: ChaCha20-Poly1305 with long nonces                  │
│              │                │          │        │                   │               │ https://avd.aquasec.com/nvd/cve-2019-1543                    │
│              ├────────────────┤          │        │                   ├───────────────┼──────────────────────────────────────────────────────────────┤
│              │ CVE-2020-1967  │          │        │                   │ 1.1.1g-r0     │ openssl: Segmentation fault in SSL_check_chain causes denial │
│              │                │          │        │                   │               │ of service                                                   │
│              │                │          │        │                   │               │ https://avd.aquasec.com/nvd/cve-2020-1967                    │
│              ├────────────────┤          │        │                   ├───────────────┼──────────────────────────────────────────────────────────────┤
│              │ CVE-2021-23840 │          │        │                   │ 1.1.1j-r0     │ openssl: integer overflow in CipherUpdate                    │
│              │                │          │        │                   │               │ https://avd.aquasec.com/nvd/cve-2021-23840                   │
│              ├────────────────┤          │        │                   ├───────────────┼──────────────────────────────────────────────────────────────┤
│              │ CVE-2021-3450  │          │        │                   │ 1.1.1k-r0     │ openssl: CA certificate check bypass with                    │
│              │                │          │        │                   │               │ X509_V_FLAG_X509_STRICT                                      │
│              │                │          │        │                   │               │ https://avd.aquasec.com/nvd/cve-2021-3450                    │
│              ├────────────────┼──────────┤        │                   ├───────────────┼──────────────────────────────────────────────────────────────┤
│              │ CVE-2019-1547  │ MEDIUM   │        │                   │ 1.1.1d-r0     │ openssl: side-channel weak encryption vulnerability          │
│              │                │          │        │                   │               │ https://avd.aquasec.com/nvd/cve-2019-1547                    │
│              ├────────────────┤          │        │                   │               ├──────────────────────────────────────────────────────────────┤
│              │ CVE-2019-1549  │          │        │                   │               │ openssl: information disclosure in fork()                    │
│              │                │          │        │                   │               │ https://avd.aquasec.com/nvd/cve-2019-1549                    │
│              ├────────────────┤          │        │                   ├───────────────┼──────────────────────────────────────────────────────────────┤
│              │ CVE-2019-1551  │          │        │                   │ 1.1.1d-r2     │ openssl: Integer overflow in RSAZ modular exponentiation on  │
│              │                │          │        │                   │               │ x86_64                                                       │
│              │                │          │        │                   │               │ https://avd.aquasec.com/nvd/cve-2019-1551                    │
│              ├────────────────┤          │        │                   ├───────────────┼──────────────────────────────────────────────────────────────┤
│              │ CVE-2020-1971  │          │        │                   │ 1.1.1i-r0     │ openssl: EDIPARTYNAME NULL pointer de-reference              │
│              │                │          │        │                   │               │ https://avd.aquasec.com/nvd/cve-2020-1971                    │
│              ├────────────────┤          │        │                   ├───────────────┼──────────────────────────────────────────────────────────────┤
│              │ CVE-2021-23841 │          │        │                   │ 1.1.1j-r0     │ openssl: NULL pointer dereference in                         │
│              │                │          │        │                   │               │ X509_issuer_and_serial_hash()                                │
│              │                │          │        │                   │               │ https://avd.aquasec.com/nvd/cve-2021-23841                   │
│              ├────────────────┤          │        │                   ├───────────────┼──────────────────────────────────────────────────────────────┤
│              │ CVE-2021-3449  │          │        │                   │ 1.1.1k-r0     │ openssl: NULL pointer dereference in signature_algorithms    │
│              │                │          │        │                   │               │ processing                                                   │
│              │                │          │        │                   │               │ https://avd.aquasec.com/nvd/cve-2021-3449                    │
│              ├────────────────┼──────────┤        │                   ├───────────────┼──────────────────────────────────────────────────────────────┤
│              │ CVE-2019-1563  │ LOW      │        │                   │ 1.1.1d-r0     │ openssl: information disclosure in PKCS7_dataDecode and      │
│              │                │          │        │                   │               │ CMS_decrypt_set1_pkey                                        │
│              │                │          │        │                   │               │ https://avd.aquasec.com/nvd/cve-2019-1563                    │
│              ├────────────────┤          │        │                   ├───────────────┼──────────────────────────────────────────────────────────────┤
│              │ CVE-2021-23839 │          │        │                   │ 1.1.1j-r0     │ openssl: incorrect SSLv2 rollback protection                 │
│              │                │          │        │                   │               │ https://avd.aquasec.com/nvd/cve-2021-23839                   │
├──────────────┼────────────────┼──────────┤        │                   ├───────────────┼──────────────────────────────────────────────────────────────┤
│ libssl1.1    │ CVE-2019-1543  │ HIGH     │        │                   │ 1.1.1b-r1     │ openssl: ChaCha20-Poly1305 with long nonces                  │
│              │                │          │        │                   │               │ https://avd.aquasec.com/nvd/cve-2019-1543                    │
│              ├────────────────┤          │        │                   ├───────────────┼──────────────────────────────────────────────────────────────┤
│              │ CVE-2020-1967  │          │        │                   │ 1.1.1g-r0     │ openssl: Segmentation fault in SSL_check_chain causes denial │
│              │                │          │        │                   │               │ of service                                                   │
│              │                │          │        │                   │               │ https://avd.aquasec.com/nvd/cve-2020-1967                    │
│              ├────────────────┤          │        │                   ├───────────────┼──────────────────────────────────────────────────────────────┤
│              │ CVE-2021-23840 │          │        │                   │ 1.1.1j-r0     │ openssl: integer overflow in CipherUpdate                    │
│              │                │          │        │                   │               │ https://avd.aquasec.com/nvd/cve-2021-23840                   │
│              ├────────────────┤          │        │                   ├───────────────┼──────────────────────────────────────────────────────────────┤
│              │ CVE-2021-3450  │          │        │                   │ 1.1.1k-r0     │ openssl: CA certificate check bypass with                    │
│              │                │          │        │                   │               │ X509_V_FLAG_X509_STRICT                                      │
│              │                │          │        │                   │               │ https://avd.aquasec.com/nvd/cve-2021-3450                    │
│              ├────────────────┼──────────┤        │                   ├───────────────┼──────────────────────────────────────────────────────────────┤
│              │ CVE-2019-1547  │ MEDIUM   │        │                   │ 1.1.1d-r0     │ openssl: side-channel weak encryption vulnerability          │
│              │                │          │        │                   │               │ https://avd.aquasec.com/nvd/cve-2019-1547                    │
│              ├────────────────┤          │        │                   │               ├──────────────────────────────────────────────────────────────┤
│              │ CVE-2019-1549  │          │        │                   │               │ openssl: information disclosure in fork()                    │
│              │                │          │        │                   │               │ https://avd.aquasec.com/nvd/cve-2019-1549                    │
│              ├────────────────┤          │        │                   ├───────────────┼──────────────────────────────────────────────────────────────┤
│              │ CVE-2019-1551  │          │        │                   │ 1.1.1d-r2     │ openssl: Integer overflow in RSAZ modular exponentiation on  │
│              │                │          │        │                   │               │ x86_64                                                       │
│              │                │          │        │                   │               │ https://avd.aquasec.com/nvd/cve-2019-1551                    │
│              ├────────────────┤          │        │                   ├───────────────┼──────────────────────────────────────────────────────────────┤
│              │ CVE-2020-1971  │          │        │                   │ 1.1.1i-r0     │ openssl: EDIPARTYNAME NULL pointer de-reference              │
│              │                │          │        │                   │               │ https://avd.aquasec.com/nvd/cve-2020-1971                    │
│              ├────────────────┤          │        │                   ├───────────────┼──────────────────────────────────────────────────────────────┤
│              │ CVE-2021-23841 │          │        │                   │ 1.1.1j-r0     │ openssl: NULL pointer dereference in                         │
│              │                │          │        │                   │               │ X509_issuer_and_serial_hash()                                │
│              │                │          │        │                   │               │ https://avd.aquasec.com/nvd/cve-2021-23841                   │
│              ├────────────────┤          │        │                   ├───────────────┼──────────────────────────────────────────────────────────────┤
│              │ CVE-2021-3449  │          │        │                   │ 1.1.1k-r0     │ openssl: NULL pointer dereference in signature_algorithms    │
│              │                │          │        │                   │               │ processing                                                   │
│              │                │          │        │                   │               │ https://avd.aquasec.com/nvd/cve-2021-3449                    │
│              ├────────────────┼──────────┤        │                   ├───────────────┼──────────────────────────────────────────────────────────────┤
│              │ CVE-2019-1563  │ LOW      │        │                   │ 1.1.1d-r0     │ openssl: information disclosure in PKCS7_dataDecode and      │
│              │                │          │        │                   │               │ CMS_decrypt_set1_pkey                                        │
│              │                │          │        │                   │               │ https://avd.aquasec.com/nvd/cve-2019-1563                    │
│              ├────────────────┤          │        │                   ├───────────────┼──────────────────────────────────────────────────────────────┤
│              │ CVE-2021-23839 │          │        │                   │ 1.1.1j-r0     │ openssl: incorrect SSLv2 rollback protection                 │
│              │                │          │        │                   │               │ https://avd.aquasec.com/nvd/cve-2021-23839                   │
├──────────────┼────────────────┼──────────┤        ├───────────────────┼───────────────┼──────────────────────────────────────────────────────────────┤
│ musl         │ CVE-2019-14697 │ CRITICAL │        │ 1.1.20-r4         │ 1.1.20-r5     │ musl libc through 1.1.23 has an x87 floating-point stack     │
│              │                │          │        │                   │               │ adjustment im ......                                         │
│              │                │          │        │                   │               │ https://avd.aquasec.com/nvd/cve-2019-14697                   │
│              ├────────────────┼──────────┤        │                   ├───────────────┼──────────────────────────────────────────────────────────────┤
│              │ CVE-2020-28928 │ MEDIUM   │        │                   │ 1.1.20-r6     │ In musl libc through 1.2.1, wcsnrtombs mishandles particular │
│              │                │          │        │                   │               │ combinati ...                                                │
│              │                │          │        │                   │               │ https://avd.aquasec.com/nvd/cve-2020-28928                   │
├──────────────┼────────────────┼──────────┤        │                   ├───────────────┼──────────────────────────────────────────────────────────────┤
│ musl-utils   │ CVE-2019-14697 │ CRITICAL │        │                   │ 1.1.20-r5     │ musl libc through 1.1.23 has an x87 floating-point stack     │
│              │                │          │        │                   │               │ adjustment im ......                                         │
│              │                │          │        │                   │               │ https://avd.aquasec.com/nvd/cve-2019-14697                   │
│              ├────────────────┼──────────┤        │                   ├───────────────┼──────────────────────────────────────────────────────────────┤
│              │ CVE-2020-28928 │ MEDIUM   │        │                   │ 1.1.20-r6     │ In musl libc through 1.2.1, wcsnrtombs mishandles particular │
│              │                │          │        │                   │               │ combinati ...                                                │
│              │                │          │        │                   │               │ https://avd.aquasec.com/nvd/cve-2020-28928                   │
├──────────────┼────────────────┼──────────┤        ├───────────────────┼───────────────┼──────────────────────────────────────────────────────────────┤
│ sqlite-libs  │ CVE-2019-8457  │ CRITICAL │        │ 3.26.0-r3         │ 3.28.0-r0     │ sqlite: heap out-of-bound read in function rtreenode()       │
│              │                │          │        │                   │               │ https://avd.aquasec.com/nvd/cve-2019-8457                    │
│              ├────────────────┼──────────┤        │                   ├───────────────┼──────────────────────────────────────────────────────────────┤
│              │ CVE-2019-19244 │ HIGH     │        │                   │ 3.28.0-r2     │ sqlite: allows a crash if a sub-select uses both DISTINCT    │
│              │                │          │        │                   │               │ and window...                                                │
│              │                │          │        │                   │               │ https://avd.aquasec.com/nvd/cve-2019-19244                   │
│              ├────────────────┤          │        │                   ├───────────────┼──────────────────────────────────────────────────────────────┤
│              │ CVE-2019-5018  │          │        │                   │ 3.28.0-r0     │ sqlite: Use-after-free in window function leading to remote  │
│              │                │          │        │                   │               │ code execution                                               │
│              │                │          │        │                   │               │ https://avd.aquasec.com/nvd/cve-2019-5018                    │
│              ├────────────────┤          │        │                   ├───────────────┼──────────────────────────────────────────────────────────────┤
│              │ CVE-2020-11655 │          │        │                   │ 3.28.0-r3     │ sqlite: malformed window-function query leads to DoS         │
│              │                │          │        │                   │               │ https://avd.aquasec.com/nvd/cve-2020-11655                   │
│              ├────────────────┼──────────┤        │                   ├───────────────┼──────────────────────────────────────────────────────────────┤
│              │ CVE-2019-16168 │ MEDIUM   │        │                   │ 3.28.0-r1     │ sqlite: Division by zero in whereLoopAddBtreeIndex in        │
│              │                │          │        │                   │               │ sqlite3.c                                                    │
│              │                │          │        │                   │               │ https://avd.aquasec.com/nvd/cve-2019-16168                   │
│              ├────────────────┤          │        │                   ├───────────────┼──────────────────────────────────────────────────────────────┤
│              │ CVE-2019-19242 │          │        │                   │ 3.28.0-r2     │ sqlite: SQL injection in sqlite3ExprCodeTarget in expr.c     │
│              │                │          │        │                   │               │ https://avd.aquasec.com/nvd/cve-2019-19242                   │
└──────────────┴────────────────┴──────────┴────────┴───────────────────┴───────────────┴──────────────────────────────────────────────────────────────┘

Python (python-pkg)
===================
Total: 8 (UNKNOWN: 0, LOW: 0, MEDIUM: 2, HIGH: 6, CRITICAL: 0)

┌───────────────────────┬────────────────┬──────────┬────────┬───────────────────┬───────────────┬─────────────────────────────────────────────────────────────┐
│        Library        │ Vulnerability  │ Severity │ Status │ Installed Version │ Fixed Version │                            Title                            │
├───────────────────────┼────────────────┼──────────┼────────┼───────────────────┼───────────────┼─────────────────────────────────────────────────────────────┤
│ pip (METADATA)        │ CVE-2019-20916 │ HIGH     │ fixed  │ 19.0.3            │ 19.2          │ python-pip: directory traversal in _download_http_url()     │
│                       │                │          │        │                   │               │ function in src/pip/_internal/download.py                   │
│                       │                │          │        │                   │               │ https://avd.aquasec.com/nvd/cve-2019-20916                  │
│                       ├────────────────┤          │        │                   ├───────────────┼─────────────────────────────────────────────────────────────┤
│                       │ CVE-2021-3572  │          │        │                   │ 21.1          │ python-pip: Incorrect handling of unicode separators in git │
│                       │                │          │        │                   │               │ references                                                  │
│                       │                │          │        │                   │               │ https://avd.aquasec.com/nvd/cve-2021-3572                   │
│                       ├────────────────┼──────────┤        │                   ├───────────────┼─────────────────────────────────────────────────────────────┤
│                       │ CVE-2023-5752  │ MEDIUM   │        │                   │ 23.3          │ pip: Mercurial configuration injectable in repo revision    │
│                       │                │          │        │                   │               │ when installing via pip                                     │
│                       │                │          │        │                   │               │ https://avd.aquasec.com/nvd/cve-2023-5752                   │
│                       ├────────────────┤          │        │                   ├───────────────┼─────────────────────────────────────────────────────────────┤
│                       │ CVE-2025-8869  │          │        │                   │ 25.3          │ pip: pip missing checks on symbolic link extraction         │
│                       │                │          │        │                   │               │ https://avd.aquasec.com/nvd/cve-2025-8869                   │
├───────────────────────┼────────────────┼──────────┤        ├───────────────────┼───────────────┼─────────────────────────────────────────────────────────────┤
│ setuptools (METADATA) │ CVE-2022-40897 │ HIGH     │        │ 40.8.0            │ 65.5.1        │ pypa-setuptools: Regular Expression Denial of Service       │
│                       │                │          │        │                   │               │ (ReDoS) in package_index.py                                 │
│                       │                │          │        │                   │               │ https://avd.aquasec.com/nvd/cve-2022-40897                  │
│                       ├────────────────┤          │        │                   ├───────────────┼─────────────────────────────────────────────────────────────┤
│                       │ CVE-2024-6345  │          │        │                   │ 70.0.0        │ pypa/setuptools: Remote code execution via download         │
│                       │                │          │        │                   │               │ functions in the package_index module in...                 │
│                       │                │          │        │                   │               │ https://avd.aquasec.com/nvd/cve-2024-6345                   │
│                       ├────────────────┤          │        │                   ├───────────────┼─────────────────────────────────────────────────────────────┤
│                       │ CVE-2025-47273 │          │        │                   │ 78.1.1        │ setuptools: Path Traversal Vulnerability in setuptools      │
│                       │                │          │        │                   │               │ PackageIndex                                                │
│                       │                │          │        │                   │               │ https://avd.aquasec.com/nvd/cve-2025-47273                  │
├───────────────────────┼────────────────┤          │        ├───────────────────┼───────────────┼─────────────────────────────────────────────────────────────┤
│ wheel (METADATA)      │ CVE-2022-40898 │          │        │ 0.33.1            │ 0.38.1        │ python-wheel: remote attackers can cause denial of service  │
│                       │                │          │        │                   │               │ via attacker controlled input...                            │
│                       │                │          │        │                   │               │ https://avd.aquasec.com/nvd/cve-2022-40898                  │
└───────────────────────┴────────────────┴──────────┴────────┴───────────────────┴───────────────┴─────────────────────────────────────────────────────────────┘
++ docker image rm -f aquasec/trivy:0.68.2
Untagged: aquasec/trivy:0.68.2
Deleted: sha256:05d0126976bdedcd0782a0336f77832dbea1c81b9cc5e4b3a5ea5d2ec863aca7

