za@za-Lenovo-IdeaPad-S340-15IWL:~/Documents/IaC/2git/OL20250925/generate/from_json$ ./run.sh
++ ./generate_tf.py vm.json
resource "yandex_compute_instance" "hello" {
  folder_id = "b1gmesrdjgklgkvcp704"
  name = "hello"
  zone = "ru-central1-a"
  platform_id = "standard-v2"
  resources {
    cores = "2"
    memory = "2147483648"
    core_fraction = "20"
  }
  boot_disk {
    mode = "READ_WRITE"
    device_name = "fhmlhunqps83lgb5a041"
    auto_delete = true
    disk_id = "fhmlhunqps83lgb5a041"
  }
  network_interface {
    index = "0"
    mac_address = "d0:0d:11:67:88:24"
    subnet_id = "e9bop98iu12teftg4uj8"
    primary_v4_address {
      address = "10.128.0.7"
      one_to_one_nat {
        address = "158.160.111.233"
        ip_version = "IPV4"
      }
    }
  }
  metadata = {
    gce_http_endpoint = "ENABLED"
    aws_v1_http_endpoint = "ENABLED"
    gce_http_token = "ENABLED"
    aws_v1_http_token = "DISABLED"
  }
  scheduling_policy {
    preemptible = true
  }
  serial_port_settings { ssh_authorization = "OS_LOGIN" }
  # hardware_generation.legacy_features.pci_topology = "PCI_TOPOLOGY_V1"
  hostname = "hello.ru-central1.internal"
}
++ set +x

