za@za-Vivobook-ASUSLaptop-M3504YA-M3504YA:~/clone/test_env/otus/IB_Pro/ol/20260127/examples/secret/buildx$ ./run.sh 
18
[+] Building 0.2s (6/6) FINISHED                                                                                                                                                                                               docker:default
 => [internal] load build definition from Dockerfile                                                                                                                                                                                     0.0s
 => => transferring dockerfile: 783B                                                                                                                                                                                                     0.0s
 => [internal] load metadata for docker.io/library/alpine:3.20                                                                                                                                                                           0.0s
 => [internal] load .dockerignore                                                                                                                                                                                                        0.0s
 => => transferring context: 2B                                                                                                                                                                                                          0.0s
 => [stage-0 1/2] FROM docker.io/library/alpine:3.20@sha256:765942a4039992336de8dd5db680586e1a206607dd06170ff0a37267a9e01958                                                                                                             0.0s
 => => resolve docker.io/library/alpine:3.20@sha256:765942a4039992336de8dd5db680586e1a206607dd06170ff0a37267a9e01958                                                                                                                     0.0s
 => CACHED [stage-0 2/2] RUN --mount=type=secret,id=mysecret   sh -c 'cat /run/secrets/mysecret | wc -c > /secret-length.txt'                                                                                                            0.0s
 => exporting to image                                                                                                                                                                                                                   0.1s
 => => exporting layers                                                                                                                                                                                                                  0.0s
 => => exporting manifest sha256:5c537ba53dfae93a23e814128a0f24d1879c6aa86094a3776dc88521db350ea2                                                                                                                                        0.0s
 => => exporting config sha256:5c34a801d7839b67e6a089282ac1a656f7f7ba3f576dd2138d706b66b29e5b11                                                                                                                                          0.0s
 => => exporting attestation manifest sha256:16b55d5145fe56e6287ce424c8218f64dfced06220d65fe261bac8ac8d30f2c7                                                                                                                            0.0s
 => => exporting manifest list sha256:8304e1cdb71de9f776329219928e7f31053520ef67a1a3c629660159adc52a4c                                                                                                                                   0.0s
 => => naming to docker.io/library/secret-length:latest                                                                                                                                                                                  0.0s
 => => unpacking to docker.io/library/secret-length:latest                                                                                                                                                                               0.0s
18
Untagged: secret-length:latest
Deleted: sha256:8304e1cdb71de9f776329219928e7f31053520ef67a1a3c629660159adc52a4c
