aleksey@first:~/OtusTeam/IaC/general/yc_serverless_container/hello$ tf apply
yandex_serverless_container.hello: Refreshing state... [id=bbapoqo74an71svsbt6p]

Terraform used the selected providers to generate the following execution plan. Resource actions are indicated with the following symbols:
-/+ destroy and then create replacement

Terraform will perform the following actions:

  # yandex_serverless_container.hello is tainted, so must be replaced
-/+ resource "yandex_serverless_container" "hello" {
      + core_fraction      = (known after apply)
      ~ created_at         = "2024-08-27T11:28:47Z" -> (known after apply)
      + execution_timeout  = (known after apply)
      ~ folder_id          = "b1gmesrdjgklgkvcp704" -> (known after apply)
      ~ id                 = "bbapoqo74an71svsbt6p" -> (known after apply)
      - labels             = {} -> null
        name               = "hello"
      + revision_id        = (known after apply)
      + service_account_id = "ajeom3f6n05n6keto8jp"
      ~ url                = "https://bbapoqo74an71svsbt6p.containers.yandexcloud.net/" -> (known after apply)
        # (3 unchanged attributes hidden)

      ~ image {
          - args        = [] -> null
          - command     = [] -> null
          + digest      = (known after apply)
          - environment = {} -> null
            # (2 unchanged attributes hidden)
        }

      ~ log_options {
          + concurrency        = (known after apply)
          + core_fraction      = (known after apply)
          + cores              = (known after apply)
          + created_at         = (known after apply)
          + description        = (known after apply)
          + execution_timeout  = (known after apply)
          + folder_id          = (known after apply)
          + id                 = (known after apply)
          + labels             = (known after apply)
          + memory             = (known after apply)
          + name               = (known after apply)
          + revision_id        = (known after apply)
          + service_account_id = (known after apply)
          + url                = (known after apply)
        } -> (known after apply)

      ~ secrets {
          + concurrency        = (known after apply)
          + core_fraction      = (known after apply)
          + cores              = (known after apply)
          + created_at         = (known after apply)
          + description        = (known after apply)
          + execution_timeout  = (known after apply)
          + folder_id          = (known after apply)
          + id                 = (known after apply)
          + labels             = (known after apply)
          + memory             = (known after apply)
          + name               = (known after apply)
          + revision_id        = (known after apply)
          + service_account_id = (known after apply)
          + url                = (known after apply)
        } -> (known after apply)

      ~ storage_mounts {
          + concurrency        = (known after apply)
          + core_fraction      = (known after apply)
          + cores              = (known after apply)
          + created_at         = (known after apply)
          + description        = (known after apply)
          + execution_timeout  = (known after apply)
          + folder_id          = (known after apply)
          + id                 = (known after apply)
          + labels             = (known after apply)
          + memory             = (known after apply)
          + name               = (known after apply)
          + revision_id        = (known after apply)
          + service_account_id = (known after apply)
          + url                = (known after apply)
        } -> (known after apply)
    }

Plan: 1 to add, 0 to change, 1 to destroy.

Do you want to perform these actions?
  Terraform will perform the actions described above.
  Only 'yes' will be accepted to approve.

  Enter a value: yes

yandex_serverless_container.hello: Destroying... [id=bbapoqo74an71svsbt6p]
yandex_serverless_container.hello: Destruction complete after 5s
yandex_serverless_container.hello: Creating...
yandex_serverless_container.hello: Still creating... [10s elapsed]
yandex_serverless_container.hello: Creation complete after 10s [id=bbaaqjp87dgqnl903fab]

Apply complete! Resources: 1 added, 0 changed, 1 destroyed.
