za@za-Vivobook-ASUSLaptop-M3504YA-M3504YA:~/clone/test_env/otus/IB_Pro/ol/20260127/examples/secret/swarm$ ./run.sh 
9
6so098hue9ijqndi607xo50wz
ID                          NAME              DRIVER    CREATED                  UPDATED
6so098hue9ijqndi607xo50wz   my_swarm_secret             Less than a second ago   Less than a second ago
[
    {
        "ID": "6so098hue9ijqndi607xo50wz",
        "Version": {
            "Index": 762
        },
        "CreatedAt": "2026-01-26T07:47:51.794838714Z",
        "UpdatedAt": "2026-01-26T07:47:51.794838714Z",
        "Spec": {
            "Name": "my_swarm_secret",
            "Labels": {}
        }
    }
]
lui292x5xck2ynjfcjh49kbrn
overall progress: 1 out of 1 tasks 
1/1: running   [==================================================>] 
verify: Service lui292x5xck2ynjfcjh49kbrn converged 
9
swarm_secret_srv
my_swarm_secret
