(.venv) za@za-Vivobook-ASUSLaptop-M3504YA-M3504YA:~/Documents/IaC/2git/les25/yc_network_yaml$ ./run.sh 
+++ yc config get cloud-id
++ YC_CLOUD_ID=b1glq0cg9jigrj5lcp63
++ YC_FOLDER_ID=b1gmesrdjgklgkvcp704
++ YC_PREFIX=les25
++ set +x
Enter Pulumi passphrase: 
Created stack 'dev'
++ pulumi config set yandex:cloudId b1glq0cg9jigrj5lcp63
++ pulumi config set yandex:folderId b1gmesrdjgklgkvcp704
++ pulumi config set prefix les25
++ pulumi up
Previewing update (dev):
     Type                        Name                        Plan       
 +   pulumi:pulumi:Stack         yc-hello-world-network-dev  create     
 +   └─ yandex:index:VpcNetwork  network                     create     

Outputs:
    networkId: [unknown]

Resources:
    + 2 to create

Do you want to perform this update? yes
Updating (dev):
     Type                        Name                        Status           
 +   pulumi:pulumi:Stack         yc-hello-world-network-dev  created (3s)     
 +   └─ yandex:index:VpcNetwork  network                     created (3s)     

Outputs:
    networkId: "enp626647tii2dda8348"

Resources:
    + 2 created

Duration: 4s

++ pulumi stack output
Current stack outputs (1):
    OUTPUT     VALUE
    networkId  enp626647tii2dda8348
+++ pulumi stack output networkId
++ yc vpc network get enp626647tii2dda8348
id: enp626647tii2dda8348
folder_id: b1gmesrdjgklgkvcp704
created_at: "2026-02-10T06:07:43Z"
name: les25-hello-world-network
default_security_group_id: enp0nqu006rf0bpt1vvj

++ pulumi destroy
Previewing destroy (dev):
     Type                        Name                        Plan       
 -   pulumi:pulumi:Stack         yc-hello-world-network-dev  delete     
 -   └─ yandex:index:VpcNetwork  network                     delete     

Outputs:
  - networkId: "enp626647tii2dda8348"

Resources:
    - 2 to delete

Do you want to perform this destroy? yes
Destroying (dev):
     Type                        Name                        Status              
 -   pulumi:pulumi:Stack         yc-hello-world-network-dev  deleted (0.00s)     
 -   └─ yandex:index:VpcNetwork  network                     deleted (1s)        

Outputs:
  - networkId: "enp626647tii2dda8348"

Resources:
    - 2 deleted

Duration: 2s

The resources in the stack have been deleted, but the history and configuration associated with the stack are still maintained. 
If you want to remove the stack completely, run `pulumi stack rm dev`.
++ pulumi stack rm dev
This will permanently remove the 'dev' stack!
Please confirm that this is what you'd like to do by typing `dev`: dev
Stack 'dev' has been removed!
++ set +x
