(.venv) (base) za@za-Lenovo-IdeaPad-S340-15IWL:~/try/ansible/webtty/docker$ ansible-playbook -i localhost, -c local -e ansible_user=za -K docker_install.yml 
BECOME password: 

PLAY [Install Docker] ************************************************************************************************************************************************************************************************************************

TASK [Gathering Facts] ***********************************************************************************************************************************************************************************************************************
[WARNING]: Platform linux on host localhost is using the discovered Python interpreter at /home/za/try/ansible/.venv/bin/python3.10, but future installation of another Python interpreter could change the meaning of that path. See
https://docs.ansible.com/ansible-core/2.16/reference_appendices/interpreter_discovery.html for more information.
ok: [localhost]

TASK [Update package list] *******************************************************************************************************************************************************************************************************************
ok: [localhost]

TASK [Install required packages] *************************************************************************************************************************************************************************************************************
ok: [localhost]

TASK [Create directory for Docker GPG key] ***************************************************************************************************************************************************************************************************
ok: [localhost]

TASK [Check if Docker GPG key exists] ********************************************************************************************************************************************************************************************************
ok: [localhost]

TASK [Download and dearmor Docker GPG key] ***************************************************************************************************************************************************************************************************
skipping: [localhost]

TASK [Add Docker repository to Apt sources] **************************************************************************************************************************************************************************************************
changed: [localhost]

TASK [Update package list again] *************************************************************************************************************************************************************************************************************
ok: [localhost]

TASK [Install Docker] ************************************************************************************************************************************************************************************************************************
ok: [localhost]

TASK [Add user to docker group] **************************************************************************************************************************************************************************************************************
changed: [localhost]

TASK [Verify user is in docker group] ********************************************************************************************************************************************************************************************************
changed: [localhost]

PLAY RECAP ***********************************************************************************************************************************************************************************************************************************
localhost                  : ok=10   changed=3    unreachable=0    failed=0    skipped=1    rescued=0    ignored=0   

