aleksey@first:~/OtusTeam/IaC/CloudSecurity/les16/mon/dc$ ansible-playbook docker_compose_install.yml 

PLAY [dockers] *******************************************************************************************************************************************************************************************************************************

TASK [Gathering Facts] ***********************************************************************************************************************************************************************************************************************
ok: [docker]

TASK [Update apt cache] **********************************************************************************************************************************************************************************************************************
changed: [docker]

TASK [install dependencies] ******************************************************************************************************************************************************************************************************************
changed: [docker]

TASK [add GPG key] ***************************************************************************************************************************************************************************************************************************
changed: [docker]

TASK [add docker repository to apt] **********************************************************************************************************************************************************************************************************
changed: [docker]

TASK [install docker] ************************************************************************************************************************************************************************************************************************
changed: [docker]

TASK [check docker is active] ****************************************************************************************************************************************************************************************************************
ok: [docker]

TASK [adding ansible user to docker group] ***************************************************************************************************************************************************************************************************
changed: [docker]

TASK [Check how docker user runs docker command] *********************************************************************************************************************************************************************************************
changed: [docker]

TASK [Print output] **************************************************************************************************************************************************************************************************************************
ok: [docker] => {
    "msg": [
        "Docker version 27.1.2, build d01f264"
    ]
}

TASK [Check how docker user runs docker command] *********************************************************************************************************************************************************************************************
changed: [docker]

TASK [Print output] **************************************************************************************************************************************************************************************************************************
ok: [docker] => {
    "msg": [
        "Docker Compose version v2.29.1"
    ]
}

PLAY RECAP ***********************************************************************************************************************************************************************************************************************************
docker                     : ok=11   changed=8    unreachable=0    failed=0    skipped=0    rescued=0    ignored=0   
