aleksey@first:~/OtusTeam/IaC/CloudSecurity/les16/mon/dc$ ansible-playbook tnpg_run.yml

PLAY [Install and Configure Docker Compose, Prometheus, Grafana, and Nginx] ******************************************************************************************************************************************************************

TASK [Gathering Facts] ***********************************************************************************************************************************************************************************************************************
ok: [docker]

TASK [Create directory for Docker Compose] ***************************************************************************************************************************************************************************************************
ok: [docker]

TASK [Create Docker Compose configuration file] **********************************************************************************************************************************************************************************************
ok: [docker]

TASK [Create Prometheus configuration file] **************************************************************************************************************************************************************************************************
ok: [docker]

TASK [Create Nginx configuration file] *******************************************************************************************************************************************************************************************************
ok: [docker]

TASK [Create Nginx index.html file] **********************************************************************************************************************************************************************************************************
ok: [docker]

TASK [Create Tank load file] *****************************************************************************************************************************************************************************************************************
ok: [docker]

TASK [Create Tank run file] ******************************************************************************************************************************************************************************************************************
changed: [docker]

TASK [Start Docker Compose] ******************************************************************************************************************************************************************************************************************
changed: [docker]

TASK [Stop Docker Compose] *******************************************************************************************************************************************************************************************************************
skipping: [docker]

RUNNING HANDLER [restart docker compose] *****************************************************************************************************************************************************************************************************
changed: [docker]

PLAY RECAP ***********************************************************************************************************************************************************************************************************************************
docker                     : ok=10   changed=3    unreachable=0    failed=0    skipped=1    rescued=0    ignored=0   

