aleksey@first:~/OtusTeam/IaC/Intense2024/les02/var$ ./ans_hello_from_outside.sh 
++ ansible-playbook -i localhost, -c local -e location=outside hello_from.yml

PLAY [Print hello message] *******************************************************************************************************************************************************************************************************************

TASK [Print message] *************************************************************************************************************************************************************************************************************************
ok: [localhost] => {
    "msg": "Hello from outside"
}

PLAY RECAP ***********************************************************************************************************************************************************************************************************************************
localhost                  : ok=1    changed=0    unreachable=0    failed=0    skipped=0    rescued=0    ignored=0   

aleksey@first:~/OtusTeam/IaC/Intense2024/les02/var$ ./ans_file.sh 
++ ansible-playbook -i localhost, -c local file.yml

PLAY [Print hello message] *******************************************************************************************************************************************************************************************************************

TASK [Print message] *************************************************************************************************************************************************************************************************************************
ok: [localhost] => {
    "msg": "var1 is value1 var2 is value2"
}

PLAY RECAP ***********************************************************************************************************************************************************************************************************************************
localhost                  : ok=1    changed=0    unreachable=0    failed=0    skipped=0    rescued=0    ignored=0   

aleksey@first:~/OtusTeam/IaC/Intense2024/les02/var$ ./ans_prompt.sh 
++ ansible-playbook -i localhost, -c local prompt.yml
Enter login: login
Enter password: 

PLAY [Print hello message] *******************************************************************************************************************************************************************************************************************

TASK [Print message] *************************************************************************************************************************************************************************************************************************
ok: [localhost] => {
    "msg": "Entered login is login password is password"
}

PLAY RECAP ***********************************************************************************************************************************************************************************************************************************
localhost                  : ok=1    changed=0    unreachable=0    failed=0    skipped=0    rescued=0    ignored=0   

