(.venv) za@za-Vivobook-ASUSLaptop-M3504YA-M3504YA:~/Documents/IaC/2git/les25/random-yaml$ pulumi login --local
Logged in to za-Vivobook-ASUSLaptop-M3504YA-M3504YA as za (file://~)
(.venv) za@za-Vivobook-ASUSLaptop-M3504YA-M3504YA:~/Documents/IaC/2git/les25/random-yaml$ pulumi stack init dev
Enter your passphrase to protect config/secrets:  
Re-enter your passphrase to confirm:  
Created stack 'dev'
(.venv) za@za-Vivobook-ASUSLaptop-M3504YA-M3504YA:~/Documents/IaC/2git/les25/random-yaml$ pulumi plugin install resource random 4.3.1
[resource plugin random-4.3.1] installing
Downloading plugin: 13.62 MiB / 13.62 MiB [=========================] 100.00% 4s

warning: A new version of Pulumi is available. To upgrade from version '3.218.0' to '3.219.0', visit https://pulumi.com/docs/install/ for manual instructions and release notes.
(.venv) za@za-Vivobook-ASUSLaptop-M3504YA-M3504YA:~/Documents/IaC/2git/les25/random-yaml$ pulumi up
Enter your passphrase to unlock config/secrets
    (set PULUMI_CONFIG_PASSPHRASE or PULUMI_CONFIG_PASSPHRASE_FILE to remember):  
Enter your passphrase to unlock config/secrets
Previewing update (dev):
     Type                            Name            Plan       
 +   pulumi:pulumi:Stack             random-dev      create     
 +   └─ random:index:RandomPassword  randomPassword  create     

Outputs:
    password: [unknown]

Resources:
    + 2 to create

Do you want to perform this update? yes
Updating (dev):
     Type                            Name            Status              
 +   pulumi:pulumi:Stack             random-dev      created (0.02s)     
 +   └─ random:index:RandomPassword  randomPassword  created (0.00s)     

Outputs:
    password: [secret]

Resources:
    + 2 created

Duration: 1s

(.venv) za@za-Vivobook-ASUSLaptop-M3504YA-M3504YA:~/Documents/IaC/2git/les25/random-yaml$ pulumi stack output --show-secrets
Enter your passphrase to unlock config/secrets
    (set PULUMI_CONFIG_PASSPHRASE or PULUMI_CONFIG_PASSPHRASE_FILE to remember):  
Enter your passphrase to unlock config/secrets
Current stack outputs (1):
    OUTPUT    VALUE
    password  Dp1yeQ@OSTM9TArn
(.venv) za@za-Vivobook-ASUSLaptop-M3504YA-M3504YA:~/Documents/IaC/2git/les25/random-yaml$ pulumi destroy -y
Enter your passphrase to unlock config/secrets
    (set PULUMI_CONFIG_PASSPHRASE or PULUMI_CONFIG_PASSPHRASE_FILE to remember):  
Enter your passphrase to unlock config/secrets
Previewing destroy (dev):
     Type                            Name            Plan       
 -   pulumi:pulumi:Stack             random-dev      delete     
 -   └─ random:index:RandomPassword  randomPassword  delete     

Outputs:
  - password: [secret]

Resources:
    - 2 to delete

Destroying (dev):
     Type                            Name            Status              
 -   pulumi:pulumi:Stack             random-dev      deleted (0.00s)     
 -   └─ random:index:RandomPassword  randomPassword  deleted (0.00s)     

Outputs:
  - password: [secret]

Resources:
    - 2 deleted

Duration: 1s

The resources in the stack have been deleted, but the history and configuration associated with the stack are still maintained. 
If you want to remove the stack completely, run `pulumi stack rm dev`.
(.venv) za@za-Vivobook-ASUSLaptop-M3504YA-M3504YA:~/Documents/IaC/2git/les25/random-yaml$ pulumi stack rm dev
This will permanently remove the 'dev' stack!
Please confirm that this is what you'd like to do by typing `dev`: dev
Stack 'dev' has been removed!
