za@za-Vivobook-ASUSLaptop-M3504YA-M3504YA:~/clone/test_env/otus/IB_Pro/ol/20260127/examples/secret/file$ ./run.sh 
++ touch /home/za/mysecret.txt
++ chmod 600 /home/za/mysecret.txt
++ set +x
++ cat /home/za/mysecret.txt
++ wc -c
13
++ docker run --rm -v /home/za/mysecret.txt:/run/secrets/mysecret.txt:ro alpine:3.20 sh -c 'cat /run/secrets/mysecret.txt | wc -c'
13
++ shred -vzu -n 3 /home/za/mysecret.txt
shred: /home/za/mysecret.txt: проход 1/4 (random)…
shred: /home/za/mysecret.txt: проход 2/4 (random)…
shred: /home/za/mysecret.txt: проход 3/4 (random)…
shred: /home/za/mysecret.txt: проход 4/4 (000000)…
shred: /home/za/mysecret.txt: удаление
shred: /home/za/mysecret.txt: переименован в /home/za/000000000000
shred: /home/za/000000000000: переименован в /home/za/00000000000
shred: /home/za/00000000000: переименован в /home/za/0000000000
shred: /home/za/0000000000: переименован в /home/za/000000000
shred: /home/za/000000000: переименован в /home/za/00000000
shred: /home/za/00000000: переименован в /home/za/0000000
shred: /home/za/0000000: переименован в /home/za/000000
shred: /home/za/000000: переименован в /home/za/00000
shred: /home/za/00000: переименован в /home/za/0000
shred: /home/za/0000: переименован в /home/za/000
shred: /home/za/000: переименован в /home/za/00
shred: /home/za/00: переименован в /home/za/0
shred: /home/za/mysecret.txt: удалён
++ set +x
