aleksey@first:~/OtusTeam/IaC/general/argocd/mini$ ansible-playbook docker_install.yml 

PLAY [Install Docker] ************************************************************************************************************************************************************************************************************************

TASK [Gathering Facts] ***********************************************************************************************************************************************************************************************************************
ok: [ac-mini]

TASK [Update package list] *******************************************************************************************************************************************************************************************************************
changed: [ac-mini]

TASK [Install required packages] *************************************************************************************************************************************************************************************************************
ok: [ac-mini]

TASK [Create directory for Docker GPG key] ***************************************************************************************************************************************************************************************************
ok: [ac-mini]

TASK [Download Docker GPG key] ***************************************************************************************************************************************************************************************************************
changed: [ac-mini]

TASK [Dearmor Docker GPG key] ****************************************************************************************************************************************************************************************************************
changed: [ac-mini]

TASK [Add Docker repository to Apt sources] **************************************************************************************************************************************************************************************************
changed: [ac-mini]

TASK [Update package list again] *************************************************************************************************************************************************************************************************************
fatal: [ac-mini]: FAILED! => {"changed": false, "msg": "Failed to update apt cache: W:Updating from such a repository can't be done securely, and is therefore disabled by default., W:See apt-secure(8) manpage for repository creation and user configuration details., W:GPG error: https://download.docker.com/linux/ubuntu jammy InRelease: The following signatures couldn't be verified because the public key is not available: NO_PUBKEY 7EA0A9C3F273FCD8, E:The repository 'https://download.docker.com/linux/ubuntu jammy InRelease' is not signed."}

PLAY RECAP ***********************************************************************************************************************************************************************************************************************************
ac-mini                    : ok=7    changed=4    unreachable=0    failed=1    skipped=0    rescued=0    ignored=0   

