aleksey@first:~/OtusTeam/IaC/general/argocd/mini/docker$ ansible-playbook docker-env.yml

PLAY [Установка переменных окружения для Minikube Docker] ************************************************************************************************************************************************************************

TASK [Gathering Facts] ***********************************************************************************************************************************************************************************************************
ok: [ac-mini-docker]

TASK [Check Minikube's status.] **************************************************************************************************************************************************************************************************
ok: [ac-mini-docker]

TASK [Start Minikube if it's not running.] ***************************************************************************************************************************************************************************************
skipping: [ac-mini-docker]

TASK [Вызов minikube docker-env] *************************************************************************************************************************************************************************************************
changed: [ac-mini-docker]

TASK [Парсинг результата] ********************************************************************************************************************************************************************************************************
ok: [ac-mini-docker]

TASK [Парсинг результата] ********************************************************************************************************************************************************************************************************
ok: [ac-mini-docker]

TASK [Вывод переменных окружения] ************************************************************************************************************************************************************************************************
skipping: [ac-mini-docker]

TASK [Установка переменных окружения] ********************************************************************************************************************************************************************************************
ok: [ac-mini-docker]

TASK [Get env var values] ********************************************************************************************************************************************************************************************************
changed: [ac-mini-docker]

TASK [Print *DOCKER* env var values] *********************************************************************************************************************************************************************************************
skipping: [ac-mini-docker]

TASK [Inspect an image] **********************************************************************************************************************************************************************************************************
fatal: [ac-mini-docker]: FAILED! => {"changed": false, "msg": "Error connecting: Error while fetching server API version: HTTPSConnectionPool(host='192.168.49.2', port=2376): Max retries exceeded with url: /version (Caused by SSLError(SSLError(1, '[SSL: TLSV13_ALERT_CERTIFICATE_REQUIRED] tlsv13 alert certificate required (_ssl.c:2578)')))"}

PLAY RECAP ***********************************************************************************************************************************************************************************************************************
ac-mini-docker             : ok=7    changed=2    unreachable=0    failed=1    skipped=3    rescued=0    ignored=0   
