aleksey@first:~/OtusTeam/IaC/general/argocd/mini/docker$ ansible-playbook docker_install.yml 

PLAY [Install Docker] ************************************************************************************************************************************************************************************************************************

TASK [Gathering Facts] ***********************************************************************************************************************************************************************************************************************
ok: [ac-mini-docker]

TASK [Update package list] *******************************************************************************************************************************************************************************************************************
changed: [ac-mini-docker]

TASK [Install required packages] *************************************************************************************************************************************************************************************************************
ok: [ac-mini-docker]

TASK [Create directory for Docker GPG key] ***************************************************************************************************************************************************************************************************
ok: [ac-mini-docker]

TASK [Check if Docker GPG key exists] ********************************************************************************************************************************************************************************************************
ok: [ac-mini-docker]

TASK [Download and dearmor Docker GPG key] ***************************************************************************************************************************************************************************************************
changed: [ac-mini-docker]

TASK [Add Docker repository to Apt sources] **************************************************************************************************************************************************************************************************
changed: [ac-mini-docker]

TASK [Update package list again] *************************************************************************************************************************************************************************************************************
changed: [ac-mini-docker]

TASK [Install Docker] ************************************************************************************************************************************************************************************************************************
changed: [ac-mini-docker]

TASK [Add user to docker group] **************************************************************************************************************************************************************************************************************
changed: [ac-mini-docker]

TASK [Verify user is in docker group] ********************************************************************************************************************************************************************************************************
changed: [ac-mini-docker]

PLAY RECAP ***********************************************************************************************************************************************************************************************************************************
ac-mini-docker             : ok=11   changed=7    unreachable=0    failed=0    skipped=0    rescued=0    ignored=0   

