aleksey@first:~/OtusTeam/IaC/general/argocd/mini/docker$ ansible-playbook k8s_info.yml 

PLAY [Print k8s services info] ***************************************************************************************************************************************************************************************************

TASK [Gathering Facts] ***********************************************************************************************************************************************************************************************************
ok: [ac-mini-docker]

TASK [Get Nginx deployment info] *************************************************************************************************************************************************************************************************
ok: [ac-mini-docker]

TASK [Print deployment info] *****************************************************************************************************************************************************************************************************
ok: [ac-mini-docker] => {
    "msg": [
        "NAME: balanced",
        "READY: 1/1",
        "UP-TO-DATE: 1",
        "AVAILABLE: 1",
        "AGE: 2024-09-08 14:17:57"
    ]
}

TASK [Get Nginx pod info] ********************************************************************************************************************************************************************************************************
ok: [ac-mini-docker]

TASK [Print pod information] *****************************************************************************************************************************************************************************************************
ok: [ac-mini-docker] => {
    "msg": [
        "NAME: balanced-84cc8c47b-f5lng",
        "READY: 1/1",
        "STATUS: Running",
        "RESTARTS: 7 (1d 4h 1m ago)",
        "AGE: 8d"
    ]
}

TASK [Get services info] *********************************************************************************************************************************************************************************************************
ok: [ac-mini-docker]

TASK [Print service information] *************************************************************************************************************************************************************************************************
ok: [ac-mini-docker] => {
    "msg": [
        "NAME: balanced",
        "TYPE: LoadBalancer",
        "CLUSTER-IP: 10.102.20.175",
        "EXTERNAL-IP: <pending>",
        "PORT(S): 8080:32502/TCP"
    ]
}

PLAY RECAP ***********************************************************************************************************************************************************************************************************************
ac-mini-docker             : ok=7    changed=0    unreachable=0    failed=0    
