aleksey@first:~/OtusTeam/IaC/general/argocd/mini/docker$ ansible-playbook nginx1.yml

PLAY [Deploy Nginx container] ****************************************************************************************************************************************************************************************************

TASK [Gathering Facts] ***********************************************************************************************************************************************************************************************************
ok: [ac-mini-docker]

TASK [Remove existing Nginx container] *******************************************************************************************************************************************************************************************
changed: [ac-mini-docker]

TASK [Run Nginx container] *******************************************************************************************************************************************************************************************************
changed: [ac-mini-docker]

TASK [Create index.html from template on remote host] ****************************************************************************************************************************************************************************
ok: [ac-mini-docker]

TASK [Copy nginx.conf to remote host] ********************************************************************************************************************************************************************************************
ok: [ac-mini-docker]

TASK [Copy index.html to Nginx container] ****************************************************************************************************************************************************************************************
changed: [ac-mini-docker]

TASK [Copy nginx.conf to Nginx container] ****************************************************************************************************************************************************************************************
changed: [ac-mini-docker]

TASK [Check Nginx] ***************************************************************************************************************************************************************************************************************
ok: [ac-mini-docker]

TASK [Print resul] ***************************************************************************************************************************************************************************************************************
ok: [ac-mini-docker] => {
    "msg": "<!DOCTYPE html>\n<html>\n<body>\n<h1>Hello</h1>\n<p>My IP address is: <script>document.write(\"<b>\" + window.location.hostname + \"</b>\");</script></p>\n<p>My name is: nginx1</p>\n</body>\n</html>\n"
}

PLAY RECAP ***********************************************************************************************************************************************************************************************************************
ac-mini-docker             : ok=9    changed=4    unreachable=0    failed=0    skipped=0    rescued=0    ignored=0   
