aleksey@first:~/OtusTeam/IaC/general/argocd/mini/docker$ ansible-playbook rebuild_nginx1.yml

PLAY [all] ***********************************************************************************************************************************************************************************************************************

TASK [Gathering Facts] ***********************************************************************************************************************************************************************************************************
ok: [ac-mini-docker]

TASK [Remove existing Nginx image] ***********************************************************************************************************************************************************************************************
changed: [ac-mini-docker]

TASK [Commit changes to Nginx container] *****************************************************************************************************************************************************************************************
changed: [ac-mini-docker]

TASK [Remove existing Nginx container] *******************************************************************************************************************************************************************************************
changed: [ac-mini-docker]

TASK [Run Nginx container] *******************************************************************************************************************************************************************************************************
changed: [ac-mini-docker]

TASK [Wait for Nginx to start] ***************************************************************************************************************************************************************************************************
ok: [ac-mini-docker]

TASK [Test Nginx container] ******************************************************************************************************************************************************************************************************
ok: [ac-mini-docker]

TASK [Print web server response] *************************************************************************************************************************************************************************************************
ok: [ac-mini-docker] => {
    "web_response.content": "<!DOCTYPE html>\n<html>\n<body>\n<h1>Hello</h1>\n<p>My IP address is: <script>document.write(\"<b>\" + window.location.hostname + \"</b>\");</script></p>\n<p>My name is: nginx1</p>\n</body>\n</html>\n"
}

PLAY RECAP ***********************************************************************************************************************************************************************************************************************
ac-mini-docker             : ok=8    changed=4    unreachable=0    failed=0    skipped=0    rescued=0    ignored=0   
