aleksey@first:~/OtusTeam/IaC/Intense2024/les02/adhoc_vs_playbook$ ./ans_playbook.sh 
++ ansible-playbook playbook.yaml

PLAY [Playbook] ******************************************************************************************************************************************************************************************************************************

TASK [Gathering Facts] ***********************************************************************************************************************************************************************************************************************
ok: [test]

TASK [Ping] **********************************************************************************************************************************************************************************************************************************
ok: [test]

TASK [File] **********************************************************************************************************************************************************************************************************************************
changed: [test]

TASK [Command ls] ****************************************************************************************************************************************************************************************************************************
changed: [test]

TASK [Print ls output] ***********************************************************************************************************************************************************************************************************************
ok: [test] => {
    "msg": "-rw-rw-r-- 1 yc-user yc-user 13 Aug  8 10:07 /tmp/test"
}

TASK [Template] ******************************************************************************************************************************************************************************************************************************
ok: [test]

TASK [Command cat] ***************************************************************************************************************************************************************************************************************************
changed: [test]

TASK [Print cat output] **********************************************************************************************************************************************************************************************************************
ok: [test] => {
    "msg": "Hello, John!"
}

TASK [Copy] **********************************************************************************************************************************************************************************************************************************
changed: [test]

TASK [Lineinfile] ****************************************************************************************************************************************************************************************************************************
changed: [test]

TASK [Command cat] ***************************************************************************************************************************************************************************************************************************
changed: [test]

TASK [Print cat output] **********************************************************************************************************************************************************************************************************************
ok: [test] => {
    "msg": "Hello World!"
}

TASK [Debug] *********************************************************************************************************************************************************************************************************************************
ok: [test] => {
    "msg": "Hello World!"
}

TASK [Git] ***********************************************************************************************************************************************************************************************************************************
ok: [test]

TASK [Command] *******************************************************************************************************************************************************************************************************************************
changed: [test]

TASK [Print ls output] ***********************************************************************************************************************************************************************************************************************
ok: [test] => {
    "msg": "total 80\ndrwxrwxrwt 17 root    root    4096 Aug  8 10:07 .\ndrwxr-xr-x 19 root    root    4096 Aug  7 09:08 ..\ndrwx------  2 yc-user yc-user 4096 Aug  8 10:07 ansible_ansible.legacy.command_payload_p7ty7w7c\ndrwx------  2 yc-user yc-user 4096 Aug  8 08:02 ansible_git_payload_sarl0zh5\ndrwxrwxrwt  2 root    root    4096 Aug  7 09:08 .font-unix\ndrwxrwxrwt  2 root    root    4096 Aug  7 09:08 .ICE-unix\ndrwxrwxr-x  5 yc-user yc-user 4096 Aug  8 08:14 repo\ndrwx------  3 root    root    4096 Aug  7 09:08 snap-private-tmp\ndrwx------  3 root    root    4096 Aug  8 05:52 systemd-private-b51ffbd644654082a1495dd897a44ed7-apache2.service-quJZxz\ndrwx------  3 root    root    4096 Aug  7 09:08 systemd-private-b51ffbd644654082a1495dd897a44ed7-ModemManager.service-7WL85I\ndrwx------  3 root    root    4096 Aug  7 09:08 systemd-private-b51ffbd644654082a1495dd897a44ed7-systemd-logind.service-4w8nsD\ndrwx------  3 root    root    4096 Aug  7 09:08 systemd-private-b51ffbd644654082a1495dd897a44ed7-systemd-resolved.service-vSGFQS\ndrwx------  3 root    root    4096 Aug  7 09:08 systemd-private-b51ffbd644654082a1495dd897a44ed7-systemd-timesyncd.service-vEe2GF\ndrwx------  3 root    root    4096 Aug  7 10:19 systemd-private-b51ffbd644654082a1495dd897a44ed7-upower.service-EtxaHz\n-rw-rw-r--  1 yc-user yc-user   13 Aug  8 10:07 test\n-rw-r--r--  1 yc-user yc-user   14 Aug  8 08:22 test1\n-rw-r--r--  1 yc-user yc-user   13 Aug  8 10:07 test2\ndrwxrwxrwt  2 root    root    4096 Aug  7 09:08 .Test-unix\ndrwxrwxrwt  2 root    root    4096 Aug  7 09:08 .X11-unix\ndrwxrwxrwt  2 root    root    4096 Aug  7 09:08 .XIM-unix"
}

TASK [Apt] ***********************************************************************************************************************************************************************************************************************************
ok: [test]

TASK [Service] *******************************************************************************************************************************************************************************************************************************
ok: [test]

TASK [Print service status] ******************************************************************************************************************************************************************************************************************
ok: [test] => {
    "msg": "changed: False, failed: False, name: apache2, state: started"
}

PLAY RECAP ***********************************************************************************************************************************************************************************************************************************
test                       : ok=19   changed=7    unreachable=0    failed=0    skipped=0    rescued=0    ignored=0   

