aleksey@first:~/OtusTeam/IaC/general/yc_serverless_container/create_registry$ tf apply
yandex_container_registry.my-reg: Refreshing state... [id=crpgqba9ldgbfg8ad8j0]

Terraform used the selected providers to generate the following execution plan. Resource actions are indicated with the following symbols:
  + create

Terraform will perform the following actions:

  # yandex_iam_service_account.images_puller will be created
  + resource "yandex_iam_service_account" "images_puller" {
      + created_at  = (known after apply)
      + description = "pull images from registry"
      + folder_id   = (known after apply)
      + id          = (known after apply)
      + name        = "images-puller"
    }

  # yandex_resourcemanager_folder_iam_member.admin-account-iam will be created
  + resource "yandex_resourcemanager_folder_iam_member" "admin-account-iam" {
      + folder_id = "b1gmesrdjgklgkvcp704"
      + id        = (known after apply)
      + member    = (known after apply)
      + role      = "container-registry.images.puller"
    }

Plan: 2 to add, 0 to change, 0 to destroy.

Do you want to perform these actions?
  Terraform will perform the actions described above.
  Only 'yes' will be accepted to approve.

  Enter a value: yes

yandex_iam_service_account.images_puller: Creating...
yandex_iam_service_account.images_puller: Creation complete after 2s [id=ajeps61531r8losd5k2d]
yandex_resourcemanager_folder_iam_member.admin-account-iam: Creating...
yandex_resourcemanager_folder_iam_member.admin-account-iam: Creation complete after 3s [id=b1gmesrdjgklgkvcp704/container-registry.images.puller/serviceAccount:ajeps61531r8losd5k2d]

Apply complete! Resources: 2 added, 0 changed, 0 destroyed.

