za@za-Vivobook-ASUSLaptop-M3504YA-M3504YA:~/Documents/IaC/2git/les25/yc_s3$ ./init.sh 
Unable to symlink '/usr/bin/python3' to '/home/za/Documents/IaC/2git/les25/yc_s3/.venv/bin/python3'
Requirement already satisfied: pulumi<4.0.0,>=3.0.0 in /home/za/Documents/IaC/2git/les25/yc_infra/.venv/lib/python3.10/site-packages (from -r requirements.txt (line 1)) (3.219.0)
Requirement already satisfied: pulumi-yandex>=0.13.0 in /home/za/Documents/IaC/2git/les25/yc_infra/.venv/lib/python3.10/site-packages (from -r requirements.txt (line 2)) (0.13.0)
Requirement already satisfied: setuptools>=80.1.0 in /home/za/Documents/IaC/2git/les25/yc_infra/.venv/lib/python3.10/site-packages (from -r requirements.txt (line 3)) (80.10.2)
Collecting requests<3.0.0,>=2.32.5 (from -r requirements.txt (line 4))
  Downloading requests-2.32.5-py3-none-any.whl.metadata (4.9 kB)
Requirement already satisfied: debugpy~=1.8.7 in /home/za/Documents/IaC/2git/les25/yc_infra/.venv/lib/python3.10/site-packages (from pulumi<4.0.0,>=3.0.0->-r requirements.txt (line 1)) (1.8.20)
Requirement already satisfied: dill~=0.4 in /home/za/Documents/IaC/2git/les25/yc_infra/.venv/lib/python3.10/site-packages (from pulumi<4.0.0,>=3.0.0->-r requirements.txt (line 1)) (0.4.1)
Requirement already satisfied: grpcio<2,>=1.68.1 in /home/za/Documents/IaC/2git/les25/yc_infra/.venv/lib/python3.10/site-packages (from pulumi<4.0.0,>=3.0.0->-r requirements.txt (line 1)) (1.76.0)
Requirement already satisfied: pip>=24.3.1 in /home/za/Documents/IaC/2git/les25/yc_infra/.venv/lib/python3.10/site-packages (from pulumi<4.0.0,>=3.0.0->-r requirements.txt (line 1)) (26.0.1)
Requirement already satisfied: protobuf<7,>=3.20.3 in /home/za/Documents/IaC/2git/les25/yc_infra/.venv/lib/python3.10/site-packages (from pulumi<4.0.0,>=3.0.0->-r requirements.txt (line 1)) (6.33.5)
Requirement already satisfied: pyyaml~=6.0 in /home/za/Documents/IaC/2git/les25/yc_infra/.venv/lib/python3.10/site-packages (from pulumi<4.0.0,>=3.0.0->-r requirements.txt (line 1)) (6.0.3)
Requirement already satisfied: semver~=3.0 in /home/za/Documents/IaC/2git/les25/yc_infra/.venv/lib/python3.10/site-packages (from pulumi<4.0.0,>=3.0.0->-r requirements.txt (line 1)) (3.0.4)
Collecting charset_normalizer<4,>=2 (from requests<3.0.0,>=2.32.5->-r requirements.txt (line 4))
  Downloading charset_normalizer-3.4.4-cp310-cp310-manylinux2014_x86_64.manylinux_2_17_x86_64.manylinux_2_28_x86_64.whl.metadata (37 kB)
Collecting idna<4,>=2.5 (from requests<3.0.0,>=2.32.5->-r requirements.txt (line 4))
  Downloading idna-3.11-py3-none-any.whl.metadata (8.4 kB)
Collecting urllib3<3,>=1.21.1 (from requests<3.0.0,>=2.32.5->-r requirements.txt (line 4))
  Downloading urllib3-2.6.3-py3-none-any.whl.metadata (6.9 kB)
Collecting certifi>=2017.4.17 (from requests<3.0.0,>=2.32.5->-r requirements.txt (line 4))
  Downloading certifi-2026.1.4-py3-none-any.whl.metadata (2.5 kB)
Requirement already satisfied: typing-extensions~=4.12 in /home/za/Documents/IaC/2git/les25/yc_infra/.venv/lib/python3.10/site-packages (from grpcio<2,>=1.68.1->pulumi<4.0.0,>=3.0.0->-r requirements.txt (line 1)) (4.15.0)
Requirement already satisfied: parver>=0.2.1 in /home/za/Documents/IaC/2git/les25/yc_infra/.venv/lib/python3.10/site-packages (from pulumi-yandex>=0.13.0->-r requirements.txt (line 2)) (0.5)
Requirement already satisfied: arpeggio>=1.7 in /home/za/Documents/IaC/2git/les25/yc_infra/.venv/lib/python3.10/site-packages (from parver>=0.2.1->pulumi-yandex>=0.13.0->-r requirements.txt (line 2)) (2.0.3)
Requirement already satisfied: attrs>=19.2 in /home/za/Documents/IaC/2git/les25/yc_infra/.venv/lib/python3.10/site-packages (from parver>=0.2.1->pulumi-yandex>=0.13.0->-r requirements.txt (line 2)) (25.4.0)
Downloading requests-2.32.5-py3-none-any.whl (64 kB)
Downloading charset_normalizer-3.4.4-cp310-cp310-manylinux2014_x86_64.manylinux_2_17_x86_64.manylinux_2_28_x86_64.whl (153 kB)
Downloading idna-3.11-py3-none-any.whl (71 kB)
Downloading urllib3-2.6.3-py3-none-any.whl (131 kB)
Downloading certifi-2026.1.4-py3-none-any.whl (152 kB)
Installing collected packages: urllib3, idna, charset_normalizer, certifi, requests
Successfully installed certifi-2026.1.4 charset_normalizer-3.4.4 idna-3.11 requests-2.32.5 urllib3-2.6.3
