aleksey@first:~/siem/siem/ol/sc$ ./create_vm.sh 
done (31s)
id: fhmohq2gm8sut2ai9n2k
folder_id: b1gmesrdjgklgkvcp704
created_at: "2024-04-16T05:41:33Z"
name: sc
zone_id: ru-central1-a
platform_id: standard-v2
resources:
  memory: "8589934592"
  cores: "2"
  core_fraction: "100"
status: RUNNING
metadata_options:
  gce_http_endpoint: ENABLED
  aws_v1_http_endpoint: ENABLED
  gce_http_token: ENABLED
  aws_v1_http_token: DISABLED
boot_disk:
  mode: READ_WRITE
  device_name: fhmffhr28vflu4ogrphb
  auto_delete: true
  disk_id: fhmffhr28vflu4ogrphb
network_interfaces:
  - index: "0"
    mac_address: d0:0d:18:8e:85:0b
    subnet_id: e9bop98iu12teftg4uj8
    primary_v4_address:
      address: 10.128.0.16
      one_to_one_nat:
        address: 84.201.134.248
        ip_version: IPV4
serial_port_settings:
  ssh_authorization: INSTANCE_METADATA
gpu_settings: {}
fqdn: sc.ru-central1.internal
scheduling_policy: {}
network_settings:
  type: STANDARD
placement_policy: {}
