aleksey@first:~/OtusTeam/IaC/Intense2024/les03/vault/encrypt_string$ ./run.sh 
+++ ansible-vault encrypt_string --vault-password-file ignore/password_file admin
++ echo 'secret_username: !vault |
          $ANSIBLE_VAULT;1.1;AES256
          65393035653031363164326337313135626437633966383061323131393633383939316162613261
          3562393035623533356436613263666565373637663435620a396130333330653530306237626532
          34333531616665306565663330666335326638623538633231643562303135613764393139613039
          3030613366393163630a656364396333616566366630316665313930363263646363633333653964
          6131'
+++ ansible-vault encrypt_string --vault-password-file ignore/password_file very_secure_password
++ echo 'secret_password: !vault |
          $ANSIBLE_VAULT;1.1;AES256
          61366132656332376130393430373264653733616561396532396431303134636163376166313633
          6363623635316632633463626361353130303335303966640a346433393865653462343465396565
          66303138386634376139393033303737323562616237386465386535363061396566396461656166
          3135666364396263300a356663626638633061353635306536303532356538306130393137306364
          37383638656266646331666134643630656332383136633337616133343034383834'
++ cat secrets.yml
secret_username: !vault |
          $ANSIBLE_VAULT;1.1;AES256
          65393035653031363164326337313135626437633966383061323131393633383939316162613261
          3562393035623533356436613263666565373637663435620a396130333330653530306237626532
          34333531616665306565663330666335326638623538633231643562303135613764393139613039
          3030613366393163630a656364396333616566366630316665313930363263646363633333653964
          6131
secret_password: !vault |
          $ANSIBLE_VAULT;1.1;AES256
          61366132656332376130393430373264653733616561396532396431303134636163376166313633
          6363623635316632633463626361353130303335303966640a346433393865653462343465396565
          66303138386634376139393033303737323562616237386465386535363061396566396461656166
          3135666364396263300a356663626638633061353635306536303532356538306130393137306364
          37383638656266646331666134643630656332383136633337616133343034383834
++ read -n 1 -s -r -p 'press any key to continue...'
press any key to continue...++ echo ''

++ ansible-playbook vault_demo.yml --vault-password-file ignore/password_file
[WARNING]: No inventory was parsed, only implicit localhost is available
[WARNING]: provided hosts list is empty, only localhost is available. Note that the implicit localhost does not match 'all'

PLAY [Ansible Vault Demo] ********************************************************************************************************************************************************************************************************************

TASK [Gathering Facts] ***********************************************************************************************************************************************************************************************************************
ok: [localhost]

TASK [Display secret username (for demo purposes only)] **************************************************************************************************************************************************************************************
ok: [localhost] => {
    "msg": "The secret username is: admin"
}

TASK [Create a file with secret content] *****************************************************************************************************************************************************************************************************
ok: [localhost]

TASK [Simulate using password (DO NOT display passwords in production)] **********************************************************************************************************************************************************************
ok: [localhost] => {
    "msg": "Connection established using password (Length: 20)"
}

TASK [Show contents of the created file] *****************************************************************************************************************************************************************************************************
changed: [localhost]

TASK [Display file contents] *****************************************************************************************************************************************************************************************************************
ok: [localhost] => {
    "file_contents.stdout": "This file was created by admin"
}

PLAY RECAP ***********************************************************************************************************************************************************************************************************************************
localhost                  : ok=6    changed=1    unreachable=0    failed=0    skipped=0    rescued=0    ignored=0   

