aleksey@first:~/OtusTeam/IaC/Intense2024/les03/vault/multiple$ ./run.sh 
++ echo 'ansible_host: 127.0.0.1'
+++ ansible-vault encrypt_string --vault-id brain@prompt admin
New vault password (brain): 
Confirm new vault password (brain): 
++ echo 'ansible_user: !vault |
          $ANSIBLE_VAULT;1.2;AES256;brain
          39306638336630646333393731353064383439336630623534633836643666653035613161336632
          3764336531323363303136373265643831313062303466640a353536383735616565613834383637
          38323364333531326236623531653639636338386164346534353532333739383461633365326263
          6432313538336133380a663766663563306263663930633139613830656330623163643636336230
          3031'
+++ ansible-vault encrypt_string --vault-id file@ignore/password_file very_secure_password
++ echo 'ansible_password: !vault |
          $ANSIBLE_VAULT;1.2;AES256;file
          65626665643131373131633834343130393534353334646361626563316337396661633832343538
          3533383331326630373033343161653431623830353636650a363037326531323633376435373536
          34353935306439386436343032363665353939373833626432636363343736343362613736343165
          3339313763353935300a303862636439663332373763653230663638303230353465393232363736
          63366631653062373139303433623462306130613237343538396132626435323530'
++ cat host_vars/myhost.yml
ansible_host: 127.0.0.1
ansible_user: !vault |
          $ANSIBLE_VAULT;1.2;AES256;brain
          39306638336630646333393731353064383439336630623534633836643666653035613161336632
          3764336531323363303136373265643831313062303466640a353536383735616565613834383637
          38323364333531326236623531653639636338386164346534353532333739383461633365326263
          6432313538336133380a663766663563306263663930633139613830656330623163643636336230
          3031
ansible_password: !vault |
          $ANSIBLE_VAULT;1.2;AES256;file
          65626665643131373131633834343130393534353334646361626563316337396661633832343538
          3533383331326630373033343161653431623830353636650a363037326531323633376435373536
          34353935306439386436343032363665353939373833626432636363343736343362613736343165
          3339313763353935300a303862636439663332373763653230663638303230353465393232363736
          63366631653062373139303433623462306130613237343538396132626435323530
++ read -n 1 -s -r -p 'press any key to continue...'
press any key to continue...++ echo ''

++ ansible-inventory -i myhost.yml --list -y
all:
  children:
    mygroup:
      hosts:
        myhost:
          ansible_host: 127.0.0.1
          ansible_password: !vault |
            $ANSIBLE_VAULT;1.2;AES256;file
            65626665643131373131633834343130393534353334646361626563316337396661633832343538
            3533383331326630373033343161653431623830353636650a363037326531323633376435373536
            34353935306439386436343032363665353939373833626432636363343736343362613736343165
            3339313763353935300a303862636439663332373763653230663638303230353465393232363736
            63366631653062373139303433623462306130613237343538396132626435323530
          ansible_user: !vault |
            $ANSIBLE_VAULT;1.2;AES256;brain
            39306638336630646333393731353064383439336630623534633836643666653035613161336632
            3764336531323363303136373265643831313062303466640a353536383735616565613834383637
            38323364333531326236623531653639636338386164346534353532333739383461633365326263
            6432313538336133380a663766663563306263663930633139613830656330623163643636336230
            3031
++ read -n 1 -s -r -p 'press any key to continue...'
press any key to continue...++ echo ''

++ ansible-playbook -i myhost.yml host_vars_print.yml --vault-id brain@prompt --vault-id file@ignore/password_file
Vault password (brain): 

PLAY [Print ansible_user and ansible_password length] ****************************************************************************************************************************************************************************************

TASK [Print ansible_user and ansible_password length] ****************************************************************************************************************************************************************************************
ok: [myhost] => {
    "msg": "ansible_user: admin | ansible_password length: 20"
}

PLAY RECAP ***********************************************************************************************************************************************************************************************************************************
myhost                     : ok=1    changed=0    unreachable=0    failed=0    skipped=0    rescued=0    ignored=0   

