aleksey@first:~/siem/siem/ol$ ./yc_audit-trails_trail_create.sh
done (1s)
id: cnpj1fev92kmfcult80h
folder_id: b1gmesrdjgklgkvcp704
created_at: "2024-04-09T16:47:37.025Z"
updated_at: "2024-04-09T16:47:37.025Z"
name: otus-audit-trail
description: otus audit trail
destination:
  object_storage:
    bucket_id: otus-audit-log
    object_prefix: someprefix
service_account_id: aje5vjc1nssela771tiq
status: ACTIVE
filter:
  path_filter:
    root:
      some_filter:
        resource:
          id: bpfrtqbajbhpm5j05tkl
          type: organization-manager.organization
        filters:
          - any_filter:
              resource:
                id: b1glq0cg9jigrj5lcp63
                type: resource-manager.cloud
  event_filter: {}
cloud_id: b1glq0cg9jigrj5lcp63

