aleksey@first:~/OtusTeam/IaC/Intense2024/les04/bsa/templ$ tf destroy
yandex_vpc_network.my_net: Refreshing state... [id=enpo02t6ogcai1ln3v8e]
yandex_vpc_subnet.my_sub["les04-sub1"]: Refreshing state... [id=e2lin3fpj9n629o1b81h]
yandex_vpc_subnet.my_sub["les04-sub2"]: Refreshing state... [id=e9b2mkm9etkpnhmidqju]
yandex_compute_instance.my_vm["les04-host2"]: Refreshing state... [id=fhmc9g6hl7024tlmr0br]
yandex_compute_instance.my_vm["les04-host1"]: Refreshing state... [id=epdflvvh3o45bbchplgh]
yandex_lb_target_group.web-servers: Refreshing state... [id=enp5aonam34da324sqma]
yandex_lb_network_load_balancer.my_lb: Refreshing state... [id=enp39bdujhugkcuea2pi]

Terraform used the selected providers to generate the following execution plan. Resource actions are indicated with the following
symbols:
  - destroy

Terraform will perform the following actions:

  # yandex_compute_instance.my_vm["les04-host1"] will be destroyed
  - resource "yandex_compute_instance" "my_vm" {
      - created_at                = "2024-08-15T17:51:11Z" -> null
      - folder_id                 = "b1gmesrdjgklgkvcp704" -> null
      - fqdn                      = "epdflvvh3o45bbchplgh.auto.internal" -> null
      - id                        = "epdflvvh3o45bbchplgh" -> null
      - labels                    = {
          - "group" = "webservers"
        } -> null
      - metadata                  = {
          - "ssh-keys" = (sensitive value)
        } -> null
      - name                      = "les04-host1" -> null
      - network_acceleration_type = "standard" -> null
      - platform_id               = "standard-v2" -> null
      - status                    = "running" -> null
      - zone                      = "ru-central1-b" -> null
        # (5 unchanged attributes hidden)

      - boot_disk {
          - auto_delete = true -> null
          - device_name = "epdajsv7d6qpspk05513" -> null
          - disk_id     = "epdajsv7d6qpspk05513" -> null
          - mode        = "READ_WRITE" -> null

          - initialize_params {
              - block_size  = 4096 -> null
              - image_id    = "fd8pecdhv50nec1qf9im" -> null
                name        = null
              - size        = 50 -> null
              - type        = "network-hdd" -> null
                # (2 unchanged attributes hidden)
            }
        }

      - metadata_options {
          - aws_v1_http_endpoint = 1 -> null
          - aws_v1_http_token    = 2 -> null
          - gce_http_endpoint    = 1 -> null
          - gce_http_token       = 1 -> null
        }

      - network_interface {
          - index              = 0 -> null
          - ip_address         = "10.10.0.24" -> null
          - ipv4               = true -> null
          - ipv6               = false -> null
          - mac_address        = "d0:0d:fa:ff:f1:1e" -> null
          - nat                = true -> null
          - nat_ip_address     = "51.250.26.55" -> null
          - nat_ip_version     = "IPV4" -> null
          - security_group_ids = [] -> null
          - subnet_id          = "e2lin3fpj9n629o1b81h" -> null
            # (1 unchanged attribute hidden)
        }

      - placement_policy {
          - host_affinity_rules       = [] -> null
          - placement_group_partition = 0 -> null
            # (1 unchanged attribute hidden)
        }

      - resources {
          - core_fraction = 20 -> null
          - cores         = 2 -> null
          - gpus          = 0 -> null
          - memory        = 4 -> null
        }

      - scheduling_policy {
          - preemptible = true -> null
        }
    }

  # yandex_compute_instance.my_vm["les04-host2"] will be destroyed
  - resource "yandex_compute_instance" "my_vm" {
      - created_at                = "2024-08-15T17:51:11Z" -> null
      - folder_id                 = "b1gmesrdjgklgkvcp704" -> null
      - fqdn                      = "fhmc9g6hl7024tlmr0br.auto.internal" -> null
      - id                        = "fhmc9g6hl7024tlmr0br" -> null
      - labels                    = {
          - "group" = "webservers"
        } -> null
      - metadata                  = {
          - "ssh-keys" = (sensitive value)
        } -> null
      - name                      = "les04-host2" -> null
      - network_acceleration_type = "standard" -> null
      - platform_id               = "standard-v2" -> null
      - status                    = "running" -> null
      - zone                      = "ru-central1-a" -> null
        # (5 unchanged attributes hidden)

      - boot_disk {
          - auto_delete = true -> null
          - device_name = "fhmqq2sufq3hkk4je0au" -> null
          - disk_id     = "fhmqq2sufq3hkk4je0au" -> null
          - mode        = "READ_WRITE" -> null

          - initialize_params {
              - block_size  = 4096 -> null
              - image_id    = "fd8pecdhv50nec1qf9im" -> null
                name        = null
              - size        = 50 -> null
              - type        = "network-hdd" -> null
                # (2 unchanged attributes hidden)
            }
        }

      - metadata_options {
          - aws_v1_http_endpoint = 1 -> null
          - aws_v1_http_token    = 2 -> null
          - gce_http_endpoint    = 1 -> null
          - gce_http_token       = 1 -> null
        }

      - network_interface {
          - index              = 0 -> null
          - ip_address         = "10.20.0.19" -> null
          - ipv4               = true -> null
          - ipv6               = false -> null
          - mac_address        = "d0:0d:c4:c0:d1:a9" -> null
          - nat                = true -> null
          - nat_ip_address     = "89.169.150.164" -> null
          - nat_ip_version     = "IPV4" -> null
          - security_group_ids = [] -> null
          - subnet_id          = "e9b2mkm9etkpnhmidqju" -> null
            # (1 unchanged attribute hidden)
        }

      - placement_policy {
          - host_affinity_rules       = [] -> null
          - placement_group_partition = 0 -> null
            # (1 unchanged attribute hidden)
        }

      - resources {
          - core_fraction = 20 -> null
          - cores         = 2 -> null
          - gpus          = 0 -> null
          - memory        = 4 -> null
        }

      - scheduling_policy {
          - preemptible = true -> null
        }
    }

  # yandex_lb_network_load_balancer.my_lb will be destroyed
  - resource "yandex_lb_network_load_balancer" "my_lb" {
      - created_at          = "2024-08-15T17:51:59Z" -> null
      - deletion_protection = false -> null
      - folder_id           = "b1gmesrdjgklgkvcp704" -> null
      - id                  = "enp39bdujhugkcuea2pi" -> null
      - labels              = {} -> null
      - name                = "les04-test" -> null
      - region_id           = "ru-central1" -> null
      - type                = "external" -> null
        # (1 unchanged attribute hidden)

      - attached_target_group {
          - target_group_id = "enp5aonam34da324sqma" -> null

          - healthcheck {
              - healthy_threshold   = 2 -> null
              - interval            = 2 -> null
              - name                = "http" -> null
              - timeout             = 1 -> null
              - unhealthy_threshold = 2 -> null

              - http_options {
                  - path = "/" -> null
                  - port = 80 -> null
                }
            }
        }

      - listener {
          - name        = "les04-listener" -> null
          - port        = 80 -> null
          - protocol    = "tcp" -> null
          - target_port = 80 -> null

          - external_address_spec {
              - address    = "51.250.33.210" -> null
              - ip_version = "ipv4" -> null
            }
        }
    }

  # yandex_lb_target_group.web-servers will be destroyed
  - resource "yandex_lb_target_group" "web-servers" {
      - created_at  = "2024-08-15T17:51:57Z" -> null
      - folder_id   = "b1gmesrdjgklgkvcp704" -> null
      - id          = "enp5aonam34da324sqma" -> null
      - labels      = {} -> null
      - name        = "les04-web-servers-target-group" -> null
      - region_id   = "ru-central1" -> null
        # (1 unchanged attribute hidden)

      - target {
          - address   = "10.10.0.24" -> null
          - subnet_id = "e2lin3fpj9n629o1b81h" -> null
        }
      - target {
          - address   = "10.20.0.19" -> null
          - subnet_id = "e9b2mkm9etkpnhmidqju" -> null
        }
    }

  # yandex_vpc_network.my_net will be destroyed
  - resource "yandex_vpc_network" "my_net" {
      - created_at                = "2024-08-15T17:51:07Z" -> null
      - default_security_group_id = "enpei01ufosr23btn542" -> null
      - folder_id                 = "b1gmesrdjgklgkvcp704" -> null
      - id                        = "enpo02t6ogcai1ln3v8e" -> null
      - labels                    = {} -> null
      - name                      = "les04-net" -> null
      - subnet_ids                = [
          - "e2lin3fpj9n629o1b81h",
          - "e9b2mkm9etkpnhmidqju",
        ] -> null
        # (1 unchanged attribute hidden)
    }

  # yandex_vpc_subnet.my_sub["les04-sub1"] will be destroyed
  - resource "yandex_vpc_subnet" "my_sub" {
      - created_at     = "2024-08-15T17:51:09Z" -> null
      - folder_id      = "b1gmesrdjgklgkvcp704" -> null
      - id             = "e2lin3fpj9n629o1b81h" -> null
      - labels         = {} -> null
      - name           = "les04-sub1" -> null
      - network_id     = "enpo02t6ogcai1ln3v8e" -> null
      - v4_cidr_blocks = [
          - "10.10.0.0/16",
        ] -> null
      - v6_cidr_blocks = [] -> null
      - zone           = "ru-central1-b" -> null
        # (2 unchanged attributes hidden)
    }

  # yandex_vpc_subnet.my_sub["les04-sub2"] will be destroyed
  - resource "yandex_vpc_subnet" "my_sub" {
      - created_at     = "2024-08-15T17:51:10Z" -> null
      - folder_id      = "b1gmesrdjgklgkvcp704" -> null
      - id             = "e9b2mkm9etkpnhmidqju" -> null
      - labels         = {} -> null
      - name           = "les04-sub2" -> null
      - network_id     = "enpo02t6ogcai1ln3v8e" -> null
      - v4_cidr_blocks = [
          - "10.20.0.0/16",
        ] -> null
      - v6_cidr_blocks = [] -> null
      - zone           = "ru-central1-a" -> null
        # (2 unchanged attributes hidden)
    }

Plan: 0 to add, 0 to change, 7 to destroy.

Changes to Outputs:
  - lb_ip_address = "51.250.33.210" -> null

Do you really want to destroy all resources?
  Terraform will destroy all your managed infrastructure, as shown above.
  There is no undo. Only 'yes' will be accepted to confirm.

  Enter a value: yes

yandex_lb_network_load_balancer.my_lb: Destroying... [id=enp39bdujhugkcuea2pi]
yandex_lb_network_load_balancer.my_lb: Destruction complete after 2s
yandex_lb_target_group.web-servers: Destroying... [id=enp5aonam34da324sqma]
yandex_lb_target_group.web-servers: Destruction complete after 2s
yandex_compute_instance.my_vm["les04-host1"]: Destroying... [id=epdflvvh3o45bbchplgh]
yandex_compute_instance.my_vm["les04-host2"]: Destroying... [id=fhmc9g6hl7024tlmr0br]
yandex_compute_instance.my_vm["les04-host2"]: Still destroying... [id=fhmc9g6hl7024tlmr0br, 10s elapsed]
yandex_compute_instance.my_vm["les04-host1"]: Still destroying... [id=epdflvvh3o45bbchplgh, 10s elapsed]
yandex_compute_instance.my_vm["les04-host1"]: Still destroying... [id=epdflvvh3o45bbchplgh, 20s elapsed]
yandex_compute_instance.my_vm["les04-host2"]: Still destroying... [id=fhmc9g6hl7024tlmr0br, 20s elapsed]
yandex_compute_instance.my_vm["les04-host2"]: Still destroying... [id=fhmc9g6hl7024tlmr0br, 30s elapsed]
yandex_compute_instance.my_vm["les04-host1"]: Still destroying... [id=epdflvvh3o45bbchplgh, 30s elapsed]
yandex_compute_instance.my_vm["les04-host1"]: Still destroying... [id=epdflvvh3o45bbchplgh, 40s elapsed]
yandex_compute_instance.my_vm["les04-host2"]: Still destroying... [id=fhmc9g6hl7024tlmr0br, 40s elapsed]
yandex_compute_instance.my_vm["les04-host2"]: Still destroying... [id=fhmc9g6hl7024tlmr0br, 50s elapsed]
yandex_compute_instance.my_vm["les04-host1"]: Still destroying... [id=epdflvvh3o45bbchplgh, 50s elapsed]
yandex_compute_instance.my_vm["les04-host2"]: Destruction complete after 57s
yandex_compute_instance.my_vm["les04-host1"]: Still destroying... [id=epdflvvh3o45bbchplgh, 1m0s elapsed]
yandex_compute_instance.my_vm["les04-host1"]: Destruction complete after 1m1s
yandex_vpc_subnet.my_sub["les04-sub2"]: Destroying... [id=e9b2mkm9etkpnhmidqju]
yandex_vpc_subnet.my_sub["les04-sub1"]: Destroying... [id=e2lin3fpj9n629o1b81h]
yandex_vpc_subnet.my_sub["les04-sub2"]: Destruction complete after 1s
yandex_vpc_subnet.my_sub["les04-sub1"]: Destruction complete after 4s
yandex_vpc_network.my_net: Destroying... [id=enpo02t6ogcai1ln3v8e]
yandex_vpc_network.my_net: Destruction complete after 0s

Destroy complete! Resources: 7 destroyed.
