za@za-Vivobook-ASUSLaptop-M3504YA-M3504YA:~/Documents/IaC/2git/les25/yc/infra_drift_yaml$ ./run.sh 
Enter Pulumi passphrase: 
Created stack 'dev'
++ pulumi config set yandex:cloudId b1glq0cg9jigrj5lcp63
++ pulumi config set yandex:folderId b1glf35jjq6imk8i8k4m
++ pulumi config set yandex:zone ru-central1-a
++ pulumi config set cidr 192.168.25.0/25
++ pulumi config set username ubuntu
++ pulumi config set imageId fd85r147n5huljgijb47
++ pulumi config set prefix les25
++ pulumi config
KEY              VALUE
yandex:cloudId   b1glq0cg9jigrj5lcp63
yandex:folderId  b1glf35jjq6imk8i8k4m
yandex:token     [secret]
yandex:zone      ru-central1-a
cidr             192.168.25.0/25
imageId          fd85r147n5huljgijb47
prefix           les25
pub              [secret]
username         ubuntu
++ pulumi up -y
Previewing update (dev):
     Type                             Name                Plan       
 +   pulumi:pulumi:Stack              yc-infra-drift-dev  create     
 +   ├─ yandex:index:VpcSubnet        subnet              create     
 +   ├─ yandex:index:ComputeInstance  instance            create     
 +   └─ yandex:index:VpcNetwork       network             create     

Outputs:
    instance_id    : [unknown]
    instance_name  : "les25-instance-drift"
    instance_nat_ip: [unknown]
    network_id     : [unknown]
    network_name   : "les25-network-drift"
    subnet_id      : [unknown]
    subnet_name    : "les25-subnet-drift"

Resources:
    + 4 to create

Updating (dev):
     Type                             Name                Status              
 +   pulumi:pulumi:Stack              yc-infra-drift-dev  created (47s)       
 +   ├─ yandex:index:VpcNetwork       network             created (3s)        
 +   ├─ yandex:index:VpcSubnet        subnet              created (0.44s)     
 +   └─ yandex:index:ComputeInstance  instance            created (43s)       

Outputs:
    instance_id    : "fhmgfhf76autorfiuc5o"
    instance_name  : "les25-instance-drift"
    instance_nat_ip: "93.77.185.16"
    network_id     : "enplqbg383785qun9u63"
    network_name   : "les25-network-drift"
    subnet_id      : "e9bqhiocqh5vueql428a"
    subnet_name    : "les25-subnet-drift"

Resources:
    + 4 created

Duration: 48s

++ pulumi stack output
Current stack outputs (7):
    OUTPUT           VALUE
    instance_id      fhmgfhf76autorfiuc5o
    instance_name    les25-instance-drift
    instance_nat_ip  93.77.185.16
    network_id       enplqbg383785qun9u63
    network_name     les25-network-drift
    subnet_id        e9bqhiocqh5vueql428a
    subnet_name      les25-subnet-drift
+++ pulumi stack output subnet_name
++ export SAVED_NAME=les25-subnet-drift
++ SAVED_NAME=les25-subnet-drift
++ read -p 'make drift (for example: update subnet name) and press any key to detect and smooth the drift ...'
make drift (for example: update subnet name) and press any key to detect and smooth the drift ...
++ pulumi refresh --diff
Previewing refresh (dev):
  pulumi:pulumi:Stack: (same)
    [urn=urn:pulumi:dev::yc-infra-drift::pulumi:pulumi:Stack::yc-infra-drift-dev]
    ~ yandex:index/vpcSubnet:VpcSubnet: (update)
        [id=e9bqhiocqh5vueql428a]
        [urn=urn:pulumi:dev::yc-infra-drift::yandex:index/vpcSubnet:VpcSubnet::subnet]
      ~ name: "les25-subnet-drift" => "les25-subnet-drift-bla-bla-bla"
Resources:              
    ~ 1 to update
    3 unchanged
Do you want to perform this refresh?
No resources will be modified as part of this refresh; just your stack's state will be.
 yes
Refreshing (dev):
  pulumi:pulumi:Stack: (same)
    [urn=urn:pulumi:dev::yc-infra-drift::pulumi:pulumi:Stack::yc-infra-drift-dev]
    --outputs:--
    instance_id    : "fhmgfhf76autorfiuc5o"
    instance_name  : "les25-instance-drift"
    instance_nat_ip: "93.77.185.16"
    network_id     : "enplqbg383785qun9u63"
    network_name   : "les25-network-drift"
    subnet_id      : "e9bqhiocqh5vueql428a"
    subnet_name    : "les25-subnet-drift"
    ~ yandex:index/vpcSubnet:VpcSubnet: (update)
        [id=e9bqhiocqh5vueql428a]
        [urn=urn:pulumi:dev::yc-infra-drift::yandex:index/vpcSubnet:VpcSubnet::subnet]
      ~ name: "les25-subnet-drift" => "les25-subnet-drift-bla-bla-bla"
Resources:      
    ~ 1 updated
    3 unchanged

Duration: 1s
++ read -p 'press any key to destroy and remove stack ...'
press any key to destroy and remove stack ...
++ pulumi destroy -y
Previewing destroy (dev):
     Type                             Name                Plan       
 -   pulumi:pulumi:Stack              yc-infra-drift-dev  delete     
 -   ├─ yandex:index:ComputeInstance  instance            delete     
 -   ├─ yandex:index:VpcSubnet        subnet              delete     
 -   └─ yandex:index:VpcNetwork       network             delete     

Outputs:
  - instance_id    : "fhmgfhf76autorfiuc5o"
  - instance_name  : "les25-instance-drift"
  - instance_nat_ip: "93.77.185.16"
  - network_id     : "enplqbg383785qun9u63"
  - network_name   : "les25-network-drift"
  - subnet_id      : "e9bqhiocqh5vueql428a"
  - subnet_name    : "les25-subnet-drift"

Resources:
    - 4 to delete

Destroying (dev):
     Type                             Name                Status              
 -   pulumi:pulumi:Stack              yc-infra-drift-dev  deleted (0.00s)     
 -   ├─ yandex:index:ComputeInstance  instance            deleted (27s)       
 -   ├─ yandex:index:VpcSubnet        subnet              deleted (3s)        
 -   └─ yandex:index:VpcNetwork       network             deleted (0.97s)     

Outputs:
  - instance_id    : "fhmgfhf76autorfiuc5o"
  - instance_name  : "les25-instance-drift"
  - instance_nat_ip: "93.77.185.16"
  - network_id     : "enplqbg383785qun9u63"
  - network_name   : "les25-network-drift"
  - subnet_id      : "e9bqhiocqh5vueql428a"
  - subnet_name    : "les25-subnet-drift"

Resources:
    - 4 deleted

Duration: 32s

The resources in the stack have been deleted, but the history and configuration associated with the stack are still maintained. 
If you want to remove the stack completely, run `pulumi stack rm dev`.
++ pulumi stack rm dev -y -f
Stack 'dev' has been removed!
++ set +x
