aleksey@first:~/siem/siem/ol/mw$ ./yc_audit-trails_trail_create.sh 
done (1s)
id: cnprrot37u88s822btmt
folder_id: b1gmesrdjgklgkvcp704
created_at: "2024-04-15T09:06:39.669Z"
updated_at: "2024-04-15T09:06:39.669Z"
name: mw-trail
description: mw
destination:
  cloud_logging:
    log_group_id: e235llcqoau2dmt6jscv
service_account_id: ajeo3f9qr5tlur3h6f1n
status: ACTIVE
filter:
  path_filter:
    root:
      some_filter:
        resource:
          id: bpfrtqbajbhpm5j05tkl
          type: organization-manager.organization
        filters:
          - any_filter:
              resource:
                id: b1glq0cg9jigrj5lcp63
                type: resource-manager.cloud
  event_filter: {}
cloud_id: b1glq0cg9jigrj5lcp63
