aleksey@first:~/OtusTeam/IaC/CloudSecurity/les16/mon/vm$ ./create_webservers.sh 
done (39s)
id: fhmvvhrt18svsdul59qd
folder_id: b1gmesrdjgklgkvcp704
created_at: "2024-08-30T06:15:15Z"
name: webserv
labels:
  group: webservers
zone_id: ru-central1-a
platform_id: standard-v2
resources:
  memory: "8589934592"
  cores: "2"
  core_fraction: "20"
status: RUNNING
metadata_options:
  gce_http_endpoint: ENABLED
  aws_v1_http_endpoint: ENABLED
  gce_http_token: ENABLED
  aws_v1_http_token: DISABLED
boot_disk:
  mode: READ_WRITE
  device_name: fhmj08vqlic3357q43dm
  auto_delete: true
  disk_id: fhmj08vqlic3357q43dm
network_interfaces:
  - index: "0"
    mac_address: d0:0d:1f:fc:77:d0
    subnet_id: e9bop98iu12teftg4uj8
    primary_v4_address:
      address: 10.128.0.24
      one_to_one_nat:
        address: 51.250.13.148
        ip_version: IPV4
serial_port_settings:
  ssh_authorization: OS_LOGIN
gpu_settings: {}
fqdn: webserv.ru-central1.internal
scheduling_policy:
  preemptible: true
network_settings:
  type: STANDARD
placement_policy: {}
