aleksey@first:~/OtusTeam/IaC/CloudSecurity/les16/mon/vm$ ansible-playbook webservers.yml

PLAY [Установка и настройка Nginx на webservers] *********************************************************************************************************************************************************************************************

TASK [Gathering Facts] ***********************************************************************************************************************************************************************************************************************
ok: [webserv]

TASK [Установка Nginx] ***********************************************************************************************************************************************************************************************************************
ok: [webserv]

TASK [Создание простой веб-страницы] *********************************************************************************************************************************************************************************************************
ok: [webserv]

TASK [Настройка Nginx для выдачи метрик] *****************************************************************************************************************************************************************************************************
changed: [webserv]

TASK [Перезапуск Nginx] **********************************************************************************************************************************************************************************************************************
changed: [webserv]

TASK [Убедиться, что Nginx запущен и включен] ************************************************************************************************************************************************************************************************
ok: [webserv]

TASK [Проверка страницы на порту 80] *********************************************************************************************************************************************************************************************************
ok: [webserv]

TASK [Проверка метрик на порту 8888] *********************************************************************************************************************************************************************************************************
ok: [webserv]

TASK [Печать содержимого страницы на порту 80] ***********************************************************************************************************************************************************************************************
ok: [webserv] => {
    "msg": "Содержимое страницы на порту 80:\n<html>\n<head>\n    <title>Hello from 51.250.13.148</title>\n</head>\n<body>\n    <h1>Hello from 51.250.13.148</h1>\n</body>\n</html>\n"
}

TASK [Печать содержимого метрик на порту 8888] ***********************************************************************************************************************************************************************************************
ok: [webserv] => {
    "msg": "Содержимое метрик на порту 8888:\nActive connections: 1 \nserver accepts handled requests\n 2 2 2 \nReading: 0 Writing: 1 Waiting: 0 \n"
}

PLAY RECAP ***********************************************************************************************************************************************************************************************************************************
webserv                    : ok=10   changed=2    unreachable=0    failed=0    skipped=0    rescued=0    ignored=0   

