za@za-Vivobook-ASUSLaptop-M3504YA-M3504YA:~/Documents/IaC/2git/les04/for_each$ ./run.sh
++ terraform plan

Terraform used the selected providers to generate the following execution plan. Resource actions are indicated with the following symbols:
  + create

Terraform will perform the following actions:

  # null_resource.each_of_map["a"] will be created
  + resource "null_resource" "each_of_map" {
      + id       = (known after apply)
      + triggers = {
          + "key"   = "a"
          + "value" = "x"
        }
    }

  # null_resource.each_of_map["b"] will be created
  + resource "null_resource" "each_of_map" {
      + id       = (known after apply)
      + triggers = {
          + "key"   = "b"
          + "value" = "x"
        }
    }

  # null_resource.each_of_map["c"] will be created
  + resource "null_resource" "each_of_map" {
      + id       = (known after apply)
      + triggers = {
          + "key"   = "c"
          + "value" = "y"
        }
    }

  # null_resource.each_of_set["alice"] will be created
  + resource "null_resource" "each_of_set" {
      + id       = (known after apply)
      + triggers = {
          + "key"   = "alice"
          + "value" = "alice"
        }
    }

  # null_resource.each_of_set["bob"] will be created
  + resource "null_resource" "each_of_set" {
      + id       = (known after apply)
      + triggers = {
          + "key"   = "bob"
          + "value" = "bob"
        }
    }

  # null_resource.each_of_set["carol"] will be created
  + resource "null_resource" "each_of_set" {
      + id       = (known after apply)
      + triggers = {
          + "key"   = "carol"
          + "value" = "carol"
        }
    }

Plan: 6 to add, 0 to change, 0 to destroy.

Changes to Outputs:
  + values_each_of_map  = {
      + a = {
          + key   = "a"
          + value = "x"
        }
      + b = {
          + key   = "b"
          + value = "x"
        }
      + c = {
          + key   = "c"
          + value = "y"
        }
    }
  + values_each_of_sets = {
      + alice = {
          + key   = "alice"
          + value = "alice"
        }
      + bob   = {
          + key   = "bob"
          + value = "bob"
        }
      + carol = {
          + key   = "carol"
          + value = "carol"
        }
    }

─────────────────────────────────────────────────────────────────────────────────────────────────────────────────────────────────────────────────────────────────────────────────────────────────────────────────────────────────────────────

Note: You didn't use the -out option to save this plan, so Terraform can't guarantee to take exactly these actions if you run "terraform apply" now.
++ set +x
