(base) za@za-Lenovo-IdeaPad-S340-15IWL:~/try/vagrant/IaC/les18/packer_jammy64_ansible_pip$ ./run.sh 
++ packer build install_ansible_pip.json
Warning: Bundled plugins used

This template relies on the use of plugins bundled into the Packer binary.
The practice of bundling external plugins into Packer will be removed in an
upcoming version.

To remove this warning and ensure builds keep working you can install these
external plugins with the 'packer plugins install' command

* packer plugins install github.com/hashicorp/vagrant

Alternatively, if you upgrade your templates to HCL2, you can use 'packer init'
with a 'required_plugins' block to automatically install external plugins.

You can try HCL2 by running 'packer hcl2_upgrade
/home/za/try/vagrant/IaC/les18/packer_jammy64_ansible_pip/install_ansible_pip.json'


vagrant: output will be in this color.

==> vagrant: Creating a Vagrantfile in the build directory...
==> vagrant: Adding box using vagrant box add ...
    vagrant: (this can take some time if we need to download the box)
==> vagrant: Calling Vagrant Up (this can take some time)...
==> vagrant: Using SSH communicator to connect: 127.0.0.1
==> vagrant: Waiting for SSH to become available...
==> vagrant: Connected to SSH!
==> vagrant: Provisioning with shell script: /tmp/packer-shell37012112
==> vagrant: debconf: unable to initialize frontend: Dialog
==> vagrant: debconf: (Dialog frontend will not work on a dumb terminal, an emacs shell buffer, or without a controlling terminal.)
==> vagrant: debconf: falling back to frontend: Readline
==> vagrant: debconf: unable to initialize frontend: Readline
==> vagrant: debconf: (This frontend requires a controlling tty.)
==> vagrant: debconf: falling back to frontend: Teletype
==> vagrant: dpkg-preconfigure: unable to re-open stdin:
    vagrant: (Reading database ... 63881 files and directories currently installed.)
    vagrant: Preparing to unpack .../motd-news-config_12ubuntu4.6_all.deb ...
    vagrant: Unpacking motd-news-config (12ubuntu4.6) over (12ubuntu4.3) ...
    vagrant: Preparing to unpack .../gcc-12-base_12.3.0-1ubuntu1~22.04_amd64.deb ...
    vagrant: Unpacking gcc-12-base:amd64 (12.3.0-1ubuntu1~22.04) over (12.1.0-2ubuntu1~22.04) ...
    vagrant: Setting up gcc-12-base:amd64 (12.3.0-1ubuntu1~22.04) ...
    vagrant: (Reading database ... 63881 files and directories currently installed.)
    vagrant: Preparing to unpack .../libgcc-s1_12.3.0-1ubuntu1~22.04_amd64.deb ...
    vagrant: Unpacking libgcc-s1:amd64 (12.3.0-1ubuntu1~22.04) over (12.1.0-2ubuntu1~22.04) ...
    vagrant: Setting up libgcc-s1:amd64 (12.3.0-1ubuntu1~22.04) ...
    vagrant: (Reading database ... 63881 files and directories currently installed.)
    vagrant: Preparing to unpack .../libstdc++6_12.3.0-1ubuntu1~22.04_amd64.deb ...
    vagrant: Unpacking libstdc++6:amd64 (12.3.0-1ubuntu1~22.04) over (12.1.0-2ubuntu1~22.04) ...
    vagrant: Setting up libstdc++6:amd64 (12.3.0-1ubuntu1~22.04) ...
    vagrant: (Reading database ... 63881 files and directories currently installed.)
    vagrant: Preparing to unpack .../libc6_2.35-0ubuntu3.8_amd64.deb ...
    vagrant: debconf: unable to initialize frontend: Dialog
    vagrant: debconf: (Dialog frontend will not work on a dumb terminal, an emacs shell buffer, or without a controlling terminal.)
    vagrant: debconf: falling back to frontend: Readline
    vagrant: Unpacking libc6:amd64 (2.35-0ubuntu3.8) over (2.35-0ubuntu3.1) ...
    vagrant: Setting up libc6:amd64 (2.35-0ubuntu3.8) ...
    vagrant: debconf: unable to initialize frontend: Dialog
    vagrant: debconf: (Dialog frontend will not work on a dumb terminal, an emacs shell buffer, or without a controlling terminal.)
    vagrant: debconf: falling back to frontend: Readline
    vagrant: (Reading database ... 63881 files and directories currently installed.)
    vagrant: Preparing to unpack .../base-files_12ubuntu4.6_amd64.deb ...
    vagrant: Unpacking base-files (12ubuntu4.6) over (12ubuntu4.3) ...
    vagrant: Setting up base-files (12ubuntu4.6) ...
    vagrant: Installing new version of config file /etc/issue ...
    vagrant: Installing new version of config file /etc/issue.net ...
    vagrant: Installing new version of config file /etc/lsb-release ...
    vagrant: Installing new version of config file /etc/update-motd.d/10-help-text ...
    vagrant: motd-news.service is a disabled or a static unit not running, not starting it.
    vagrant: (Reading database ... 63881 files and directories currently installed.)
    vagrant: Preparing to unpack .../bash_5.1-6ubuntu1.1_amd64.deb ...
    vagrant: Unpacking bash (5.1-6ubuntu1.1) over (5.1-6ubuntu1) ...
    vagrant: Setting up bash (5.1-6ubuntu1.1) ...
    vagrant: update-alternatives: using /usr/share/man/man7/bash-builtins.7.gz to provide /usr/share/man/man7/builtins.7.gz (builtins.7.gz) in auto mode
    vagrant: (Reading database ... 63881 files and directories currently installed.)
    vagrant: Preparing to unpack .../bsdutils_1%3a2.37.2-4ubuntu3.4_amd64.deb ...
    vagrant: Unpacking bsdutils (1:2.37.2-4ubuntu3.4) over (1:2.37.2-4ubuntu3) ...
    vagrant: Setting up bsdutils (1:2.37.2-4ubuntu3.4) ...
    vagrant: (Reading database ... 63881 files and directories currently installed.)
    vagrant: Preparing to unpack .../coreutils_8.32-4.1ubuntu1.2_amd64.deb ...
    vagrant: Unpacking coreutils (8.32-4.1ubuntu1.2) over (8.32-4.1ubuntu1) ...
    vagrant: Setting up coreutils (8.32-4.1ubuntu1.2) ...
    vagrant: (Reading database ... 63881 files and directories currently installed.)
    vagrant: Preparing to unpack .../libnss-systemd_249.11-0ubuntu3.12_amd64.deb ...
    vagrant: Unpacking libnss-systemd:amd64 (249.11-0ubuntu3.12) over (249.11-0ubuntu3.9) ...
    vagrant: Preparing to unpack .../libsystemd0_249.11-0ubuntu3.12_amd64.deb ...
    vagrant: Unpacking libsystemd0:amd64 (249.11-0ubuntu3.12) over (249.11-0ubuntu3.9) ...
    vagrant: Setting up libsystemd0:amd64 (249.11-0ubuntu3.12) ...
    vagrant: (Reading database ... 63881 files and directories currently installed.)
    vagrant: Preparing to unpack .../0-systemd-timesyncd_249.11-0ubuntu3.12_amd64.deb ...
    vagrant: Unpacking systemd-timesyncd (249.11-0ubuntu3.12) over (249.11-0ubuntu3.9) ...
    vagrant: Preparing to unpack .../1-systemd-sysv_249.11-0ubuntu3.12_amd64.deb ...
    vagrant: Unpacking systemd-sysv (249.11-0ubuntu3.12) over (249.11-0ubuntu3.9) ...
    vagrant: Preparing to unpack .../2-libpam-systemd_249.11-0ubuntu3.12_amd64.deb ...
    vagrant: Unpacking libpam-systemd:amd64 (249.11-0ubuntu3.12) over (249.11-0ubuntu3.9) ...
    vagrant: Preparing to unpack .../3-systemd_249.11-0ubuntu3.12_amd64.deb ...
    vagrant: Unpacking systemd (249.11-0ubuntu3.12) over (249.11-0ubuntu3.9) ...
    vagrant: Preparing to unpack .../4-udev_249.11-0ubuntu3.12_amd64.deb ...
    vagrant: Unpacking udev (249.11-0ubuntu3.12) over (249.11-0ubuntu3.9) ...
    vagrant: Preparing to unpack .../5-libudev1_249.11-0ubuntu3.12_amd64.deb ...
    vagrant: Unpacking libudev1:amd64 (249.11-0ubuntu3.12) over (249.11-0ubuntu3.9) ...
    vagrant: Setting up libudev1:amd64 (249.11-0ubuntu3.12) ...
    vagrant: (Reading database ... 63881 files and directories currently installed.)
    vagrant: Preparing to unpack .../libblkid1_2.37.2-4ubuntu3.4_amd64.deb ...
    vagrant: Unpacking libblkid1:amd64 (2.37.2-4ubuntu3.4) over (2.37.2-4ubuntu3) ...
    vagrant: Setting up libblkid1:amd64 (2.37.2-4ubuntu3.4) ...
    vagrant: (Reading database ... 63881 files and directories currently installed.)
    vagrant: Preparing to unpack .../libcap2_1%3a2.44-1ubuntu0.22.04.1_amd64.deb ...
    vagrant: Unpacking libcap2:amd64 (1:2.44-1ubuntu0.22.04.1) over (1:2.44-1build3) ...
    vagrant: Setting up libcap2:amd64 (1:2.44-1ubuntu0.22.04.1) ...
    vagrant: (Reading database ... 63881 files and directories currently installed.)
    vagrant: Preparing to unpack .../login_1%3a4.8.1-2ubuntu2.2_amd64.deb ...
    vagrant: Unpacking login (1:4.8.1-2ubuntu2.2) over (1:4.8.1-2ubuntu2.1) ...
    vagrant: Setting up login (1:4.8.1-2ubuntu2.2) ...
    vagrant: (Reading database ... 63881 files and directories currently installed.)
    vagrant: Preparing to unpack .../util-linux_2.37.2-4ubuntu3.4_amd64.deb ...
    vagrant: Unpacking util-linux (2.37.2-4ubuntu3.4) over (2.37.2-4ubuntu3) ...
    vagrant: Setting up util-linux (2.37.2-4ubuntu3.4) ...
    vagrant: fstrim.service is a disabled or a static unit not running, not starting it.
    vagrant: (Reading database ... 63881 files and directories currently installed.)
    vagrant: Preparing to unpack .../libpam0g_1.4.0-11ubuntu2.4_amd64.deb ...
    vagrant: Unpacking libpam0g:amd64 (1.4.0-11ubuntu2.4) over (1.4.0-11ubuntu2.3) ...
    vagrant: Setting up libpam0g:amd64 (1.4.0-11ubuntu2.4) ...
    vagrant: debconf: unable to initialize frontend: Dialog
    vagrant: debconf: (Dialog frontend will not work on a dumb terminal, an emacs shell buffer, or without a controlling terminal.)
    vagrant: debconf: falling back to frontend: Readline
    vagrant: (Reading database ... 63881 files and directories currently installed.)
    vagrant: Preparing to unpack .../libpam-modules-bin_1.4.0-11ubuntu2.4_amd64.deb ...
    vagrant: Unpacking libpam-modules-bin (1.4.0-11ubuntu2.4) over (1.4.0-11ubuntu2.3) ...
    vagrant: Setting up libpam-modules-bin (1.4.0-11ubuntu2.4) ...
    vagrant: (Reading database ... 63881 files and directories currently installed.)
    vagrant: Preparing to unpack .../libpam-modules_1.4.0-11ubuntu2.4_amd64.deb ...
    vagrant: debconf: unable to initialize frontend: Dialog
    vagrant: debconf: (Dialog frontend will not work on a dumb terminal, an emacs shell buffer, or without a controlling terminal.)
    vagrant: debconf: falling back to frontend: Readline
    vagrant: Unpacking libpam-modules:amd64 (1.4.0-11ubuntu2.4) over (1.4.0-11ubuntu2.3) ...
    vagrant: Setting up libpam-modules:amd64 (1.4.0-11ubuntu2.4) ...
    vagrant: (Reading database ... 63881 files and directories currently installed.)
    vagrant: Preparing to unpack .../libpam-runtime_1.4.0-11ubuntu2.4_all.deb ...
    vagrant: Unpacking libpam-runtime (1.4.0-11ubuntu2.4) over (1.4.0-11ubuntu2.3) ...
    vagrant: Setting up libpam-runtime (1.4.0-11ubuntu2.4) ...
    vagrant: debconf: unable to initialize frontend: Dialog
    vagrant: debconf: (Dialog frontend will not work on a dumb terminal, an emacs shell buffer, or without a controlling terminal.)
    vagrant: debconf: falling back to frontend: Readline
    vagrant: (Reading database ... 63881 files and directories currently installed.)
    vagrant: Preparing to unpack .../libapparmor1_3.0.4-2ubuntu2.3build2_amd64.deb ...
    vagrant: Unpacking libapparmor1:amd64 (3.0.4-2ubuntu2.3build2) over (3.0.4-2ubuntu2.2) ...
    vagrant: Preparing to unpack .../libjson-c5_0.15-3~ubuntu1.22.04.2_amd64.deb ...
    vagrant: Unpacking libjson-c5:amd64 (0.15-3~ubuntu1.22.04.2) over (0.15-3~ubuntu1.22.04.1) ...
    vagrant: Preparing to unpack .../libssl3_3.0.2-0ubuntu1.18_amd64.deb ...
    vagrant: Unpacking libssl3:amd64 (3.0.2-0ubuntu1.18) over (3.0.2-0ubuntu1.9) ...
    vagrant: Setting up libssl3:amd64 (3.0.2-0ubuntu1.18) ...
    vagrant: debconf: unable to initialize frontend: Dialog
    vagrant: debconf: (Dialog frontend will not work on a dumb terminal, an emacs shell buffer, or without a controlling terminal.)
    vagrant: debconf: falling back to frontend: Readline
    vagrant: (Reading database ... 63881 files and directories currently installed.)
    vagrant: Preparing to unpack .../libuuid1_2.37.2-4ubuntu3.4_amd64.deb ...
    vagrant: Unpacking libuuid1:amd64 (2.37.2-4ubuntu3.4) over (2.37.2-4ubuntu3) ...
    vagrant: Setting up libuuid1:amd64 (2.37.2-4ubuntu3.4) ...
    vagrant: (Reading database ... 63881 files and directories currently installed.)
    vagrant: Preparing to unpack .../libcryptsetup12_2%3a2.4.3-1ubuntu1.2_amd64.deb ...
    vagrant: Unpacking libcryptsetup12:amd64 (2:2.4.3-1ubuntu1.2) over (2:2.4.3-1ubuntu1.1) ...
    vagrant: Preparing to unpack .../libgnutls30_3.7.3-4ubuntu1.5_amd64.deb ...
    vagrant: Unpacking libgnutls30:amd64 (3.7.3-4ubuntu1.5) over (3.7.3-4ubuntu1.2) ...
    vagrant: Setting up libgnutls30:amd64 (3.7.3-4ubuntu1.5) ...
    vagrant: (Reading database ... 63881 files and directories currently installed.)
    vagrant: Preparing to unpack .../libxtables12_1.8.7-1ubuntu5.2_amd64.deb ...
    vagrant: Unpacking libxtables12:amd64 (1.8.7-1ubuntu5.2) over (1.8.7-1ubuntu5) ...
    vagrant: Preparing to unpack .../iptables_1.8.7-1ubuntu5.2_amd64.deb ...
    vagrant: Unpacking iptables (1.8.7-1ubuntu5.2) over (1.8.7-1ubuntu5) ...
    vagrant: Preparing to unpack .../libip6tc2_1.8.7-1ubuntu5.2_amd64.deb ...
    vagrant: Unpacking libip6tc2:amd64 (1.8.7-1ubuntu5.2) over (1.8.7-1ubuntu5) ...
    vagrant: Preparing to unpack .../libip4tc2_1.8.7-1ubuntu5.2_amd64.deb ...
    vagrant: Unpacking libip4tc2:amd64 (1.8.7-1ubuntu5.2) over (1.8.7-1ubuntu5) ...
    vagrant: Preparing to unpack .../libmount1_2.37.2-4ubuntu3.4_amd64.deb ...
    vagrant: Unpacking libmount1:amd64 (2.37.2-4ubuntu3.4) over (2.37.2-4ubuntu3) ...
    vagrant: Setting up libmount1:amd64 (2.37.2-4ubuntu3.4) ...
    vagrant: (Reading database ... 63881 files and directories currently installed.)
    vagrant: Preparing to unpack .../mount_2.37.2-4ubuntu3.4_amd64.deb ...
    vagrant: Unpacking mount (2.37.2-4ubuntu3.4) over (2.37.2-4ubuntu3) ...
    vagrant: Preparing to unpack .../libapt-pkg6.0_2.4.12_amd64.deb ...
    vagrant: Unpacking libapt-pkg6.0:amd64 (2.4.12) over (2.4.9) ...
    vagrant: Setting up libapt-pkg6.0:amd64 (2.4.12) ...
    vagrant: (Reading database ... 63881 files and directories currently installed.)
    vagrant: Preparing to unpack .../tar_1.34+dfsg-1ubuntu0.1.22.04.2_amd64.deb ...
    vagrant: Unpacking tar (1.34+dfsg-1ubuntu0.1.22.04.2) over (1.34+dfsg-1ubuntu0.1.22.04.1) ...
    vagrant: Setting up tar (1.34+dfsg-1ubuntu0.1.22.04.2) ...
    vagrant: (Reading database ... 63881 files and directories currently installed.)
    vagrant: Preparing to unpack .../dpkg_1.21.1ubuntu2.3_amd64.deb ...
    vagrant: Unpacking dpkg (1.21.1ubuntu2.3) over (1.21.1ubuntu2.1) ...
    vagrant: Setting up dpkg (1.21.1ubuntu2.3) ...
    vagrant: dpkg-db-backup.service is a disabled or a static unit not running, not starting it.
    vagrant: (Reading database ... 63881 files and directories currently installed.)
    vagrant: Preparing to unpack .../ncurses-bin_6.3-2ubuntu0.1_amd64.deb ...
    vagrant: Unpacking ncurses-bin (6.3-2ubuntu0.1) over (6.3-2) ...
    vagrant: Setting up ncurses-bin (6.3-2ubuntu0.1) ...
    vagrant: (Reading database ... 63881 files and directories currently installed.)
    vagrant: Preparing to unpack .../libperl5.34_5.34.0-3ubuntu1.3_amd64.deb ...
    vagrant: Unpacking libperl5.34:amd64 (5.34.0-3ubuntu1.3) over (5.34.0-3ubuntu1.1) ...
    vagrant: Preparing to unpack .../perl_5.34.0-3ubuntu1.3_amd64.deb ...
    vagrant: Unpacking perl (5.34.0-3ubuntu1.3) over (5.34.0-3ubuntu1.1) ...
    vagrant: Preparing to unpack .../perl-base_5.34.0-3ubuntu1.3_amd64.deb ...
    vagrant: Unpacking perl-base (5.34.0-3ubuntu1.3) over (5.34.0-3ubuntu1.1) ...
    vagrant: Setting up perl-base (5.34.0-3ubuntu1.3) ...
    vagrant: (Reading database ... 63881 files and directories currently installed.)
    vagrant: Preparing to unpack .../perl-modules-5.34_5.34.0-3ubuntu1.3_all.deb ...
    vagrant: Unpacking perl-modules-5.34 (5.34.0-3ubuntu1.3) over (5.34.0-3ubuntu1.1) ...
    vagrant: Preparing to unpack .../libc-bin_2.35-0ubuntu3.8_amd64.deb ...
    vagrant: Unpacking libc-bin (2.35-0ubuntu3.8) over (2.35-0ubuntu3.1) ...
    vagrant: Setting up libc-bin (2.35-0ubuntu3.8) ...
    vagrant: (Reading database ... 63881 files and directories currently installed.)
    vagrant: Preparing to unpack .../ncurses-base_6.3-2ubuntu0.1_all.deb ...
    vagrant: Unpacking ncurses-base (6.3-2ubuntu0.1) over (6.3-2) ...
    vagrant: Setting up ncurses-base (6.3-2ubuntu0.1) ...
    vagrant: (Reading database ... 63881 files and directories currently installed.)
    vagrant: Preparing to unpack .../archives/apt_2.4.12_amd64.deb ...
    vagrant: Unpacking apt (2.4.12) over (2.4.9) ...
    vagrant: Setting up apt (2.4.12) ...
    vagrant: (Reading database ... 63879 files and directories currently installed.)
    vagrant: Preparing to unpack .../0-apt-utils_2.4.12_amd64.deb ...
    vagrant: Unpacking apt-utils (2.4.12) over (2.4.9) ...
    vagrant: Preparing to unpack .../1-klibc-utils_2.0.10-4ubuntu0.1_amd64.deb ...
    vagrant: Unpacking klibc-utils (2.0.10-4ubuntu0.1) over (2.0.10-4) ...
    vagrant: Preparing to unpack .../2-initramfs-tools_0.140ubuntu13.4_all.deb ...
    vagrant: Unpacking initramfs-tools (0.140ubuntu13.4) over (0.140ubuntu13.1) ...
    vagrant: Preparing to unpack .../3-initramfs-tools-core_0.140ubuntu13.4_all.deb ...
    vagrant: Unpacking initramfs-tools-core (0.140ubuntu13.4) over (0.140ubuntu13.1) ...
    vagrant: Preparing to unpack .../4-logsave_1.46.5-2ubuntu1.2_amd64.deb ...
    vagrant: Unpacking logsave (1.46.5-2ubuntu1.2) over (1.46.5-2ubuntu1.1) ...
    vagrant: Preparing to unpack .../5-libext2fs2_1.46.5-2ubuntu1.2_amd64.deb ...
    vagrant: Unpacking libext2fs2:amd64 (1.46.5-2ubuntu1.2) over (1.46.5-2ubuntu1.1) ...
    vagrant: Setting up libext2fs2:amd64 (1.46.5-2ubuntu1.2) ...
    vagrant: (Reading database ... 63879 files and directories currently installed.)
    vagrant: Preparing to unpack .../0-e2fsprogs_1.46.5-2ubuntu1.2_amd64.deb ...
    vagrant: Unpacking e2fsprogs (1.46.5-2ubuntu1.2) over (1.46.5-2ubuntu1.1) ...
    vagrant: Preparing to unpack .../1-libklibc_2.0.10-4ubuntu0.1_amd64.deb ...
    vagrant: Unpacking libklibc:amd64 (2.0.10-4ubuntu0.1) over (2.0.10-4) ...
    vagrant: Preparing to unpack .../2-busybox-initramfs_1%3a1.30.1-7ubuntu3.1_amd64.deb ...
    vagrant: Unpacking busybox-initramfs (1:1.30.1-7ubuntu3.1) over (1:1.30.1-7ubuntu3) ...
    vagrant: Preparing to unpack .../3-initramfs-tools-bin_0.140ubuntu13.4_amd64.deb ...
    vagrant: Unpacking initramfs-tools-bin (0.140ubuntu13.4) over (0.140ubuntu13.1) ...
    vagrant: Preparing to unpack .../4-cpio_2.13+dfsg-7ubuntu0.1_amd64.deb ...
    vagrant: Unpacking cpio (2.13+dfsg-7ubuntu0.1) over (2.13+dfsg-7) ...
    vagrant: Preparing to unpack .../5-python3-minimal_3.10.6-1~22.04.1_amd64.deb ...
    vagrant: Unpacking python3-minimal (3.10.6-1~22.04.1) over (3.10.6-1~22.04) ...
    vagrant: Setting up python3-minimal (3.10.6-1~22.04.1) ...
    vagrant: (Reading database ... 63879 files and directories currently installed.)
    vagrant: Preparing to unpack .../0-python3_3.10.6-1~22.04.1_amd64.deb ...
    vagrant: running python pre-rtupdate hooks for python3.10...
    vagrant: Unpacking python3 (3.10.6-1~22.04.1) over (3.10.6-1~22.04) ...
    vagrant: Preparing to unpack .../1-libexpat1_2.4.7-1ubuntu0.3_amd64.deb ...
    vagrant: Unpacking libexpat1:amd64 (2.4.7-1ubuntu0.3) over (2.4.7-1ubuntu0.2) ...
    vagrant: Preparing to unpack .../2-libpython3.10_3.10.12-1~22.04.5_amd64.deb ...
    vagrant: Unpacking libpython3.10:amd64 (3.10.12-1~22.04.5) over (3.10.6-1~22.04.2ubuntu1) ...
    vagrant: Preparing to unpack .../3-python3-distutils_3.10.8-1~22.04_all.deb ...
    vagrant: Unpacking python3-distutils (3.10.8-1~22.04) over (3.10.6-1~22.04) ...
    vagrant: Preparing to unpack .../4-python3-lib2to3_3.10.8-1~22.04_all.deb ...
    vagrant: Unpacking python3-lib2to3 (3.10.8-1~22.04) over (3.10.6-1~22.04) ...
    vagrant: Preparing to unpack .../5-libncurses6_6.3-2ubuntu0.1_amd64.deb ...
    vagrant: Unpacking libncurses6:amd64 (6.3-2ubuntu0.1) over (6.3-2) ...
    vagrant: Preparing to unpack .../6-libncursesw6_6.3-2ubuntu0.1_amd64.deb ...
    vagrant: Unpacking libncursesw6:amd64 (6.3-2ubuntu0.1) over (6.3-2) ...
    vagrant: Preparing to unpack .../7-libtinfo6_6.3-2ubuntu0.1_amd64.deb ...
    vagrant: Unpacking libtinfo6:amd64 (6.3-2ubuntu0.1) over (6.3-2) ...
    vagrant: Setting up libtinfo6:amd64 (6.3-2ubuntu0.1) ...
    vagrant: (Reading database ... 63879 files and directories currently installed.)
    vagrant: Preparing to unpack .../00-libsqlite3-0_3.37.2-2ubuntu0.3_amd64.deb ...
    vagrant: Unpacking libsqlite3-0:amd64 (3.37.2-2ubuntu0.3) over (3.37.2-2ubuntu0.1) ...
    vagrant: Preparing to unpack .../01-python3.10_3.10.12-1~22.04.5_amd64.deb ...
    vagrant: Unpacking python3.10 (3.10.12-1~22.04.5) over (3.10.6-1~22.04.2ubuntu1) ...
    vagrant: Preparing to unpack .../02-libpython3.10-stdlib_3.10.12-1~22.04.5_amd64.deb ...
    vagrant: Unpacking libpython3.10-stdlib:amd64 (3.10.12-1~22.04.5) over (3.10.6-1~22.04.2ubuntu1) ...
    vagrant: Preparing to unpack .../03-python3.10-minimal_3.10.12-1~22.04.5_amd64.deb ...
    vagrant: Unpacking python3.10-minimal (3.10.12-1~22.04.5) over (3.10.6-1~22.04.2ubuntu1) ...
    vagrant: Preparing to unpack .../04-libpython3.10-minimal_3.10.12-1~22.04.5_amd64.deb ...
    vagrant: Unpacking libpython3.10-minimal:amd64 (3.10.12-1~22.04.5) over (3.10.6-1~22.04.2ubuntu1) ...
    vagrant: Preparing to unpack .../05-libpython3-stdlib_3.10.6-1~22.04.1_amd64.deb ...
    vagrant: Unpacking libpython3-stdlib:amd64 (3.10.6-1~22.04.1) over (3.10.6-1~22.04) ...
    vagrant: Preparing to unpack .../06-libglib2.0-data_2.72.4-0ubuntu2.3_all.deb ...
    vagrant: Unpacking libglib2.0-data (2.72.4-0ubuntu2.3) over (2.72.4-0ubuntu2) ...
    vagrant: Preparing to unpack .../07-libglib2.0-bin_2.72.4-0ubuntu2.3_amd64.deb ...
    vagrant: Unpacking libglib2.0-bin (2.72.4-0ubuntu2.3) over (2.72.4-0ubuntu2) ...
    vagrant: Preparing to unpack .../08-libglib2.0-0_2.72.4-0ubuntu2.3_amd64.deb ...
    vagrant: Unpacking libglib2.0-0:amd64 (2.72.4-0ubuntu2.3) over (2.72.4-0ubuntu2) ...
    vagrant: Preparing to unpack .../09-irqbalance_1.8.0-1ubuntu0.2_amd64.deb ...
    vagrant: Unpacking irqbalance (1.8.0-1ubuntu0.2) over (1.8.0-1build1) ...
    vagrant: Preparing to unpack .../10-libsmartcols1_2.37.2-4ubuntu3.4_amd64.deb ...
    vagrant: Unpacking libsmartcols1:amd64 (2.37.2-4ubuntu3.4) over (2.37.2-4ubuntu3) ...
    vagrant: Setting up libsmartcols1:amd64 (2.37.2-4ubuntu3.4) ...
    vagrant: (Reading database ... 63881 files and directories currently installed.)
    vagrant: Preparing to unpack .../uuid-runtime_2.37.2-4ubuntu3.4_amd64.deb ...
    vagrant: Unpacking uuid-runtime (2.37.2-4ubuntu3.4) over (2.37.2-4ubuntu3) ...
    vagrant: Preparing to unpack .../gawk_1%3a5.1.0-1ubuntu0.1_amd64.deb ...
    vagrant: Unpacking gawk (1:5.1.0-1ubuntu0.1) over (1:5.1.0-1build3) ...
    vagrant: Preparing to unpack .../libk5crypto3_1.19.2-2ubuntu0.4_amd64.deb ...
    vagrant: Unpacking libk5crypto3:amd64 (1.19.2-2ubuntu0.4) over (1.19.2-2ubuntu0.1) ...
    vagrant: Setting up libk5crypto3:amd64 (1.19.2-2ubuntu0.4) ...
    vagrant: (Reading database ... 63881 files and directories currently installed.)
    vagrant: Preparing to unpack .../libkrb5support0_1.19.2-2ubuntu0.4_amd64.deb ...
    vagrant: Unpacking libkrb5support0:amd64 (1.19.2-2ubuntu0.4) over (1.19.2-2ubuntu0.1) ...
    vagrant: Setting up libkrb5support0:amd64 (1.19.2-2ubuntu0.4) ...
    vagrant: (Reading database ... 63881 files and directories currently installed.)
    vagrant: Preparing to unpack .../libkrb5-3_1.19.2-2ubuntu0.4_amd64.deb ...
    vagrant: Unpacking libkrb5-3:amd64 (1.19.2-2ubuntu0.4) over (1.19.2-2ubuntu0.1) ...
    vagrant: Setting up libkrb5-3:amd64 (1.19.2-2ubuntu0.4) ...
    vagrant: (Reading database ... 63881 files and directories currently installed.)
    vagrant: Preparing to unpack .../libgssapi-krb5-2_1.19.2-2ubuntu0.4_amd64.deb ...
    vagrant: Unpacking libgssapi-krb5-2:amd64 (1.19.2-2ubuntu0.4) over (1.19.2-2ubuntu0.1) ...
    vagrant: Setting up libgssapi-krb5-2:amd64 (1.19.2-2ubuntu0.4) ...
    vagrant: (Reading database ... 63881 files and directories currently installed.)
    vagrant: Preparing to unpack .../libcom-err2_1.46.5-2ubuntu1.2_amd64.deb ...
    vagrant: Unpacking libcom-err2:amd64 (1.46.5-2ubuntu1.2) over (1.46.5-2ubuntu1.1) ...
    vagrant: Setting up libcom-err2:amd64 (1.46.5-2ubuntu1.2) ...
    vagrant: (Reading database ... 63881 files and directories currently installed.)
    vagrant: Preparing to unpack .../0-libldap-2.5-0_2.5.18+dfsg-0ubuntu0.22.04.2_amd64.deb ...
    vagrant: Unpacking libldap-2.5-0:amd64 (2.5.18+dfsg-0ubuntu0.22.04.2) over (2.5.14+dfsg-0ubuntu0.22.04.2) ...
    vagrant: Preparing to unpack .../1-libnghttp2-14_1.43.0-1ubuntu0.2_amd64.deb ...
    vagrant: Unpacking libnghttp2-14:amd64 (1.43.0-1ubuntu0.2) over (1.43.0-1build3) ...
    vagrant: Preparing to unpack .../2-libssh-4_0.9.6-2ubuntu0.22.04.3_amd64.deb ...
    vagrant: Unpacking libssh-4:amd64 (0.9.6-2ubuntu0.22.04.3) over (0.9.6-2build1) ...
    vagrant: Preparing to unpack .../3-libcurl3-gnutls_7.81.0-1ubuntu1.17_amd64.deb ...
    vagrant: Unpacking libcurl3-gnutls:amd64 (7.81.0-1ubuntu1.17) over (7.81.0-1ubuntu1.10) ...
    vagrant: Preparing to unpack .../4-git-man_1%3a2.34.1-1ubuntu1.11_all.deb ...
    vagrant: Unpacking git-man (1:2.34.1-1ubuntu1.11) over (1:2.34.1-1ubuntu1.9) ...
    vagrant: Preparing to unpack .../5-git_1%3a2.34.1-1ubuntu1.11_amd64.deb ...
    vagrant: Unpacking git (1:2.34.1-1ubuntu1.11) over (1:2.34.1-1ubuntu1.9) ...
    vagrant: Preparing to unpack .../6-passwd_1%3a4.8.1-2ubuntu2.2_amd64.deb ...
    vagrant: Unpacking passwd (1:4.8.1-2ubuntu2.2) over (1:4.8.1-2ubuntu2.1) ...
    vagrant: Setting up passwd (1:4.8.1-2ubuntu2.2) ...
    vagrant: (Reading database ... 63881 files and directories currently installed.)
    vagrant: Preparing to unpack .../000-openssh-sftp-server_1%3a8.9p1-3ubuntu0.10_amd64.deb ...
    vagrant: Unpacking openssh-sftp-server (1:8.9p1-3ubuntu0.10) over (1:8.9p1-3ubuntu0.1) ...
    vagrant: Preparing to unpack .../001-openssh-server_1%3a8.9p1-3ubuntu0.10_amd64.deb ...
    vagrant: Unpacking openssh-server (1:8.9p1-3ubuntu0.10) over (1:8.9p1-3ubuntu0.1) ...
    vagrant: Preparing to unpack .../002-openssh-client_1%3a8.9p1-3ubuntu0.10_amd64.deb ...
    vagrant: Unpacking openssh-client (1:8.9p1-3ubuntu0.10) over (1:8.9p1-3ubuntu0.1) ...
    vagrant: Preparing to unpack .../003-libprocps8_2%3a3.3.17-6ubuntu2.1_amd64.deb ...
    vagrant: Unpacking libprocps8:amd64 (2:3.3.17-6ubuntu2.1) over (2:3.3.17-6ubuntu2) ...
    vagrant: Preparing to unpack .../004-procps_2%3a3.3.17-6ubuntu2.1_amd64.deb ...
    vagrant: Unpacking procps (2:3.3.17-6ubuntu2.1) over (2:3.3.17-6ubuntu2) ...
    vagrant: Preparing to unpack .../005-python-apt-common_2.4.0ubuntu3_all.deb ...
    vagrant: Unpacking python-apt-common (2.4.0ubuntu3) over (2.4.0ubuntu1) ...
    vagrant: Preparing to unpack .../006-distro-info-data_0.52ubuntu0.7_all.deb ...
    vagrant: Unpacking distro-info-data (0.52ubuntu0.7) over (0.52ubuntu0.4) ...
    vagrant: Preparing to unpack .../007-python3-apt_2.4.0ubuntu3_amd64.deb ...
    vagrant: Unpacking python3-apt (2.4.0ubuntu3) over (2.4.0ubuntu1) ...
    vagrant: Preparing to unpack .../008-python3-debian_0.1.43ubuntu1.1_all.deb ...
    vagrant: Unpacking python3-debian (0.1.43ubuntu1.1) over (0.1.43ubuntu1) ...
    vagrant: Preparing to unpack .../009-python3-distro-info_1.1ubuntu0.2_all.deb ...
    vagrant: Unpacking python3-distro-info (1.1ubuntu0.2) over (1.1build1) ...
    vagrant: Preparing to unpack .../010-update-notifier-common_3.192.54.8_all.deb ...
    vagrant: Unpacking update-notifier-common (3.192.54.8) over (3.192.54.6) ...
    vagrant: Preparing to unpack .../011-libxml2_2.9.13+dfsg-1ubuntu0.4_amd64.deb ...
    vagrant: Unpacking libxml2:amd64 (2.9.13+dfsg-1ubuntu0.4) over (2.9.13+dfsg-1ubuntu0.3) ...
    vagrant: Preparing to unpack .../012-open-vm-tools_2%3a12.3.5-3~ubuntu0.22.04.1_amd64.deb ...
    vagrant: Unpacking open-vm-tools (2:12.3.5-3~ubuntu0.22.04.1) over (2:12.1.0-1~ubuntu0.22.04.1) ...
    vagrant: Preparing to unpack .../013-libss2_1.46.5-2ubuntu1.2_amd64.deb ...
    vagrant: Unpacking libss2:amd64 (1.46.5-2ubuntu1.2) over (1.46.5-2ubuntu1.1) ...
    vagrant: Preparing to unpack .../014-openssl_3.0.2-0ubuntu1.18_amd64.deb ...
    vagrant: Unpacking openssl (3.0.2-0ubuntu1.18) over (3.0.2-0ubuntu1.9) ...
    vagrant: Preparing to unpack .../015-ca-certificates_20230311ubuntu0.22.04.1_all.deb ...
    vagrant: Unpacking ca-certificates (20230311ubuntu0.22.04.1) over (20211016ubuntu0.22.04.1) ...
    vagrant: Preparing to unpack .../016-distro-info_1.1ubuntu0.2_amd64.deb ...
    vagrant: Unpacking distro-info (1.1ubuntu0.2) over (1.1build1) ...
    vagrant: Preparing to unpack .../017-eject_2.37.2-4ubuntu3.4_amd64.deb ...
    vagrant: Unpacking eject (2.37.2-4ubuntu3.4) over (2.37.2-4ubuntu3) ...
    vagrant: Preparing to unpack .../018-less_590-1ubuntu0.22.04.3_amd64.deb ...
    vagrant: Unpacking less (590-1ubuntu0.22.04.3) over (590-1ubuntu0.22.04.1) ...
    vagrant: Preparing to unpack .../019-libpam-cap_1%3a2.44-1ubuntu0.22.04.1_amd64.deb ...
    vagrant: debconf: unable to initialize frontend: Dialog
    vagrant: debconf: (Dialog frontend will not work on a dumb terminal, an emacs shell buffer, or without a controlling terminal.)
    vagrant: debconf: falling back to frontend: Readline
    vagrant: Unpacking libpam-cap:amd64 (1:2.44-1ubuntu0.22.04.1) over (1:2.44-1build3) ...
    vagrant: Preparing to unpack .../020-libcap2-bin_1%3a2.44-1ubuntu0.22.04.1_amd64.deb ...
    vagrant: Unpacking libcap2-bin (1:2.44-1ubuntu0.22.04.1) over (1:2.44-1build3) ...
    vagrant: Preparing to unpack .../021-netplan.io_0.106.1-7ubuntu0.22.04.4_amd64.deb ...
    vagrant: Unpacking netplan.io (0.106.1-7ubuntu0.22.04.4) over (0.105-0ubuntu2~22.04.3) ...
    vagrant: Preparing to unpack .../022-libnetplan0_0.106.1-7ubuntu0.22.04.4_amd64.deb ...
    vagrant: Unpacking libnetplan0:amd64 (0.106.1-7ubuntu0.22.04.4) over (0.105-0ubuntu2~22.04.3) ...
    vagrant: Preparing to unpack .../023-locales_2.35-0ubuntu3.8_all.deb ...
    vagrant: Unpacking locales (2.35-0ubuntu3.8) over (2.35-0ubuntu3.1) ...
    vagrant: Preparing to unpack .../024-tzdata_2024a-0ubuntu0.22.04.1_all.deb ...
    vagrant: Unpacking tzdata (2024a-0ubuntu0.22.04.1) over (2023c-0ubuntu0.22.04.1) ...
    vagrant: Preparing to unpack .../025-xxd_2%3a8.2.3995-1ubuntu2.17_amd64.deb ...
    vagrant: Unpacking xxd (2:8.2.3995-1ubuntu2.17) over (2:8.2.3995-1ubuntu2.7) ...
    vagrant: Preparing to unpack .../026-vim_2%3a8.2.3995-1ubuntu2.17_amd64.deb ...
    vagrant: Unpacking vim (2:8.2.3995-1ubuntu2.17) over (2:8.2.3995-1ubuntu2.7) ...
    vagrant: Preparing to unpack .../027-vim-tiny_2%3a8.2.3995-1ubuntu2.17_amd64.deb ...
    vagrant: Unpacking vim-tiny (2:8.2.3995-1ubuntu2.17) over (2:8.2.3995-1ubuntu2.7) ...
    vagrant: Preparing to unpack .../028-vim-runtime_2%3a8.2.3995-1ubuntu2.17_all.deb ...
    vagrant: Unpacking vim-runtime (2:8.2.3995-1ubuntu2.17) over (2:8.2.3995-1ubuntu2.7) ...
    vagrant: Preparing to unpack .../029-vim-common_2%3a8.2.3995-1ubuntu2.17_all.deb ...
    vagrant: Unpacking vim-common (2:8.2.3995-1ubuntu2.17) over (2:8.2.3995-1ubuntu2.7) ...
    vagrant: Preparing to unpack .../030-ubuntu-minimal_1.481.3_amd64.deb ...
    vagrant: Unpacking ubuntu-minimal (1.481.3) over (1.481) ...
    vagrant: Preparing to unpack .../031-apparmor_3.0.4-2ubuntu2.3build2_amd64.deb ...
    vagrant: Unpacking apparmor (3.0.4-2ubuntu2.3build2) over (3.0.4-2ubuntu2.2) ...
    vagrant: Preparing to unpack .../032-libuv1_1.43.0-1ubuntu0.1_amd64.deb ...
    vagrant: Unpacking libuv1:amd64 (1.43.0-1ubuntu0.1) over (1.43.0-1) ...
    vagrant: Preparing to unpack .../033-bind9-dnsutils_1%3a9.18.28-0ubuntu0.22.04.1_amd64.deb ...
    vagrant: Unpacking bind9-dnsutils (1:9.18.28-0ubuntu0.22.04.1) over (1:9.18.12-0ubuntu0.22.04.1) ...
    vagrant: Preparing to unpack .../034-bind9-host_1%3a9.18.28-0ubuntu0.22.04.1_amd64.deb ...
    vagrant: Unpacking bind9-host (1:9.18.28-0ubuntu0.22.04.1) over (1:9.18.12-0ubuntu0.22.04.1) ...
    vagrant: Preparing to unpack .../035-bind9-libs_1%3a9.18.28-0ubuntu0.22.04.1_amd64.deb ...
    vagrant: Unpacking bind9-libs:amd64 (1:9.18.28-0ubuntu0.22.04.1) over (1:9.18.12-0ubuntu0.22.04.1) ...
    vagrant: Preparing to unpack .../036-bsdextrautils_2.37.2-4ubuntu3.4_amd64.deb ...
    vagrant: Unpacking bsdextrautils (2.37.2-4ubuntu3.4) over (2.37.2-4ubuntu3) ...
    vagrant: Preparing to unpack .../037-busybox-static_1%3a1.30.1-7ubuntu3.1_amd64.deb ...
    vagrant: Unpacking busybox-static (1:1.30.1-7ubuntu3.1) over (1:1.30.1-7ubuntu3) ...
    vagrant: Preparing to unpack .../038-file_1%3a5.41-3ubuntu0.1_amd64.deb ...
    vagrant: Unpacking file (1:5.41-3ubuntu0.1) over (1:5.41-3) ...
    vagrant: Preparing to unpack .../039-libmagic1_1%3a5.41-3ubuntu0.1_amd64.deb ...
    vagrant: Unpacking libmagic1:amd64 (1:5.41-3ubuntu0.1) over (1:5.41-3) ...
    vagrant: Preparing to unpack .../040-libmagic-mgc_1%3a5.41-3ubuntu0.1_amd64.deb ...
    vagrant: Unpacking libmagic-mgc (1:5.41-3ubuntu0.1) over (1:5.41-3) ...
    vagrant: Preparing to unpack .../041-libx11-data_2%3a1.7.5-1ubuntu0.3_all.deb ...
    vagrant: Unpacking libx11-data (2:1.7.5-1ubuntu0.3) over (2:1.7.5-1) ...
    vagrant: Preparing to unpack .../042-libx11-6_2%3a1.7.5-1ubuntu0.3_amd64.deb ...
    vagrant: Unpacking libx11-6:amd64 (2:1.7.5-1ubuntu0.3) over (2:1.7.5-1) ...
    vagrant: Preparing to unpack .../043-ubuntu-release-upgrader-core_1%3a22.04.19_all.deb ...
    vagrant: Unpacking ubuntu-release-upgrader-core (1:22.04.19) over (1:22.04.16) ...
    vagrant: Preparing to unpack .../044-python3-distupgrade_1%3a22.04.19_all.deb ...
    vagrant: Unpacking python3-distupgrade (1:22.04.19) over (1:22.04.16) ...
    vagrant: Preparing to unpack .../045-python3-gdbm_3.10.8-1~22.04_amd64.deb ...
    vagrant: Unpacking python3-gdbm:amd64 (3.10.8-1~22.04) over (3.10.6-1~22.04) ...
    vagrant: Preparing to unpack .../046-tcpdump_4.99.1-3ubuntu0.2_amd64.deb ...
    vagrant: Unpacking tcpdump (4.99.1-3ubuntu0.2) over (4.99.1-3ubuntu0.1) ...
    vagrant: Preparing to unpack .../047-wget_1.21.2-2ubuntu1.1_amd64.deb ...
    vagrant: Unpacking wget (1.21.2-2ubuntu1.1) over (1.21.2-2ubuntu1) ...
    vagrant: Preparing to unpack .../048-ubuntu-standard_1.481.3_amd64.deb ...
    vagrant: Unpacking ubuntu-standard (1.481.3) over (1.481) ...
    vagrant: Preparing to unpack .../049-ufw_0.36.1-4ubuntu0.1_all.deb ...
    vagrant: Unpacking ufw (0.36.1-4ubuntu0.1) over (0.36.1-4build1) ...
    vagrant: Preparing to unpack .../050-grub-pc_2.06-2ubuntu7.2_amd64.deb ...
    vagrant: Unpacking grub-pc (2.06-2ubuntu7.2) over (2.06-2ubuntu7.1) ...
    vagrant: Preparing to unpack .../051-grub2-common_2.06-2ubuntu7.2_amd64.deb ...
    vagrant: Unpacking grub2-common (2.06-2ubuntu7.2) over (2.06-2ubuntu7.1) ...
    vagrant: Preparing to unpack .../052-grub-pc-bin_2.06-2ubuntu7.2_amd64.deb ...
    vagrant: Unpacking grub-pc-bin (2.06-2ubuntu7.2) over (2.06-2ubuntu7.1) ...
    vagrant: Preparing to unpack .../053-grub-common_2.06-2ubuntu7.2_amd64.deb ...
    vagrant: Unpacking grub-common (2.06-2ubuntu7.2) over (2.06-2ubuntu7.1) ...
    vagrant: Preparing to unpack .../054-python3-problem-report_2.20.11-0ubuntu82.6_all.deb ...
    vagrant: Unpacking python3-problem-report (2.20.11-0ubuntu82.6) over (2.20.11-0ubuntu82.4) ...
    vagrant: Preparing to unpack .../055-python3-apport_2.20.11-0ubuntu82.6_all.deb ...
    vagrant: Unpacking python3-apport (2.20.11-0ubuntu82.6) over (2.20.11-0ubuntu82.4) ...
    vagrant: Preparing to unpack .../056-apport_2.20.11-0ubuntu82.6_all.deb ...
    vagrant: Unpacking apport (2.20.11-0ubuntu82.6) over (2.20.11-0ubuntu82.4) ...
    vagrant: Preparing to unpack .../057-libctf0_2.38-4ubuntu2.6_amd64.deb ...
    vagrant: Unpacking libctf0:amd64 (2.38-4ubuntu2.6) over (2.38-4ubuntu2.1) ...
    vagrant: Preparing to unpack .../058-libctf-nobfd0_2.38-4ubuntu2.6_amd64.deb ...
    vagrant: Unpacking libctf-nobfd0:amd64 (2.38-4ubuntu2.6) over (2.38-4ubuntu2.1) ...
    vagrant: Preparing to unpack .../059-binutils-x86-64-linux-gnu_2.38-4ubuntu2.6_amd64.deb ...
    vagrant: Unpacking binutils-x86-64-linux-gnu (2.38-4ubuntu2.6) over (2.38-4ubuntu2.1) ...
    vagrant: Preparing to unpack .../060-libbinutils_2.38-4ubuntu2.6_amd64.deb ...
    vagrant: Unpacking libbinutils:amd64 (2.38-4ubuntu2.6) over (2.38-4ubuntu2.1) ...
    vagrant: Preparing to unpack .../061-binutils_2.38-4ubuntu2.6_amd64.deb ...
    vagrant: Unpacking binutils (2.38-4ubuntu2.6) over (2.38-4ubuntu2.1) ...
    vagrant: Preparing to unpack .../062-binutils-common_2.38-4ubuntu2.6_amd64.deb ...
    vagrant: Unpacking binutils-common:amd64 (2.38-4ubuntu2.6) over (2.38-4ubuntu2.1) ...
    vagrant: Preparing to unpack .../063-cryptsetup-initramfs_2%3a2.4.3-1ubuntu1.2_all.deb ...
    vagrant: debconf: unable to initialize frontend: Dialog
    vagrant: debconf: (Dialog frontend will not work on a dumb terminal, an emacs shell buffer, or without a controlling terminal.)
    vagrant: debconf: falling back to frontend: Readline
    vagrant: Unpacking cryptsetup-initramfs (2:2.4.3-1ubuntu1.2) over (2:2.4.3-1ubuntu1.1) ...
    vagrant: Preparing to unpack .../064-cryptsetup-bin_2%3a2.4.3-1ubuntu1.2_amd64.deb ...
    vagrant: Unpacking cryptsetup-bin (2:2.4.3-1ubuntu1.2) over (2:2.4.3-1ubuntu1.1) ...
    vagrant: Preparing to unpack .../065-cryptsetup_2%3a2.4.3-1ubuntu1.2_amd64.deb ...
    vagrant: debconf: unable to initialize frontend: Dialog
    vagrant: debconf: (Dialog frontend will not work on a dumb terminal, an emacs shell buffer, or without a controlling terminal.)
    vagrant: debconf: falling back to frontend: Readline
    vagrant: Unpacking cryptsetup (2:2.4.3-1ubuntu1.2) over (2:2.4.3-1ubuntu1.1) ...
    vagrant: Preparing to unpack .../066-curl_7.81.0-1ubuntu1.17_amd64.deb ...
    vagrant: Unpacking curl (7.81.0-1ubuntu1.17) over (7.81.0-1ubuntu1.10) ...
    vagrant: Preparing to unpack .../067-libcurl4_7.81.0-1ubuntu1.17_amd64.deb ...
    vagrant: Unpacking libcurl4:amd64 (7.81.0-1ubuntu1.17) over (7.81.0-1ubuntu1.10) ...
    vagrant: Preparing to unpack .../068-ethtool_1%3a5.16-1ubuntu0.1_amd64.deb ...
    vagrant: Unpacking ethtool (1:5.16-1ubuntu0.1) over (1:5.16-1) ...
    vagrant: Preparing to unpack .../069-libfdisk1_2.37.2-4ubuntu3.4_amd64.deb ...
    vagrant: Unpacking libfdisk1:amd64 (2.37.2-4ubuntu3.4) over (2.37.2-4ubuntu3) ...
    vagrant: Preparing to unpack .../070-fdisk_2.37.2-4ubuntu3.4_amd64.deb ...
    vagrant: Unpacking fdisk (2.37.2-4ubuntu3.4) over (2.37.2-4ubuntu3) ...
    vagrant: Preparing to unpack .../071-fwupd-signed_1.51.1~22.04.1+1.4-0ubuntu0.1_amd64.deb ...
    vagrant: Unpacking fwupd-signed (1.51.1~22.04.1+1.4-0ubuntu0.1) over (1.51~22.04.1+1.2-3ubuntu0.2) ...
    vagrant: Preparing to unpack .../072-python3-cryptography_3.4.8-1ubuntu2.2_amd64.deb ...
    vagrant: Unpacking python3-cryptography (3.4.8-1ubuntu2.2) over (3.4.8-1ubuntu2) ...
    vagrant: Preparing to unpack .../073-python3-idna_3.3-1ubuntu0.1_all.deb ...
    vagrant: Unpacking python3-idna (3.3-1ubuntu0.1) over (3.3-1) ...
    vagrant: Preparing to unpack .../074-python3-twisted_22.1.0-2ubuntu2.4_all.deb ...
    vagrant: Unpacking python3-twisted (22.1.0-2ubuntu2.4) over (22.1.0-2ubuntu2.3) ...
    vagrant: Preparing to unpack .../075-landscape-common_23.02-0ubuntu1~22.04.3_amd64.deb ...
    vagrant: Unpacking landscape-common (23.02-0ubuntu1~22.04.3) over (19.12-0ubuntu13) ...
    vagrant: Preparing to unpack .../076-libarchive13_3.6.0-1ubuntu1.1_amd64.deb ...
    vagrant: Unpacking libarchive13:amd64 (3.6.0-1ubuntu1.1) over (3.6.0-1ubuntu1) ...
    vagrant: Preparing to unpack .../077-libfwupdplugin5_1.7.9-1~22.04.3_amd64.deb ...
    vagrant: Unpacking libfwupdplugin5:amd64 (1.7.9-1~22.04.3) over (1.7.9-1~22.04.1) ...
    vagrant: Preparing to unpack .../078-libfwupd2_1.7.9-1~22.04.3_amd64.deb ...
    vagrant: Unpacking libfwupd2:amd64 (1.7.9-1~22.04.3) over (1.7.9-1~22.04.1) ...
    vagrant: Preparing to unpack .../079-libgpgme11_1.16.0-1.2ubuntu4.2_amd64.deb ...
    vagrant: Unpacking libgpgme11:amd64 (1.16.0-1.2ubuntu4.2) over (1.16.0-1.2ubuntu4) ...
    vagrant: Preparing to unpack .../080-libldap-common_2.5.18+dfsg-0ubuntu0.22.04.2_all.deb ...
    vagrant: Unpacking libldap-common (2.5.18+dfsg-0ubuntu0.22.04.2) over (2.5.14+dfsg-0ubuntu0.22.04.2) ...
    vagrant: Preparing to unpack .../081-libmm-glib0_1.20.0-1~ubuntu22.04.3_amd64.deb ...
    vagrant: Unpacking libmm-glib0:amd64 (1.20.0-1~ubuntu22.04.3) over (1.20.0-1~ubuntu22.04.1) ...
    vagrant: Preparing to unpack .../082-libnspr4_2%3a4.35-0ubuntu0.22.04.1_amd64.deb ...
    vagrant: Unpacking libnspr4:amd64 (2:4.35-0ubuntu0.22.04.1) over (2:4.32-3build1) ...
    vagrant: Preparing to unpack .../083-libnss3_2%3a3.98-0ubuntu0.22.04.2_amd64.deb ...
    vagrant: Unpacking libnss3:amd64 (2:3.98-0ubuntu0.22.04.2) over (2:3.68.2-0ubuntu1.2) ...
    vagrant: Preparing to unpack .../084-libsgutils2-2_1.46-1ubuntu0.22.04.1_amd64.deb ...
    vagrant: Unpacking libsgutils2-2:amd64 (1.46-1ubuntu0.22.04.1) over (1.46-1build1) ...
    vagrant: Preparing to unpack .../085-libtss2-mu0_3.2.0-1ubuntu1.1_amd64.deb ...
    vagrant: Unpacking libtss2-mu0:amd64 (3.2.0-1ubuntu1.1) over (3.2.0-1ubuntu1) ...
    vagrant: Preparing to unpack .../086-libtss2-tcti-cmd0_3.2.0-1ubuntu1.1_amd64.deb ...
    vagrant: Unpacking libtss2-tcti-cmd0:amd64 (3.2.0-1ubuntu1.1) over (3.2.0-1ubuntu1) ...
    vagrant: Preparing to unpack .../087-libtss2-tcti-device0_3.2.0-1ubuntu1.1_amd64.deb ...
    vagrant: Unpacking libtss2-tcti-device0:amd64 (3.2.0-1ubuntu1.1) over (3.2.0-1ubuntu1) ...
    vagrant: Preparing to unpack .../088-libtss2-tcti-mssim0_3.2.0-1ubuntu1.1_amd64.deb ...
    vagrant: Unpacking libtss2-tcti-mssim0:amd64 (3.2.0-1ubuntu1.1) over (3.2.0-1ubuntu1) ...
    vagrant: Preparing to unpack .../089-libtss2-tcti-swtpm0_3.2.0-1ubuntu1.1_amd64.deb ...
    vagrant: Unpacking libtss2-tcti-swtpm0:amd64 (3.2.0-1ubuntu1.1) over (3.2.0-1ubuntu1) ...
    vagrant: Preparing to unpack .../090-libtss2-sys1_3.2.0-1ubuntu1.1_amd64.deb ...
    vagrant: Unpacking libtss2-sys1:amd64 (3.2.0-1ubuntu1.1) over (3.2.0-1ubuntu1) ...
    vagrant: Preparing to unpack .../091-libtss2-esys-3.0.2-0_3.2.0-1ubuntu1.1_amd64.deb ...
    vagrant: Unpacking libtss2-esys-3.0.2-0:amd64 (3.2.0-1ubuntu1.1) over (3.2.0-1ubuntu1) ...
    vagrant: Preparing to unpack .../092-libunwind8_1.3.2-2build2.1_amd64.deb ...
    vagrant: Unpacking libunwind8:amd64 (1.3.2-2build2.1) over (1.3.2-2build2) ...
    vagrant: Preparing to unpack .../093-mdadm_4.2-0ubuntu2_amd64.deb ...
    vagrant: Unpacking mdadm (4.2-0ubuntu2) over (4.2-0ubuntu1) ...
    vagrant: Preparing to unpack .../094-ncurses-term_6.3-2ubuntu0.1_all.deb ...
    vagrant: Unpacking ncurses-term (6.3-2ubuntu0.1) over (6.3-2) ...
    vagrant: Preparing to unpack .../095-python3-jinja2_3.0.3-1ubuntu0.2_all.deb ...
    vagrant: Unpacking python3-jinja2 (3.0.3-1ubuntu0.2) over (3.0.3-1) ...
    vagrant: Preparing to unpack .../096-python3-urllib3_1.26.5-1~exp1ubuntu0.1_all.deb ...
    vagrant: Unpacking python3-urllib3 (1.26.5-1~exp1ubuntu0.1) over (1.26.5-1~exp1) ...
    vagrant: Preparing to unpack .../097-python3-requests_2.25.1+dfsg-2ubuntu0.1_all.deb ...
    vagrant: Unpacking python3-requests (2.25.1+dfsg-2ubuntu0.1) over (2.25.1+dfsg-2) ...
    vagrant: Preparing to unpack .../098-software-properties-common_0.99.22.9_all.deb ...
    vagrant: Unpacking software-properties-common (0.99.22.9) over (0.99.22.6) ...
    vagrant: Preparing to unpack .../099-python3-software-properties_0.99.22.9_all.deb ...
    vagrant: Unpacking python3-software-properties (0.99.22.9) over (0.99.22.6) ...
    vagrant: Preparing to unpack .../100-python3-zipp_1.0.0-3ubuntu0.1_all.deb ...
    vagrant: Unpacking python3-zipp (1.0.0-3ubuntu0.1) over (1.0.0-3) ...
    vagrant: Preparing to unpack .../101-sg3-utils_1.46-1ubuntu0.22.04.1_amd64.deb ...
    vagrant: Unpacking sg3-utils (1.46-1ubuntu0.22.04.1) over (1.46-1build1) ...
    vagrant: Preparing to unpack .../102-sg3-utils-udev_1.46-1ubuntu0.22.04.1_all.deb ...
    vagrant: Unpacking sg3-utils-udev (1.46-1ubuntu0.22.04.1) over (1.46-1build1) ...
    vagrant: Preparing to unpack .../103-snapd_2.63+22.04ubuntu0.1_amd64.deb ...
    vagrant: Unpacking snapd (2.63+22.04ubuntu0.1) over (2.58+22.04) ...
    vagrant: Preparing to unpack .../104-sosreport_4.5.6-0ubuntu1~22.04.2_amd64.deb ...
    vagrant: Unpacking sosreport (4.5.6-0ubuntu1~22.04.2) over (4.4-1ubuntu1.22.04.1) ...
    vagrant: Preparing to unpack .../105-systemd-hwe-hwdb_249.11.5_all.deb ...
    vagrant: Unpacking systemd-hwe-hwdb (249.11.5) over (249.11.3) ...
    vagrant: Preparing to unpack .../106-kpartx_0.8.8-1ubuntu1.22.04.4_amd64.deb ...
    vagrant: Unpacking kpartx (0.8.8-1ubuntu1.22.04.4) over (0.8.8-1ubuntu1.22.04.1) ...
    vagrant: Preparing to unpack .../107-multipath-tools_0.8.8-1ubuntu1.22.04.4_amd64.deb ...
    vagrant: Unpacking multipath-tools (0.8.8-1ubuntu1.22.04.4) over (0.8.8-1ubuntu1.22.04.1) ...
    vagrant: Preparing to unpack .../108-ubuntu-server_1.481.3_amd64.deb ...
    vagrant: Unpacking ubuntu-server (1.481.3) over (1.481) ...
    vagrant: Preparing to unpack .../109-cloud-init_24.2-0ubuntu1~22.04.1_all.deb ...
    vagrant: Unpacking cloud-init (24.2-0ubuntu1~22.04.1) over (23.1.2-0ubuntu0~22.04.1) ...
    vagrant: dpkg: warning: unable to delete old directory '/etc/NetworkManager/dispatcher.d': Directory not empty
    vagrant: dpkg: warning: unable to delete old directory '/etc/NetworkManager': Directory not empty
    vagrant: Setting up libip4tc2:amd64 (1.8.7-1ubuntu5.2) ...
    vagrant: Setting up libexpat1:amd64 (2.4.7-1ubuntu0.3) ...
    vagrant: Setting up cpio (2.13+dfsg-7ubuntu0.1) ...
    vagrant: Setting up motd-news-config (12ubuntu4.6) ...
    vagrant: Setting up tcpdump (4.99.1-3ubuntu0.2) ...
    vagrant: Installing new version of config file /etc/apparmor.d/usr.bin.tcpdump ...
    vagrant: Setting up libapparmor1:amd64 (3.0.4-2ubuntu2.3build2) ...
    vagrant: Setting up apt-utils (2.4.12) ...
    vagrant: Setting up libsgutils2-2:amd64 (1.46-1ubuntu0.22.04.1) ...
    vagrant: Setting up bsdextrautils (2.37.2-4ubuntu3.4) ...
    vagrant: Setting up wget (1.21.2-2ubuntu1.1) ...
    vagrant: Setting up libmagic-mgc (1:5.41-3ubuntu0.1) ...
    vagrant: Setting up gawk (1:5.1.0-1ubuntu0.1) ...
    vagrant: Setting up libip6tc2:amd64 (1.8.7-1ubuntu5.2) ...
    vagrant: Setting up libglib2.0-0:amd64 (2.72.4-0ubuntu2.3) ...
    vagrant: No schema files found: doing nothing.
    vagrant: Setting up distro-info-data (0.52ubuntu0.7) ...
    vagrant: Setting up openssh-client (1:8.9p1-3ubuntu0.10) ...
    vagrant: Setting up libsqlite3-0:amd64 (3.37.2-2ubuntu0.3) ...
    vagrant: Setting up libtss2-mu0:amd64 (3.2.0-1ubuntu1.1) ...
    vagrant: Setting up libtss2-tcti-swtpm0:amd64 (3.2.0-1ubuntu1.1) ...
    vagrant: Setting up binutils-common:amd64 (2.38-4ubuntu2.6) ...
    vagrant: Setting up libnghttp2-14:amd64 (1.43.0-1ubuntu0.2) ...
    vagrant: Setting up libmagic1:amd64 (1:5.41-3ubuntu0.1) ...
    vagrant: Setting up less (590-1ubuntu0.22.04.3) ...
    vagrant: Setting up libctf-nobfd0:amd64 (2.38-4ubuntu2.6) ...
    vagrant: Setting up libnetplan0:amd64 (0.106.1-7ubuntu0.22.04.4) ...
    vagrant: Setting up fwupd-signed (1.51.1~22.04.1+1.4-0ubuntu0.1) ...
    vagrant: Setting up file (1:5.41-3ubuntu0.1) ...
    vagrant: Setting up perl-modules-5.34 (5.34.0-3ubuntu1.3) ...
    vagrant: Setting up locales (2.35-0ubuntu3.8) ...
    vagrant: debconf: unable to initialize frontend: Dialog
    vagrant: debconf: (Dialog frontend will not work on a dumb terminal, an emacs shell buffer, or without a controlling terminal.)
    vagrant: debconf: falling back to frontend: Readline
    vagrant: Generating locales (this might take a while)...
    vagrant:   en_US.UTF-8... done
    vagrant: Generation complete.
    vagrant: Setting up libldap-common (2.5.18+dfsg-0ubuntu0.22.04.2) ...
    vagrant: Setting up libunwind8:amd64 (1.3.2-2build2.1) ...
    vagrant: Setting up libgpgme11:amd64 (1.16.0-1.2ubuntu4.2) ...
    vagrant: Setting up libldap-2.5-0:amd64 (2.5.18+dfsg-0ubuntu0.22.04.2) ...
    vagrant: Setting up xxd (2:8.2.3995-1ubuntu2.17) ...
    vagrant: Setting up libtss2-tcti-device0:amd64 (3.2.0-1ubuntu1.1) ...
    vagrant: Setting up tzdata (2024a-0ubuntu0.22.04.1) ...
    vagrant: debconf: unable to initialize frontend: Dialog
    vagrant: debconf: (Dialog frontend will not work on a dumb terminal, an emacs shell buffer, or without a controlling terminal.)
    vagrant: debconf: falling back to frontend: Readline
    vagrant:
    vagrant: Current default time zone: 'Etc/UTC'
    vagrant: Local time is now:      Wed Sep  4 03:04:39 UTC 2024.
    vagrant: Universal Time is now:  Wed Sep  4 03:04:39 UTC 2024.
    vagrant: Run 'dpkg-reconfigure tzdata' if you wish to change it.
    vagrant:
    vagrant: Setting up libcap2-bin (1:2.44-1ubuntu0.22.04.1) ...
    vagrant: Setting up eject (2.37.2-4ubuntu3.4) ...
    vagrant: Setting up grub-common (2.06-2ubuntu7.2) ...
    vagrant: Installing new version of config file /etc/grub.d/20_linux_xen ...
    vagrant: update-rc.d: warning: start and stop actions are no longer supported; falling back to defaults
    vagrant: Setting up apparmor (3.0.4-2ubuntu2.3build2) ...
    vagrant: debconf: unable to initialize frontend: Dialog
    vagrant: debconf: (Dialog frontend will not work on a dumb terminal, an emacs shell buffer, or without a controlling terminal.)
    vagrant: debconf: falling back to frontend: Readline
    vagrant: Reloading AppArmor profiles
    vagrant: Skipping profile in /etc/apparmor.d/disable: usr.sbin.rsyslogd
    vagrant: Setting up libklibc:amd64 (2.0.10-4ubuntu0.1) ...
    vagrant: Setting up libtss2-tcti-cmd0:amd64 (3.2.0-1ubuntu1.1) ...
    vagrant: Setting up libglib2.0-data (2.72.4-0ubuntu2.3) ...
    vagrant: Setting up libuv1:amd64 (1.43.0-1ubuntu0.1) ...
    vagrant: Setting up vim-common (2:8.2.3995-1ubuntu2.17) ...
    vagrant: Setting up busybox-static (1:1.30.1-7ubuntu3.1) ...
    vagrant: Setting up libx11-data (2:1.7.5-1ubuntu0.3) ...
    vagrant: Setting up libnspr4:amd64 (2:4.35-0ubuntu0.22.04.1) ...
    vagrant: Setting up libncurses6:amd64 (6.3-2ubuntu0.1) ...
    vagrant: Setting up udev (249.11-0ubuntu3.12) ...
    vagrant: Setting up libss2:amd64 (1.46.5-2ubuntu1.2) ...
    vagrant: Setting up libpython3.10-minimal:amd64 (3.10.12-1~22.04.5) ...
    vagrant: Setting up libtss2-tcti-mssim0:amd64 (3.2.0-1ubuntu1.1) ...
    vagrant: Setting up libncursesw6:amd64 (6.3-2ubuntu0.1) ...
    vagrant: Setting up busybox-initramfs (1:1.30.1-7ubuntu3.1) ...
    vagrant: Setting up libxtables12:amd64 (1.8.7-1ubuntu5.2) ...
    vagrant: Setting up logsave (1.46.5-2ubuntu1.2) ...
    vagrant: Setting up libssh-4:amd64 (0.9.6-2ubuntu0.22.04.3) ...
    vagrant: Setting up libfdisk1:amd64 (2.37.2-4ubuntu3.4) ...
    vagrant: Setting up systemd-hwe-hwdb (249.11.5) ...
    vagrant: Setting up python-apt-common (2.4.0ubuntu3) ...
    vagrant: Setting up mount (2.37.2-4ubuntu3.4) ...
    vagrant: Setting up uuid-runtime (2.37.2-4ubuntu3.4) ...
    vagrant: uuidd.service is a disabled or a static unit not running, not starting it.
    vagrant: Setting up libmm-glib0:amd64 (1.20.0-1~ubuntu22.04.3) ...
    vagrant: Setting up kpartx (0.8.8-1ubuntu1.22.04.4) ...
    vagrant: Setting up libcurl4:amd64 (7.81.0-1ubuntu1.17) ...
    vagrant: Setting up git-man (1:2.34.1-1ubuntu1.11) ...
    vagrant: Setting up libx11-6:amd64 (2:1.7.5-1ubuntu0.3) ...
    vagrant: Setting up curl (7.81.0-1ubuntu1.17) ...
    vagrant: Setting up libbinutils:amd64 (2.38-4ubuntu2.6) ...
    vagrant: Setting up vim-runtime (2:8.2.3995-1ubuntu2.17) ...
    vagrant: Setting up klibc-utils (2.0.10-4ubuntu0.1) ...
    vagrant: Setting up openssl (3.0.2-0ubuntu1.18) ...
    vagrant: Setting up libpam-cap:amd64 (1:2.44-1ubuntu0.22.04.1) ...
    vagrant: debconf: unable to initialize frontend: Dialog
    vagrant: debconf: (Dialog frontend will not work on a dumb terminal, an emacs shell buffer, or without a controlling terminal.)
    vagrant: debconf: falling back to frontend: Readline
    vagrant: Setting up libjson-c5:amd64 (0.15-3~ubuntu1.22.04.2) ...
    vagrant: Setting up libxml2:amd64 (2.9.13+dfsg-1ubuntu0.4) ...
    vagrant: Setting up libprocps8:amd64 (2:3.3.17-6ubuntu2.1) ...
    vagrant: Setting up mdadm (4.2-0ubuntu2) ...
    vagrant: debconf: unable to initialize frontend: Dialog
    vagrant: debconf: (Dialog frontend will not work on a dumb terminal, an emacs shell buffer, or without a controlling terminal.)
    vagrant: debconf: falling back to frontend: Readline
    vagrant: update-initramfs: deferring update (trigger activated)
    vagrant: Sourcing file `/etc/default/grub'
    vagrant: Sourcing file `/etc/default/grub.d/50-cloudimg-settings.cfg'
    vagrant: Sourcing file `/etc/default/grub.d/init-select.cfg'
    vagrant: Generating grub configuration file ...
    vagrant: Found linux image: /boot/vmlinuz-5.15.0-71-generic
    vagrant: Found initrd image: /boot/initrd.img-5.15.0-71-generic
    vagrant: Warning: os-prober will not be executed to detect other bootable partitions.
    vagrant: Systems on them will not be added to the GRUB boot configuration.
    vagrant: Check GRUB_DISABLE_OS_PROBER documentation entry.
    vagrant: done
    vagrant: Setting up ethtool (1:5.16-1ubuntu0.1) ...
    vagrant: Setting up sg3-utils (1.46-1ubuntu0.22.04.1) ...
    vagrant: Setting up initramfs-tools-bin (0.140ubuntu13.4) ...
    vagrant: Setting up ncurses-term (6.3-2ubuntu0.1) ...
    vagrant: Setting up libctf0:amd64 (2.38-4ubuntu2.6) ...
    vagrant: Setting up distro-info (1.1ubuntu0.2) ...
    vagrant: Setting up openssh-sftp-server (1:8.9p1-3ubuntu0.10) ...
    vagrant: Setting up libperl5.34:amd64 (5.34.0-3ubuntu1.3) ...
    vagrant: Setting up irqbalance (1.8.0-1ubuntu0.2) ...
    vagrant: Setting up libtss2-sys1:amd64 (3.2.0-1ubuntu1.1) ...
    vagrant: Setting up bind9-libs:amd64 (1:9.18.28-0ubuntu0.22.04.1) ...
    vagrant: Setting up libarchive13:amd64 (3.6.0-1ubuntu1.1) ...
    vagrant: Setting up grub2-common (2.06-2ubuntu7.2) ...
    vagrant: Setting up iptables (1.8.7-1ubuntu5.2) ...
    vagrant: Setting up libglib2.0-bin (2.72.4-0ubuntu2.3) ...
    vagrant: Setting up e2fsprogs (1.46.5-2ubuntu1.2) ...
    vagrant: update-initramfs: deferring update (trigger activated)
    vagrant: e2scrub_all.service is a disabled or a static unit not running, not starting it.
    vagrant: Setting up libcurl3-gnutls:amd64 (7.81.0-1ubuntu1.17) ...
    vagrant: Setting up libnss3:amd64 (2:3.98-0ubuntu0.22.04.2) ...
    vagrant: Setting up vim-tiny (2:8.2.3995-1ubuntu2.17) ...
    vagrant: Setting up python3.10-minimal (3.10.12-1~22.04.5) ...
    vagrant: Setting up grub-pc-bin (2.06-2ubuntu7.2) ...
    vagrant: Setting up fdisk (2.37.2-4ubuntu3.4) ...
    vagrant: Setting up grub-pc (2.06-2ubuntu7.2) ...
    vagrant: debconf: unable to initialize frontend: Dialog
    vagrant: debconf: (Dialog frontend will not work on a dumb terminal, an emacs shell buffer, or without a controlling terminal.)
    vagrant: debconf: falling back to frontend: Readline
    vagrant: Sourcing file `/etc/default/grub'
    vagrant: Sourcing file `/etc/default/grub.d/50-cloudimg-settings.cfg'
    vagrant: Sourcing file `/etc/default/grub.d/init-select.cfg'
    vagrant: Generating grub configuration file ...
    vagrant: Found linux image: /boot/vmlinuz-5.15.0-71-generic
    vagrant: Found initrd image: /boot/initrd.img-5.15.0-71-generic
    vagrant: Warning: os-prober will not be executed to detect other bootable partitions.
    vagrant: Systems on them will not be added to the GRUB boot configuration.
    vagrant: Check GRUB_DISABLE_OS_PROBER documentation entry.
    vagrant: done
    vagrant: Setting up libpython3.10-stdlib:amd64 (3.10.12-1~22.04.5) ...
    vagrant: Setting up ca-certificates (20230311ubuntu0.22.04.1) ...
    vagrant: debconf: unable to initialize frontend: Dialog
    vagrant: debconf: (Dialog frontend will not work on a dumb terminal, an emacs shell buffer, or without a controlling terminal.)
    vagrant: debconf: falling back to frontend: Readline
    vagrant: Updating certificates in /etc/ssl/certs...
    vagrant: rehash: warning: skipping ca-certificates.crt,it does not contain exactly one certificate or CRL
    vagrant: 19 added, 6 removed; done.
    vagrant: Setting up perl (5.34.0-3ubuntu1.3) ...
    vagrant: Setting up libtss2-esys-3.0.2-0:amd64 (3.2.0-1ubuntu1.1) ...
    vagrant: Setting up git (1:2.34.1-1ubuntu1.11) ...
    vagrant: Setting up open-vm-tools (2:12.3.5-3~ubuntu0.22.04.1) ...
    vagrant: Installing new version of config file /etc/vmware-tools/poweroff-vm-default ...
    vagrant: Installing new version of config file /etc/vmware-tools/poweron-vm-default ...
    vagrant: Installing new version of config file /etc/vmware-tools/resume-vm-default ...
    vagrant: Installing new version of config file /etc/vmware-tools/scripts/vmware/network ...
    vagrant: Installing new version of config file /etc/vmware-tools/suspend-vm-default ...
    vagrant: Installing new version of config file /etc/vmware-tools/tools.conf.example ...
    vagrant: Setting up procps (2:3.3.17-6ubuntu2.1) ...
    vagrant: Setting up libcryptsetup12:amd64 (2:2.4.3-1ubuntu1.2) ...
    vagrant: Setting up initramfs-tools-core (0.140ubuntu13.4) ...
    vagrant: Setting up bind9-host (1:9.18.28-0ubuntu0.22.04.1) ...
    vagrant: Setting up libpython3-stdlib:amd64 (3.10.6-1~22.04.1) ...
    vagrant: Setting up binutils-x86-64-linux-gnu (2.38-4ubuntu2.6) ...
    vagrant: Setting up cryptsetup-bin (2:2.4.3-1ubuntu1.2) ...
    vagrant: Setting up libpython3.10:amd64 (3.10.12-1~22.04.5) ...
    vagrant: Setting up vim (2:8.2.3995-1ubuntu2.17) ...
    vagrant: Setting up python3.10 (3.10.12-1~22.04.5) ...
    vagrant: Setting up initramfs-tools (0.140ubuntu13.4) ...
    vagrant: update-initramfs: deferring update (trigger activated)
    vagrant: Setting up openssh-server (1:8.9p1-3ubuntu0.10) ...
    vagrant: debconf: unable to initialize frontend: Dialog
    vagrant: debconf: (Dialog frontend will not work on a dumb terminal, an emacs shell buffer, or without a controlling terminal.)
    vagrant: debconf: falling back to frontend: Readline
    vagrant: rescue-ssh.target is a disabled or a static unit not running, not starting it.
    vagrant: ssh.socket is a disabled or a static unit not running, not starting it.
    vagrant: Setting up cryptsetup (2:2.4.3-1ubuntu1.2) ...
    vagrant: debconf: unable to initialize frontend: Dialog
    vagrant: debconf: (Dialog frontend will not work on a dumb terminal, an emacs shell buffer, or without a controlling terminal.)
    vagrant: debconf: falling back to frontend: Readline
    vagrant: Setting up libfwupd2:amd64 (1.7.9-1~22.04.3) ...
    vagrant: Setting up python3 (3.10.6-1~22.04.1) ...
    vagrant: running python rtupdate hooks for python3.10...
    vagrant: running python post-rtupdate hooks for python3.10...
    vagrant: Setting up systemd (249.11-0ubuntu3.12) ...
    vagrant: Setting up binutils (2.38-4ubuntu2.6) ...
    vagrant: Setting up python3-zipp (1.0.0-3ubuntu0.1) ...
    vagrant: Setting up sg3-utils-udev (1.46-1ubuntu0.22.04.1) ...
    vagrant: debconf: unable to initialize frontend: Dialog
    vagrant: debconf: (Dialog frontend will not work on a dumb terminal, an emacs shell buffer, or without a controlling terminal.)
    vagrant: debconf: falling back to frontend: Readline
    vagrant: update-initramfs: deferring update (trigger activated)
    vagrant: Setting up netplan.io (0.106.1-7ubuntu0.22.04.4) ...
    vagrant: Setting up python3-jinja2 (3.0.3-1ubuntu0.2) ...
    vagrant: Setting up python3-cryptography (3.4.8-1ubuntu2.2) ...
    vagrant: Setting up python3-debian (0.1.43ubuntu1.1) ...
    vagrant: Setting up systemd-timesyncd (249.11-0ubuntu3.12) ...
    vagrant: Setting up python3-idna (3.3-1ubuntu0.1) ...
    vagrant: Setting up sosreport (4.5.6-0ubuntu1~22.04.2) ...
    vagrant: Setting up python3-urllib3 (1.26.5-1~exp1ubuntu0.1) ...
    vagrant: Setting up bind9-dnsutils (1:9.18.28-0ubuntu0.22.04.1) ...
    vagrant: Setting up python3-lib2to3 (3.10.8-1~22.04) ...
    vagrant: Setting up libfwupdplugin5:amd64 (1.7.9-1~22.04.3) ...
    vagrant: Setting up python3-distro-info (1.1ubuntu0.2) ...
    vagrant: Setting up cryptsetup-initramfs (2:2.4.3-1ubuntu1.2) ...
    vagrant: debconf: unable to initialize frontend: Dialog
    vagrant: debconf: (Dialog frontend will not work on a dumb terminal, an emacs shell buffer, or without a controlling terminal.)
    vagrant: debconf: falling back to frontend: Readline
    vagrant: update-initramfs: deferring update (trigger activated)
    vagrant: Setting up python3-distutils (3.10.8-1~22.04) ...
    vagrant: Setting up snapd (2.63+22.04ubuntu0.1) ...
    vagrant: Installing new version of config file /etc/apparmor.d/usr.lib.snapd.snap-confine.real ...
    vagrant: snapd.failure.service is a disabled or a static unit not running, not starting it.
    vagrant: snapd.snap-repair.service is a disabled or a static unit not running, not starting it.
    vagrant: Failed to restart snapd.mounts-pre.target: Operation refused, unit snapd.mounts-pre.target may be requested by dependency only (it is configured to refuse manual start/stop).
    vagrant: See system logs and 'systemctl status snapd.mounts-pre.target' for details.
    vagrant: Could not execute systemctl:  at /usr/bin/deb-systemd-invoke line 142.
    vagrant: Setting up systemd-sysv (249.11-0ubuntu3.12) ...
    vagrant: Setting up ubuntu-minimal (1.481.3) ...
    vagrant: Setting up python3-gdbm:amd64 (3.10.8-1~22.04) ...
    vagrant: Setting up python3-problem-report (2.20.11-0ubuntu82.6) ...
    vagrant: Setting up python3-apt (2.4.0ubuntu3) ...
    vagrant: Setting up update-notifier-common (3.192.54.8) ...
    vagrant: update-notifier-download.service is a disabled or a static unit not running, not starting it.
    vagrant: update-notifier-motd.service is a disabled or a static unit not running, not starting it.
    vagrant: Setting up libnss-systemd:amd64 (249.11-0ubuntu3.12) ...
    vagrant: Setting up ufw (0.36.1-4ubuntu0.1) ...
    vagrant: debconf: unable to initialize frontend: Dialog
    vagrant: debconf: (Dialog frontend will not work on a dumb terminal, an emacs shell buffer, or without a controlling terminal.)
    vagrant: debconf: falling back to frontend: Readline
    vagrant: Setting up python3-distupgrade (1:22.04.19) ...
    vagrant: Setting up multipath-tools (0.8.8-1ubuntu1.22.04.4) ...
    vagrant: The warning about having to reload systemd units can be safely ignored. Please see LP: #2035098 for details.
    vagrant: Could not execute systemctl:  at /usr/bin/deb-systemd-invoke line 142.
    vagrant: Removing obsolete conffile /etc/init.d/multipath-tools ...
    vagrant: Setting up python3-apport (2.20.11-0ubuntu82.6) ...
    vagrant: Setting up python3-software-properties (0.99.22.9) ...
    vagrant: Setting up python3-twisted (22.1.0-2ubuntu2.4) ...
    vagrant: Setting up python3-requests (2.25.1+dfsg-2ubuntu0.1) ...
    vagrant: Setting up ubuntu-release-upgrader-core (1:22.04.19) ...
    vagrant: Setting up libpam-systemd:amd64 (249.11-0ubuntu3.12) ...
    vagrant: debconf: unable to initialize frontend: Dialog
    vagrant: debconf: (Dialog frontend will not work on a dumb terminal, an emacs shell buffer, or without a controlling terminal.)
    vagrant: debconf: falling back to frontend: Readline
    vagrant: Setting up cloud-init (24.2-0ubuntu1~22.04.1) ...
    vagrant: Installing new version of config file /etc/cloud/cloud.cfg ...
    vagrant: Installing new version of config file /etc/cloud/cloud.cfg.d/05_logging.cfg ...
    vagrant: Installing new version of config file /etc/cloud/templates/chrony.conf.alpine.tmpl ...
    vagrant: Installing new version of config file /etc/cloud/templates/chrony.conf.centos.tmpl ...
    vagrant: Installing new version of config file /etc/cloud/templates/chrony.conf.cos.tmpl ...
    vagrant: Installing new version of config file /etc/cloud/templates/chrony.conf.debian.tmpl ...
    vagrant: Installing new version of config file /etc/cloud/templates/chrony.conf.fedora.tmpl ...
    vagrant: Installing new version of config file /etc/cloud/templates/chrony.conf.freebsd.tmpl ...
    vagrant: Installing new version of config file /etc/cloud/templates/chrony.conf.opensuse-leap.tmpl ...
    vagrant: Installing new version of config file /etc/cloud/templates/chrony.conf.opensuse-microos.tmpl ...
    vagrant: Installing new version of config file /etc/cloud/templates/chrony.conf.opensuse-tumbleweed.tmpl ...
    vagrant: Installing new version of config file /etc/cloud/templates/chrony.conf.opensuse.tmpl ...
    vagrant: Installing new version of config file /etc/cloud/templates/chrony.conf.photon.tmpl ...
    vagrant: Installing new version of config file /etc/cloud/templates/chrony.conf.rhel.tmpl ...
    vagrant: Installing new version of config file /etc/cloud/templates/chrony.conf.sle-micro.tmpl ...
    vagrant: Installing new version of config file /etc/cloud/templates/chrony.conf.sle_hpc.tmpl ...
    vagrant: Installing new version of config file /etc/cloud/templates/chrony.conf.sles.tmpl ...
    vagrant: Installing new version of config file /etc/cloud/templates/chrony.conf.ubuntu.tmpl ...
    vagrant: Installing new version of config file /etc/cloud/templates/hosts.alpine.tmpl ...
    vagrant: Installing new version of config file /etc/cloud/templates/ntp.conf.alpine.tmpl ...
    vagrant: Installing new version of config file /etc/cloud/templates/ntp.conf.debian.tmpl ...
    vagrant: Installing new version of config file /etc/cloud/templates/ntp.conf.fedora.tmpl ...
    vagrant: Installing new version of config file /etc/cloud/templates/ntp.conf.freebsd.tmpl ...
    vagrant: Installing new version of config file /etc/cloud/templates/ntp.conf.opensuse.tmpl ...
    vagrant: Installing new version of config file /etc/cloud/templates/ntp.conf.photon.tmpl ...
    vagrant: Installing new version of config file /etc/cloud/templates/ntp.conf.rhel.tmpl ...
    vagrant: Installing new version of config file /etc/cloud/templates/ntp.conf.sles.tmpl ...
    vagrant: Installing new version of config file /etc/cloud/templates/ntp.conf.ubuntu.tmpl ...
    vagrant: Installing new version of config file /etc/cloud/templates/ntpd.conf.openbsd.tmpl ...
    vagrant: Installing new version of config file /etc/profile.d/Z99-cloud-locale-test.sh ...
    vagrant: Installing new version of config file /etc/profile.d/Z99-cloudinit-warnings.sh ...
    vagrant: debconf: unable to initialize frontend: Dialog
    vagrant: debconf: (Dialog frontend will not work on a dumb terminal, an emacs shell buffer, or without a controlling terminal.)
    vagrant: debconf: falling back to frontend: Readline
    vagrant: Removing obsolete conffile /etc/NetworkManager/dispatcher.d/hook-network-manager ...
    vagrant: Removing obsolete conffile /etc/cloud/clean.d/README ...
    vagrant: Setting up ubuntu-standard (1.481.3) ...
    vagrant: Setting up landscape-common (23.02-0ubuntu1~22.04.3) ...
    vagrant: debconf: unable to initialize frontend: Dialog
    vagrant: debconf: (Dialog frontend will not work on a dumb terminal, an emacs shell buffer, or without a controlling terminal.)
    vagrant: debconf: falling back to frontend: Readline
    vagrant: Setting up software-properties-common (0.99.22.9) ...
    vagrant: Setting up apport (2.20.11-0ubuntu82.6) ...
    vagrant: apport-autoreport.service is a disabled or a static unit, not starting it.
    vagrant: Setting up ubuntu-server (1.481.3) ...
    vagrant: Processing triggers for libc-bin (2.35-0ubuntu3.8) ...
    vagrant: Processing triggers for rsyslog (8.2112.0-2ubuntu2.2) ...
    vagrant: Processing triggers for man-db (2.10.2-1) ...
    vagrant: Processing triggers for plymouth-theme-ubuntu-text (0.9.5+git20211018-1ubuntu3) ...
    vagrant: update-initramfs: deferring update (trigger activated)
    vagrant: Processing triggers for dbus (1.12.20-2ubuntu4.1) ...
    vagrant: Processing triggers for install-info (6.8-4build1) ...
    vagrant: Processing triggers for ca-certificates (20230311ubuntu0.22.04.1) ...
    vagrant: Updating certificates in /etc/ssl/certs...
    vagrant: 0 added, 0 removed; done.
    vagrant: Running hooks in /etc/ca-certificates/update.d...
    vagrant: done.
    vagrant: Processing triggers for initramfs-tools (0.140ubuntu13.4) ...
    vagrant: update-initramfs: Generating /boot/initrd.img-5.15.0-71-generic
    vagrant:
    vagrant: Running kernel seems to be up-to-date.
    vagrant:
    vagrant: Services to be restarted:
    vagrant:  systemctl restart cron.service
    vagrant:  systemctl restart packagekit.service
    vagrant:  systemctl restart polkit.service
    vagrant:  systemctl restart serial-getty@ttyS0.service
    vagrant:  /etc/needrestart/restart.d/systemd-manager
    vagrant:
    vagrant: Service restarts being deferred:
    vagrant:  /etc/needrestart/restart.d/dbus.service
    vagrant:  systemctl restart getty@tty1.service
    vagrant:  systemctl restart networkd-dispatcher.service
    vagrant:  systemctl restart systemd-logind.service
    vagrant:  systemctl restart unattended-upgrades.service
    vagrant:  systemctl restart user@1000.service
    vagrant:
    vagrant: No containers need to be restarted.
    vagrant:
    vagrant: No user sessions are running outdated binaries.
    vagrant:
    vagrant: No VM guests are running outdated hypervisor (qemu) binaries on this host.
    vagrant: =============================after update and upgrade=================================
==> vagrant: debconf: unable to initialize frontend: Dialog
==> vagrant: debconf: (Dialog frontend will not work on a dumb terminal, an emacs shell buffer, or without a controlling terminal.)
==> vagrant: debconf: falling back to frontend: Readline
==> vagrant: debconf: unable to initialize frontend: Readline
==> vagrant: debconf: (This frontend requires a controlling tty.)
==> vagrant: debconf: falling back to frontend: Teletype
==> vagrant: dpkg-preconfigure: unable to re-open stdin:
    vagrant: Selecting previously unselected package libc-dev-bin.
    vagrant: (Reading database ... 63966 files and directories currently installed.)
    vagrant: Preparing to unpack .../00-libc-dev-bin_2.35-0ubuntu3.8_amd64.deb ...
    vagrant: Unpacking libc-dev-bin (2.35-0ubuntu3.8) ...
    vagrant: Selecting previously unselected package linux-libc-dev:amd64.
    vagrant: Preparing to unpack .../01-linux-libc-dev_5.15.0-119.129_amd64.deb ...
    vagrant: Unpacking linux-libc-dev:amd64 (5.15.0-119.129) ...
    vagrant: Selecting previously unselected package libcrypt-dev:amd64.
    vagrant: Preparing to unpack .../02-libcrypt-dev_1%3a4.4.27-1_amd64.deb ...
    vagrant: Unpacking libcrypt-dev:amd64 (1:4.4.27-1) ...
    vagrant: Selecting previously unselected package rpcsvc-proto.
    vagrant: Preparing to unpack .../03-rpcsvc-proto_1.4.2-0ubuntu6_amd64.deb ...
    vagrant: Unpacking rpcsvc-proto (1.4.2-0ubuntu6) ...
    vagrant: Selecting previously unselected package libtirpc-dev:amd64.
    vagrant: Preparing to unpack .../04-libtirpc-dev_1.3.2-2ubuntu0.1_amd64.deb ...
    vagrant: Unpacking libtirpc-dev:amd64 (1.3.2-2ubuntu0.1) ...
    vagrant: Selecting previously unselected package libnsl-dev:amd64.
    vagrant: Preparing to unpack .../05-libnsl-dev_1.3.0-2build2_amd64.deb ...
    vagrant: Unpacking libnsl-dev:amd64 (1.3.0-2build2) ...
    vagrant: Selecting previously unselected package libc6-dev:amd64.
    vagrant: Preparing to unpack .../06-libc6-dev_2.35-0ubuntu3.8_amd64.deb ...
    vagrant: Unpacking libc6-dev:amd64 (2.35-0ubuntu3.8) ...
    vagrant: Selecting previously unselected package gcc-11-base:amd64.
    vagrant: Preparing to unpack .../07-gcc-11-base_11.4.0-1ubuntu1~22.04_amd64.deb ...
    vagrant: Unpacking gcc-11-base:amd64 (11.4.0-1ubuntu1~22.04) ...
    vagrant: Selecting previously unselected package libisl23:amd64.
    vagrant: Preparing to unpack .../08-libisl23_0.24-2build1_amd64.deb ...
    vagrant: Unpacking libisl23:amd64 (0.24-2build1) ...
    vagrant: Selecting previously unselected package libmpc3:amd64.
    vagrant: Preparing to unpack .../09-libmpc3_1.2.1-2build1_amd64.deb ...
    vagrant: Unpacking libmpc3:amd64 (1.2.1-2build1) ...
    vagrant: Selecting previously unselected package cpp-11.
    vagrant: Preparing to unpack .../10-cpp-11_11.4.0-1ubuntu1~22.04_amd64.deb ...
    vagrant: Unpacking cpp-11 (11.4.0-1ubuntu1~22.04) ...
    vagrant: Selecting previously unselected package cpp.
    vagrant: Preparing to unpack .../11-cpp_4%3a11.2.0-1ubuntu1_amd64.deb ...
    vagrant: Unpacking cpp (4:11.2.0-1ubuntu1) ...
    vagrant: Selecting previously unselected package libcc1-0:amd64.
    vagrant: Preparing to unpack .../12-libcc1-0_12.3.0-1ubuntu1~22.04_amd64.deb ...
    vagrant: Unpacking libcc1-0:amd64 (12.3.0-1ubuntu1~22.04) ...
    vagrant: Selecting previously unselected package libgomp1:amd64.
    vagrant: Preparing to unpack .../13-libgomp1_12.3.0-1ubuntu1~22.04_amd64.deb ...
    vagrant: Unpacking libgomp1:amd64 (12.3.0-1ubuntu1~22.04) ...
    vagrant: Selecting previously unselected package libitm1:amd64.
    vagrant: Preparing to unpack .../14-libitm1_12.3.0-1ubuntu1~22.04_amd64.deb ...
    vagrant: Unpacking libitm1:amd64 (12.3.0-1ubuntu1~22.04) ...
    vagrant: Selecting previously unselected package libatomic1:amd64.
    vagrant: Preparing to unpack .../15-libatomic1_12.3.0-1ubuntu1~22.04_amd64.deb ...
    vagrant: Unpacking libatomic1:amd64 (12.3.0-1ubuntu1~22.04) ...
    vagrant: Selecting previously unselected package libasan6:amd64.
    vagrant: Preparing to unpack .../16-libasan6_11.4.0-1ubuntu1~22.04_amd64.deb ...
    vagrant: Unpacking libasan6:amd64 (11.4.0-1ubuntu1~22.04) ...
    vagrant: Selecting previously unselected package liblsan0:amd64.
    vagrant: Preparing to unpack .../17-liblsan0_12.3.0-1ubuntu1~22.04_amd64.deb ...
    vagrant: Unpacking liblsan0:amd64 (12.3.0-1ubuntu1~22.04) ...
    vagrant: Selecting previously unselected package libtsan0:amd64.
    vagrant: Preparing to unpack .../18-libtsan0_11.4.0-1ubuntu1~22.04_amd64.deb ...
    vagrant: Unpacking libtsan0:amd64 (11.4.0-1ubuntu1~22.04) ...
    vagrant: Selecting previously unselected package libubsan1:amd64.
    vagrant: Preparing to unpack .../19-libubsan1_12.3.0-1ubuntu1~22.04_amd64.deb ...
    vagrant: Unpacking libubsan1:amd64 (12.3.0-1ubuntu1~22.04) ...
    vagrant: Selecting previously unselected package libquadmath0:amd64.
    vagrant: Preparing to unpack .../20-libquadmath0_12.3.0-1ubuntu1~22.04_amd64.deb ...
    vagrant: Unpacking libquadmath0:amd64 (12.3.0-1ubuntu1~22.04) ...
    vagrant: Selecting previously unselected package libgcc-11-dev:amd64.
    vagrant: Preparing to unpack .../21-libgcc-11-dev_11.4.0-1ubuntu1~22.04_amd64.deb ...
    vagrant: Unpacking libgcc-11-dev:amd64 (11.4.0-1ubuntu1~22.04) ...
    vagrant: Selecting previously unselected package gcc-11.
    vagrant: Preparing to unpack .../22-gcc-11_11.4.0-1ubuntu1~22.04_amd64.deb ...
    vagrant: Unpacking gcc-11 (11.4.0-1ubuntu1~22.04) ...
    vagrant: Selecting previously unselected package gcc.
    vagrant: Preparing to unpack .../23-gcc_4%3a11.2.0-1ubuntu1_amd64.deb ...
    vagrant: Unpacking gcc (4:11.2.0-1ubuntu1) ...
    vagrant: Selecting previously unselected package libstdc++-11-dev:amd64.
    vagrant: Preparing to unpack .../24-libstdc++-11-dev_11.4.0-1ubuntu1~22.04_amd64.deb ...
    vagrant: Unpacking libstdc++-11-dev:amd64 (11.4.0-1ubuntu1~22.04) ...
    vagrant: Selecting previously unselected package g++-11.
    vagrant: Preparing to unpack .../25-g++-11_11.4.0-1ubuntu1~22.04_amd64.deb ...
    vagrant: Unpacking g++-11 (11.4.0-1ubuntu1~22.04) ...
    vagrant: Selecting previously unselected package g++.
    vagrant: Preparing to unpack .../26-g++_4%3a11.2.0-1ubuntu1_amd64.deb ...
    vagrant: Unpacking g++ (4:11.2.0-1ubuntu1) ...
    vagrant: Selecting previously unselected package make.
    vagrant: Preparing to unpack .../27-make_4.3-4.1build1_amd64.deb ...
    vagrant: Unpacking make (4.3-4.1build1) ...
    vagrant: Selecting previously unselected package libdpkg-perl.
    vagrant: Preparing to unpack .../28-libdpkg-perl_1.21.1ubuntu2.3_all.deb ...
    vagrant: Unpacking libdpkg-perl (1.21.1ubuntu2.3) ...
    vagrant: Selecting previously unselected package bzip2.
    vagrant: Preparing to unpack .../29-bzip2_1.0.8-5build1_amd64.deb ...
    vagrant: Unpacking bzip2 (1.0.8-5build1) ...
    vagrant: Selecting previously unselected package lto-disabled-list.
    vagrant: Preparing to unpack .../30-lto-disabled-list_24_all.deb ...
    vagrant: Unpacking lto-disabled-list (24) ...
    vagrant: Selecting previously unselected package dpkg-dev.
    vagrant: Preparing to unpack .../31-dpkg-dev_1.21.1ubuntu2.3_all.deb ...
    vagrant: Unpacking dpkg-dev (1.21.1ubuntu2.3) ...
    vagrant: Selecting previously unselected package build-essential.
    vagrant: Preparing to unpack .../32-build-essential_12.9ubuntu3_amd64.deb ...
    vagrant: Unpacking build-essential (12.9ubuntu3) ...
    vagrant: Selecting previously unselected package libfakeroot:amd64.
    vagrant: Preparing to unpack .../33-libfakeroot_1.28-1ubuntu1_amd64.deb ...
    vagrant: Unpacking libfakeroot:amd64 (1.28-1ubuntu1) ...
    vagrant: Selecting previously unselected package fakeroot.
    vagrant: Preparing to unpack .../34-fakeroot_1.28-1ubuntu1_amd64.deb ...
    vagrant: Unpacking fakeroot (1.28-1ubuntu1) ...
    vagrant: Selecting previously unselected package fonts-dejavu-core.
    vagrant: Preparing to unpack .../35-fonts-dejavu-core_2.37-2build1_all.deb ...
    vagrant: Unpacking fonts-dejavu-core (2.37-2build1) ...
    vagrant: Selecting previously unselected package fontconfig-config.
    vagrant: Preparing to unpack .../36-fontconfig-config_2.13.1-4.2ubuntu5_all.deb ...
    vagrant: Unpacking fontconfig-config (2.13.1-4.2ubuntu5) ...
    vagrant: Selecting previously unselected package javascript-common.
    vagrant: Preparing to unpack .../37-javascript-common_11+nmu1_all.deb ...
    vagrant: Unpacking javascript-common (11+nmu1) ...
    vagrant: Selecting previously unselected package libalgorithm-diff-perl.
    vagrant: Preparing to unpack .../38-libalgorithm-diff-perl_1.201-1_all.deb ...
    vagrant: Unpacking libalgorithm-diff-perl (1.201-1) ...
    vagrant: Selecting previously unselected package libalgorithm-diff-xs-perl.
    vagrant: Preparing to unpack .../39-libalgorithm-diff-xs-perl_0.04-6build3_amd64.deb ...
    vagrant: Unpacking libalgorithm-diff-xs-perl (0.04-6build3) ...
    vagrant: Selecting previously unselected package libalgorithm-merge-perl.
    vagrant: Preparing to unpack .../40-libalgorithm-merge-perl_0.08-3_all.deb ...
    vagrant: Unpacking libalgorithm-merge-perl (0.08-3) ...
    vagrant: Selecting previously unselected package libfontconfig1:amd64.
    vagrant: Preparing to unpack .../41-libfontconfig1_2.13.1-4.2ubuntu5_amd64.deb ...
    vagrant: Unpacking libfontconfig1:amd64 (2.13.1-4.2ubuntu5) ...
    vagrant: Selecting previously unselected package libjpeg-turbo8:amd64.
    vagrant: Preparing to unpack .../42-libjpeg-turbo8_2.1.2-0ubuntu1_amd64.deb ...
    vagrant: Unpacking libjpeg-turbo8:amd64 (2.1.2-0ubuntu1) ...
    vagrant: Selecting previously unselected package libjpeg8:amd64.
    vagrant: Preparing to unpack .../43-libjpeg8_8c-2ubuntu10_amd64.deb ...
    vagrant: Unpacking libjpeg8:amd64 (8c-2ubuntu10) ...
    vagrant: Selecting previously unselected package libdeflate0:amd64.
    vagrant: Preparing to unpack .../44-libdeflate0_1.10-2_amd64.deb ...
    vagrant: Unpacking libdeflate0:amd64 (1.10-2) ...
    vagrant: Selecting previously unselected package libjbig0:amd64.
    vagrant: Preparing to unpack .../45-libjbig0_2.1-3.1ubuntu0.22.04.1_amd64.deb ...
    vagrant: Unpacking libjbig0:amd64 (2.1-3.1ubuntu0.22.04.1) ...
    vagrant: Selecting previously unselected package libwebp7:amd64.
    vagrant: Preparing to unpack .../46-libwebp7_1.2.2-2ubuntu0.22.04.2_amd64.deb ...
    vagrant: Unpacking libwebp7:amd64 (1.2.2-2ubuntu0.22.04.2) ...
    vagrant: Selecting previously unselected package libtiff5:amd64.
    vagrant: Preparing to unpack .../47-libtiff5_4.3.0-6ubuntu0.9_amd64.deb ...
    vagrant: Unpacking libtiff5:amd64 (4.3.0-6ubuntu0.9) ...
    vagrant: Selecting previously unselected package libxpm4:amd64.
    vagrant: Preparing to unpack .../48-libxpm4_1%3a3.5.12-1ubuntu0.22.04.2_amd64.deb ...
    vagrant: Unpacking libxpm4:amd64 (1:3.5.12-1ubuntu0.22.04.2) ...
    vagrant: Selecting previously unselected package libgd3:amd64.
    vagrant: Preparing to unpack .../49-libgd3_2.3.0-2ubuntu2_amd64.deb ...
    vagrant: Unpacking libgd3:amd64 (2.3.0-2ubuntu2) ...
    vagrant: Selecting previously unselected package libc-devtools.
    vagrant: Preparing to unpack .../50-libc-devtools_2.35-0ubuntu3.8_amd64.deb ...
    vagrant: Unpacking libc-devtools (2.35-0ubuntu3.8) ...
    vagrant: Selecting previously unselected package libexpat1-dev:amd64.
    vagrant: Preparing to unpack .../51-libexpat1-dev_2.4.7-1ubuntu0.3_amd64.deb ...
    vagrant: Unpacking libexpat1-dev:amd64 (2.4.7-1ubuntu0.3) ...
    vagrant: Selecting previously unselected package libfile-fcntllock-perl.
    vagrant: Preparing to unpack .../52-libfile-fcntllock-perl_0.22-3build7_amd64.deb ...
    vagrant: Unpacking libfile-fcntllock-perl (0.22-3build7) ...
    vagrant: Selecting previously unselected package libjs-jquery.
    vagrant: Preparing to unpack .../53-libjs-jquery_3.6.0+dfsg+~3.5.13-1_all.deb ...
    vagrant: Unpacking libjs-jquery (3.6.0+dfsg+~3.5.13-1) ...
    vagrant: Selecting previously unselected package libjs-underscore.
    vagrant: Preparing to unpack .../54-libjs-underscore_1.13.2~dfsg-2_all.deb ...
    vagrant: Unpacking libjs-underscore (1.13.2~dfsg-2) ...
    vagrant: Selecting previously unselected package libjs-sphinxdoc.
    vagrant: Preparing to unpack .../55-libjs-sphinxdoc_4.3.2-1_all.deb ...
    vagrant: Unpacking libjs-sphinxdoc (4.3.2-1) ...
    vagrant: Selecting previously unselected package zlib1g-dev:amd64.
    vagrant: Preparing to unpack .../56-zlib1g-dev_1%3a1.2.11.dfsg-2ubuntu9.2_amd64.deb ...
    vagrant: Unpacking zlib1g-dev:amd64 (1:1.2.11.dfsg-2ubuntu9.2) ...
    vagrant: Selecting previously unselected package libpython3.10-dev:amd64.
    vagrant: Preparing to unpack .../57-libpython3.10-dev_3.10.12-1~22.04.5_amd64.deb ...
    vagrant: Unpacking libpython3.10-dev:amd64 (3.10.12-1~22.04.5) ...
    vagrant: Selecting previously unselected package libpython3-dev:amd64.
    vagrant: Preparing to unpack .../58-libpython3-dev_3.10.6-1~22.04.1_amd64.deb ...
    vagrant: Unpacking libpython3-dev:amd64 (3.10.6-1~22.04.1) ...
    vagrant: Selecting previously unselected package manpages-dev.
    vagrant: Preparing to unpack .../59-manpages-dev_5.10-1ubuntu1_all.deb ...
    vagrant: Unpacking manpages-dev (5.10-1ubuntu1) ...
    vagrant: Selecting previously unselected package python3.10-dev.
    vagrant: Preparing to unpack .../60-python3.10-dev_3.10.12-1~22.04.5_amd64.deb ...
    vagrant: Unpacking python3.10-dev (3.10.12-1~22.04.5) ...
    vagrant: Selecting previously unselected package python3-dev.
    vagrant: Preparing to unpack .../61-python3-dev_3.10.6-1~22.04.1_amd64.deb ...
    vagrant: Unpacking python3-dev (3.10.6-1~22.04.1) ...
    vagrant: Selecting previously unselected package python3-wheel.
    vagrant: Preparing to unpack .../62-python3-wheel_0.37.1-2ubuntu0.22.04.1_all.deb ...
    vagrant: Unpacking python3-wheel (0.37.1-2ubuntu0.22.04.1) ...
    vagrant: Selecting previously unselected package python3-pip.
    vagrant: Preparing to unpack .../63-python3-pip_22.0.2+dfsg-1ubuntu0.4_all.deb ...
    vagrant: Unpacking python3-pip (22.0.2+dfsg-1ubuntu0.4) ...
    vagrant: Setting up javascript-common (11+nmu1) ...
    vagrant: Setting up gcc-11-base:amd64 (11.4.0-1ubuntu1~22.04) ...
    vagrant: Setting up manpages-dev (5.10-1ubuntu1) ...
    vagrant: Setting up lto-disabled-list (24) ...
    vagrant: Setting up libxpm4:amd64 (1:3.5.12-1ubuntu0.22.04.2) ...
    vagrant: Setting up libfile-fcntllock-perl (0.22-3build7) ...
    vagrant: Setting up libalgorithm-diff-perl (1.201-1) ...
    vagrant: Setting up libdeflate0:amd64 (1.10-2) ...
    vagrant: Setting up linux-libc-dev:amd64 (5.15.0-119.129) ...
    vagrant: Setting up libgomp1:amd64 (12.3.0-1ubuntu1~22.04) ...
    vagrant: Setting up bzip2 (1.0.8-5build1) ...
    vagrant: Setting up python3-wheel (0.37.1-2ubuntu0.22.04.1) ...
    vagrant: Setting up libjbig0:amd64 (2.1-3.1ubuntu0.22.04.1) ...
    vagrant: Setting up libfakeroot:amd64 (1.28-1ubuntu1) ...
    vagrant: Setting up libasan6:amd64 (11.4.0-1ubuntu1~22.04) ...
    vagrant: Setting up fakeroot (1.28-1ubuntu1) ...
    vagrant: update-alternatives: using /usr/bin/fakeroot-sysv to provide /usr/bin/fakeroot (fakeroot) in auto mode
    vagrant: Setting up libtirpc-dev:amd64 (1.3.2-2ubuntu0.1) ...
    vagrant: Setting up rpcsvc-proto (1.4.2-0ubuntu6) ...
    vagrant: Setting up make (4.3-4.1build1) ...
    vagrant: Setting up libquadmath0:amd64 (12.3.0-1ubuntu1~22.04) ...
    vagrant: Setting up libmpc3:amd64 (1.2.1-2build1) ...
    vagrant: Setting up libatomic1:amd64 (12.3.0-1ubuntu1~22.04) ...
    vagrant: Setting up fonts-dejavu-core (2.37-2build1) ...
    vagrant: Setting up python3-pip (22.0.2+dfsg-1ubuntu0.4) ...
    vagrant: Setting up libjpeg-turbo8:amd64 (2.1.2-0ubuntu1) ...
    vagrant: Setting up libdpkg-perl (1.21.1ubuntu2.3) ...
    vagrant: Setting up libwebp7:amd64 (1.2.2-2ubuntu0.22.04.2) ...
    vagrant: Setting up libubsan1:amd64 (12.3.0-1ubuntu1~22.04) ...
    vagrant: Setting up libnsl-dev:amd64 (1.3.0-2build2) ...
    vagrant: Setting up libcrypt-dev:amd64 (1:4.4.27-1) ...
    vagrant: Setting up libjs-jquery (3.6.0+dfsg+~3.5.13-1) ...
    vagrant: Setting up libisl23:amd64 (0.24-2build1) ...
    vagrant: Setting up libc-dev-bin (2.35-0ubuntu3.8) ...
    vagrant: Setting up libalgorithm-diff-xs-perl (0.04-6build3) ...
    vagrant: Setting up libcc1-0:amd64 (12.3.0-1ubuntu1~22.04) ...
    vagrant: Setting up liblsan0:amd64 (12.3.0-1ubuntu1~22.04) ...
    vagrant: Setting up libitm1:amd64 (12.3.0-1ubuntu1~22.04) ...
    vagrant: Setting up libjs-underscore (1.13.2~dfsg-2) ...
    vagrant: Setting up libalgorithm-merge-perl (0.08-3) ...
    vagrant: Setting up libtsan0:amd64 (11.4.0-1ubuntu1~22.04) ...
    vagrant: Setting up libjpeg8:amd64 (8c-2ubuntu10) ...
    vagrant: Setting up cpp-11 (11.4.0-1ubuntu1~22.04) ...
    vagrant: Setting up fontconfig-config (2.13.1-4.2ubuntu5) ...
    vagrant: Setting up dpkg-dev (1.21.1ubuntu2.3) ...
    vagrant: Setting up libjs-sphinxdoc (4.3.2-1) ...
    vagrant: Setting up libgcc-11-dev:amd64 (11.4.0-1ubuntu1~22.04) ...
    vagrant: Setting up gcc-11 (11.4.0-1ubuntu1~22.04) ...
    vagrant: Setting up cpp (4:11.2.0-1ubuntu1) ...
    vagrant: Setting up libc6-dev:amd64 (2.35-0ubuntu3.8) ...
    vagrant: Setting up libtiff5:amd64 (4.3.0-6ubuntu0.9) ...
    vagrant: Setting up libfontconfig1:amd64 (2.13.1-4.2ubuntu5) ...
    vagrant: Setting up gcc (4:11.2.0-1ubuntu1) ...
    vagrant: Setting up libexpat1-dev:amd64 (2.4.7-1ubuntu0.3) ...
    vagrant: Setting up libgd3:amd64 (2.3.0-2ubuntu2) ...
    vagrant: Setting up libstdc++-11-dev:amd64 (11.4.0-1ubuntu1~22.04) ...
    vagrant: Setting up zlib1g-dev:amd64 (1:1.2.11.dfsg-2ubuntu9.2) ...
    vagrant: Setting up libc-devtools (2.35-0ubuntu3.8) ...
    vagrant: Setting up g++-11 (11.4.0-1ubuntu1~22.04) ...
    vagrant: Setting up libpython3.10-dev:amd64 (3.10.12-1~22.04.5) ...
    vagrant: Setting up python3.10-dev (3.10.12-1~22.04.5) ...
    vagrant: Setting up g++ (4:11.2.0-1ubuntu1) ...
    vagrant: update-alternatives: using /usr/bin/g++ to provide /usr/bin/c++ (c++) in auto mode
    vagrant: Setting up build-essential (12.9ubuntu3) ...
    vagrant: Setting up libpython3-dev:amd64 (3.10.6-1~22.04.1) ...
    vagrant: Setting up python3-dev (3.10.6-1~22.04.1) ...
    vagrant: Processing triggers for man-db (2.10.2-1) ...
    vagrant: Processing triggers for libc-bin (2.35-0ubuntu3.8) ...
    vagrant:
    vagrant: Running kernel seems to be up-to-date.
    vagrant:
    vagrant: Services to be restarted:
    vagrant:  systemctl restart cron.service
    vagrant:  systemctl restart packagekit.service
    vagrant:  systemctl restart polkit.service
    vagrant:  systemctl restart serial-getty@ttyS0.service
    vagrant:  /etc/needrestart/restart.d/systemd-manager
    vagrant:
    vagrant: Service restarts being deferred:
    vagrant:  /etc/needrestart/restart.d/dbus.service
    vagrant:  systemctl restart getty@tty1.service
    vagrant:  systemctl restart networkd-dispatcher.service
    vagrant:  systemctl restart systemd-logind.service
    vagrant:  systemctl restart unattended-upgrades.service
    vagrant:  systemctl restart user@1000.service
    vagrant:
    vagrant: No containers need to be restarted.
    vagrant:
    vagrant: No user sessions are running outdated binaries.
    vagrant:
    vagrant: No VM guests are running outdated hypervisor (qemu) binaries on this host.
    vagrant: =============================after python3-pip install================================
    vagrant: Hit:1 http://archive.ubuntu.com/ubuntu jammy InRelease
    vagrant: Hit:2 http://security.ubuntu.com/ubuntu jammy-security InRelease
    vagrant: Hit:3 http://archive.ubuntu.com/ubuntu jammy-updates InRelease
    vagrant: Hit:4 http://archive.ubuntu.com/ubuntu jammy-backports InRelease
    vagrant: Get:5 https://ppa.launchpadcontent.net/ansible/ansible/ubuntu jammy InRelease [18.0 kB]
    vagrant: Get:6 https://ppa.launchpadcontent.net/ansible/ansible/ubuntu jammy/main amd64 Packages [1116 B]
    vagrant: Get:7 https://ppa.launchpadcontent.net/ansible/ansible/ubuntu jammy/main Translation-en [752 B]
    vagrant: Fetched 19.9 kB in 3s (6366 B/s)
    vagrant: Reading package lists...
    vagrant: Repository: 'deb https://ppa.launchpadcontent.net/ansible/ansible/ubuntu/ jammy main'
    vagrant: Description:
    vagrant: Ansible is a radically simple IT automation platform that makes your applications and systems easier to deploy. Avoid writing scripts or custom code to deploy and update your applications automate in a language that approaches plain English, using SSH, with no agents to install on remote systems.
    vagrant:
    vagrant: http://ansible.com/
    vagrant:
    vagrant: If you face any issues while installing Ansible PPA, file an issue here:
    vagrant: https://github.com/ansible-community/ppa/issues
    vagrant: More info: https://launchpad.net/~ansible/+archive/ubuntu/ansible
    vagrant: Adding repository.
    vagrant: Adding deb entry to /etc/apt/sources.list.d/ansible-ubuntu-ansible-jammy.list
    vagrant: Adding disabled deb-src entry to /etc/apt/sources.list.d/ansible-ubuntu-ansible-jammy.list
    vagrant: Adding key to /etc/apt/trusted.gpg.d/ansible-ubuntu-ansible.gpg with fingerprint 6125E2A8C77F2818FB7BD15B93C4A3FD7BB9C367
==> vagrant: debconf: unable to initialize frontend: Dialog
==> vagrant: debconf: (Dialog frontend will not work on a dumb terminal, an emacs shell buffer, or without a controlling terminal.)
==> vagrant: debconf: falling back to frontend: Readline
==> vagrant: debconf: unable to initialize frontend: Readline
==> vagrant: debconf: (This frontend requires a controlling tty.)
==> vagrant: debconf: falling back to frontend: Teletype
==> vagrant: dpkg-preconfigure: unable to re-open stdin:
    vagrant: Selecting previously unselected package python3-packaging.
    vagrant: (Reading database ... 70752 files and directories currently installed.)
    vagrant: Preparing to unpack .../00-python3-packaging_21.3-1_all.deb ...
    vagrant: Unpacking python3-packaging (21.3-1) ...
    vagrant: Selecting previously unselected package python3-resolvelib.
    vagrant: Preparing to unpack .../01-python3-resolvelib_0.8.1-1_all.deb ...
    vagrant: Unpacking python3-resolvelib (0.8.1-1) ...
    vagrant: Selecting previously unselected package ansible-core.
    vagrant: Preparing to unpack .../02-ansible-core_2.16.10-1ppa~jammy_all.deb ...
    vagrant: Unpacking ansible-core (2.16.10-1ppa~jammy) ...
    vagrant: Selecting previously unselected package ansible.
    vagrant: Preparing to unpack .../03-ansible_9.9.0-1ppa~jammy_all.deb ...
    vagrant: Unpacking ansible (9.9.0-1ppa~jammy) ...
    vagrant: Selecting previously unselected package python3-jmespath.
    vagrant: Preparing to unpack .../04-python3-jmespath_0.10.0-1_all.deb ...
    vagrant: Unpacking python3-jmespath (0.10.0-1) ...
    vagrant: Selecting previously unselected package python3-kerberos.
    vagrant: Preparing to unpack .../05-python3-kerberos_1.1.14-3.1build5_amd64.deb ...
    vagrant: Unpacking python3-kerberos (1.1.14-3.1build5) ...
    vagrant: Selecting previously unselected package python3-nacl.
    vagrant: Preparing to unpack .../06-python3-nacl_1.5.0-2_amd64.deb ...
    vagrant: Unpacking python3-nacl (1.5.0-2) ...
    vagrant: Selecting previously unselected package python3-ntlm-auth.
    vagrant: Preparing to unpack .../07-python3-ntlm-auth_1.4.0-1_all.deb ...
    vagrant: Unpacking python3-ntlm-auth (1.4.0-1) ...
    vagrant: Selecting previously unselected package python3-paramiko.
    vagrant: Preparing to unpack .../08-python3-paramiko_2.9.3-0ubuntu1.2_all.deb ...
    vagrant: Unpacking python3-paramiko (2.9.3-0ubuntu1.2) ...
    vagrant: Selecting previously unselected package python3-requests-kerberos.
    vagrant: Preparing to unpack .../09-python3-requests-kerberos_0.12.0-2_all.deb ...
    vagrant: Unpacking python3-requests-kerberos (0.12.0-2) ...
    vagrant: Selecting previously unselected package python3-requests-ntlm.
    vagrant: Preparing to unpack .../10-python3-requests-ntlm_1.1.0-1.1_all.deb ...
    vagrant: Unpacking python3-requests-ntlm (1.1.0-1.1) ...
    vagrant: Selecting previously unselected package python3-xmltodict.
    vagrant: Preparing to unpack .../11-python3-xmltodict_0.12.0-2_all.deb ...
    vagrant: Unpacking python3-xmltodict (0.12.0-2) ...
    vagrant: Selecting previously unselected package python3-winrm.
    vagrant: Preparing to unpack .../12-python3-winrm_0.3.0-2_all.deb ...
    vagrant: Unpacking python3-winrm (0.3.0-2) ...
    vagrant: Selecting previously unselected package sshpass.
    vagrant: Preparing to unpack .../13-sshpass_1.09-1_amd64.deb ...
    vagrant: Unpacking sshpass (1.09-1) ...
    vagrant: Setting up python3-ntlm-auth (1.4.0-1) ...
    vagrant: Setting up python3-resolvelib (0.8.1-1) ...
    vagrant: Setting up python3-kerberos (1.1.14-3.1build5) ...
    vagrant: Setting up sshpass (1.09-1) ...
    vagrant: Setting up python3-xmltodict (0.12.0-2) ...
    vagrant: Setting up python3-packaging (21.3-1) ...
    vagrant: Setting up python3-jmespath (0.10.0-1) ...
    vagrant: Setting up python3-requests-kerberos (0.12.0-2) ...
    vagrant: Setting up python3-nacl (1.5.0-2) ...
    vagrant: Setting up python3-requests-ntlm (1.1.0-1.1) ...
    vagrant: Setting up ansible-core (2.16.10-1ppa~jammy) ...
    vagrant: Setting up python3-winrm (0.3.0-2) ...
    vagrant: Setting up ansible (9.9.0-1ppa~jammy) ...
    vagrant: Setting up python3-paramiko (2.9.3-0ubuntu1.2) ...
    vagrant: Processing triggers for man-db (2.10.2-1) ...
    vagrant:
    vagrant: Running kernel seems to be up-to-date.
    vagrant:
    vagrant: Services to be restarted:
    vagrant:  systemctl restart cron.service
    vagrant:  systemctl restart packagekit.service
    vagrant:  systemctl restart polkit.service
    vagrant:  systemctl restart serial-getty@ttyS0.service
    vagrant:  /etc/needrestart/restart.d/systemd-manager
    vagrant:
    vagrant: Service restarts being deferred:
    vagrant:  /etc/needrestart/restart.d/dbus.service
    vagrant:  systemctl restart getty@tty1.service
    vagrant:  systemctl restart networkd-dispatcher.service
    vagrant:  systemctl restart systemd-logind.service
    vagrant:  systemctl restart unattended-upgrades.service
    vagrant:  systemctl restart user@1000.service
    vagrant:
    vagrant: No containers need to be restarted.
    vagrant:
    vagrant: No user sessions are running outdated binaries.
    vagrant:
    vagrant: No VM guests are running outdated hypervisor (qemu) binaries on this host.
    vagrant: ansible [core 2.16.10]
    vagrant:   config file = /etc/ansible/ansible.cfg
    vagrant:   configured module search path = ['/home/vagrant/.ansible/plugins/modules', '/usr/share/ansible/plugins/modules']
    vagrant:   ansible python module location = /usr/lib/python3/dist-packages/ansible
    vagrant:   ansible collection location = /home/vagrant/.ansible/collections:/usr/share/ansible/collections
    vagrant:   executable location = /usr/bin/ansible
    vagrant:   python version = 3.10.12 (main, Jul 29 2024, 16:56:48) [GCC 11.4.0] (/usr/bin/python3)
    vagrant:   jinja version = 3.0.3
    vagrant:   libyaml = True
    vagrant: =============================after ansible install====================================
==> vagrant: Packaging box...
==> vagrant: destroying Vagrant box...
Build 'vagrant' finished after 13 minutes 47 seconds.

==> Wait completed after 13 minutes 47 seconds

==> Builds finished. The artifacts of successful builds are:
--> vagrant: Vagrant box 'package.box' for 'virtualbox' provider
