aleksey@first:~/OtusTeam/IaC/les03/provisioner$ tf apply

Terraform used the selected providers to generate the following execution plan. Resource actions are indicated with the following symbols:
  + create

Terraform will perform the following actions:

  # yandex_compute_instance.les03_rp_nginx will be created
  + resource "yandex_compute_instance" "les03_rp_nginx" {
      + created_at                = (known after apply)
      + folder_id                 = (known after apply)
      + fqdn                      = (known after apply)
      + gpu_cluster_id            = (known after apply)
      + hostname                  = (known after apply)
      + id                        = (known after apply)
      + maintenance_grace_period  = (known after apply)
      + maintenance_policy        = (known after apply)
      + metadata                  = {
          + "ssh-keys" = (sensitive value)
        }
      + name                      = "les03-rp-nginx"
      + network_acceleration_type = "standard"
      + platform_id               = "standard-v1"
      + service_account_id        = (known after apply)
      + status                    = (known after apply)
      + zone                      = "ru-central1-a"

      + boot_disk {
          + auto_delete = true
          + device_name = (known after apply)
          + disk_id     = (known after apply)
          + mode        = (known after apply)

          + initialize_params {
              + block_size  = (known after apply)
              + description = (known after apply)
              + image_id    = "fd80viupr3qjr5g6g9du"
              + name        = (known after apply)
              + size        = (known after apply)
              + snapshot_id = (known after apply)
              + type        = "network-hdd"
            }
        }

      + network_interface {
          + index              = (known after apply)
          + ip_address         = (known after apply)
          + ipv4               = true
          + ipv6               = (known after apply)
          + ipv6_address       = (known after apply)
          + mac_address        = (known after apply)
          + nat                = true
          + nat_ip_address     = (known after apply)
          + nat_ip_version     = (known after apply)
          + security_group_ids = (known after apply)
          + subnet_id          = (known after apply)
        }

      + resources {
          + core_fraction = 100
          + cores         = 2
          + memory        = 2
        }

      + scheduling_policy {
          + preemptible = true
        }
    }

  # yandex_vpc_network.les03_provisioner_network will be created
  + resource "yandex_vpc_network" "les03_provisioner_network" {
      + created_at                = (known after apply)
      + default_security_group_id = (known after apply)
      + folder_id                 = (known after apply)
      + id                        = (known after apply)
      + labels                    = (known after apply)
      + name                      = "les03-provisioner-network"
      + subnet_ids                = (known after apply)
    }

  # yandex_vpc_subnet.les03_provisioner_subnet will be created
  + resource "yandex_vpc_subnet" "les03_provisioner_subnet" {
      + created_at     = (known after apply)
      + folder_id      = (known after apply)
      + id             = (known after apply)
      + labels         = (known after apply)
      + name           = "les03-provisioner-subnet"
      + network_id     = (known after apply)
      + v4_cidr_blocks = [
          + "10.2.0.0/16",
        ]
      + v6_cidr_blocks = (known after apply)
      + zone           = "ru-central1-a"
    }

Plan: 3 to add, 0 to change, 0 to destroy.

Do you want to perform these actions?
  Terraform will perform the actions described above.
  Only 'yes' will be accepted to approve.

  Enter a value: yes

yandex_vpc_network.les03_provisioner_network: Creating...
yandex_vpc_network.les03_provisioner_network: Creation complete after 1s [id=enpii4p3mnmqsnmt9euu]
yandex_vpc_subnet.les03_provisioner_subnet: Creating...
yandex_vpc_subnet.les03_provisioner_subnet: Creation complete after 1s [id=e9bma2lbg3se4q64fp04]
yandex_compute_instance.les03_rp_nginx: Creating...
yandex_compute_instance.les03_rp_nginx: Still creating... [10s elapsed]
yandex_compute_instance.les03_rp_nginx: Still creating... [20s elapsed]
yandex_compute_instance.les03_rp_nginx: Still creating... [30s elapsed]
yandex_compute_instance.les03_rp_nginx: Still creating... [40s elapsed]
yandex_compute_instance.les03_rp_nginx: Provisioning with 'remote-exec'...
yandex_compute_instance.les03_rp_nginx (remote-exec): Connecting to remote host via SSH...
yandex_compute_instance.les03_rp_nginx (remote-exec):   Host: 51.250.15.70
yandex_compute_instance.les03_rp_nginx (remote-exec):   User: ubuntu
yandex_compute_instance.les03_rp_nginx (remote-exec):   Password: false
yandex_compute_instance.les03_rp_nginx (remote-exec):   Private key: true
yandex_compute_instance.les03_rp_nginx (remote-exec):   Certificate: false
yandex_compute_instance.les03_rp_nginx (remote-exec):   SSH Agent: false
yandex_compute_instance.les03_rp_nginx (remote-exec):   Checking Host Key: false
yandex_compute_instance.les03_rp_nginx (remote-exec):   Target Platform: unix
yandex_compute_instance.les03_rp_nginx: Still creating... [50s elapsed]
yandex_compute_instance.les03_rp_nginx (remote-exec): Connecting to remote host via SSH...
yandex_compute_instance.les03_rp_nginx (remote-exec):   Host: 51.250.15.70
yandex_compute_instance.les03_rp_nginx (remote-exec):   User: ubuntu
yandex_compute_instance.les03_rp_nginx (remote-exec):   Password: false
yandex_compute_instance.les03_rp_nginx (remote-exec):   Private key: true
yandex_compute_instance.les03_rp_nginx (remote-exec):   Certificate: false
yandex_compute_instance.les03_rp_nginx (remote-exec):   SSH Agent: false
yandex_compute_instance.les03_rp_nginx (remote-exec):   Checking Host Key: false
yandex_compute_instance.les03_rp_nginx (remote-exec):   Target Platform: unix
yandex_compute_instance.les03_rp_nginx (remote-exec): Connected!
yandex_compute_instance.les03_rp_nginx: Still creating... [1m0s elapsed]
yandex_compute_instance.les03_rp_nginx (remote-exec): 
yandex_compute_instance.les03_rp_nginx (remote-exec): 0% [Working]
yandex_compute_instance.les03_rp_nginx (remote-exec): Hit:1 http://mirror.yandex.ru/ubuntu bionic InRelease
yandex_compute_instance.les03_rp_nginx (remote-exec): 
yandex_compute_instance.les03_rp_nginx (remote-exec): 0% [Connecting to security.ubuntu.com (
yandex_compute_instance.les03_rp_nginx (remote-exec): Get:2 http://mirror.yandex.ru/ubuntu bionic-updates InRelease [102 kB]
yandex_compute_instance.les03_rp_nginx (remote-exec): Get:3 http://mirror.yandex.ru/ubuntu bionic-backports InRelease [102 kB]
yandex_compute_instance.les03_rp_nginx (remote-exec): 
yandex_compute_instance.les03_rp_nginx (remote-exec): 0% [Connecting to security.ubuntu.com (
yandex_compute_instance.les03_rp_nginx (remote-exec): 0% [1 InRelease gpgv 242 kB] [Connectin
yandex_compute_instance.les03_rp_nginx (remote-exec): 
yandex_compute_instance.les03_rp_nginx (remote-exec): 0% [Waiting for headers]
yandex_compute_instance.les03_rp_nginx (remote-exec): 0% [2 InRelease gpgv 102 kB] [Waiting f
yandex_compute_instance.les03_rp_nginx (remote-exec): Get:4 http://security.ubuntu.com/ubuntu bionic-security InRelease [102 kB]
yandex_compute_instance.les03_rp_nginx (remote-exec): 
yandex_compute_instance.les03_rp_nginx (remote-exec): 0% [2 InRelease gpgv 102 kB] [4 InRelea
yandex_compute_instance.les03_rp_nginx (remote-exec): 
yandex_compute_instance.les03_rp_nginx (remote-exec): 0% [4 InRelease 20.0 kB/102 kB 20%]
yandex_compute_instance.les03_rp_nginx (remote-exec): 0% [3 InRelease gpgv 102 kB] [Waiting f
yandex_compute_instance.les03_rp_nginx (remote-exec): Get:5 http://mirror.yandex.ru/ubuntu bionic-updates/main amd64 Packages [3,044 kB]
yandex_compute_instance.les03_rp_nginx (remote-exec): 
yandex_compute_instance.les03_rp_nginx (remote-exec): 0% [3 InRelease gpgv 102 kB] [5 Package
yandex_compute_instance.les03_rp_nginx (remote-exec): 
yandex_compute_instance.les03_rp_nginx (remote-exec): 0% [3 InRelease gpgv 102 kB] [4 InRelea
yandex_compute_instance.les03_rp_nginx (remote-exec): Get:6 http://mirror.yandex.ru/ubuntu bionic-updates/main i386 Packages [1,666 kB]
yandex_compute_instance.les03_rp_nginx (remote-exec): 
yandex_compute_instance.les03_rp_nginx (remote-exec): 0% [3 InRelease gpgv 102 kB] [6 Package
yandex_compute_instance.les03_rp_nginx (remote-exec): 0% [5 Packages store 0 B] [3 InRelease 
yandex_compute_instance.les03_rp_nginx (remote-exec): 0% [5 Packages store 0 B] [3 InRelease 
yandex_compute_instance.les03_rp_nginx (remote-exec): 0% [5 Packages store 0 B] [3 InRelease 
yandex_compute_instance.les03_rp_nginx (remote-exec): Get:7 http://mirror.yandex.ru/ubuntu bionic-updates/main Translation-en [554 kB]
yandex_compute_instance.les03_rp_nginx (remote-exec): 
yandex_compute_instance.les03_rp_nginx (remote-exec): 0% [5 Packages store 0 B] [3 InRelease 
yandex_compute_instance.les03_rp_nginx (remote-exec): 0% [5 Packages store 0 B] [3 InRelease 
yandex_compute_instance.les03_rp_nginx (remote-exec): Get:8 http://mirror.yandex.ru/ubuntu bionic-updates/restricted amd64 Packages [1,347 kB]
yandex_compute_instance.les03_rp_nginx (remote-exec): 
yandex_compute_instance.les03_rp_nginx (remote-exec): 0% [5 Packages store 0 B] [3 InRelease 
yandex_compute_instance.les03_rp_nginx (remote-exec): 0% [5 Packages store 0 B] [3 InRelease 
yandex_compute_instance.les03_rp_nginx (remote-exec): Get:9 http://mirror.yandex.ru/ubuntu bionic-updates/restricted i386 Packages [39.7 kB]
yandex_compute_instance.les03_rp_nginx (remote-exec): 
yandex_compute_instance.les03_rp_nginx (remote-exec): 0% [5 Packages store 0 B] [3 InRelease 
yandex_compute_instance.les03_rp_nginx (remote-exec): 0% [5 Packages store 0 B] [3 InRelease 
yandex_compute_instance.les03_rp_nginx (remote-exec): Get:10 http://mirror.yandex.ru/ubuntu bionic-updates/restricted Translation-en [187 kB]
yandex_compute_instance.les03_rp_nginx (remote-exec): 
yandex_compute_instance.les03_rp_nginx (remote-exec): 0% [5 Packages store 0 B] [3 InRelease 
yandex_compute_instance.les03_rp_nginx (remote-exec): 0% [5 Packages store 0 B] [3 InRelease 
yandex_compute_instance.les03_rp_nginx (remote-exec): Get:11 http://mirror.yandex.ru/ubuntu bionic-updates/universe amd64 Packages [1,914 kB]
yandex_compute_instance.les03_rp_nginx (remote-exec): 
yandex_compute_instance.les03_rp_nginx (remote-exec): 0% [5 Packages store 0 B] [3 InRelease 
yandex_compute_instance.les03_rp_nginx (remote-exec): 0% [5 Packages store 0 B] [11 Packages 
yandex_compute_instance.les03_rp_nginx (remote-exec): Get:12 http://mirror.yandex.ru/ubuntu bionic-updates/universe i386 Packages [1,663 kB]
yandex_compute_instance.les03_rp_nginx (remote-exec): 
yandex_compute_instance.les03_rp_nginx (remote-exec): 0% [5 Packages store 0 B] [12 Packages 
yandex_compute_instance.les03_rp_nginx (remote-exec): 0% [5 Packages store 0 B] [4 InRelease 
yandex_compute_instance.les03_rp_nginx (remote-exec): 0% [5 Packages store 0 B] [4 InRelease 
yandex_compute_instance.les03_rp_nginx (remote-exec): Get:13 http://mirror.yandex.ru/ubuntu bionic-updates/universe Translation-en [421 kB]
yandex_compute_instance.les03_rp_nginx (remote-exec): 
yandex_compute_instance.les03_rp_nginx (remote-exec): 0% [5 Packages store 0 B] [4 InRelease 
yandex_compute_instance.les03_rp_nginx (remote-exec): 0% [5 Packages store 0 B] [4 InRelease 
yandex_compute_instance.les03_rp_nginx (remote-exec): Get:14 http://mirror.yandex.ru/ubuntu bionic-updates/multiverse amd64 Packages [25.6 kB]
yandex_compute_instance.les03_rp_nginx (remote-exec): 
yandex_compute_instance.les03_rp_nginx (remote-exec): 0% [5 Packages store 0 B] [4 InRelease 
yandex_compute_instance.les03_rp_nginx (remote-exec): 0% [5 Packages store 0 B] [4 InRelease 
yandex_compute_instance.les03_rp_nginx (remote-exec): Get:15 http://mirror.yandex.ru/ubuntu bionic-updates/multiverse i386 Packages [11.2 kB]
yandex_compute_instance.les03_rp_nginx (remote-exec): 
yandex_compute_instance.les03_rp_nginx (remote-exec): 0% [5 Packages store 0 B] [4 InRelease 
yandex_compute_instance.les03_rp_nginx (remote-exec): 0% [5 Packages store 0 B] [4 InRelease 
yandex_compute_instance.les03_rp_nginx (remote-exec): Get:16 http://mirror.yandex.ru/ubuntu bionic-updates/multiverse Translation-en [6,088 B]
yandex_compute_instance.les03_rp_nginx (remote-exec): 
yandex_compute_instance.les03_rp_nginx (remote-exec): 0% [5 Packages store 0 B] [4 InRelease 
yandex_compute_instance.les03_rp_nginx (remote-exec): 0% [5 Packages store 0 B] [4 InRelease 
yandex_compute_instance.les03_rp_nginx (remote-exec): Get:17 http://mirror.yandex.ru/ubuntu bionic-backports/main amd64 Packages [53.3 kB]
yandex_compute_instance.les03_rp_nginx (remote-exec): 
yandex_compute_instance.les03_rp_nginx (remote-exec): 0% [5 Packages store 0 B] [4 InRelease 
yandex_compute_instance.les03_rp_nginx (remote-exec): 0% [5 Packages store 0 B] [4 InRelease 
yandex_compute_instance.les03_rp_nginx (remote-exec): Get:18 http://mirror.yandex.ru/ubuntu bionic-backports/main i386 Packages [53.2 kB]
yandex_compute_instance.les03_rp_nginx (remote-exec): 
yandex_compute_instance.les03_rp_nginx (remote-exec): 0% [5 Packages store 0 B] [4 InRelease 
yandex_compute_instance.les03_rp_nginx (remote-exec): 0% [5 Packages store 0 B] [4 InRelease 
yandex_compute_instance.les03_rp_nginx (remote-exec): Get:19 http://mirror.yandex.ru/ubuntu bionic-backports/main Translation-en [14.6 kB]
yandex_compute_instance.les03_rp_nginx (remote-exec): 
yandex_compute_instance.les03_rp_nginx (remote-exec): 0% [5 Packages store 0 B] [4 InRelease 
yandex_compute_instance.les03_rp_nginx (remote-exec): 0% [5 Packages store 0 B] [4 InRelease 
yandex_compute_instance.les03_rp_nginx (remote-exec): Get:20 http://mirror.yandex.ru/ubuntu bionic-backports/universe amd64 Packages [18.2 kB]
yandex_compute_instance.les03_rp_nginx (remote-exec): 
yandex_compute_instance.les03_rp_nginx (remote-exec): 0% [5 Packages store 0 B] [4 InRelease 
yandex_compute_instance.les03_rp_nginx (remote-exec): 0% [5 Packages store 0 B] [4 InRelease 
yandex_compute_instance.les03_rp_nginx (remote-exec): Get:21 http://mirror.yandex.ru/ubuntu bionic-backports/universe i386 Packages [18.1 kB]
yandex_compute_instance.les03_rp_nginx (remote-exec): 
yandex_compute_instance.les03_rp_nginx (remote-exec): 0% [5 Packages store 0 B] [4 InRelease 
yandex_compute_instance.les03_rp_nginx (remote-exec): 0% [5 Packages store 0 B] [4 InRelease 
yandex_compute_instance.les03_rp_nginx (remote-exec): Get:22 http://mirror.yandex.ru/ubuntu bionic-backports/universe Translation-en [8,668 B]
yandex_compute_instance.les03_rp_nginx (remote-exec): 
yandex_compute_instance.les03_rp_nginx (remote-exec): 0% [5 Packages store 0 B] [4 InRelease 
yandex_compute_instance.les03_rp_nginx (remote-exec): 0% [5 Packages store 0 B] [4 InRelease 
yandex_compute_instance.les03_rp_nginx (remote-exec): 
yandex_compute_instance.les03_rp_nginx (remote-exec): 60% [5 Packages store 0 B]
yandex_compute_instance.les03_rp_nginx (remote-exec): Get:23 http://security.ubuntu.com/ubuntu bionic-security/main amd64 Packages [2,717 kB]
yandex_compute_instance.les03_rp_nginx (remote-exec): 
yandex_compute_instance.les03_rp_nginx (remote-exec): 60% [5 Packages store 0 B] [23 Packages
yandex_compute_instance.les03_rp_nginx (remote-exec): 
yandex_compute_instance.les03_rp_nginx (remote-exec): 61% [23 Packages 184 kB/2,717 kB 7%]
yandex_compute_instance.les03_rp_nginx (remote-exec): 61% [6 Packages store 0 B] [23 Packages
yandex_compute_instance.les03_rp_nginx (remote-exec): 
yandex_compute_instance.les03_rp_nginx (remote-exec): 67% [23 Packages 1,637 kB/2,717 kB 60%]
yandex_compute_instance.les03_rp_nginx (remote-exec): 67% [7 Translation-en store 0 B] [23 Pa
yandex_compute_instance.les03_rp_nginx (remote-exec): 71% [7 Translation-en store 0 B]
yandex_compute_instance.les03_rp_nginx (remote-exec): Get:24 http://security.ubuntu.com/ubuntu bionic-security/main i386 Packages [1,379 kB]
yandex_compute_instance.les03_rp_nginx (remote-exec): 
yandex_compute_instance.les03_rp_nginx (remote-exec): 71% [7 Translation-en store 0 B] [24 Pa
yandex_compute_instance.les03_rp_nginx (remote-exec): 76% [7 Translation-en store 0 B]
yandex_compute_instance.les03_rp_nginx (remote-exec): Get:25 http://security.ubuntu.com/ubuntu bionic-security/main Translation-en [467 kB]
yandex_compute_instance.les03_rp_nginx (remote-exec): 
yandex_compute_instance.les03_rp_nginx (remote-exec): 76% [7 Translation-en store 0 B] [25 Tr
yandex_compute_instance.les03_rp_nginx (remote-exec): 78% [7 Translation-en store 0 B]
yandex_compute_instance.les03_rp_nginx (remote-exec): Get:26 http://security.ubuntu.com/ubuntu bionic-security/restricted i386 Packages [33.0 kB]
yandex_compute_instance.les03_rp_nginx (remote-exec): 
yandex_compute_instance.les03_rp_nginx (remote-exec): 78% [7 Translation-en store 0 B] [26 Pa
yandex_compute_instance.les03_rp_nginx (remote-exec): 78% [7 Translation-en store 0 B]
yandex_compute_instance.les03_rp_nginx (remote-exec): Get:27 http://security.ubuntu.com/ubuntu bionic-security/restricted amd64 Packages [1,317 kB]
yandex_compute_instance.les03_rp_nginx (remote-exec): 
yandex_compute_instance.les03_rp_nginx (remote-exec): 78% [7 Translation-en store 0 B] [27 Pa
yandex_compute_instance.les03_rp_nginx (remote-exec): 82% [27 Packages 825 kB/1,317 kB 63%]
yandex_compute_instance.les03_rp_nginx (remote-exec): 82% [8 Packages store 0 B] [27 Packages
yandex_compute_instance.les03_rp_nginx (remote-exec): 84% [8 Packages store 0 B]
yandex_compute_instance.les03_rp_nginx (remote-exec): Get:28 http://security.ubuntu.com/ubuntu bionic-security/restricted Translation-en [182 kB]
yandex_compute_instance.les03_rp_nginx (remote-exec): 
yandex_compute_instance.les03_rp_nginx (remote-exec): 84% [8 Packages store 0 B] [28 Translat
yandex_compute_instance.les03_rp_nginx (remote-exec): 85% [8 Packages store 0 B]
yandex_compute_instance.les03_rp_nginx (remote-exec): Get:29 http://security.ubuntu.com/ubuntu bionic-security/universe amd64 Packages [1,303 kB]
yandex_compute_instance.les03_rp_nginx (remote-exec): 
yandex_compute_instance.les03_rp_nginx (remote-exec): 85% [8 Packages store 0 B] [29 Packages
yandex_compute_instance.les03_rp_nginx (remote-exec): 90% [8 Packages store 0 B]
yandex_compute_instance.les03_rp_nginx (remote-exec): Get:30 http://security.ubuntu.com/ubuntu bionic-security/universe i386 Packages [1,078 kB]
yandex_compute_instance.les03_rp_nginx (remote-exec): 
yandex_compute_instance.les03_rp_nginx (remote-exec): 90% [8 Packages store 0 B] [30 Packages
yandex_compute_instance.les03_rp_nginx (remote-exec): 94% [8 Packages store 0 B]
yandex_compute_instance.les03_rp_nginx (remote-exec): Get:31 http://security.ubuntu.com/ubuntu bionic-security/universe Translation-en [308 kB]
yandex_compute_instance.les03_rp_nginx (remote-exec): 
yandex_compute_instance.les03_rp_nginx (remote-exec): 94% [8 Packages store 0 B] [31 Translat
yandex_compute_instance.les03_rp_nginx (remote-exec): 95% [8 Packages store 0 B]
yandex_compute_instance.les03_rp_nginx (remote-exec): Get:32 http://security.ubuntu.com/ubuntu bionic-security/multiverse i386 Packages [6,008 B]
yandex_compute_instance.les03_rp_nginx (remote-exec): 
yandex_compute_instance.les03_rp_nginx (remote-exec): 95% [8 Packages store 0 B] [32 Packages
yandex_compute_instance.les03_rp_nginx (remote-exec): 95% [8 Packages store 0 B]
yandex_compute_instance.les03_rp_nginx (remote-exec): Get:33 http://security.ubuntu.com/ubuntu bionic-security/multiverse amd64 Packages [19.8 kB]
yandex_compute_instance.les03_rp_nginx (remote-exec): 
yandex_compute_instance.les03_rp_nginx (remote-exec): 95% [8 Packages store 0 B] [33 Packages
yandex_compute_instance.les03_rp_nginx (remote-exec): 95% [8 Packages store 0 B]
yandex_compute_instance.les03_rp_nginx (remote-exec): Get:34 http://security.ubuntu.com/ubuntu bionic-security/multiverse Translation-en [3,928 B]
yandex_compute_instance.les03_rp_nginx (remote-exec): 
yandex_compute_instance.les03_rp_nginx (remote-exec): 95% [8 Packages store 0 B] [34 Translat
yandex_compute_instance.les03_rp_nginx (remote-exec): 95% [8 Packages store 0 B]
yandex_compute_instance.les03_rp_nginx (remote-exec): 
yandex_compute_instance.les03_rp_nginx (remote-exec): 96% [Working]
yandex_compute_instance.les03_rp_nginx (remote-exec): 96% [9 Packages store 0 B]
yandex_compute_instance.les03_rp_nginx (remote-exec): 96% [Working]
yandex_compute_instance.les03_rp_nginx (remote-exec): 96% [10 Translation-en store 0 B]
yandex_compute_instance.les03_rp_nginx (remote-exec): 
yandex_compute_instance.les03_rp_nginx (remote-exec): 96% [Working]
yandex_compute_instance.les03_rp_nginx (remote-exec): 96% [11 Packages store 0 B]
yandex_compute_instance.les03_rp_nginx (remote-exec): 
yandex_compute_instance.les03_rp_nginx (remote-exec): 96% [11 Packages store 0 B]
yandex_compute_instance.les03_rp_nginx (remote-exec): 96% [Working]
yandex_compute_instance.les03_rp_nginx (remote-exec): 96% [12 Packages store 0 B]
yandex_compute_instance.les03_rp_nginx (remote-exec): 
yandex_compute_instance.les03_rp_nginx (remote-exec): 96% [12 Packages store 0 B]
yandex_compute_instance.les03_rp_nginx (remote-exec): 96% [Working]
yandex_compute_instance.les03_rp_nginx (remote-exec): 96% [13 Translation-en store 0 B]
yandex_compute_instance.les03_rp_nginx (remote-exec): 
yandex_compute_instance.les03_rp_nginx (remote-exec): 96% [Working]
yandex_compute_instance.les03_rp_nginx (remote-exec): 96% [14 Packages store 0 B]
yandex_compute_instance.les03_rp_nginx (remote-exec): 97% [Working]
yandex_compute_instance.les03_rp_nginx (remote-exec): 97% [15 Packages store 0 B]
yandex_compute_instance.les03_rp_nginx (remote-exec): 97% [Working]
yandex_compute_instance.les03_rp_nginx (remote-exec): 97% [16 Translation-en store 0 B]
yandex_compute_instance.les03_rp_nginx (remote-exec): 97% [Working]
yandex_compute_instance.les03_rp_nginx (remote-exec): 97% [17 Packages store 0 B]
yandex_compute_instance.les03_rp_nginx (remote-exec): 97% [Working]
yandex_compute_instance.les03_rp_nginx (remote-exec): 97% [18 Packages store 0 B]
yandex_compute_instance.les03_rp_nginx (remote-exec): 97% [Working]
yandex_compute_instance.les03_rp_nginx (remote-exec): 97% [19 Translation-en store 0 B]
yandex_compute_instance.les03_rp_nginx (remote-exec): 97% [Working]
yandex_compute_instance.les03_rp_nginx (remote-exec): 97% [20 Packages store 0 B]
yandex_compute_instance.les03_rp_nginx (remote-exec): 98% [Working]
yandex_compute_instance.les03_rp_nginx (remote-exec): 98% [21 Packages store 0 B]
yandex_compute_instance.les03_rp_nginx (remote-exec): 98% [Working]
yandex_compute_instance.les03_rp_nginx (remote-exec): 98% [22 Translation-en store 0 B]
yandex_compute_instance.les03_rp_nginx (remote-exec): 98% [Working]
yandex_compute_instance.les03_rp_nginx (remote-exec): 98% [23 Packages store 0 B]
yandex_compute_instance.les03_rp_nginx (remote-exec): 
yandex_compute_instance.les03_rp_nginx (remote-exec): 98% [23 Packages store 0 B]
yandex_compute_instance.les03_rp_nginx (remote-exec): 
yandex_compute_instance.les03_rp_nginx (remote-exec): 98% [Working]
yandex_compute_instance.les03_rp_nginx (remote-exec): 98% [24 Packages store 0 B]
yandex_compute_instance.les03_rp_nginx (remote-exec): 
yandex_compute_instance.les03_rp_nginx (remote-exec): 98% [Working]
yandex_compute_instance.les03_rp_nginx (remote-exec): 98% [25 Translation-en store 0 B]
yandex_compute_instance.les03_rp_nginx (remote-exec): 
yandex_compute_instance.les03_rp_nginx (remote-exec): 98% [Working]
yandex_compute_instance.les03_rp_nginx (remote-exec): 98% [26 Packages store 0 B]
yandex_compute_instance.les03_rp_nginx (remote-exec): 99% [Working]
yandex_compute_instance.les03_rp_nginx (remote-exec): 99% [27 Packages store 0 B]
yandex_compute_instance.les03_rp_nginx (remote-exec): 
yandex_compute_instance.les03_rp_nginx (remote-exec): 99% [Working]             3,346 kB/s 0s
yandex_compute_instance.les03_rp_nginx (remote-exec): 99% [28 Translation-en store 0 B]
yandex_compute_instance.les03_rp_nginx (remote-exec): 99% [Working]             3,346 kB/s 0s
yandex_compute_instance.les03_rp_nginx (remote-exec): 99% [29 Packages store 0 B]
yandex_compute_instance.les03_rp_nginx (remote-exec): 
yandex_compute_instance.les03_rp_nginx (remote-exec): 99% [Working]             3,346 kB/s 0s
yandex_compute_instance.les03_rp_nginx (remote-exec): 99% [30 Packages store 0 B]
yandex_compute_instance.les03_rp_nginx (remote-exec): 
yandex_compute_instance.les03_rp_nginx (remote-exec): 99% [Working]             3,346 kB/s 0s
yandex_compute_instance.les03_rp_nginx (remote-exec): 99% [31 Translation-en store 0 B]
yandex_compute_instance.les03_rp_nginx (remote-exec): 99% [Working]             3,346 kB/s 0s
yandex_compute_instance.les03_rp_nginx (remote-exec): 99% [32 Packages store 0 B]
yandex_compute_instance.les03_rp_nginx (remote-exec): 100% [Working]            3,346 kB/s 0s
yandex_compute_instance.les03_rp_nginx (remote-exec): 100% [33 Packages store 0 B]
yandex_compute_instance.les03_rp_nginx (remote-exec): 100% [Working]            3,346 kB/s 0s
yandex_compute_instance.les03_rp_nginx (remote-exec): 100% [34 Translation-en store 0 B]
yandex_compute_instance.les03_rp_nginx (remote-exec): 100% [Working]            3,346 kB/s 0s
yandex_compute_instance.les03_rp_nginx (remote-exec): Fetched 20.2 MB in 7s (2,963 kB/s)
yandex_compute_instance.les03_rp_nginx (remote-exec): Reading package lists... 0%
yandex_compute_instance.les03_rp_nginx (remote-exec): Reading package lists... 0%
yandex_compute_instance.les03_rp_nginx (remote-exec): Reading package lists... 0%
yandex_compute_instance.les03_rp_nginx (remote-exec): Reading package lists... 2%
yandex_compute_instance.les03_rp_nginx (remote-exec): Reading package lists... 2%
yandex_compute_instance.les03_rp_nginx (remote-exec): Reading package lists... 4%
yandex_compute_instance.les03_rp_nginx (remote-exec): Reading package lists... 4%
yandex_compute_instance.les03_rp_nginx (remote-exec): Reading package lists... 5%
yandex_compute_instance.les03_rp_nginx (remote-exec): Reading package lists... 5%
yandex_compute_instance.les03_rp_nginx (remote-exec): Reading package lists... 5%
yandex_compute_instance.les03_rp_nginx (remote-exec): Reading package lists... 5%
yandex_compute_instance.les03_rp_nginx (remote-exec): Reading package lists... 5%
yandex_compute_instance.les03_rp_nginx (remote-exec): Reading package lists... 5%
yandex_compute_instance.les03_rp_nginx (remote-exec): Reading package lists... 5%
yandex_compute_instance.les03_rp_nginx (remote-exec): Reading package lists... 5%
yandex_compute_instance.les03_rp_nginx (remote-exec): Reading package lists... 16%
yandex_compute_instance.les03_rp_nginx (remote-exec): Reading package lists... 23%
yandex_compute_instance.les03_rp_nginx (remote-exec): Reading package lists... 23%
yandex_compute_instance.les03_rp_nginx (remote-exec): Reading package lists... 30%
yandex_compute_instance.les03_rp_nginx (remote-exec): Reading package lists... 40%
yandex_compute_instance.les03_rp_nginx (remote-exec): Reading package lists... 40%
yandex_compute_instance.les03_rp_nginx (remote-exec): Reading package lists... 50%
yandex_compute_instance.les03_rp_nginx (remote-exec): Reading package lists... 50%
yandex_compute_instance.les03_rp_nginx (remote-exec): Reading package lists... 50%
yandex_compute_instance.les03_rp_nginx (remote-exec): Reading package lists... 50%
yandex_compute_instance.les03_rp_nginx (remote-exec): Reading package lists... 50%
yandex_compute_instance.les03_rp_nginx (remote-exec): Reading package lists... 50%
yandex_compute_instance.les03_rp_nginx (remote-exec): Reading package lists... 50%
yandex_compute_instance.les03_rp_nginx (remote-exec): Reading package lists... 50%
yandex_compute_instance.les03_rp_nginx (remote-exec): Reading package lists... 53%
yandex_compute_instance.les03_rp_nginx (remote-exec): Reading package lists... 56%
yandex_compute_instance.les03_rp_nginx (remote-exec): Reading package lists... 56%
yandex_compute_instance.les03_rp_nginx: Still creating... [1m10s elapsed]
yandex_compute_instance.les03_rp_nginx (remote-exec): Reading package lists... 59%
yandex_compute_instance.les03_rp_nginx (remote-exec): Reading package lists... 59%
yandex_compute_instance.les03_rp_nginx (remote-exec): Reading package lists... 64%
yandex_compute_instance.les03_rp_nginx (remote-exec): Reading package lists... 64%
yandex_compute_instance.les03_rp_nginx (remote-exec): Reading package lists... 67%
yandex_compute_instance.les03_rp_nginx (remote-exec): Reading package lists... 67%
yandex_compute_instance.les03_rp_nginx (remote-exec): Reading package lists... 67%
yandex_compute_instance.les03_rp_nginx (remote-exec): Reading package lists... 67%
yandex_compute_instance.les03_rp_nginx (remote-exec): Reading package lists... 68%
yandex_compute_instance.les03_rp_nginx (remote-exec): Reading package lists... 68%
yandex_compute_instance.les03_rp_nginx (remote-exec): Reading package lists... 72%
yandex_compute_instance.les03_rp_nginx (remote-exec): Reading package lists... 72%
yandex_compute_instance.les03_rp_nginx (remote-exec): Reading package lists... 72%
yandex_compute_instance.les03_rp_nginx (remote-exec): Reading package lists... 75%
yandex_compute_instance.les03_rp_nginx (remote-exec): Reading package lists... 75%
yandex_compute_instance.les03_rp_nginx (remote-exec): Reading package lists... 77%
yandex_compute_instance.les03_rp_nginx (remote-exec): Reading package lists... 77%
yandex_compute_instance.les03_rp_nginx (remote-exec): Reading package lists... 77%
yandex_compute_instance.les03_rp_nginx (remote-exec): Reading package lists... 77%
yandex_compute_instance.les03_rp_nginx (remote-exec): Reading package lists... 77%
yandex_compute_instance.les03_rp_nginx (remote-exec): Reading package lists... 77%
yandex_compute_instance.les03_rp_nginx (remote-exec): Reading package lists... 77%
yandex_compute_instance.les03_rp_nginx (remote-exec): Reading package lists... 77%
yandex_compute_instance.les03_rp_nginx (remote-exec): Reading package lists... 77%
yandex_compute_instance.les03_rp_nginx (remote-exec): Reading package lists... 77%
yandex_compute_instance.les03_rp_nginx (remote-exec): Reading package lists... 77%
yandex_compute_instance.les03_rp_nginx (remote-exec): Reading package lists... 77%
yandex_compute_instance.les03_rp_nginx (remote-exec): Reading package lists... 77%
yandex_compute_instance.les03_rp_nginx (remote-exec): Reading package lists... 77%
yandex_compute_instance.les03_rp_nginx (remote-exec): Reading package lists... 77%
yandex_compute_instance.les03_rp_nginx (remote-exec): Reading package lists... 77%
yandex_compute_instance.les03_rp_nginx (remote-exec): Reading package lists... 77%
yandex_compute_instance.les03_rp_nginx (remote-exec): Reading package lists... 77%
yandex_compute_instance.les03_rp_nginx (remote-exec): Reading package lists... 77%
yandex_compute_instance.les03_rp_nginx (remote-exec): Reading package lists... 77%
yandex_compute_instance.les03_rp_nginx (remote-exec): Reading package lists... 83%
yandex_compute_instance.les03_rp_nginx (remote-exec): Reading package lists... 83%
yandex_compute_instance.les03_rp_nginx (remote-exec): Reading package lists... 85%
yandex_compute_instance.les03_rp_nginx (remote-exec): Reading package lists... 85%
yandex_compute_instance.les03_rp_nginx (remote-exec): Reading package lists... 89%
yandex_compute_instance.les03_rp_nginx (remote-exec): Reading package lists... 89%
yandex_compute_instance.les03_rp_nginx (remote-exec): Reading package lists... 92%
yandex_compute_instance.les03_rp_nginx (remote-exec): Reading package lists... 92%
yandex_compute_instance.les03_rp_nginx (remote-exec): Reading package lists... 92%
yandex_compute_instance.les03_rp_nginx (remote-exec): Reading package lists... 92%
yandex_compute_instance.les03_rp_nginx (remote-exec): Reading package lists... 93%
yandex_compute_instance.les03_rp_nginx (remote-exec): Reading package lists... 93%
yandex_compute_instance.les03_rp_nginx (remote-exec): Reading package lists... 96%
yandex_compute_instance.les03_rp_nginx (remote-exec): Reading package lists... 96%
yandex_compute_instance.les03_rp_nginx (remote-exec): Reading package lists... 98%
yandex_compute_instance.les03_rp_nginx (remote-exec): Reading package lists... 98%
yandex_compute_instance.les03_rp_nginx (remote-exec): Reading package lists... 99%
yandex_compute_instance.les03_rp_nginx (remote-exec): Reading package lists... 99%
yandex_compute_instance.les03_rp_nginx (remote-exec): Reading package lists... 99%
yandex_compute_instance.les03_rp_nginx (remote-exec): Reading package lists... 99%
yandex_compute_instance.les03_rp_nginx (remote-exec): Reading package lists... 99%
yandex_compute_instance.les03_rp_nginx (remote-exec): Reading package lists... 99%
yandex_compute_instance.les03_rp_nginx (remote-exec): Reading package lists... 99%
yandex_compute_instance.les03_rp_nginx (remote-exec): Reading package lists... 99%
yandex_compute_instance.les03_rp_nginx (remote-exec): Reading package lists... Done
yandex_compute_instance.les03_rp_nginx (remote-exec): Building dependency tree... 0%
yandex_compute_instance.les03_rp_nginx (remote-exec): Building dependency tree... 0%
yandex_compute_instance.les03_rp_nginx (remote-exec): Building dependency tree... 0%
yandex_compute_instance.les03_rp_nginx (remote-exec): Building dependency tree... 50%
yandex_compute_instance.les03_rp_nginx (remote-exec): Building dependency tree... 50%
yandex_compute_instance.les03_rp_nginx (remote-exec): Building dependency tree
yandex_compute_instance.les03_rp_nginx (remote-exec): Reading state information... 0%
yandex_compute_instance.les03_rp_nginx (remote-exec): Reading state information... 0%
yandex_compute_instance.les03_rp_nginx (remote-exec): Reading state information... Done
yandex_compute_instance.les03_rp_nginx (remote-exec): 180 packages can be upgraded. Run 'apt list --upgradable' to see them.
yandex_compute_instance.les03_rp_nginx (remote-exec): Reading package lists... 0%
yandex_compute_instance.les03_rp_nginx (remote-exec): Reading package lists... 100%
yandex_compute_instance.les03_rp_nginx (remote-exec): Reading package lists... Done
yandex_compute_instance.les03_rp_nginx (remote-exec): Building dependency tree... 0%
yandex_compute_instance.les03_rp_nginx (remote-exec): Building dependency tree... 0%
yandex_compute_instance.les03_rp_nginx (remote-exec): Building dependency tree... 50%
yandex_compute_instance.les03_rp_nginx (remote-exec): Building dependency tree... 50%
yandex_compute_instance.les03_rp_nginx (remote-exec): Building dependency tree
yandex_compute_instance.les03_rp_nginx (remote-exec): Reading state information... 0%
yandex_compute_instance.les03_rp_nginx (remote-exec): Reading state information... 0%
yandex_compute_instance.les03_rp_nginx (remote-exec): Reading state information... Done
yandex_compute_instance.les03_rp_nginx (remote-exec): nano is already the newest version (2.9.3-2).
yandex_compute_instance.les03_rp_nginx (remote-exec): The following additional packages will be installed:
yandex_compute_instance.les03_rp_nginx (remote-exec):   fontconfig-config fonts-dejavu-core
yandex_compute_instance.les03_rp_nginx (remote-exec):   git-man libcurl3-gnutls
yandex_compute_instance.les03_rp_nginx (remote-exec):   liberror-perl libfontconfig1 libgd3
yandex_compute_instance.les03_rp_nginx (remote-exec):   libgdbm-compat4 libjbig0
yandex_compute_instance.les03_rp_nginx (remote-exec):   libjpeg-turbo8 libjpeg8
yandex_compute_instance.les03_rp_nginx (remote-exec):   libnginx-mod-http-geoip
yandex_compute_instance.les03_rp_nginx (remote-exec):   libnginx-mod-http-image-filter
yandex_compute_instance.les03_rp_nginx (remote-exec):   libnginx-mod-http-xslt-filter
yandex_compute_instance.les03_rp_nginx (remote-exec):   libnginx-mod-mail
yandex_compute_instance.les03_rp_nginx (remote-exec):   libnginx-mod-stream libperl5.26
yandex_compute_instance.les03_rp_nginx (remote-exec):   libtiff5 libwebp6 libxpm4 libxslt1.1
yandex_compute_instance.les03_rp_nginx (remote-exec):   nginx-common nginx-core patch perl
yandex_compute_instance.les03_rp_nginx (remote-exec):   perl-base perl-modules-5.26
yandex_compute_instance.les03_rp_nginx (remote-exec): Suggested packages:
yandex_compute_instance.les03_rp_nginx (remote-exec):   git-daemon-run | git-daemon-sysvinit
yandex_compute_instance.les03_rp_nginx (remote-exec):   git-doc git-el git-email git-gui
yandex_compute_instance.les03_rp_nginx (remote-exec):   gitk gitweb git-cvs git-mediawiki
yandex_compute_instance.les03_rp_nginx (remote-exec):   git-svn libgd-tools fcgiwrap
yandex_compute_instance.les03_rp_nginx (remote-exec):   nginx-doc ssl-cert diffutils-doc
yandex_compute_instance.les03_rp_nginx (remote-exec):   perl-doc libterm-readline-gnu-perl
yandex_compute_instance.les03_rp_nginx (remote-exec):   | libterm-readline-perl-perl make
yandex_compute_instance.les03_rp_nginx (remote-exec): The following NEW packages will be installed:
yandex_compute_instance.les03_rp_nginx (remote-exec):   fontconfig-config fonts-dejavu-core
yandex_compute_instance.les03_rp_nginx (remote-exec):   git git-man libcurl3-gnutls
yandex_compute_instance.les03_rp_nginx (remote-exec):   liberror-perl libfontconfig1 libgd3
yandex_compute_instance.les03_rp_nginx (remote-exec):   libgdbm-compat4 libjbig0
yandex_compute_instance.les03_rp_nginx (remote-exec):   libjpeg-turbo8 libjpeg8
yandex_compute_instance.les03_rp_nginx (remote-exec):   libnginx-mod-http-geoip
yandex_compute_instance.les03_rp_nginx (remote-exec):   libnginx-mod-http-image-filter
yandex_compute_instance.les03_rp_nginx (remote-exec):   libnginx-mod-http-xslt-filter
yandex_compute_instance.les03_rp_nginx (remote-exec):   libnginx-mod-mail
yandex_compute_instance.les03_rp_nginx (remote-exec):   libnginx-mod-stream libperl5.26
yandex_compute_instance.les03_rp_nginx (remote-exec):   libtiff5 libwebp6 libxpm4 libxslt1.1
yandex_compute_instance.les03_rp_nginx (remote-exec):   nginx nginx-common nginx-core patch
yandex_compute_instance.les03_rp_nginx (remote-exec):   perl perl-modules-5.26
yandex_compute_instance.les03_rp_nginx (remote-exec): The following packages will be upgraded:
yandex_compute_instance.les03_rp_nginx (remote-exec):   perl-base
yandex_compute_instance.les03_rp_nginx (remote-exec): 1 upgraded, 28 newly installed, 0 to remove and 179 not upgraded.
yandex_compute_instance.les03_rp_nginx (remote-exec): Need to get 15.6 MB of archives.
yandex_compute_instance.les03_rp_nginx (remote-exec): After this operation, 85.4 MB of additional disk space will be used.
yandex_compute_instance.les03_rp_nginx (remote-exec): 
yandex_compute_instance.les03_rp_nginx (remote-exec): 0% [Working]
yandex_compute_instance.les03_rp_nginx (remote-exec): Get:1 http://mirror.yandex.ru/ubuntu bionic-updates/main amd64 perl-base amd64 5.26.1-6ubuntu0.7 [1,392 kB]
yandex_compute_instance.les03_rp_nginx (remote-exec): 
yandex_compute_instance.les03_rp_nginx (remote-exec): 0% [1 perl-base 13.2 kB/1,392 kB 1%]
yandex_compute_instance.les03_rp_nginx (remote-exec): 8% [Working]
yandex_compute_instance.les03_rp_nginx (remote-exec): Get:2 http://mirror.yandex.ru/ubuntu bionic-updates/main amd64 libjpeg-turbo8 amd64 1.5.2-0ubuntu5.18.04.6 [111 kB]
yandex_compute_instance.les03_rp_nginx (remote-exec): 
yandex_compute_instance.les03_rp_nginx (remote-exec): 8% [2 libjpeg-turbo8 2,381 B/111 kB 2%]
yandex_compute_instance.les03_rp_nginx (remote-exec): 9% [Waiting for headers]
yandex_compute_instance.les03_rp_nginx (remote-exec): Get:3 http://mirror.yandex.ru/ubuntu bionic-updates/main amd64 perl-modules-5.26 all 5.26.1-6ubuntu0.7 [2,764 kB]
yandex_compute_instance.les03_rp_nginx (remote-exec): 
yandex_compute_instance.les03_rp_nginx (remote-exec): 9% [3 perl-modules-5.26 3,615 B/2,764 k
yandex_compute_instance.les03_rp_nginx (remote-exec): 24% [Waiting for headers]
yandex_compute_instance.les03_rp_nginx (remote-exec): Get:4 http://mirror.yandex.ru/ubuntu bionic/main amd64 libgdbm-compat4 amd64 1.14.1-6 [6,084 B]
yandex_compute_instance.les03_rp_nginx (remote-exec): Get:5 http://mirror.yandex.ru/ubuntu bionic-updates/main amd64 libperl5.26 amd64 5.26.1-6ubuntu0.7 [3,532 kB]
yandex_compute_instance.les03_rp_nginx (remote-exec): 
yandex_compute_instance.les03_rp_nginx (remote-exec): 25% [5 libperl5.26 116 kB/3,532 kB 3%]
yandex_compute_instance.les03_rp_nginx (remote-exec): 43% [Waiting for headers]
yandex_compute_instance.les03_rp_nginx (remote-exec): Get:6 http://mirror.yandex.ru/ubuntu bionic-updates/main amd64 perl amd64 5.26.1-6ubuntu0.7 [201 kB]
yandex_compute_instance.les03_rp_nginx (remote-exec): 
yandex_compute_instance.les03_rp_nginx (remote-exec): 44% [6 perl 57.4 kB/201 kB 28%]
yandex_compute_instance.les03_rp_nginx (remote-exec): 45% [Waiting for headers]
yandex_compute_instance.les03_rp_nginx (remote-exec): Get:7 http://mirror.yandex.ru/ubuntu bionic/main amd64 fonts-dejavu-core all 2.37-1 [1,041 kB]
yandex_compute_instance.les03_rp_nginx (remote-exec): 
yandex_compute_instance.les03_rp_nginx (remote-exec): 45% [7 fonts-dejavu-core 52.2 kB/1,041 
yandex_compute_instance.les03_rp_nginx (remote-exec): 51% [Waiting for headers]
yandex_compute_instance.les03_rp_nginx (remote-exec): Get:8 http://mirror.yandex.ru/ubuntu bionic/main amd64 fontconfig-config all 2.12.6-0ubuntu2 [55.8 kB]
yandex_compute_instance.les03_rp_nginx (remote-exec): 
yandex_compute_instance.les03_rp_nginx (remote-exec): 51% [8 fontconfig-config 55.8 kB/55.8 k
yandex_compute_instance.les03_rp_nginx (remote-exec): 52% [Working]
yandex_compute_instance.les03_rp_nginx (remote-exec): Get:9 http://mirror.yandex.ru/ubuntu bionic-updates/main amd64 libcurl3-gnutls amd64 7.58.0-2ubuntu3.24 [219 kB]
yandex_compute_instance.les03_rp_nginx (remote-exec): 
yandex_compute_instance.les03_rp_nginx (remote-exec): 52% [9 libcurl3-gnutls 65.5 kB/219 kB 3
yandex_compute_instance.les03_rp_nginx (remote-exec): 54% [Waiting for headers]
yandex_compute_instance.les03_rp_nginx (remote-exec): Get:10 http://mirror.yandex.ru/ubuntu bionic/main amd64 liberror-perl all 0.17025-1 [22.8 kB]
yandex_compute_instance.les03_rp_nginx (remote-exec): 
yandex_compute_instance.les03_rp_nginx (remote-exec): 54% [10 liberror-perl 22.8 kB/22.8 kB 1
yandex_compute_instance.les03_rp_nginx (remote-exec): 55% [Waiting for headers]
yandex_compute_instance.les03_rp_nginx (remote-exec): Get:11 http://mirror.yandex.ru/ubuntu bionic-updates/main amd64 git-man all 1:2.17.1-1ubuntu0.18 [804 kB]
yandex_compute_instance.les03_rp_nginx (remote-exec): 
yandex_compute_instance.les03_rp_nginx (remote-exec): 55% [11 git-man 23.6 kB/804 kB 3%]
yandex_compute_instance.les03_rp_nginx (remote-exec): 59% [Waiting for headers]
yandex_compute_instance.les03_rp_nginx (remote-exec): Get:12 http://mirror.yandex.ru/ubuntu bionic-updates/main amd64 git amd64 1:2.17.1-1ubuntu0.18 [3,990 kB]
yandex_compute_instance.les03_rp_nginx (remote-exec): 
yandex_compute_instance.les03_rp_nginx (remote-exec): 60% [12 git 65.5 kB/3,990 kB 2%]
yandex_compute_instance.les03_rp_nginx (remote-exec): 81% [Waiting for headers]
yandex_compute_instance.les03_rp_nginx (remote-exec): Get:13 http://mirror.yandex.ru/ubuntu bionic/main amd64 libfontconfig1 amd64 2.12.6-0ubuntu2 [137 kB]
yandex_compute_instance.les03_rp_nginx (remote-exec): 
yandex_compute_instance.les03_rp_nginx (remote-exec): 81% [13 libfontconfig1 65.5 kB/137 kB 4
yandex_compute_instance.les03_rp_nginx (remote-exec): 82% [Waiting for headers]
yandex_compute_instance.les03_rp_nginx (remote-exec): Get:14 http://mirror.yandex.ru/ubuntu bionic/main amd64 libjpeg8 amd64 8c-2ubuntu8 [2,194 B]
yandex_compute_instance.les03_rp_nginx (remote-exec): Get:15 http://mirror.yandex.ru/ubuntu bionic-updates/main amd64 libjbig0 amd64 2.1-3.1ubuntu0.18.04.1 [27.0 kB]
yandex_compute_instance.les03_rp_nginx (remote-exec): 
yandex_compute_instance.les03_rp_nginx (remote-exec): 83% [15 libjbig0 27.0 kB/27.0 kB 100%]
yandex_compute_instance.les03_rp_nginx (remote-exec): 83% [Working]
yandex_compute_instance.les03_rp_nginx (remote-exec): Get:16 http://mirror.yandex.ru/ubuntu bionic-updates/main amd64 libtiff5 amd64 4.0.9-5ubuntu0.10 [154 kB]
yandex_compute_instance.les03_rp_nginx (remote-exec): 
yandex_compute_instance.les03_rp_nginx (remote-exec): 84% [16 libtiff5 42.8 kB/154 kB 28%]
yandex_compute_instance.les03_rp_nginx (remote-exec): 85% [Waiting for headers]
yandex_compute_instance.les03_rp_nginx (remote-exec): Get:17 http://mirror.yandex.ru/ubuntu bionic-updates/main amd64 libwebp6 amd64 0.6.1-2ubuntu0.18.04.2 [186 kB]
yandex_compute_instance.les03_rp_nginx (remote-exec): 
yandex_compute_instance.les03_rp_nginx (remote-exec): 85% [17 libwebp6 19.5 kB/186 kB 10%]
yandex_compute_instance.les03_rp_nginx (remote-exec): 87% [Waiting for headers]
yandex_compute_instance.les03_rp_nginx (remote-exec): Get:18 http://mirror.yandex.ru/ubuntu bionic-updates/main amd64 libxpm4 amd64 1:3.5.12-1ubuntu0.18.04.2 [34.8 kB]
yandex_compute_instance.les03_rp_nginx (remote-exec): 
yandex_compute_instance.les03_rp_nginx (remote-exec): 87% [18 libxpm4 29.5 kB/34.8 kB 85%]
yandex_compute_instance.les03_rp_nginx (remote-exec): 87% [Working]
yandex_compute_instance.les03_rp_nginx (remote-exec): Get:19 http://mirror.yandex.ru/ubuntu bionic-updates/main amd64 libgd3 amd64 2.2.5-4ubuntu0.5 [119 kB]
yandex_compute_instance.les03_rp_nginx (remote-exec): 
yandex_compute_instance.les03_rp_nginx (remote-exec): 88% [19 libgd3 59.9 kB/119 kB 50%]
yandex_compute_instance.les03_rp_nginx (remote-exec): 89% [Waiting for headers]
yandex_compute_instance.les03_rp_nginx (remote-exec): Get:20 http://mirror.yandex.ru/ubuntu bionic-updates/main amd64 nginx-common all 1.14.0-0ubuntu1.11 [37.2 kB]
yandex_compute_instance.les03_rp_nginx (remote-exec): 
yandex_compute_instance.les03_rp_nginx (remote-exec): 89% [20 nginx-common 37.2 kB/37.2 kB 10
yandex_compute_instance.les03_rp_nginx (remote-exec): 90% [Working]
yandex_compute_instance.les03_rp_nginx (remote-exec): Get:21 http://mirror.yandex.ru/ubuntu bionic-updates/main amd64 libnginx-mod-http-geoip amd64 1.14.0-0ubuntu1.11 [11.0 kB]
yandex_compute_instance.les03_rp_nginx (remote-exec): 
yandex_compute_instance.les03_rp_nginx (remote-exec): 90% [21 libnginx-mod-http-geoip 11.0 kB
yandex_compute_instance.les03_rp_nginx (remote-exec): 90% [Working]
yandex_compute_instance.les03_rp_nginx (remote-exec): Get:22 http://mirror.yandex.ru/ubuntu bionic-updates/main amd64 libnginx-mod-http-image-filter amd64 1.14.0-0ubuntu1.11 [14.3 kB]
yandex_compute_instance.les03_rp_nginx (remote-exec): 
yandex_compute_instance.les03_rp_nginx (remote-exec): 90% [22 libnginx-mod-http-image-filter 
yandex_compute_instance.les03_rp_nginx (remote-exec): 91% [Waiting for headers]
yandex_compute_instance.les03_rp_nginx (remote-exec): Get:23 http://mirror.yandex.ru/ubuntu bionic-updates/main amd64 libxslt1.1 amd64 1.1.29-5ubuntu0.3 [150 kB]
yandex_compute_instance.les03_rp_nginx (remote-exec): 
yandex_compute_instance.les03_rp_nginx (remote-exec): 91% [23 libxslt1.1 65.5 kB/150 kB 44%]
yandex_compute_instance.les03_rp_nginx (remote-exec): 93% [Waiting for headers]
yandex_compute_instance.les03_rp_nginx (remote-exec): Get:24 http://mirror.yandex.ru/ubuntu bionic-updates/main amd64 libnginx-mod-http-xslt-filter amd64 1.14.0-0ubuntu1.11 [12.8 kB]
yandex_compute_instance.les03_rp_nginx (remote-exec): 
yandex_compute_instance.les03_rp_nginx (remote-exec): 93% [24 libnginx-mod-http-xslt-filter 1
yandex_compute_instance.les03_rp_nginx (remote-exec): 93% [Working]
yandex_compute_instance.les03_rp_nginx (remote-exec): Get:25 http://mirror.yandex.ru/ubuntu bionic-updates/main amd64 libnginx-mod-mail amd64 1.14.0-0ubuntu1.11 [41.8 kB]
yandex_compute_instance.les03_rp_nginx (remote-exec): 
yandex_compute_instance.les03_rp_nginx (remote-exec): 94% [25 libnginx-mod-mail 41.5 kB/41.8 
yandex_compute_instance.les03_rp_nginx (remote-exec): 94% [Waiting for headers]
yandex_compute_instance.les03_rp_nginx (remote-exec): Get:26 http://mirror.yandex.ru/ubuntu bionic-updates/main amd64 libnginx-mod-stream amd64 1.14.0-0ubuntu1.11 [63.5 kB]
yandex_compute_instance.les03_rp_nginx (remote-exec): 
yandex_compute_instance.les03_rp_nginx (remote-exec): 95% [26 libnginx-mod-stream 62.8 kB/63.
yandex_compute_instance.les03_rp_nginx (remote-exec): 95% [Waiting for headers]
yandex_compute_instance.les03_rp_nginx (remote-exec): Get:27 http://mirror.yandex.ru/ubuntu bionic-updates/main amd64 nginx-core amd64 1.14.0-0ubuntu1.11 [413 kB]
yandex_compute_instance.les03_rp_nginx (remote-exec): 
yandex_compute_instance.les03_rp_nginx (remote-exec): 96% [27 nginx-core 65.5 kB/413 kB 16%]
yandex_compute_instance.les03_rp_nginx (remote-exec): 98% [Waiting for headers]
yandex_compute_instance.les03_rp_nginx (remote-exec): Get:28 http://mirror.yandex.ru/ubuntu bionic-updates/main amd64 nginx all 1.14.0-0ubuntu1.11 [3,596 B]
yandex_compute_instance.les03_rp_nginx (remote-exec): 
yandex_compute_instance.les03_rp_nginx (remote-exec): 98% [28 nginx 2,385 B/3,596 B 66%]
yandex_compute_instance.les03_rp_nginx (remote-exec): 99% [Working]
yandex_compute_instance.les03_rp_nginx (remote-exec): Get:29 http://mirror.yandex.ru/ubuntu bionic-updates/main amd64 patch amd64 2.7.6-2ubuntu1.1 [102 kB]
yandex_compute_instance.les03_rp_nginx (remote-exec): 
yandex_compute_instance.les03_rp_nginx (remote-exec): 99% [29 patch 43.2 kB/102 kB 42%]
yandex_compute_instance.les03_rp_nginx (remote-exec): 100% [Working]
yandex_compute_instance.les03_rp_nginx (remote-exec): Fetched 15.6 MB in 0s (37.3 MB/s)
yandex_compute_instance.les03_rp_nginx (remote-exec): Preconfiguring packages ...
                                                      (Reading database ...
yandex_compute_instance.les03_rp_nginx (remote-exec): (Reading database ... 5%
yandex_compute_instance.les03_rp_nginx (remote-exec): (Reading database ... 10%
yandex_compute_instance.les03_rp_nginx (remote-exec): (Reading database ... 15%
yandex_compute_instance.les03_rp_nginx (remote-exec): (Reading database ... 20%
yandex_compute_instance.les03_rp_nginx (remote-exec): (Reading database ... 25%
yandex_compute_instance.les03_rp_nginx (remote-exec): (Reading database ... 30%
yandex_compute_instance.les03_rp_nginx (remote-exec): (Reading database ... 35%
yandex_compute_instance.les03_rp_nginx (remote-exec): (Reading database ... 40%
yandex_compute_instance.les03_rp_nginx (remote-exec): (Reading database ... 45%
yandex_compute_instance.les03_rp_nginx (remote-exec): (Reading database ... 50%
yandex_compute_instance.les03_rp_nginx (remote-exec): (Reading database ... 55%
yandex_compute_instance.les03_rp_nginx (remote-exec): (Reading database ... 60%
yandex_compute_instance.les03_rp_nginx (remote-exec): (Reading database ... 65%
yandex_compute_instance.les03_rp_nginx (remote-exec): (Reading database ... 70%
yandex_compute_instance.les03_rp_nginx (remote-exec): (Reading database ... 75%
yandex_compute_instance.les03_rp_nginx (remote-exec): (Reading database ... 80%
yandex_compute_instance.les03_rp_nginx (remote-exec): (Reading database ... 85%
yandex_compute_instance.les03_rp_nginx (remote-exec): (Reading database ... 90%
yandex_compute_instance.les03_rp_nginx (remote-exec): (Reading database ... 95%
yandex_compute_instance.les03_rp_nginx (remote-exec): (Reading database ... 100%
yandex_compute_instance.les03_rp_nginx (remote-exec): (Reading database ... 62087 files and directories currently installed.)
yandex_compute_instance.les03_rp_nginx (remote-exec): Preparing to unpack .../perl-base_5.26.1-6ubuntu0.7_amd64.deb ...
Progress: [  0%] [..................]  (remote-exec): Unpacking perl-base (5.26.1-6ubuntu0.7) over (5.26.1-6ubuntu0.5) ...
Progress: [  2%] [..................]  (remote-exec): Setting up perl-base (5.26.1-6ubuntu0.7) ...
Progress: [  3%] [..................]  (remote-exec): Selecting previously unselected package libjpeg-turbo8:amd64.
yandex_compute_instance.les03_rp_nginx (remote-exec): (Reading database ...
yandex_compute_instance.les03_rp_nginx (remote-exec): (Reading database ... 5%
yandex_compute_instance.les03_rp_nginx (remote-exec): (Reading database ... 10%
yandex_compute_instance.les03_rp_nginx (remote-exec): (Reading database ... 15%
yandex_compute_instance.les03_rp_nginx (remote-exec): (Reading database ... 20%
yandex_compute_instance.les03_rp_nginx (remote-exec): (Reading database ... 25%
yandex_compute_instance.les03_rp_nginx (remote-exec): (Reading database ... 30%
yandex_compute_instance.les03_rp_nginx (remote-exec): (Reading database ... 35%
yandex_compute_instance.les03_rp_nginx (remote-exec): (Reading database ... 40%
yandex_compute_instance.les03_rp_nginx (remote-exec): (Reading database ... 45%
yandex_compute_instance.les03_rp_nginx (remote-exec): (Reading database ... 50%
yandex_compute_instance.les03_rp_nginx (remote-exec): (Reading database ... 55%
yandex_compute_instance.les03_rp_nginx (remote-exec): (Reading database ... 60%
yandex_compute_instance.les03_rp_nginx (remote-exec): (Reading database ... 65%
yandex_compute_instance.les03_rp_nginx (remote-exec): (Reading database ... 70%
yandex_compute_instance.les03_rp_nginx (remote-exec): (Reading database ... 75%
yandex_compute_instance.les03_rp_nginx (remote-exec): (Reading database ... 80%
yandex_compute_instance.les03_rp_nginx (remote-exec): (Reading database ... 85%
yandex_compute_instance.les03_rp_nginx (remote-exec): (Reading database ... 90%
yandex_compute_instance.les03_rp_nginx (remote-exec): (Reading database ... 95%
yandex_compute_instance.les03_rp_nginx (remote-exec): (Reading database ... 100%
yandex_compute_instance.les03_rp_nginx (remote-exec): (Reading database ... 62087 files and directories currently installed.)
yandex_compute_instance.les03_rp_nginx (remote-exec): Preparing to unpack .../00-libjpeg-turbo8_1.5.2-0ubuntu5.18.04.6_amd64.deb ...
Progress: [  4%] [..................]  (remote-exec): Unpacking libjpeg-turbo8:amd64 (1.5.2-0ubuntu5.18.04.6) ...
Progress: [  5%] [..................]  (remote-exec): Selecting previously unselected package perl-modules-5.26.
yandex_compute_instance.les03_rp_nginx (remote-exec): Preparing to unpack .../01-perl-modules-5.26_5.26.1-6ubuntu0.7_all.deb ...
Progress: [  6%] [#.................]  (remote-exec): Unpacking perl-modules-5.26 (5.26.1-6ubuntu0.7) ...
yandex_compute_instance.les03_rp_nginx: Still creating... [1m20s elapsed]
Progress: [  8%] [#.................]  (remote-exec): Selecting previously unselected package libgdbm-compat4:amd64.
yandex_compute_instance.les03_rp_nginx (remote-exec): Preparing to unpack .../02-libgdbm-compat4_1.14.1-6_amd64.deb ...
Progress: [  8%] [#.................]  (remote-exec): Unpacking libgdbm-compat4:amd64 (1.14.1-6) ...
Progress: [ 10%] [#.................]  (remote-exec): Selecting previously unselected package libperl5.26:amd64.
yandex_compute_instance.les03_rp_nginx (remote-exec): Preparing to unpack .../03-libperl5.26_5.26.1-6ubuntu0.7_amd64.deb ...
Progress: [ 10%] [#.................]  (remote-exec): Unpacking libperl5.26:amd64 (5.26.1-6ubuntu0.7) ...
Progress: [ 12%] [##................]  (remote-exec): Selecting previously unselected package perl.
yandex_compute_instance.les03_rp_nginx (remote-exec): Preparing to unpack .../04-perl_5.26.1-6ubuntu0.7_amd64.deb ...
Progress: [ 12%] [##................]  (remote-exec): Unpacking perl (5.26.1-6ubuntu0.7) ...
Progress: [ 13%] [##................]  (remote-exec): Selecting previously unselected package fonts-dejavu-core.
yandex_compute_instance.les03_rp_nginx (remote-exec): Preparing to unpack .../05-fonts-dejavu-core_2.37-1_all.deb ...
Progress: [ 14%] [##................]  (remote-exec): Unpacking fonts-dejavu-core (2.37-1) ...
Progress: [ 15%] [##................]  (remote-exec): Selecting previously unselected package fontconfig-config.
yandex_compute_instance.les03_rp_nginx (remote-exec): Preparing to unpack .../06-fontconfig-config_2.12.6-0ubuntu2_all.deb ...
Progress: [ 16%] [##................]  (remote-exec): Unpacking fontconfig-config (2.12.6-0ubuntu2) ...
Progress: [ 17%] [###...............]  (remote-exec): Selecting previously unselected package libcurl3-gnutls:amd64.
yandex_compute_instance.les03_rp_nginx (remote-exec): Preparing to unpack .../07-libcurl3-gnutls_7.58.0-2ubuntu3.24_amd64.deb ...
Progress: [ 18%] [###...............]  (remote-exec): Unpacking libcurl3-gnutls:amd64 (7.58.0-2ubuntu3.24) ...
Progress: [ 19%] [###...............]  (remote-exec): Selecting previously unselected package liberror-perl.
yandex_compute_instance.les03_rp_nginx (remote-exec): Preparing to unpack .../08-liberror-perl_0.17025-1_all.deb ...
Progress: [ 21%] [###...............]  (remote-exec): Unpacking liberror-perl (0.17025-1) ...
Progress: [ 21%] [###...............]  (remote-exec): Selecting previously unselected package git-man.
yandex_compute_instance.les03_rp_nginx (remote-exec): Preparing to unpack .../09-git-man_1%3a2.17.1-1ubuntu0.18_all.deb ...
Progress: [ 23%] [####..............]  (remote-exec): Unpacking git-man (1:2.17.1-1ubuntu0.18) ...
Progress: [ 23%] [####..............]  (remote-exec): Selecting previously unselected package git.
yandex_compute_instance.les03_rp_nginx (remote-exec): Preparing to unpack .../10-git_1%3a2.17.1-1ubuntu0.18_amd64.deb ...
Progress: [ 25%] [####..............]  (remote-exec): Unpacking git (1:2.17.1-1ubuntu0.18) ...
Progress: [ 26%] [####..............]  (remote-exec): 
yandex_compute_instance.les03_rp_nginx (remote-exec): Selecting previously unselected package libfontconfig1:amd64.
yandex_compute_instance.les03_rp_nginx (remote-exec): Preparing to unpack .../11-libfontconfig1_2.12.6-0ubuntu2_amd64.deb ...
yandex_compute_instance.les03_rp_nginx (remote-exec): Unpacking libfontconfig1:amd64 (2.12.6-0ubuntu2) ...
Progress: [ 28%] [#####.............]  (remote-exec): Selecting previously unselected package libjpeg8:amd64.
yandex_compute_instance.les03_rp_nginx (remote-exec): Preparing to unpack .../12-libjpeg8_8c-2ubuntu8_amd64.deb ...
yandex_compute_instance.les03_rp_nginx (remote-exec): Unpacking libjpeg8:amd64 (8c-2ubuntu8) ...
Progress: [ 30%] [#####.............]  (remote-exec): 
yandex_compute_instance.les03_rp_nginx (remote-exec): Selecting previously unselected package libjbig0:amd64.
yandex_compute_instance.les03_rp_nginx (remote-exec): Preparing to unpack .../13-libjbig0_2.1-3.1ubuntu0.18.04.1_amd64.deb ...
yandex_compute_instance.les03_rp_nginx (remote-exec): Unpacking libjbig0:amd64 (2.1-3.1ubuntu0.18.04.1) ...
Progress: [ 32%] [#####.............]  (remote-exec): 
yandex_compute_instance.les03_rp_nginx (remote-exec): Selecting previously unselected package libtiff5:amd64.
yandex_compute_instance.les03_rp_nginx (remote-exec): Preparing to unpack .../14-libtiff5_4.0.9-5ubuntu0.10_amd64.deb ...
yandex_compute_instance.les03_rp_nginx (remote-exec): Unpacking libtiff5:amd64 (4.0.9-5ubuntu0.10) ...
Progress: [ 34%] [######............]  (remote-exec): 
yandex_compute_instance.les03_rp_nginx (remote-exec): Selecting previously unselected package libwebp6:amd64.
yandex_compute_instance.les03_rp_nginx (remote-exec): Preparing to unpack .../15-libwebp6_0.6.1-2ubuntu0.18.04.2_amd64.deb ...
yandex_compute_instance.les03_rp_nginx (remote-exec): Unpacking libwebp6:amd64 (0.6.1-2ubuntu0.18.04.2) ...
Progress: [ 36%] [######............]  (remote-exec): Selecting previously unselected package libxpm4:amd64.
yandex_compute_instance.les03_rp_nginx (remote-exec): Preparing to unpack .../16-libxpm4_1%3a3.5.12-1ubuntu0.18.04.2_amd64.deb ...
yandex_compute_instance.les03_rp_nginx (remote-exec): Unpacking libxpm4:amd64 (1:3.5.12-1ubuntu0.18.04.2) ...
Progress: [ 38%] [######............]  (remote-exec): Selecting previously unselected package libgd3:amd64.
yandex_compute_instance.les03_rp_nginx (remote-exec): Preparing to unpack .../17-libgd3_2.2.5-4ubuntu0.5_amd64.deb ...
Progress: [ 39%] [#######...........]  (remote-exec): Unpacking libgd3:amd64 (2.2.5-4ubuntu0.5) ...
Progress: [ 40%] [#######...........]  (remote-exec): 
yandex_compute_instance.les03_rp_nginx (remote-exec): Selecting previously unselected package nginx-common.
yandex_compute_instance.les03_rp_nginx (remote-exec): Preparing to unpack .../18-nginx-common_1.14.0-0ubuntu1.11_all.deb ...
Progress: [ 41%] [#######...........]  (remote-exec): Unpacking nginx-common (1.14.0-0ubuntu1.11) ...
Progress: [ 42%] [#######...........]  (remote-exec): Selecting previously unselected package libnginx-mod-http-geoip.
yandex_compute_instance.les03_rp_nginx (remote-exec): Preparing to unpack .../19-libnginx-mod-http-geoip_1.14.0-0ubuntu1.11_amd64.deb ...
Progress: [ 43%] [#######...........]  (remote-exec): Unpacking libnginx-mod-http-geoip (1.14.0-0ubuntu1.11) ...
Progress: [ 45%] [########..........]  (remote-exec): Selecting previously unselected package libnginx-mod-http-image-filter.
yandex_compute_instance.les03_rp_nginx (remote-exec): Preparing to unpack .../20-libnginx-mod-http-image-filter_1.14.0-0ubuntu1.11_amd64.deb ...
Progress: [ 45%] [########..........]  (remote-exec): Unpacking libnginx-mod-http-image-filter (1.14.0-0ubuntu1.11) ...
Progress: [ 47%] [########..........]  (remote-exec): Selecting previously unselected package libxslt1.1:amd64.
yandex_compute_instance.les03_rp_nginx (remote-exec): Preparing to unpack .../21-libxslt1.1_1.1.29-5ubuntu0.3_amd64.deb ...
Progress: [ 47%] [########..........]  (remote-exec): Unpacking libxslt1.1:amd64 (1.1.29-5ubuntu0.3) ...
Progress: [ 49%] [########..........]  (remote-exec): Selecting previously unselected package libnginx-mod-http-xslt-filter.
yandex_compute_instance.les03_rp_nginx (remote-exec): Preparing to unpack .../22-libnginx-mod-http-xslt-filter_1.14.0-0ubuntu1.11_amd64.deb ...
Progress: [ 49%] [########..........]  (remote-exec): Unpacking libnginx-mod-http-xslt-filter (1.14.0-0ubuntu1.11) ...
Progress: [ 50%] [#########.........]  (remote-exec): Selecting previously unselected package libnginx-mod-mail.
yandex_compute_instance.les03_rp_nginx (remote-exec): Preparing to unpack .../23-libnginx-mod-mail_1.14.0-0ubuntu1.11_amd64.deb ...
Progress: [ 51%] [#########.........]  (remote-exec): Unpacking libnginx-mod-mail (1.14.0-0ubuntu1.11) ...
Progress: [ 52%] [#########.........]  (remote-exec): Selecting previously unselected package libnginx-mod-stream.
yandex_compute_instance.les03_rp_nginx (remote-exec): Preparing to unpack .../24-libnginx-mod-stream_1.14.0-0ubuntu1.11_amd64.deb ...
Progress: [ 53%] [#########.........]  (remote-exec): Unpacking libnginx-mod-stream (1.14.0-0ubuntu1.11) ...
Progress: [ 54%] [#########.........]  (remote-exec): Selecting previously unselected package nginx-core.
yandex_compute_instance.les03_rp_nginx (remote-exec): Preparing to unpack .../25-nginx-core_1.14.0-0ubuntu1.11_amd64.deb ...
Progress: [ 55%] [#########.........]  (remote-exec): Unpacking nginx-core (1.14.0-0ubuntu1.11) ...
Progress: [ 56%] [##########........]  (remote-exec): Selecting previously unselected package nginx.
yandex_compute_instance.les03_rp_nginx (remote-exec): Preparing to unpack .../26-nginx_1.14.0-0ubuntu1.11_all.deb ...
Progress: [ 58%] [##########........]  (remote-exec): Unpacking nginx (1.14.0-0ubuntu1.11) ...
Progress: [ 58%] [##########........]  (remote-exec): Selecting previously unselected package patch.
yandex_compute_instance.les03_rp_nginx (remote-exec): Preparing to unpack .../27-patch_2.7.6-2ubuntu1.1_amd64.deb ...
Progress: [ 60%] [##########........]  (remote-exec): Unpacking patch (2.7.6-2ubuntu1.1) ...
Progress: [ 60%] [##########........]  (remote-exec): Setting up git-man (1:2.17.1-1ubuntu0.18) ...
Progress: [ 62%] [###########.......]  (remote-exec): Setting up libjbig0:amd64 (2.1-3.1ubuntu0.18.04.1) ...
Progress: [ 63%] [###########.......]  (remote-exec): Setting up fonts-dejavu-core (2.37-1) ...
Progress: [ 65%] [###########.......]  (remote-exec): Setting up libcurl3-gnutls:amd64 (7.58.0-2ubuntu3.24) ...
Progress: [ 66%] [###########.......]  (remote-exec): Setting up nginx-common (1.14.0-0ubuntu1.11) ...
Progress: [ 67%] [############......]  (remote-exec): 
yandex_compute_instance.les03_rp_nginx (remote-exec): Created symlink /etc/systemd/system/multi-user.target.wants/nginx.service  /lib/systemd/system/nginx.service.
yandex_compute_instance.les03_rp_nginx (remote-exec): Setting up libjpeg-turbo8:amd64 (1.5.2-0ubuntu5.18.04.6) ...
Progress: [ 69%] [############......]  (remote-exec): Setting up perl-modules-5.26 (5.26.1-6ubuntu0.7) ...
Progress: [ 71%] [############......]  (remote-exec): Setting up libxslt1.1:amd64 (1.1.29-5ubuntu0.3) ...
Progress: [ 71%] [############......]  (remote-exec): Setting up patch (2.7.6-2ubuntu1.1) ...
Progress: [ 73%] [#############.....]  (remote-exec): Setting up libnginx-mod-mail (1.14.0-0ubuntu1.11) ...
Progress: [ 75%] [#############.....]  (remote-exec): Setting up libxpm4:amd64 (1:3.5.12-1ubuntu0.18.04.2) ...
Progress: [ 76%] [#############.....]  (remote-exec): Setting up libnginx-mod-http-xslt-filter (1.14.0-0ubuntu1.11) ...
Progress: [ 77%] [#############.....]  (remote-exec): Setting up libgdbm-compat4:amd64 (1.14.1-6) ...
Progress: [ 78%] [##############....]  (remote-exec): Setting up libnginx-mod-http-geoip (1.14.0-0ubuntu1.11) ...
Progress: [ 80%] [##############....]  (remote-exec): Setting up libwebp6:amd64 (0.6.1-2ubuntu0.18.04.2) ...
Progress: [ 82%] [##############....]  (remote-exec): Setting up libjpeg8:amd64 (8c-2ubuntu8) ...
Progress: [ 82%] [##############....]  (remote-exec): Setting up fontconfig-config (2.12.6-0ubuntu2) ...
Progress: [ 84%] [###############...]  (remote-exec): Setting up libnginx-mod-stream (1.14.0-0ubuntu1.11) ...
Progress: [ 86%] [###############...]  (remote-exec): Setting up libtiff5:amd64 (4.0.9-5ubuntu0.10) ...
Progress: [ 86%] [###############...]  (remote-exec): Setting up libperl5.26:amd64 (5.26.1-6ubuntu0.7) ...
Progress: [ 88%] [###############...]  (remote-exec): Setting up libfontconfig1:amd64 (2.12.6-0ubuntu2) ...
Progress: [ 89%] [################..]  (remote-exec): Setting up libgd3:amd64 (2.2.5-4ubuntu0.5) ...
Progress: [ 91%] [################..]  (remote-exec): Setting up perl (5.26.1-6ubuntu0.7) ...
Progress: [ 92%] [################..]  (remote-exec): Setting up liberror-perl (0.17025-1) ...
Progress: [ 93%] [################..]  (remote-exec): Setting up libnginx-mod-http-image-filter (1.14.0-0ubuntu1.11) ...
Progress: [ 95%] [#################.]  (remote-exec): Setting up nginx-core (1.14.0-0ubuntu1.11) ...
Progress: [ 97%] [#################.]  (remote-exec): Setting up git (1:2.17.1-1ubuntu0.18) ...
Progress: [ 97%] [#################.]  (remote-exec): Setting up nginx (1.14.0-0ubuntu1.11) ...
Progress: [ 99%] [#################.]  (remote-exec): Processing triggers for systemd (237-3ubuntu10.47) ...
yandex_compute_instance.les03_rp_nginx (remote-exec): Processing triggers for man-db (2.8.3-2ubuntu0.1) ...
yandex_compute_instance.les03_rp_nginx: Still creating... [1m30s elapsed]
yandex_compute_instance.les03_rp_nginx (remote-exec): Processing triggers for ufw (0.36-0ubuntu0.18.04.1) ...
yandex_compute_instance.les03_rp_nginx (remote-exec): Processing triggers for ureadahead (0.100.0-21) ...
yandex_compute_instance.les03_rp_nginx (remote-exec): Processing triggers for libc-bin (2.27-3ubuntu1.4) ...

yandex_compute_instance.les03_rp_nginx (remote-exec): Synchronizing state of nginx.service with SysV service script with /lib/systemd/systemd-sysv-install.
yandex_compute_instance.les03_rp_nginx (remote-exec): Executing: /lib/systemd/systemd-sysv-install enable nginx
yandex_compute_instance.les03_rp_nginx: Provisioning with 'local-exec'...
yandex_compute_instance.les03_rp_nginx (local-exec): Executing: ["/bin/sh" "-c" "curl http://51.250.15.70"]
yandex_compute_instance.les03_rp_nginx (local-exec):   % Total    % Received % Xferd  Average Speed   Time    Time     Time  Current
yandex_compute_instance.les03_rp_nginx (local-exec):                                  Dload  Upload   Total   Spent    Left  Speed
yandex_compute_instance.les03_rp_nginx (local-exec):   0     0    0     0    0     0      0      0 --:--:-- --:--:-- --:--:--     0
yandex_compute_instance.les03_rp_nginx (local-exec): 100   612  100   612    0     0   131k      0 --:--:-- --:--:-- --:--:--  149k
yandex_compute_instance.les03_rp_nginx (local-exec): <!DOCTYPE html>
yandex_compute_instance.les03_rp_nginx (local-exec): <html>
yandex_compute_instance.les03_rp_nginx (local-exec): <head>
yandex_compute_instance.les03_rp_nginx (local-exec): <title>Welcome to nginx!</title>
yandex_compute_instance.les03_rp_nginx (local-exec): <style>
yandex_compute_instance.les03_rp_nginx (local-exec):     body {
yandex_compute_instance.les03_rp_nginx (local-exec):         width: 35em;
yandex_compute_instance.les03_rp_nginx (local-exec):         margin: 0 auto;
yandex_compute_instance.les03_rp_nginx (local-exec):         font-family: Tahoma, Verdana, Arial, sans-serif;
yandex_compute_instance.les03_rp_nginx (local-exec):     }
yandex_compute_instance.les03_rp_nginx (local-exec): </style>
yandex_compute_instance.les03_rp_nginx (local-exec): </head>
yandex_compute_instance.les03_rp_nginx (local-exec): <body>
yandex_compute_instance.les03_rp_nginx (local-exec): <h1>Welcome to nginx!</h1>
yandex_compute_instance.les03_rp_nginx (local-exec): <p>If you see this page, the nginx web server is successfully installed and
yandex_compute_instance.les03_rp_nginx (local-exec): working. Further configuration is required.</p>

yandex_compute_instance.les03_rp_nginx (local-exec): <p>For online documentation and support please refer to
yandex_compute_instance.les03_rp_nginx (local-exec): <a href="http://nginx.org/">nginx.org</a>.<br/>
yandex_compute_instance.les03_rp_nginx (local-exec): Commercial support is available at
yandex_compute_instance.les03_rp_nginx (local-exec): <a href="http://nginx.com/">nginx.com</a>.</p>

yandex_compute_instance.les03_rp_nginx (local-exec): <p><em>Thank you for using nginx.</em></p>
yandex_compute_instance.les03_rp_nginx (local-exec): </body>
yandex_compute_instance.les03_rp_nginx (local-exec): </html>
yandex_compute_instance.les03_rp_nginx: Creation complete after 1m36s [id=fhmer41a4fpijk50te4l]

Apply complete! Resources: 3 added, 0 changed, 0 destroyed.
aleksey@first:~/OtusTeam/IaC/les03/provisioner$ tf destroy
yandex_vpc_network.les03_provisioner_network: Refreshing state... [id=enpii4p3mnmqsnmt9euu]
yandex_vpc_subnet.les03_provisioner_subnet: Refreshing state... [id=e9bma2lbg3se4q64fp04]
yandex_compute_instance.les03_rp_nginx: Refreshing state... [id=fhmer41a4fpijk50te4l]

Terraform used the selected providers to generate the following execution plan. Resource actions are indicated with the following symbols:
  - destroy

Terraform will perform the following actions:

  # yandex_compute_instance.les03_rp_nginx will be destroyed
  - resource "yandex_compute_instance" "les03_rp_nginx" {
      - created_at                = "2024-07-08T14:26:07Z" -> null
      - folder_id                 = "b1gmesrdjgklgkvcp704" -> null
      - fqdn                      = "fhmer41a4fpijk50te4l.auto.internal" -> null
      - id                        = "fhmer41a4fpijk50te4l" -> null
      - labels                    = {} -> null
      - metadata                  = {
          - "ssh-keys" = (sensitive value)
        } -> null
      - name                      = "les03-rp-nginx" -> null
      - network_acceleration_type = "standard" -> null
      - platform_id               = "standard-v1" -> null
      - status                    = "running" -> null
      - zone                      = "ru-central1-a" -> null

      - boot_disk {
          - auto_delete = true -> null
          - device_name = "fhmg808hsves32ilkq97" -> null
          - disk_id     = "fhmg808hsves32ilkq97" -> null
          - mode        = "READ_WRITE" -> null

          - initialize_params {
              - block_size = 4096 -> null
              - image_id   = "fd80viupr3qjr5g6g9du" -> null
              - size       = 3 -> null
              - type       = "network-hdd" -> null
            }
        }

      - metadata_options {
          - aws_v1_http_endpoint = 1 -> null
          - aws_v1_http_token    = 2 -> null
          - gce_http_endpoint    = 1 -> null
          - gce_http_token       = 1 -> null
        }

      - network_interface {
          - index              = 0 -> null
          - ip_address         = "10.2.0.18" -> null
          - ipv4               = true -> null
          - ipv6               = false -> null
          - mac_address        = "d0:0d:ed:90:2a:23" -> null
          - nat                = true -> null
          - nat_ip_address     = "51.250.15.70" -> null
          - nat_ip_version     = "IPV4" -> null
          - security_group_ids = [] -> null
          - subnet_id          = "e9bma2lbg3se4q64fp04" -> null
        }

      - placement_policy {
          - host_affinity_rules       = [] -> null
          - placement_group_partition = 0 -> null
        }

      - resources {
          - core_fraction = 100 -> null
          - cores         = 2 -> null
          - gpus          = 0 -> null
          - memory        = 2 -> null
        }

      - scheduling_policy {
          - preemptible = true -> null
        }
    }

  # yandex_vpc_network.les03_provisioner_network will be destroyed
  - resource "yandex_vpc_network" "les03_provisioner_network" {
      - created_at                = "2024-07-08T14:26:04Z" -> null
      - default_security_group_id = "enpkmbcbtaph5koqego5" -> null
      - folder_id                 = "b1gmesrdjgklgkvcp704" -> null
      - id                        = "enpii4p3mnmqsnmt9euu" -> null
      - labels                    = {} -> null
      - name                      = "les03-provisioner-network" -> null
      - subnet_ids                = [
          - "e9bma2lbg3se4q64fp04",
        ] -> null
    }

  # yandex_vpc_subnet.les03_provisioner_subnet will be destroyed
  - resource "yandex_vpc_subnet" "les03_provisioner_subnet" {
      - created_at     = "2024-07-08T14:26:06Z" -> null
      - folder_id      = "b1gmesrdjgklgkvcp704" -> null
      - id             = "e9bma2lbg3se4q64fp04" -> null
      - labels         = {} -> null
      - name           = "les03-provisioner-subnet" -> null
      - network_id     = "enpii4p3mnmqsnmt9euu" -> null
      - v4_cidr_blocks = [
          - "10.2.0.0/16",
        ] -> null
      - v6_cidr_blocks = [] -> null
      - zone           = "ru-central1-a" -> null
    }

Plan: 0 to add, 0 to change, 3 to destroy.

Do you really want to destroy all resources?
  Terraform will destroy all your managed infrastructure, as shown above.
  There is no undo. Only 'yes' will be accepted to confirm.

  Enter a value: yes

yandex_compute_instance.les03_rp_nginx: Destroying... [id=fhmer41a4fpijk50te4l]
yandex_compute_instance.les03_rp_nginx: Still destroying... [id=fhmer41a4fpijk50te4l, 10s elapsed]
yandex_compute_instance.les03_rp_nginx: Still destroying... [id=fhmer41a4fpijk50te4l, 20s elapsed]
yandex_compute_instance.les03_rp_nginx: Still destroying... [id=fhmer41a4fpijk50te4l, 30s elapsed]
yandex_compute_instance.les03_rp_nginx: Still destroying... [id=fhmer41a4fpijk50te4l, 40s elapsed]
yandex_compute_instance.les03_rp_nginx: Destruction complete after 40s
yandex_vpc_subnet.les03_provisioner_subnet: Destroying... [id=e9bma2lbg3se4q64fp04]
yandex_vpc_subnet.les03_provisioner_subnet: Destruction complete after 4s
yandex_vpc_network.les03_provisioner_network: Destroying... [id=enpii4p3mnmqsnmt9euu]
yandex_vpc_network.les03_provisioner_network: Destruction complete after 1s

Destroy complete! Resources: 3 destroyed.
