aleksey@first:~/OtusTeam/IaC/les02/postproc$ packer build ws_hello.json.pkr.hcl 
yandex.autogenerated_1: output will be in this color.

==> yandex.autogenerated_1: Creating temporary RSA SSH key for instance...
==> yandex.autogenerated_1: Using as source image: fd8l04iucc4vsh00rkb1 (name: "ubuntu-22-04-lts-v20240701", family: "ubuntu-2204-lts")
==> yandex.autogenerated_1: Creating network...
==> yandex.autogenerated_1: Creating subnet in zone "ru-central1-a"...
==> yandex.autogenerated_1: Creating disk...
==> yandex.autogenerated_1: Creating instance...
==> yandex.autogenerated_1: Waiting for instance with id fhmp5shfhdqtbd61m425 to become active...
    yandex.autogenerated_1: Detected instance IP: 158.160.120.168
==> yandex.autogenerated_1: Using SSH communicator to connect: 158.160.120.168
==> yandex.autogenerated_1: Waiting for SSH to become available...
==> yandex.autogenerated_1: Connected to SSH!
==> yandex.autogenerated_1: Provisioning with shell script: /tmp/packer-shell3751554964
    yandex.autogenerated_1: Reading package lists...
    yandex.autogenerated_1: Building dependency tree...
    yandex.autogenerated_1: Reading state information...
    yandex.autogenerated_1: The following additional packages will be installed:
    yandex.autogenerated_1:   apache2-bin apache2-data apache2-utils bzip2 libapr1 libaprutil1
    yandex.autogenerated_1:   libaprutil1-dbd-sqlite3 libaprutil1-ldap liblua5.3-0 mailcap mime-support
    yandex.autogenerated_1:   ssl-cert
    yandex.autogenerated_1: Suggested packages:
    yandex.autogenerated_1:   apache2-doc apache2-suexec-pristine | apache2-suexec-custom www-browser
    yandex.autogenerated_1:   bzip2-doc
    yandex.autogenerated_1: The following NEW packages will be installed:
    yandex.autogenerated_1:   apache2 apache2-bin apache2-data apache2-utils bzip2 libapr1 libaprutil1
    yandex.autogenerated_1:   libaprutil1-dbd-sqlite3 libaprutil1-ldap liblua5.3-0 mailcap mime-support
    yandex.autogenerated_1:   ssl-cert
    yandex.autogenerated_1: 0 upgraded, 13 newly installed, 0 to remove and 2 not upgraded.
    yandex.autogenerated_1: Need to get 2,139 kB of archives.
    yandex.autogenerated_1: After this operation, 8,521 kB of additional disk space will be used.
    yandex.autogenerated_1: Get:1 http://mirror.yandex.ru/ubuntu jammy-updates/main amd64 libapr1 amd64 1.7.0-8ubuntu0.22.04.1 [108 kB]
    yandex.autogenerated_1: Get:2 http://mirror.yandex.ru/ubuntu jammy-updates/main amd64 libaprutil1 amd64 1.6.1-5ubuntu4.22.04.2 [92.8 kB]
    yandex.autogenerated_1: Get:3 http://mirror.yandex.ru/ubuntu jammy-updates/main amd64 libaprutil1-dbd-sqlite3 amd64 1.6.1-5ubuntu4.22.04.2 [11.3 kB]
    yandex.autogenerated_1: Get:4 http://mirror.yandex.ru/ubuntu jammy-updates/main amd64 libaprutil1-ldap amd64 1.6.1-5ubuntu4.22.04.2 [9,170 B]
    yandex.autogenerated_1: Get:5 http://mirror.yandex.ru/ubuntu jammy/main amd64 liblua5.3-0 amd64 5.3.6-1build1 [140 kB]
    yandex.autogenerated_1: Get:6 http://mirror.yandex.ru/ubuntu jammy-updates/main amd64 apache2-bin amd64 2.4.52-1ubuntu4.9 [1,347 kB]
    yandex.autogenerated_1: Get:7 http://mirror.yandex.ru/ubuntu jammy-updates/main amd64 apache2-data all 2.4.52-1ubuntu4.9 [165 kB]
    yandex.autogenerated_1: Get:8 http://mirror.yandex.ru/ubuntu jammy-updates/main amd64 apache2-utils amd64 2.4.52-1ubuntu4.9 [88.7 kB]
    yandex.autogenerated_1: Get:9 http://mirror.yandex.ru/ubuntu jammy/main amd64 mailcap all 3.70+nmu1ubuntu1 [23.8 kB]
    yandex.autogenerated_1: Get:10 http://mirror.yandex.ru/ubuntu jammy/main amd64 mime-support all 3.66 [3,696 B]
    yandex.autogenerated_1: Get:11 http://mirror.yandex.ru/ubuntu jammy-updates/main amd64 apache2 amd64 2.4.52-1ubuntu4.9 [97.9 kB]
    yandex.autogenerated_1: Get:12 http://mirror.yandex.ru/ubuntu jammy/main amd64 bzip2 amd64 1.0.8-5build1 [34.8 kB]
    yandex.autogenerated_1: Get:13 http://mirror.yandex.ru/ubuntu jammy/main amd64 ssl-cert all 1.1.2 [17.4 kB]
==> yandex.autogenerated_1: debconf: unable to initialize frontend: Dialog
==> yandex.autogenerated_1: debconf: (Dialog frontend will not work on a dumb terminal, an emacs shell buffer, or without a controlling terminal.)
==> yandex.autogenerated_1: debconf: falling back to frontend: Readline
==> yandex.autogenerated_1: debconf: unable to initialize frontend: Readline
==> yandex.autogenerated_1: debconf: (This frontend requires a controlling tty.)
==> yandex.autogenerated_1: debconf: falling back to frontend: Teletype
==> yandex.autogenerated_1: dpkg-preconfigure: unable to re-open stdin:
    yandex.autogenerated_1: Fetched 2,139 kB in 0s (15.5 MB/s)
    yandex.autogenerated_1: Selecting previously unselected package libapr1:amd64.
    yandex.autogenerated_1: (Reading database ... 110126 files and directories currently installed.)
    yandex.autogenerated_1: Preparing to unpack .../00-libapr1_1.7.0-8ubuntu0.22.04.1_amd64.deb ...
    yandex.autogenerated_1: Unpacking libapr1:amd64 (1.7.0-8ubuntu0.22.04.1) ...
    yandex.autogenerated_1: Selecting previously unselected package libaprutil1:amd64.
    yandex.autogenerated_1: Preparing to unpack .../01-libaprutil1_1.6.1-5ubuntu4.22.04.2_amd64.deb ...
    yandex.autogenerated_1: Unpacking libaprutil1:amd64 (1.6.1-5ubuntu4.22.04.2) ...
    yandex.autogenerated_1: Selecting previously unselected package libaprutil1-dbd-sqlite3:amd64.
    yandex.autogenerated_1: Preparing to unpack .../02-libaprutil1-dbd-sqlite3_1.6.1-5ubuntu4.22.04.2_amd64.deb ...
    yandex.autogenerated_1: Unpacking libaprutil1-dbd-sqlite3:amd64 (1.6.1-5ubuntu4.22.04.2) ...
    yandex.autogenerated_1: Selecting previously unselected package libaprutil1-ldap:amd64.
    yandex.autogenerated_1: Preparing to unpack .../03-libaprutil1-ldap_1.6.1-5ubuntu4.22.04.2_amd64.deb ...
    yandex.autogenerated_1: Unpacking libaprutil1-ldap:amd64 (1.6.1-5ubuntu4.22.04.2) ...
    yandex.autogenerated_1: Selecting previously unselected package liblua5.3-0:amd64.
    yandex.autogenerated_1: Preparing to unpack .../04-liblua5.3-0_5.3.6-1build1_amd64.deb ...
    yandex.autogenerated_1: Unpacking liblua5.3-0:amd64 (5.3.6-1build1) ...
    yandex.autogenerated_1: Selecting previously unselected package apache2-bin.
    yandex.autogenerated_1: Preparing to unpack .../05-apache2-bin_2.4.52-1ubuntu4.9_amd64.deb ...
    yandex.autogenerated_1: Unpacking apache2-bin (2.4.52-1ubuntu4.9) ...
    yandex.autogenerated_1: Selecting previously unselected package apache2-data.
    yandex.autogenerated_1: Preparing to unpack .../06-apache2-data_2.4.52-1ubuntu4.9_all.deb ...
    yandex.autogenerated_1: Unpacking apache2-data (2.4.52-1ubuntu4.9) ...
    yandex.autogenerated_1: Selecting previously unselected package apache2-utils.
    yandex.autogenerated_1: Preparing to unpack .../07-apache2-utils_2.4.52-1ubuntu4.9_amd64.deb ...
    yandex.autogenerated_1: Unpacking apache2-utils (2.4.52-1ubuntu4.9) ...
    yandex.autogenerated_1: Selecting previously unselected package mailcap.
    yandex.autogenerated_1: Preparing to unpack .../08-mailcap_3.70+nmu1ubuntu1_all.deb ...
    yandex.autogenerated_1: Unpacking mailcap (3.70+nmu1ubuntu1) ...
    yandex.autogenerated_1: Selecting previously unselected package mime-support.
    yandex.autogenerated_1: Preparing to unpack .../09-mime-support_3.66_all.deb ...
    yandex.autogenerated_1: Unpacking mime-support (3.66) ...
    yandex.autogenerated_1: Selecting previously unselected package apache2.
    yandex.autogenerated_1: Preparing to unpack .../10-apache2_2.4.52-1ubuntu4.9_amd64.deb ...
    yandex.autogenerated_1: Unpacking apache2 (2.4.52-1ubuntu4.9) ...
    yandex.autogenerated_1: Selecting previously unselected package bzip2.
    yandex.autogenerated_1: Preparing to unpack .../11-bzip2_1.0.8-5build1_amd64.deb ...
    yandex.autogenerated_1: Unpacking bzip2 (1.0.8-5build1) ...
    yandex.autogenerated_1: Selecting previously unselected package ssl-cert.
    yandex.autogenerated_1: Preparing to unpack .../12-ssl-cert_1.1.2_all.deb ...
    yandex.autogenerated_1: Unpacking ssl-cert (1.1.2) ...
    yandex.autogenerated_1: Setting up libapr1:amd64 (1.7.0-8ubuntu0.22.04.1) ...
    yandex.autogenerated_1: Setting up bzip2 (1.0.8-5build1) ...
    yandex.autogenerated_1: Setting up ssl-cert (1.1.2) ...
    yandex.autogenerated_1: debconf: unable to initialize frontend: Dialog
    yandex.autogenerated_1: debconf: (Dialog frontend will not work on a dumb terminal, an emacs shell buffer, or without a controlling terminal.)
    yandex.autogenerated_1: debconf: falling back to frontend: Readline
    yandex.autogenerated_1: Setting up liblua5.3-0:amd64 (5.3.6-1build1) ...
    yandex.autogenerated_1: Setting up apache2-data (2.4.52-1ubuntu4.9) ...
    yandex.autogenerated_1: Setting up mailcap (3.70+nmu1ubuntu1) ...
    yandex.autogenerated_1: Setting up libaprutil1:amd64 (1.6.1-5ubuntu4.22.04.2) ...
    yandex.autogenerated_1: Setting up mime-support (3.66) ...
    yandex.autogenerated_1: Setting up libaprutil1-ldap:amd64 (1.6.1-5ubuntu4.22.04.2) ...
    yandex.autogenerated_1: Setting up libaprutil1-dbd-sqlite3:amd64 (1.6.1-5ubuntu4.22.04.2) ...
    yandex.autogenerated_1: Setting up apache2-utils (2.4.52-1ubuntu4.9) ...
    yandex.autogenerated_1: Setting up apache2-bin (2.4.52-1ubuntu4.9) ...
    yandex.autogenerated_1: Setting up apache2 (2.4.52-1ubuntu4.9) ...
    yandex.autogenerated_1: Enabling module mpm_event.
    yandex.autogenerated_1: Enabling module authz_core.
    yandex.autogenerated_1: Enabling module authz_host.
    yandex.autogenerated_1: Enabling module authn_core.
    yandex.autogenerated_1: Enabling module auth_basic.
    yandex.autogenerated_1: Enabling module access_compat.
    yandex.autogenerated_1: Enabling module authn_file.
    yandex.autogenerated_1: Enabling module authz_user.
    yandex.autogenerated_1: Enabling module alias.
    yandex.autogenerated_1: Enabling module dir.
    yandex.autogenerated_1: Enabling module autoindex.
    yandex.autogenerated_1: Enabling module env.
    yandex.autogenerated_1: Enabling module mime.
    yandex.autogenerated_1: Enabling module negotiation.
    yandex.autogenerated_1: Enabling module setenvif.
    yandex.autogenerated_1: Enabling module filter.
    yandex.autogenerated_1: Enabling module deflate.
    yandex.autogenerated_1: Enabling module status.
    yandex.autogenerated_1: Enabling module reqtimeout.
    yandex.autogenerated_1: Enabling conf charset.
    yandex.autogenerated_1: Enabling conf localized-error-pages.
    yandex.autogenerated_1: Enabling conf other-vhosts-access-log.
    yandex.autogenerated_1: Enabling conf security.
    yandex.autogenerated_1: Enabling conf serve-cgi-bin.
    yandex.autogenerated_1: Enabling site 000-default.
    yandex.autogenerated_1: Created symlink /etc/systemd/system/multi-user.target.wants/apache2.service → /lib/systemd/system/apache2.service.
    yandex.autogenerated_1: Created symlink /etc/systemd/system/multi-user.target.wants/apache-htcacheclean.service → /lib/systemd/system/apache-htcacheclean.service.
    yandex.autogenerated_1: Processing triggers for ufw (0.36.1-4ubuntu0.1) ...
    yandex.autogenerated_1: Processing triggers for man-db (2.10.2-1) ...
    yandex.autogenerated_1: Processing triggers for libc-bin (2.35-0ubuntu3.8) ...
    yandex.autogenerated_1:
    yandex.autogenerated_1: Running kernel seems to be up-to-date.
    yandex.autogenerated_1:
    yandex.autogenerated_1: No services need to be restarted.
    yandex.autogenerated_1:
    yandex.autogenerated_1: No containers need to be restarted.
    yandex.autogenerated_1:
    yandex.autogenerated_1: No user sessions are running outdated binaries.
    yandex.autogenerated_1:
    yandex.autogenerated_1: No VM guests are running outdated hypervisor (qemu) binaries on this host.
    yandex.autogenerated_1: <html><body><h1>Hello, World!</h1></body></html>
==> yandex.autogenerated_1: Stopping instance...
==> yandex.autogenerated_1: Deleting instance...
    yandex.autogenerated_1: Instance has been deleted!
==> yandex.autogenerated_1: Creating image: my-ws-hello-image
==> yandex.autogenerated_1: Waiting for image to complete...
==> yandex.autogenerated_1: Success image create...
==> yandex.autogenerated_1: Destroying subnet...
    yandex.autogenerated_1: Subnet has been deleted!
==> yandex.autogenerated_1: Destroying network...
    yandex.autogenerated_1: Network has been deleted!
==> yandex.autogenerated_1: Destroying boot disk...
    yandex.autogenerated_1: Disk has been deleted!
==> yandex.autogenerated_1: Running post-processor:  (type yandex-export)
==> yandex.autogenerated_1 (yandex-export): Exporting image fd86ao40pq43s0dqkmas to destination: [s3://otusiacles02/my-exported-image.qcow2 s3://otusiacles02/template-supported-get-fd86ao40pq43s0dqkmas-right-here.qcow2]
==> yandex.autogenerated_1 (yandex-export): Validating service_account_id: 'ajenudjqt9nn9lct6ij1'...
==> yandex.autogenerated_1 (yandex-export): Create temporary storage Access Key
==> yandex.autogenerated_1 (yandex-export): Verify access to paths
==> yandex.autogenerated_1 (yandex-export): Creating temporary RSA SSH key for instance...
==> yandex.autogenerated_1 (yandex-export): Using as source image: fd8s5skmib1vh0l5nps5 (name: "ubuntu-16-04-lts-v20240701", family: "ubuntu-1604-lts")
==> yandex.autogenerated_1 (yandex-export): Creating network...
==> yandex.autogenerated_1 (yandex-export): Creating subnet in zone "ru-central1-a"...
==> yandex.autogenerated_1 (yandex-export): Creating disk...
==> yandex.autogenerated_1 (yandex-export): Creating instance...
==> yandex.autogenerated_1 (yandex-export): Waiting for instance with id fhml2f3p7ria1b21350l to become active...
    yandex.autogenerated_1 (yandex-export): Detected instance IP: 158.160.112.34
==> yandex.autogenerated_1 (yandex-export): Using SSH communicator to connect: 158.160.112.34
==> yandex.autogenerated_1 (yandex-export): Waiting for SSH to become available...
==> yandex.autogenerated_1 (yandex-export): Connected to SSH!
==> yandex.autogenerated_1 (yandex-export): Create secondary disk from image for export...
==> yandex.autogenerated_1 (yandex-export): Attach secondary disk to instance...
    yandex.autogenerated_1 (yandex-export): Wait attached disk...
==> yandex.autogenerated_1 (yandex-export): Upload secrets..
    yandex.autogenerated_1 (yandex-export): Secrets has been uploaded
    yandex.autogenerated_1 (yandex-export): Install qemu-img...
    yandex.autogenerated_1 (yandex-export): Install aws...
==> yandex.autogenerated_1 (yandex-export): Dumping...
    yandex.autogenerated_1 (yandex-export):     (1.02/100%)
    yandex.autogenerated_1 (yandex-export):     (2.03/100%)
    yandex.autogenerated_1 (yandex-export):     (3.05/100%)
    yandex.autogenerated_1 (yandex-export):     (4.06/100%)
    yandex.autogenerated_1 (yandex-export):     (5.08/100%)
    yandex.autogenerated_1 (yandex-export):     (6.09/100%)
    yandex.autogenerated_1 (yandex-export):     (7.11/100%)
    yandex.autogenerated_1 (yandex-export):     (8.12/100%)
    yandex.autogenerated_1 (yandex-export):     (9.14/100%)
    yandex.autogenerated_1 (yandex-export):     (10.16/100%)
    yandex.autogenerated_1 (yandex-export):     (11.17/100%)
    yandex.autogenerated_1 (yandex-export):     (12.19/100%)
    yandex.autogenerated_1 (yandex-export):     (13.20/100%)
    yandex.autogenerated_1 (yandex-export):     (14.22/100%)
    yandex.autogenerated_1 (yandex-export):     (15.23/100%)
    yandex.autogenerated_1 (yandex-export):     (16.25/100%)
    yandex.autogenerated_1 (yandex-export):     (17.27/100%)
    yandex.autogenerated_1 (yandex-export):     (18.28/100%)
    yandex.autogenerated_1 (yandex-export):     (19.30/100%)
    yandex.autogenerated_1 (yandex-export):     (20.31/100%)
    yandex.autogenerated_1 (yandex-export):     (21.33/100%)
    yandex.autogenerated_1 (yandex-export):     (22.34/100%)
    yandex.autogenerated_1 (yandex-export):     (23.36/100%)
    yandex.autogenerated_1 (yandex-export):     (24.37/100%)
    yandex.autogenerated_1 (yandex-export):     (25.39/100%)
    yandex.autogenerated_1 (yandex-export):     (26.41/100%)
    yandex.autogenerated_1 (yandex-export):     (27.42/100%)
    yandex.autogenerated_1 (yandex-export):     (28.44/100%)
    yandex.autogenerated_1 (yandex-export):     (29.45/100%)
    yandex.autogenerated_1 (yandex-export):     (30.47/100%)
    yandex.autogenerated_1 (yandex-export):     (31.48/100%)
    yandex.autogenerated_1 (yandex-export):     (32.50/100%)
    yandex.autogenerated_1 (yandex-export):     (33.52/100%)
    yandex.autogenerated_1 (yandex-export):     (34.53/100%)
    yandex.autogenerated_1 (yandex-export):     (35.55/100%)
    yandex.autogenerated_1 (yandex-export):     (36.56/100%)
    yandex.autogenerated_1 (yandex-export):     (37.58/100%)
    yandex.autogenerated_1 (yandex-export):     (38.59/100%)
    yandex.autogenerated_1 (yandex-export):     (39.61/100%)
    yandex.autogenerated_1 (yandex-export):     (40.62/100%)
    yandex.autogenerated_1 (yandex-export):     (41.64/100%)
    yandex.autogenerated_1 (yandex-export):     (42.66/100%)
    yandex.autogenerated_1 (yandex-export):     (43.67/100%)
    yandex.autogenerated_1 (yandex-export):     (44.69/100%)
    yandex.autogenerated_1 (yandex-export):     (45.70/100%)
    yandex.autogenerated_1 (yandex-export):     (46.72/100%)
    yandex.autogenerated_1 (yandex-export):     (47.73/100%)
    yandex.autogenerated_1 (yandex-export):     (48.75/100%)
    yandex.autogenerated_1 (yandex-export):     (49.77/100%)
    yandex.autogenerated_1 (yandex-export):     (50.78/100%)
    yandex.autogenerated_1 (yandex-export):     (51.80/100%)
    yandex.autogenerated_1 (yandex-export):     (52.81/100%)
    yandex.autogenerated_1 (yandex-export):     (53.83/100%)
    yandex.autogenerated_1 (yandex-export):     (54.84/100%)
    yandex.autogenerated_1 (yandex-export):     (55.86/100%)
    yandex.autogenerated_1 (yandex-export):     (56.87/100%)
    yandex.autogenerated_1 (yandex-export):     (57.89/100%)
    yandex.autogenerated_1 (yandex-export):     (58.91/100%)
    yandex.autogenerated_1 (yandex-export):     (59.92/100%)
    yandex.autogenerated_1 (yandex-export):     (60.94/100%)
    yandex.autogenerated_1 (yandex-export):     (61.95/100%)
    yandex.autogenerated_1 (yandex-export):     (62.97/100%)
    yandex.autogenerated_1 (yandex-export):     (63.98/100%)
    yandex.autogenerated_1 (yandex-export):     (65.00/100%)
    yandex.autogenerated_1 (yandex-export):     (66.02/100%)
    yandex.autogenerated_1 (yandex-export):     (67.03/100%)
    yandex.autogenerated_1 (yandex-export):     (68.05/100%)
    yandex.autogenerated_1 (yandex-export):     (69.06/100%)
    yandex.autogenerated_1 (yandex-export):     (70.08/100%)
    yandex.autogenerated_1 (yandex-export):     (71.09/100%)
    yandex.autogenerated_1 (yandex-export):     (72.11/100%)
    yandex.autogenerated_1 (yandex-export):     (73.12/100%)
    yandex.autogenerated_1 (yandex-export):     (74.14/100%)
    yandex.autogenerated_1 (yandex-export):     (75.16/100%)
    yandex.autogenerated_1 (yandex-export):     (76.17/100%)
    yandex.autogenerated_1 (yandex-export):     (77.19/100%)
    yandex.autogenerated_1 (yandex-export):     (78.20/100%)
    yandex.autogenerated_1 (yandex-export):     (79.22/100%)
    yandex.autogenerated_1 (yandex-export):     (80.23/100%)
    yandex.autogenerated_1 (yandex-export):     (81.25/100%)
    yandex.autogenerated_1 (yandex-export):     (82.27/100%)
    yandex.autogenerated_1 (yandex-export):     (83.28/100%)
    yandex.autogenerated_1 (yandex-export):     (84.30/100%)
    yandex.autogenerated_1 (yandex-export):     (85.31/100%)
    yandex.autogenerated_1 (yandex-export):     (86.33/100%)
    yandex.autogenerated_1 (yandex-export):     (87.34/100%)
    yandex.autogenerated_1 (yandex-export):     (88.36/100%)
    yandex.autogenerated_1 (yandex-export):     (89.37/100%)
    yandex.autogenerated_1 (yandex-export):     (90.39/100%)
    yandex.autogenerated_1 (yandex-export):     (91.41/100%)
    yandex.autogenerated_1 (yandex-export):     (92.42/100%)
    yandex.autogenerated_1 (yandex-export):     (93.44/100%)
    yandex.autogenerated_1 (yandex-export):     (94.45/100%)
    yandex.autogenerated_1 (yandex-export):     (95.47/100%)
    yandex.autogenerated_1 (yandex-export):     (96.48/100%)
    yandex.autogenerated_1 (yandex-export):     (97.50/100%)
    yandex.autogenerated_1 (yandex-export):     (98.52/100%)
    yandex.autogenerated_1 (yandex-export):     (99.53/100%)
    yandex.autogenerated_1 (yandex-export):     (100.00/100%)
==> yandex.autogenerated_1 (yandex-export): Upload to S3...
    yandex.autogenerated_1 (yandex-export): upload: ./disk.qcow2 to s3://otusiacles02/my-exported-image.qcow2
    yandex.autogenerated_1 (yandex-export): Start copy s3://otusiacles02/my-exported-image.qcow2 to s3://otusiacles02/template-supported-get-fd86ao40pq43s0dqkmas-right-here.qcow2...
    yandex.autogenerated_1 (yandex-export): copy: s3://otusiacles02/my-exported-image.qcow2 to s3://otusiacles02/template-supported-get-fd86ao40pq43s0dqkmas-right-here.qcow2
==> yandex.autogenerated_1 (yandex-export): Stopping instance...
==> yandex.autogenerated_1 (yandex-export): Deleting instance...
    yandex.autogenerated_1 (yandex-export): Instance has been deleted!
==> yandex.autogenerated_1 (yandex-export): Destroying subnet...
    yandex.autogenerated_1 (yandex-export): Subnet has been deleted!
==> yandex.autogenerated_1 (yandex-export): Destroying network...
    yandex.autogenerated_1 (yandex-export): Network has been deleted!
==> yandex.autogenerated_1 (yandex-export): Destroying boot disk...
    yandex.autogenerated_1 (yandex-export): Disk has been deleted!
==> yandex.autogenerated_1 (yandex-export): S3 secrets have been found
    yandex.autogenerated_1 (yandex-export): Cleanup empty objects...
==> yandex.autogenerated_1 (yandex-export): Delete S3 secrets...
Build 'yandex.autogenerated_1' finished after 22 minutes 13 seconds.

==> Wait completed after 22 minutes 14 seconds

==> Builds finished. The artifacts of successful builds are:
--> yandex.autogenerated_1: A disk image was created: my-ws-hello-image (id: fd86ao40pq43s0dqkmas) with family name my-ws-hello-family
--> yandex.autogenerated_1: Exported artifacts in: [s3://otusiacles02/my-exported-image.qcow2 s3://otusiacles02/template-supported-get-fd86ao40pq43s0dqkmas-right-here.qcow2]
