aleksey@first:~/OtusTeam/IaC/Intense2024/les03/vault/encrypt_string$ ./run.sh 
++ echo 'ansible_host: 127.0.0.1'
+++ ansible-vault encrypt_string --vault-password-file ignore/password_file admin
++ echo 'ansible_user: !vault |
          $ANSIBLE_VAULT;1.1;AES256
          61363466666130393632656266633233333339373036653463326537643966646661613631383433
          3438666532383232393864623465623338303233373635660a386162656666616536383736336235
          35373565353332666537613461613239633433316232366664393838613032363433353138383561
          6661366634326232610a666531393462393635313930613834626436393336653538376630653462
          3663'
+++ ansible-vault encrypt_string --vault-password-file ignore/password_file very_secure_password
++ echo 'ansible_password: !vault |
          $ANSIBLE_VAULT;1.1;AES256
          65626262653731626331613132353865343466326361623839366139363135323831376331333337
          3632353331636231356130396530353439633835306631630a326362646662353737633737613663
          37336464633564386231626338643635643138316563363537333861346138663261306365373937
          3734633239636261610a386363386162653933393839643762306566373661306435313862373266
          65353437336565653636636338616339663339393834656661323031346139613233'
++ cat host_vars/myhost.yml
ansible_host: 127.0.0.1
ansible_user: !vault |
          $ANSIBLE_VAULT;1.1;AES256
          61363466666130393632656266633233333339373036653463326537643966646661613631383433
          3438666532383232393864623465623338303233373635660a386162656666616536383736336235
          35373565353332666537613461613239633433316232366664393838613032363433353138383561
          6661366634326232610a666531393462393635313930613834626436393336653538376630653462
          3663
ansible_password: !vault |
          $ANSIBLE_VAULT;1.1;AES256
          65626262653731626331613132353865343466326361623839366139363135323831376331333337
          3632353331636231356130396530353439633835306631630a326362646662353737633737613663
          37336464633564386231626338643635643138316563363537333861346138663261306365373937
          3734633239636261610a386363386162653933393839643762306566373661306435313862373266
          65353437336565653636636338616339663339393834656661323031346139613233
++ read -n 1 -s -r -p 'press any key to continue...'
press any key to continue...++ echo ''

++ ansible-inventory -i myhost.yml --list -y
all:
  children:
    mygroup:
      hosts:
        myhost:
          ansible_host: 127.0.0.1
          ansible_password: !vault |
            $ANSIBLE_VAULT;1.1;AES256
            65626262653731626331613132353865343466326361623839366139363135323831376331333337
            3632353331636231356130396530353439633835306631630a326362646662353737633737613663
            37336464633564386231626338643635643138316563363537333861346138663261306365373937
            3734633239636261610a386363386162653933393839643762306566373661306435313862373266
            65353437336565653636636338616339663339393834656661323031346139613233
          ansible_user: !vault |
            $ANSIBLE_VAULT;1.1;AES256
            61363466666130393632656266633233333339373036653463326537643966646661613631383433
            3438666532383232393864623465623338303233373635660a386162656666616536383736336235
            35373565353332666537613461613239633433316232366664393838613032363433353138383561
            6661366634326232610a666531393462393635313930613834626436393336653538376630653462
            3663
++ read -n 1 -s -r -p 'press any key to continue...'
press any key to continue...++ echo ''

++ ansible-playbook -i myhost.yml host_vars_print.yml --vault-password-file ignore/password_file

PLAY [Print ansible_user and ansible_password length] ****************************************************************************************************************************************************************************************

TASK [Print ansible_user and ansible_password length] ****************************************************************************************************************************************************************************************
ok: [myhost] => {
    "msg": "ansible_user: admin | ansible_password length: 20"
}

PLAY RECAP ***********************************************************************************************************************************************************************************************************************************
myhost                     : ok=1    changed=0    unreachable=0    failed=0    skipped=0    rescued=0    ignored=0   

