(.venv) za@za-Vivobook-ASUSLaptop-M3504YA-M3504YA:~/Documents/IaC/2git/les25/yc_infra$ ./init.sh 
Collecting pulumi<4.0.0,>=3.0.0
  Downloading pulumi-3.219.0-py3-none-any.whl (389 kB)
     ━━━━━━━━━━━━━━━━━━━━━━━━━━━━━━━━━━━━━━━━ 389.5/389.5 KB 764.5 kB/s eta 0:00:00
Collecting pulumi-yandex>=0.13.0
  Using cached pulumi_yandex-0.13.0.tar.gz (425 kB)
  Preparing metadata (setup.py) ... done
Collecting setuptools>=80.1.0
  Using cached setuptools-80.10.2-py3-none-any.whl (1.1 MB)
Collecting grpcio<2,>=1.68.1
  Using cached grpcio-1.76.0-cp310-cp310-manylinux2014_x86_64.manylinux_2_17_x86_64.whl (6.6 MB)
Collecting pip>=24.3.1
  Using cached pip-26.0.1-py3-none-any.whl (1.8 MB)
Collecting debugpy~=1.8.7
  Using cached debugpy-1.8.20-cp310-cp310-manylinux_2_34_x86_64.whl (3.1 MB)
Collecting semver~=3.0
  Using cached semver-3.0.4-py3-none-any.whl (17 kB)
Collecting dill~=0.4
  Using cached dill-0.4.1-py3-none-any.whl (120 kB)
Collecting protobuf<7,>=3.20.3
  Downloading protobuf-6.33.5-cp39-abi3-manylinux2014_x86_64.whl (323 kB)
     ━━━━━━━━━━━━━━━━━━━━━━━━━━━━━━━━━━━━━━━━ 323.5/323.5 KB 641.4 kB/s eta 0:00:00
Collecting pyyaml~=6.0
  Using cached pyyaml-6.0.3-cp310-cp310-manylinux2014_x86_64.manylinux_2_17_x86_64.manylinux_2_28_x86_64.whl (770 kB)
Collecting parver>=0.2.1
  Using cached parver-0.5-py3-none-any.whl (15 kB)
Collecting typing-extensions~=4.12
  Using cached typing_extensions-4.15.0-py3-none-any.whl (44 kB)
Collecting arpeggio>=1.7
  Using cached Arpeggio-2.0.3-py2.py3-none-any.whl (54 kB)
Collecting attrs>=19.2
  Using cached attrs-25.4.0-py3-none-any.whl (67 kB)
Using legacy 'setup.py install' for pulumi-yandex, since package 'wheel' is not installed.
Installing collected packages: arpeggio, typing-extensions, setuptools, semver, pyyaml, protobuf, pip, dill, debugpy, attrs, parver, grpcio, pulumi, pulumi-yandex
  Attempting uninstall: setuptools
    Found existing installation: setuptools 59.6.0
    Uninstalling setuptools-59.6.0:
      Successfully uninstalled setuptools-59.6.0
  Attempting uninstall: pip
    Found existing installation: pip 22.0.2
    Uninstalling pip-22.0.2:
      Successfully uninstalled pip-22.0.2
  Running setup.py install for pulumi-yandex ... done
Successfully installed arpeggio-2.0.3 attrs-25.4.0 debugpy-1.8.20 dill-0.4.1 grpcio-1.76.0 parver-0.5 pip-26.0.1 protobuf-6.33.5 pulumi-3.219.0 pulumi-yandex-0.13.0 pyyaml-6.0.3 semver-3.0.4 setuptools-80.10.2 typing-extensions-4.15.0
