aleksey@first:~/OtusTeam/IaC/les04/implicit$ ./run.sh 

Terraform used the selected providers to generate the following execution plan. Resource actions are indicated with the following
symbols:
  + create

Terraform will perform the following actions:

  # yandex_vpc_network.les04_implicit_network will be created
  + resource "yandex_vpc_network" "les04_implicit_network" {
      + created_at                = (known after apply)
      + default_security_group_id = (known after apply)
      + folder_id                 = (known after apply)
      + id                        = (known after apply)
      + labels                    = (known after apply)
      + name                      = "les04-implicit-network"
      + subnet_ids                = (known after apply)
    }

  # yandex_vpc_subnet.les04_implicit_subnet will be created
  + resource "yandex_vpc_subnet" "les04_implicit_subnet" {
      + created_at     = (known after apply)
      + folder_id      = (known after apply)
      + id             = (known after apply)
      + labels         = (known after apply)
      + name           = "les03-implicit-subnet"
      + network_id     = (known after apply)
      + v4_cidr_blocks = [
          + "10.2.0.0/16",
        ]
      + v6_cidr_blocks = (known after apply)
      + zone           = "ru-central1-a"
    }

Plan: 2 to add, 0 to change, 0 to destroy.

───────────────────────────────────────────────────────────────────────────────────────────────────────────────────────────────────────

Note: You didn't use the -out option to save this plan, so Terraform can't guarantee to take exactly these actions if you run
"terraform apply" now.
Press enter to continue...
digraph {
	compound = "true"
	newrank = "true"
	subgraph "root" {
		"[root] provider[\"registry.terraform.io/yandex-cloud/yandex\"]" [label = "provider[\"registry.terraform.io/yandex-cloud/yandex\"]", shape = "diamond"]
		"[root] var.subnet_cidr" [label = "var.subnet_cidr", shape = "note"]
		"[root] var.yc_cloud" [label = "var.yc_cloud", shape = "note"]
		"[root] var.yc_default_zone" [label = "var.yc_default_zone", shape = "note"]
		"[root] var.yc_folder" [label = "var.yc_folder", shape = "note"]
		"[root] var.yc_token" [label = "var.yc_token", shape = "note"]
		"[root] yandex_vpc_network.les04_implicit_network (expand)" [label = "yandex_vpc_network.les04_implicit_network", shape = "box"]
		"[root] yandex_vpc_subnet.les04_implicit_subnet (expand)" [label = "yandex_vpc_subnet.les04_implicit_subnet", shape = "box"]
		"[root] provider[\"registry.terraform.io/yandex-cloud/yandex\"] (close)" -> "[root] yandex_vpc_subnet.les04_implicit_subnet (expand)"
		"[root] provider[\"registry.terraform.io/yandex-cloud/yandex\"]" -> "[root] var.yc_cloud"
		"[root] provider[\"registry.terraform.io/yandex-cloud/yandex\"]" -> "[root] var.yc_folder"
		"[root] provider[\"registry.terraform.io/yandex-cloud/yandex\"]" -> "[root] var.yc_token"
		"[root] root" -> "[root] provider[\"registry.terraform.io/yandex-cloud/yandex\"] (close)"
		"[root] yandex_vpc_network.les04_implicit_network (expand)" -> "[root] provider[\"registry.terraform.io/yandex-cloud/yandex\"]"
		"[root] yandex_vpc_subnet.les04_implicit_subnet (expand)" -> "[root] var.subnet_cidr"
		"[root] yandex_vpc_subnet.les04_implicit_subnet (expand)" -> "[root] var.yc_default_zone"
		"[root] yandex_vpc_subnet.les04_implicit_subnet (expand)" -> "[root] yandex_vpc_network.les04_implicit_network (expand)"
	}
}

Press enter to continue...
