(.venv) za@za-Vivobook-ASUSLaptop-M3504YA-M3504YA:~/Documents/IaC/2git/les25/inout$ pip install -r requirements.txt
Collecting pulumi<4.0.0,>=3.5.1 (from -r requirements.txt (line 1))
  Downloading pulumi-3.219.0-py3-none-any.whl.metadata (3.8 kB)
Collecting debugpy~=1.8.7 (from pulumi<4.0.0,>=3.5.1->-r requirements.txt (line 1))
  Using cached debugpy-1.8.20-cp310-cp310-manylinux_2_34_x86_64.whl.metadata (1.4 kB)
Collecting dill~=0.4 (from pulumi<4.0.0,>=3.5.1->-r requirements.txt (line 1))
  Using cached dill-0.4.1-py3-none-any.whl.metadata (10 kB)
Collecting grpcio<2,>=1.68.1 (from pulumi<4.0.0,>=3.5.1->-r requirements.txt (line 1))
  Using cached grpcio-1.76.0-cp310-cp310-manylinux2014_x86_64.manylinux_2_17_x86_64.whl.metadata (3.7 kB)
Requirement already satisfied: pip>=24.3.1 in ./.venv/lib/python3.10/site-packages (from pulumi<4.0.0,>=3.5.1->-r requirements.txt (line 1)) (26.0.1)
Collecting protobuf<7,>=3.20.3 (from pulumi<4.0.0,>=3.5.1->-r requirements.txt (line 1))
  Downloading protobuf-6.33.5-cp39-abi3-manylinux2014_x86_64.whl.metadata (593 bytes)
Collecting pyyaml~=6.0 (from pulumi<4.0.0,>=3.5.1->-r requirements.txt (line 1))
  Using cached pyyaml-6.0.3-cp310-cp310-manylinux2014_x86_64.manylinux_2_17_x86_64.manylinux_2_28_x86_64.whl.metadata (2.4 kB)
Collecting semver~=3.0 (from pulumi<4.0.0,>=3.5.1->-r requirements.txt (line 1))
  Using cached semver-3.0.4-py3-none-any.whl.metadata (6.8 kB)
Collecting typing-extensions~=4.12 (from grpcio<2,>=1.68.1->pulumi<4.0.0,>=3.5.1->-r requirements.txt (line 1))
  Using cached typing_extensions-4.15.0-py3-none-any.whl.metadata (3.3 kB)
Downloading pulumi-3.219.0-py3-none-any.whl (389 kB)
Using cached debugpy-1.8.20-cp310-cp310-manylinux_2_34_x86_64.whl (3.1 MB)
Using cached dill-0.4.1-py3-none-any.whl (120 kB)
Using cached grpcio-1.76.0-cp310-cp310-manylinux2014_x86_64.manylinux_2_17_x86_64.whl (6.6 MB)
Downloading protobuf-6.33.5-cp39-abi3-manylinux2014_x86_64.whl (323 kB)
Using cached pyyaml-6.0.3-cp310-cp310-manylinux2014_x86_64.manylinux_2_17_x86_64.manylinux_2_28_x86_64.whl (770 kB)
Using cached semver-3.0.4-py3-none-any.whl (17 kB)
Using cached typing_extensions-4.15.0-py3-none-any.whl (44 kB)
Installing collected packages: typing-extensions, semver, pyyaml, protobuf, dill, debugpy, grpcio, pulumi
Successfully installed debugpy-1.8.20 dill-0.4.1 grpcio-1.76.0 protobuf-6.33.5 pulumi-3.219.0 pyyaml-6.0.3 semver-3.0.4 typing-extensions-4.15.0
