(.venv) za@za-Vivobook-ASUSLaptop-M3504YA-M3504YA:~/Documents/IaC/2git/les25/inout$ ./run.sh 
++ echo ONE
++ cat zero.txt
ONE
++ export ONE=Two
++ ONE=Two
++ pulumi stack init dev
Enter your passphrase to protect config/secrets:  
Re-enter your passphrase to confirm:  
Created stack 'dev'
++ pulumi config set inout:Two Three
++ set +x
Enter your passphrase to unlock config/secrets
    (set PULUMI_CONFIG_PASSPHRASE or PULUMI_CONFIG_PASSPHRASE_FILE to remember):  
Enter your passphrase to unlock config/secrets
14
++ pulumi config
KEY    VALUE
Three  [secret]
Two    Three
++ pulumi up
Enter your passphrase to unlock config/secrets
    (set PULUMI_CONFIG_PASSPHRASE or PULUMI_CONFIG_PASSPHRASE_FILE to remember):  
Enter your passphrase to unlock config/secrets
Previewing update (dev):
     Type                 Name       Plan       Info
 +   pulumi:pulumi:Stack  inout-dev  create     4 messages

Diagnostics:
  pulumi:pulumi:Stack (inout-dev):
    Из файла: ONE
    Из окружения: Two
    Из конфига: Three
    Размер секрета: 14

Outputs:
    message  : "ONE, Two, Three, 14"
    my_secret: [secret]

Resources:
    + 1 to create

info: There are no resources in your stack (other than the stack resource).

Do you want to perform this update? yes
Updating (dev):
     Type                 Name       Status              Info
 +   pulumi:pulumi:Stack  inout-dev  created (0.02s)     4 messages

Diagnostics:
  pulumi:pulumi:Stack (inout-dev):
    Из файла: ONE
    Из окружения: Two
    Из конфига: Three
    Размер секрета: 14

Outputs:
    message  : "ONE, Two, Three, 14"
    my_secret: [secret]

Resources:
    + 1 created

Duration: 1s

++ pulumi destroy
Enter your passphrase to unlock config/secrets
    (set PULUMI_CONFIG_PASSPHRASE or PULUMI_CONFIG_PASSPHRASE_FILE to remember):  
Enter your passphrase to unlock config/secrets
Previewing destroy (dev):
     Type                 Name       Plan       
 -   pulumi:pulumi:Stack  inout-dev  delete     

Outputs:
  - message  : "ONE, Two, Three, 14"
  - my_secret: [secret]

Resources:
    - 1 to delete

Do you want to perform this destroy? yes
Destroying (dev):
     Type                 Name       Status              
 -   pulumi:pulumi:Stack  inout-dev  deleted (0.00s)     

Outputs:
  - message  : "ONE, Two, Three, 14"
  - my_secret: [secret]

Resources:
    - 1 deleted

Duration: 1s

The resources in the stack have been deleted, but the history and configuration associated with the stack are still maintained. 
If you want to remove the stack completely, run `pulumi stack rm dev`.
++ pulumi stack rm dev
This will permanently remove the 'dev' stack!
Please confirm that this is what you'd like to do by typing `dev`: dev
Stack 'dev' has been removed!
++ rm zero.txt
++ set +x
